2015-11-10 08:31:02 trace :
------------
Array:
from : oFF8fwc7LrKoN-dp92jUDRLKGUOI ;
to : gh_a8a83d9305b8 ;
time : 1447115461 ;
type : event ;
event : VIEW ;
tousername : gh_a8a83d9305b8 ;
fromusername : oFF8fwc7LrKoN-dp92jUDRLKGUOI ;
createtime : 1447115461 ;
msgtype : event ;
eventkey : http://wx.nsyouxian.com/app/index.php?i=5&c=entry&eid=317 ;

2015-11-10 08:31:02 params :
------------
Array:
message : Array ;
module : basic ;
rule : 58 ;
priority : 0 ;
keyword : Array ;

2015-11-10 08:31:02 response :
------------
Array:
FromUserName : gh_a8a83d9305b8 ;
ToUserName : oFF8fwc7LrKoN-dp92jUDRLKGUOI ;
MsgType : text ;
Content : 您好,欢迎关注农圣优鲜微信公众号,如需帮助请咨询客服。 ;

2015-11-10 08:38:03 trace :
------------
Array:
from : oFF8fwc7LrKoN-dp92jUDRLKGUOI ;
to : gh_a8a83d9305b8 ;
time : 1447115883 ;
type : event ;
event : VIEW ;
tousername : gh_a8a83d9305b8 ;
fromusername : oFF8fwc7LrKoN-dp92jUDRLKGUOI ;
createtime : 1447115883 ;
msgtype : event ;
eventkey : http://wx.nsyouxian.com/app/index.php?i=5&c=entry&eid=317 ;

2015-11-10 08:38:03 params :
------------
Array:
message : Array ;
module : basic ;
rule : 58 ;
priority : 0 ;
keyword : Array ;

2015-11-10 08:38:03 response :
------------
Array:
FromUserName : gh_a8a83d9305b8 ;
ToUserName : oFF8fwc7LrKoN-dp92jUDRLKGUOI ;
MsgType : text ;
Content : 您好,欢迎关注农圣优鲜微信公众号,如需帮助请咨询客服。 ;

2015-11-10 08:47:59 trace :
------------
Array:
from : oFF8fwc7LrKoN-dp92jUDRLKGUOI ;
to : gh_a8a83d9305b8 ;
time : 1447116479 ;
type : event ;
event : VIEW ;
tousername : gh_a8a83d9305b8 ;
fromusername : oFF8fwc7LrKoN-dp92jUDRLKGUOI ;
createtime : 1447116479 ;
msgtype : event ;
eventkey : http://wx.nsyouxian.com/app/index.php?i=5&c=entry&eid=317 ;

2015-11-10 08:47:59 params :
------------
Array:
message : Array ;
module : basic ;
rule : 58 ;
priority : 0 ;
keyword : Array ;

2015-11-10 08:47:59 response :
------------
Array:
FromUserName : gh_a8a83d9305b8 ;
ToUserName : oFF8fwc7LrKoN-dp92jUDRLKGUOI ;
MsgType : text ;
Content : 您好,欢迎关注农圣优鲜微信公众号,如需帮助请咨询客服。 ;

2015-11-10 09:03:23 trace :
------------
Array:
from : oFF8fwc7LrKoN-dp92jUDRLKGUOI ;
to : gh_a8a83d9305b8 ;
time : 1447117402 ;
type : event ;
event : VIEW ;
tousername : gh_a8a83d9305b8 ;
fromusername : oFF8fwc7LrKoN-dp92jUDRLKGUOI ;
createtime : 1447117402 ;
msgtype : event ;
eventkey : http://wx.nsyouxian.com/app/index.php?i=5&c=entry&eid=317 ;

2015-11-10 09:03:23 params :
------------
Array:
message : Array ;
module : basic ;
rule : 58 ;
priority : 0 ;
keyword : Array ;

2015-11-10 09:03:23 response :
------------
Array:
FromUserName : gh_a8a83d9305b8 ;
ToUserName : oFF8fwc7LrKoN-dp92jUDRLKGUOI ;
MsgType : text ;
Content : 您好,欢迎关注农圣优鲜微信公众号,如需帮助请咨询客服。 ;

2015-11-10 09:34:59 trace :
------------
Array:
from : oFF8fwc7LrKoN-dp92jUDRLKGUOI ;
to : gh_a8a83d9305b8 ;
time : 1447119298 ;
type : event ;
event : VIEW ;
tousername : gh_a8a83d9305b8 ;
fromusername : oFF8fwc7LrKoN-dp92jUDRLKGUOI ;
createtime : 1447119298 ;
msgtype : event ;
eventkey : http://wx.nsyouxian.com/app/index.php?i=5&c=entry&eid=317 ;

2015-11-10 09:34:59 params :
------------
Array:
message : Array ;
module : basic ;
rule : 58 ;
priority : 0 ;
keyword : Array ;

2015-11-10 09:34:59 response :
------------
Array:
FromUserName : gh_a8a83d9305b8 ;
ToUserName : oFF8fwc7LrKoN-dp92jUDRLKGUOI ;
MsgType : text ;
Content : 您好,欢迎关注农圣优鲜微信公众号,如需帮助请咨询客服。 ;

2015-11-10 09:37:33 trace :
------------
Array:
from : oFF8fwc7LrKoN-dp92jUDRLKGUOI ;
to : gh_a8a83d9305b8 ;
time : 1447119453 ;
type : event ;
event : VIEW ;
tousername : gh_a8a83d9305b8 ;
fromusername : oFF8fwc7LrKoN-dp92jUDRLKGUOI ;
createtime : 1447119453 ;
msgtype : event ;
eventkey : http://wx.nsyouxian.com/app/index.php?i=5&c=entry&eid=317 ;

2015-11-10 09:37:33 params :
------------
Array:
message : Array ;
module : basic ;
rule : 58 ;
priority : 0 ;
keyword : Array ;

2015-11-10 09:37:33 response :
------------
Array:
FromUserName : gh_a8a83d9305b8 ;
ToUserName : oFF8fwc7LrKoN-dp92jUDRLKGUOI ;
MsgType : text ;
Content : 您好,欢迎关注农圣优鲜微信公众号,如需帮助请咨询客服。 ;

2015-11-10 09:38:45 trace :
------------
Array:
from : oFF8fwcYgn8qz3nioJr1eq9b9Ivc ;
to : gh_a8a83d9305b8 ;
time : 1447119525 ;
type : event ;
event : VIEW ;
tousername : gh_a8a83d9305b8 ;
fromusername : oFF8fwcYgn8qz3nioJr1eq9b9Ivc ;
createtime : 1447119525 ;
msgtype : event ;
eventkey : http://wx.nsyouxian.com/app/index.php?i=5&c=entry&eid=317 ;

2015-11-10 09:38:45 params :
------------
Array:
message : Array ;
module : basic ;
rule : 58 ;
priority : 0 ;
keyword : Array ;

2015-11-10 09:38:45 response :
------------
Array:
FromUserName : gh_a8a83d9305b8 ;
ToUserName : oFF8fwcYgn8qz3nioJr1eq9b9Ivc ;
MsgType : text ;
Content : 您好,欢迎关注农圣优鲜微信公众号,如需帮助请咨询客服。 ;

2015-11-10 09:39:05 trace :
------------
Array:
from : oFF8fwcYgn8qz3nioJr1eq9b9Ivc ;
to : gh_a8a83d9305b8 ;
time : 1447119544 ;
type : event ;
event : VIEW ;
tousername : gh_a8a83d9305b8 ;
fromusername : oFF8fwcYgn8qz3nioJr1eq9b9Ivc ;
createtime : 1447119544 ;
msgtype : event ;
eventkey : http://wx.nsyouxian.com/app/index.php?i=5&c=entry&eid=317 ;

2015-11-10 09:39:05 params :
------------
Array:
message : Array ;
module : basic ;
rule : 58 ;
priority : 0 ;
keyword : Array ;

2015-11-10 09:39:05 response :
------------
Array:
FromUserName : gh_a8a83d9305b8 ;
ToUserName : oFF8fwcYgn8qz3nioJr1eq9b9Ivc ;
MsgType : text ;
Content : 您好,欢迎关注农圣优鲜微信公众号,如需帮助请咨询客服。 ;

2015-11-10 09:41:09 trace :
------------
Array:
from : oFF8fwVMZwhUhFe7ORqKSZTKa9bM ;
to : gh_a8a83d9305b8 ;
time : 1447119669 ;
type : event ;
event : subscribe ;
tousername : gh_a8a83d9305b8 ;
fromusername : oFF8fwVMZwhUhFe7ORqKSZTKa9bM ;
createtime : 1447119669 ;
msgtype : event ;
eventkey :  ;

2015-11-10 09:41:09 params :
------------
Array:
message : Array ;
module : news ;
rule : 57 ;
priority : 0 ;
keyword : Array ;

2015-11-10 09:41:09 response :
------------
Array:
FromUserName : gh_a8a83d9305b8 ;
ToUserName : oFF8fwVMZwhUhFe7ORqKSZTKa9bM ;
MsgType : news ;
ArticleCount : 1 ;
Articles : Array ;

2015-11-10 09:41:22 trace :
------------
Array:
from : oFF8fwVMZwhUhFe7ORqKSZTKa9bM ;
to : gh_a8a83d9305b8 ;
time : 1447119682 ;
type : event ;
event : VIEW ;
tousername : gh_a8a83d9305b8 ;
fromusername : oFF8fwVMZwhUhFe7ORqKSZTKa9bM ;
createtime : 1447119682 ;
msgtype : event ;
eventkey : http://wx.nsyouxian.com/app/index.php?i=5&c=entry&eid=317 ;

2015-11-10 09:41:22 params :
------------
Array:
message : Array ;
module : basic ;
rule : 58 ;
priority : 0 ;
keyword : Array ;

2015-11-10 09:41:22 response :
------------
Array:
FromUserName : gh_a8a83d9305b8 ;
ToUserName : oFF8fwVMZwhUhFe7ORqKSZTKa9bM ;
MsgType : text ;
Content : 您好,欢迎关注农圣优鲜微信公众号,如需帮助请咨询客服。 ;

2015-11-10 09:44:49 trace :
------------
Array:
from : oFF8fwcDOWR02bL9KWj78n6eYm30 ;
to : gh_a8a83d9305b8 ;
time : 1447119888 ;
type : event ;
event : VIEW ;
tousername : gh_a8a83d9305b8 ;
fromusername : oFF8fwcDOWR02bL9KWj78n6eYm30 ;
createtime : 1447119888 ;
msgtype : event ;
eventkey : http://wx.nsyouxian.com/app/index.php?i=5&c=entry&eid=317 ;

2015-11-10 09:44:49 params :
------------
Array:
message : Array ;
module : basic ;
rule : 58 ;
priority : 0 ;
keyword : Array ;

2015-11-10 09:44:49 response :
------------
Array:
FromUserName : gh_a8a83d9305b8 ;
ToUserName : oFF8fwcDOWR02bL9KWj78n6eYm30 ;
MsgType : text ;
Content : 您好,欢迎关注农圣优鲜微信公众号,如需帮助请咨询客服。 ;

2015-11-10 09:47:01 trace :
------------
Array:
from : oFF8fwdKAQnbHcaYLjfCcsgxo6_Q ;
to : gh_a8a83d9305b8 ;
time : 1447120021 ;
type : event ;
event : VIEW ;
tousername : gh_a8a83d9305b8 ;
fromusername : oFF8fwdKAQnbHcaYLjfCcsgxo6_Q ;
createtime : 1447120021 ;
msgtype : event ;
eventkey : http://wx.nsyouxian.com/app/index.php?i=5&c=entry&eid=317 ;

2015-11-10 09:47:01 params :
------------
Array:
message : Array ;
module : basic ;
rule : 58 ;
priority : 0 ;
keyword : Array ;

2015-11-10 09:47:01 response :
------------
Array:
FromUserName : gh_a8a83d9305b8 ;
ToUserName : oFF8fwdKAQnbHcaYLjfCcsgxo6_Q ;
MsgType : text ;
Content : 您好,欢迎关注农圣优鲜微信公众号,如需帮助请咨询客服。 ;

