2015-10-18 20:10:19 trace :
------------
Array:
from : oFF8fwR8EzQhq6sYwQ9mZ_KWtizU ;
to : gh_a8a83d9305b8 ;
time : 1445170218 ;
type : event ;
event : subscribe ;
tousername : gh_a8a83d9305b8 ;
fromusername : oFF8fwR8EzQhq6sYwQ9mZ_KWtizU ;
createtime : 1445170218 ;
msgtype : event ;
eventkey :  ;

2015-10-18 20:10:19 params :
------------
Array:
message : Array ;
module : news ;
rule : 57 ;
priority : 0 ;
keyword : Array ;

2015-10-18 20:10:19 response :
------------
Array:
FromUserName : gh_a8a83d9305b8 ;
ToUserName : oFF8fwR8EzQhq6sYwQ9mZ_KWtizU ;
MsgType : news ;
ArticleCount : 1 ;
Articles : Array ;

2015-10-18 20:10:39 trace :
------------
Array:
from : oFF8fwR8EzQhq6sYwQ9mZ_KWtizU ;
to : gh_a8a83d9305b8 ;
time : 1445170239 ;
type : event ;
event : VIEW ;
tousername : gh_a8a83d9305b8 ;
fromusername : oFF8fwR8EzQhq6sYwQ9mZ_KWtizU ;
createtime : 1445170239 ;
msgtype : event ;
eventkey : http://wx.nsyouxian.com/app/index.php?i=5&c=entry&eid=317 ;

2015-10-18 20:10:39 params :
------------
Array:
message : Array ;
module : basic ;
rule : 58 ;
priority : 0 ;
keyword : Array ;

2015-10-18 20:10:39 response :
------------
Array:
FromUserName : gh_a8a83d9305b8 ;
ToUserName : oFF8fwR8EzQhq6sYwQ9mZ_KWtizU ;
MsgType : text ;
Content : 您好,欢迎关注农圣优鲜微信公众号,如需帮助请咨询客服。 ;

