2015-09-29 11:34:00 trace :
------------
Array:
from : oFF8fwVU_a9i4Gunci8TD1ziSe3U ;
to : gh_a8a83d9305b8 ;
time : 1443497639 ;
type : event ;
event : subscribe ;
tousername : gh_a8a83d9305b8 ;
fromusername : oFF8fwVU_a9i4Gunci8TD1ziSe3U ;
createtime : 1443497639 ;
msgtype : event ;
eventkey :  ;

2015-09-29 11:34:00 params :
------------
Array:
message : Array ;
module : news ;
rule : 57 ;
priority : 0 ;
keyword : Array ;

2015-09-29 11:34:00 response :
------------
Array:
FromUserName : gh_a8a83d9305b8 ;
ToUserName : oFF8fwVU_a9i4Gunci8TD1ziSe3U ;
MsgType : news ;
ArticleCount : 1 ;
Articles : Array ;

2015-09-29 11:34:06 trace :
------------
Array:
from : oFF8fwcDOWR02bL9KWj78n6eYm30 ;
to : gh_a8a83d9305b8 ;
time : 1443497646 ;
type : event ;
event : VIEW ;
tousername : gh_a8a83d9305b8 ;
fromusername : oFF8fwcDOWR02bL9KWj78n6eYm30 ;
createtime : 1443497646 ;
msgtype : event ;
eventkey : http://wx.nsyouxian.com/app/index.php?i=5&c=entry&eid=317 ;

2015-09-29 11:34:06 params :
------------
Array:
message : Array ;
module : basic ;
rule : 58 ;
priority : 0 ;
keyword : Array ;

2015-09-29 11:34:06 response :
------------
Array:
FromUserName : gh_a8a83d9305b8 ;
ToUserName : oFF8fwcDOWR02bL9KWj78n6eYm30 ;
MsgType : text ;
Content : 您好,欢迎关注农圣优鲜微信公众号,如需帮助请咨询客服。 ;

