2015-12-03 04:33:32 trace :
------------
Array:
from : oFF8fwQ_T8hH2gDZJ_FZVjYRjWtQ ;
to : gh_a8a83d9305b8 ;
time : 1449088410 ;
type : event ;
event : subscribe ;
tousername : gh_a8a83d9305b8 ;
fromusername : oFF8fwQ_T8hH2gDZJ_FZVjYRjWtQ ;
createtime : 1449088410 ;
msgtype : event ;
eventkey :  ;

2015-12-03 04:33:32 params :
------------
Array:
message : Array ;
module : news ;
rule : 57 ;
priority : 0 ;
keyword : Array ;

2015-12-03 04:33:32 response :
------------
Array:
FromUserName : gh_a8a83d9305b8 ;
ToUserName : oFF8fwQ_T8hH2gDZJ_FZVjYRjWtQ ;
MsgType : news ;
ArticleCount : 1 ;
Articles : Array ;

