2015-09-25 12:14:03 trace :
------------
Array:
from : oFF8fwQIE07tO-qXaVeR0V2X76to ;
to : gh_a8a83d9305b8 ;
time : 1443154442 ;
type : event ;
event : subscribe ;
tousername : gh_a8a83d9305b8 ;
fromusername : oFF8fwQIE07tO-qXaVeR0V2X76to ;
createtime : 1443154442 ;
msgtype : event ;
eventkey :  ;

2015-09-25 12:14:04 params :
------------
Array:
message : Array ;
module : news ;
rule : 57 ;
priority : 0 ;
keyword : Array ;

2015-09-25 12:14:04 response :
------------
Array:
FromUserName : gh_a8a83d9305b8 ;
ToUserName : oFF8fwQIE07tO-qXaVeR0V2X76to ;
MsgType : news ;
ArticleCount : 1 ;
Articles : Array ;

2015-09-25 12:15:36 trace :
------------
Array:
from : oFF8fwQIE07tO-qXaVeR0V2X76to ;
to : gh_a8a83d9305b8 ;
time : 1443154536 ;
type : text ;
event :  ;
tousername : gh_a8a83d9305b8 ;
fromusername : oFF8fwQIE07tO-qXaVeR0V2X76to ;
createtime : 1443154536 ;
msgtype : text ;
content : 客服在不 ;
msgid : 6198301535405586445 ;
redirection :  ;
source :  ;

2015-09-25 12:15:36 params :
------------
Array:
message : Array ;
module : basic ;
rule : 58 ;
priority : 0 ;
keyword : Array ;

2015-09-25 12:15:36 response :
------------
Array:
FromUserName : gh_a8a83d9305b8 ;
ToUserName : oFF8fwQIE07tO-qXaVeR0V2X76to ;
MsgType : text ;
Content : 您好,欢迎关注农圣优鲜微信公众号,如需帮助请咨询客服。 ;

2015-09-25 12:15:56 trace :
------------
Array:
from : oFF8fwQIE07tO-qXaVeR0V2X76to ;
to : gh_a8a83d9305b8 ;
time : 1443154556 ;
type : text ;
event :  ;
tousername : gh_a8a83d9305b8 ;
fromusername : oFF8fwQIE07tO-qXaVeR0V2X76to ;
createtime : 1443154556 ;
msgtype : text ;
content : 在不 ;
msgid : 6198301621304932373 ;
redirection :  ;
source :  ;

2015-09-25 12:15:56 params :
------------
Array:
message : Array ;
module : basic ;
rule : 58 ;
priority : 0 ;
keyword : Array ;

2015-09-25 12:15:56 response :
------------
Array:
FromUserName : gh_a8a83d9305b8 ;
ToUserName : oFF8fwQIE07tO-qXaVeR0V2X76to ;
MsgType : text ;
Content : 您好,欢迎关注农圣优鲜微信公众号,如需帮助请咨询客服。 ;

2015-09-25 12:16:06 trace :
------------
Array:
from : oFF8fwQIE07tO-qXaVeR0V2X76to ;
to : gh_a8a83d9305b8 ;
time : 1443154566 ;
type : text ;
event :  ;
tousername : gh_a8a83d9305b8 ;
fromusername : oFF8fwQIE07tO-qXaVeR0V2X76to ;
createtime : 1443154566 ;
msgtype : text ;
content : 客服 ;
msgid : 6198301664254605337 ;
redirection :  ;
source :  ;

2015-09-25 12:16:06 params :
------------
Array:
message : Array ;
module : basic ;
rule : 58 ;
priority : 0 ;
keyword : Array ;

2015-09-25 12:16:06 response :
------------
Array:
FromUserName : gh_a8a83d9305b8 ;
ToUserName : oFF8fwQIE07tO-qXaVeR0V2X76to ;
MsgType : text ;
Content : 您好,欢迎关注农圣优鲜微信公众号,如需帮助请咨询客服。 ;

2015-09-25 12:16:19 trace :
------------
Array:
from : oFF8fwQIE07tO-qXaVeR0V2X76to ;
to : gh_a8a83d9305b8 ;
time : 1443154579 ;
type : event ;
event : CLICK ;
tousername : gh_a8a83d9305b8 ;
fromusername : oFF8fwQIE07tO-qXaVeR0V2X76to ;
createtime : 1443154579 ;
msgtype : event ;
eventkey : 刮刮乐 ;

2015-09-25 12:16:19 params :
------------
Array:
message : Array ;
module : hx_cards ;
rule : 55 ;
priority : 0 ;
keyword : Array ;

2015-09-25 12:16:19 response :
------------
Array:
FromUserName : gh_a8a83d9305b8 ;
ToUserName : oFF8fwQIE07tO-qXaVeR0V2X76to ;
MsgType : news ;
ArticleCount : 1 ;
Articles : Array ;

2015-09-25 12:26:54 trace :
------------
Array:
from : oFF8fwTwFlPhnUnPqVclqd6ahb8I ;
to : gh_a8a83d9305b8 ;
time : 1443155213 ;
type : event ;
event : subscribe ;
tousername : gh_a8a83d9305b8 ;
fromusername : oFF8fwTwFlPhnUnPqVclqd6ahb8I ;
createtime : 1443155213 ;
msgtype : event ;
eventkey :  ;

2015-09-25 12:26:54 params :
------------
Array:
message : Array ;
module : news ;
rule : 57 ;
priority : 0 ;
keyword : Array ;

2015-09-25 12:26:54 response :
------------
Array:
FromUserName : gh_a8a83d9305b8 ;
ToUserName : oFF8fwTwFlPhnUnPqVclqd6ahb8I ;
MsgType : news ;
ArticleCount : 1 ;
Articles : Array ;

2015-09-25 12:27:06 trace :
------------
Array:
from : oFF8fwTwFlPhnUnPqVclqd6ahb8I ;
to : gh_a8a83d9305b8 ;
time : 1443155225 ;
type : event ;
event : VIEW ;
tousername : gh_a8a83d9305b8 ;
fromusername : oFF8fwTwFlPhnUnPqVclqd6ahb8I ;
createtime : 1443155225 ;
msgtype : event ;
eventkey : http://wx.nsyouxian.com/app/index.php?i=5&c=entry&eid=317 ;

2015-09-25 12:27:06 params :
------------
Array:
message : Array ;
module : basic ;
rule : 58 ;
priority : 0 ;
keyword : Array ;

2015-09-25 12:27:06 response :
------------
Array:
FromUserName : gh_a8a83d9305b8 ;
ToUserName : oFF8fwTwFlPhnUnPqVclqd6ahb8I ;
MsgType : text ;
Content : 您好,欢迎关注农圣优鲜微信公众号,如需帮助请咨询客服。 ;

2015-09-25 13:35:10 trace :
------------
Array:
from : oFF8fwQIE07tO-qXaVeR0V2X76to ;
to : gh_a8a83d9305b8 ;
time : 1443159309 ;
type : event ;
event : VIEW ;
tousername : gh_a8a83d9305b8 ;
fromusername : oFF8fwQIE07tO-qXaVeR0V2X76to ;
createtime : 1443159309 ;
msgtype : event ;
eventkey : http://wx.nsyouxian.com/app/index.php?i=5&c=entry&eid=317 ;

2015-09-25 13:35:10 params :
------------
Array:
message : Array ;
module : basic ;
rule : 58 ;
priority : 0 ;
keyword : Array ;

2015-09-25 13:35:10 response :
------------
Array:
FromUserName : gh_a8a83d9305b8 ;
ToUserName : oFF8fwQIE07tO-qXaVeR0V2X76to ;
MsgType : text ;
Content : 您好,欢迎关注农圣优鲜微信公众号,如需帮助请咨询客服。 ;

2015-09-25 13:35:23 trace :
------------
Array:
from : oFF8fwQIE07tO-qXaVeR0V2X76to ;
to : gh_a8a83d9305b8 ;
time : 1443159323 ;
type : event ;
event : VIEW ;
tousername : gh_a8a83d9305b8 ;
fromusername : oFF8fwQIE07tO-qXaVeR0V2X76to ;
createtime : 1443159323 ;
msgtype : event ;
eventkey : http://wx.nsyouxian.com/app/index.php?i=5&c=entry&eid=319 ;

2015-09-25 13:35:23 params :
------------
Array:
message : Array ;
module : basic ;
rule : 58 ;
priority : 0 ;
keyword : Array ;

2015-09-25 13:35:23 response :
------------
Array:
FromUserName : gh_a8a83d9305b8 ;
ToUserName : oFF8fwQIE07tO-qXaVeR0V2X76to ;
MsgType : text ;
Content : 您好,欢迎关注农圣优鲜微信公众号,如需帮助请咨询客服。 ;

