2015-08-17 07:46:26 trace :
------------
Array:
from : o-zOBszOzspqyry89a5pg8AL7u-U ;
to : gh_e5d48fc5080d ;
time : 1439771205 ;
type : text ;
event :  ;
tousername : gh_e5d48fc5080d ;
fromusername : o-zOBszOzspqyry89a5pg8AL7u-U ;
createtime : 1439771205 ;
msgtype : text ;
content : 微官网 ;
msgid : 6183770239407421312 ;
redirection :  ;
source :  ;

2015-08-17 07:46:26 params :
------------
Array:
message : Array ;
module : default ;
rule : -1 ;

2015-08-17 07:46:26 response :
------------
Array:
params : Array ;

2015-08-17 07:46:33 trace :
------------
Array:
from : o-zOBszOzspqyry89a5pg8AL7u-U ;
to : gh_e5d48fc5080d ;
time : 1439771212 ;
type : text ;
event :  ;
tousername : gh_e5d48fc5080d ;
fromusername : o-zOBszOzspqyry89a5pg8AL7u-U ;
createtime : 1439771212 ;
msgtype : text ;
content : 微商城 ;
msgid : 6183770269472192387 ;
redirection :  ;
source :  ;

2015-08-17 07:46:33 params :
------------
Array:
message : Array ;
module : cover ;
rule : 37 ;
priority : 0 ;
keyword : Array ;

2015-08-17 07:46:33 response :
------------
Array:
FromUserName : gh_e5d48fc5080d ;
ToUserName : o-zOBszOzspqyry89a5pg8AL7u-U ;
MsgType : news ;
ArticleCount : 1 ;
Articles : Array ;

2015-08-17 09:07:42 trace :
------------
Array:
from : fromUser ;
to : toUser ;
time : 1439776088 ;
type : text ;
event :  ;
tousername : toUser ;
fromusername : fromUser ;
createtime : 1439776088 ;
msgtype : text ;
content : 微商城 ;
msgid : 1234567890123456 ;
redirection :  ;
source :  ;

2015-08-17 09:07:42 params :
------------
Array:
message : Array ;
module : cover ;
rule : 37 ;
priority : 0 ;
keyword : Array ;

2015-08-17 09:07:42 response :
------------
Array:
FromUserName : toUser ;
ToUserName : fromUser ;
MsgType : news ;
ArticleCount : 1 ;
Articles : Array ;

2015-08-17 09:33:51 trace :
------------
Array:
from : fromUser ;
to : toUser ;
time : 1439777657 ;
type : text ;
event :  ;
tousername : toUser ;
fromusername : fromUser ;
createtime : 1439777657 ;
msgtype : text ;
content : 分销 ;
msgid : 1234567890123456 ;
redirection :  ;
source :  ;

2015-08-17 09:33:51 params :
------------
Array:
message : Array ;
module : cover ;
rule : 46 ;
priority : 0 ;
keyword : Array ;

2015-08-17 09:33:51 response :
------------
Array:
FromUserName : toUser ;
ToUserName : fromUser ;
MsgType : news ;
ArticleCount : 1 ;
Articles : Array ;

2015-08-17 09:34:10 trace :
------------
Array:
from : fromUser ;
to : toUser ;
time : 1439777676 ;
type : text ;
event :  ;
tousername : toUser ;
fromusername : fromUser ;
createtime : 1439777676 ;
msgtype : text ;
content : 分销 ;
msgid : 1234567890123456 ;
redirection :  ;
source :  ;

2015-08-17 09:34:10 params :
------------
Array:
message : Array ;
module : cover ;
rule : 46 ;
priority : 0 ;
keyword : Array ;

2015-08-17 09:34:10 response :
------------
Array:
FromUserName : toUser ;
ToUserName : fromUser ;
MsgType : news ;
ArticleCount : 1 ;
Articles : Array ;

2015-08-17 09:35:31 trace :
------------
Array:
from : fromUser ;
to : toUser ;
time : 1439777757 ;
type : text ;
event :  ;
tousername : toUser ;
fromusername : fromUser ;
createtime : 1439777757 ;
msgtype : text ;
content : 微商城 ;
msgid : 1234567890123456 ;
redirection :  ;
source :  ;

2015-08-17 09:35:31 params :
------------
Array:
message : Array ;
module : cover ;
rule : 37 ;
priority : 0 ;
keyword : Array ;

2015-08-17 09:35:31 response :
------------
Array:
FromUserName : toUser ;
ToUserName : fromUser ;
MsgType : news ;
ArticleCount : 1 ;
Articles : Array ;

2015-08-17 09:45:57 trace :
------------
Array:
from : fromUser ;
to : toUser ;
time : 1439778383 ;
type : text ;
event :  ;
tousername : toUser ;
fromusername : fromUser ;
createtime : 1439778383 ;
msgtype : text ;
content : 中心 ;
msgid : 1234567890123456 ;
redirection :  ;
source :  ;

2015-08-17 09:45:57 params :
------------
Array:
message : Array ;
module : default ;
rule : -1 ;

2015-08-17 09:45:57 response :
------------
Array:
params : Array ;

2015-08-17 09:46:06 trace :
------------
Array:
from : fromUser ;
to : toUser ;
time : 1439778392 ;
type : text ;
event :  ;
tousername : toUser ;
fromusername : fromUser ;
createtime : 1439778392 ;
msgtype : text ;
content : 会员 ;
msgid : 1234567890123456 ;
redirection :  ;
source :  ;

2015-08-17 09:46:06 params :
------------
Array:
message : Array ;
module : default ;
rule : -1 ;

2015-08-17 09:46:06 response :
------------
Array:
params : Array ;

2015-08-17 10:33:55 trace :
------------
Array:
from : fromUser ;
to : toUser ;
time : 1439781259 ;
type : text ;
event :  ;
tousername : toUser ;
fromusername : fromUser ;
createtime : 1439781259 ;
msgtype : text ;
content : 会员 ;
msgid : 1234567890123456 ;
redirection :  ;
source :  ;

2015-08-17 10:33:55 params :
------------
Array:
message : Array ;
module : default ;
rule : -1 ;

2015-08-17 10:33:55 response :
------------
Array:
params : Array ;

2015-08-17 10:36:24 trace :
------------
Array:
from : fromUser ;
to : toUser ;
time : 1439781410 ;
type : text ;
event :  ;
tousername : toUser ;
fromusername : fromUser ;
createtime : 1439781410 ;
msgtype : text ;
content : 个人中心 ;
msgid : 1234567890123456 ;
redirection :  ;
source :  ;

2015-08-17 10:36:24 params :
------------
Array:
message : Array ;
module : cover ;
rule : 45 ;
priority : 0 ;
keyword : Array ;

2015-08-17 10:36:24 response :
------------
Array:
FromUserName : toUser ;
ToUserName : fromUser ;
MsgType : news ;
ArticleCount : 1 ;
Articles : Array ;

2015-08-17 10:46:23 trace :
------------
Array:
from : fromUser ;
to : toUser ;
time : 1439782009 ;
type : text ;
event :  ;
tousername : toUser ;
fromusername : fromUser ;
createtime : 1439782009 ;
msgtype : text ;
content : 分销 ;
msgid : 1234567890123456 ;
redirection :  ;
source :  ;

2015-08-17 10:46:23 params :
------------
Array:
message : Array ;
module : cover ;
rule : 46 ;
priority : 0 ;
keyword : Array ;

2015-08-17 10:46:23 response :
------------
Array:
FromUserName : toUser ;
ToUserName : fromUser ;
MsgType : news ;
ArticleCount : 1 ;
Articles : Array ;

2015-08-17 15:48:12 trace :
------------
Array:
from : fromUser ;
to : toUser ;
time : 1439800120 ;
type : text ;
event :  ;
tousername : toUser ;
fromusername : fromUser ;
createtime : 1439800120 ;
msgtype : text ;
content : 农圣优鲜 ;
msgid : 1234567890123456 ;
redirection :  ;
source :  ;

2015-08-17 15:48:12 params :
------------
Array:
message : Array ;
module : cover ;
rule : 56 ;
priority : 0 ;
keyword : Array ;

2015-08-17 15:48:12 response :
------------
Array:
FromUserName : toUser ;
ToUserName : fromUser ;
MsgType : news ;
ArticleCount : 1 ;
Articles : Array ;

