2015-09-13 10:24:05 trace :
------------
Array:
from : oYMr5t3ZZmLqa8ygWA_P5ZmqS9rU ;
to : gh_bbcd76ee3161 ;
time : 1442111044 ;
type : event ;
event : subscribe ;
tousername : gh_bbcd76ee3161 ;
fromusername : oYMr5t3ZZmLqa8ygWA_P5ZmqS9rU ;
createtime : 1442111044 ;
msgtype : event ;
eventkey :  ;

2015-09-13 10:24:05 params :
------------
Array:
message : Array ;
module : news ;
rule : 57 ;
priority : 0 ;
keyword : Array ;

2015-09-13 10:24:05 response :
------------
Array:
FromUserName : gh_bbcd76ee3161 ;
ToUserName : oYMr5t3ZZmLqa8ygWA_P5ZmqS9rU ;
MsgType : news ;
ArticleCount : 1 ;
Articles : Array ;

