2015-11-09 10:56:21 trace :
------------
Array:
from : oFF8fwcDOWR02bL9KWj78n6eYm30 ;
to : gh_a8a83d9305b8 ;
time : 1447037779 ;
type : event ;
event : VIEW ;
tousername : gh_a8a83d9305b8 ;
fromusername : oFF8fwcDOWR02bL9KWj78n6eYm30 ;
createtime : 1447037779 ;
msgtype : event ;
eventkey : http://wx.nsyouxian.com/app/index.php?i=5&c=entry&eid=317 ;

2015-11-09 10:56:21 params :
------------
Array:
message : Array ;
module : basic ;
rule : 58 ;
priority : 0 ;
keyword : Array ;

2015-11-09 10:56:21 response :
------------
Array:
FromUserName : gh_a8a83d9305b8 ;
ToUserName : oFF8fwcDOWR02bL9KWj78n6eYm30 ;
MsgType : text ;
Content : 您好,欢迎关注农圣优鲜微信公众号,如需帮助请咨询客服。 ;

2015-11-09 11:02:09 trace :
------------
Array:
from : oFF8fwc7LrKoN-dp92jUDRLKGUOI ;
to : gh_a8a83d9305b8 ;
time : 1447038129 ;
type : event ;
event : VIEW ;
tousername : gh_a8a83d9305b8 ;
fromusername : oFF8fwc7LrKoN-dp92jUDRLKGUOI ;
createtime : 1447038129 ;
msgtype : event ;
eventkey : http://wx.nsyouxian.com/app/index.php?i=5&c=entry&eid=317 ;

2015-11-09 11:02:09 params :
------------
Array:
message : Array ;
module : basic ;
rule : 58 ;
priority : 0 ;
keyword : Array ;

2015-11-09 11:02:09 response :
------------
Array:
FromUserName : gh_a8a83d9305b8 ;
ToUserName : oFF8fwc7LrKoN-dp92jUDRLKGUOI ;
MsgType : text ;
Content : 您好,欢迎关注农圣优鲜微信公众号,如需帮助请咨询客服。 ;

2015-11-09 11:02:48 trace :
------------
Array:
from : oFF8fwc7LrKoN-dp92jUDRLKGUOI ;
to : gh_a8a83d9305b8 ;
time : 1447038168 ;
type : event ;
event : VIEW ;
tousername : gh_a8a83d9305b8 ;
fromusername : oFF8fwc7LrKoN-dp92jUDRLKGUOI ;
createtime : 1447038168 ;
msgtype : event ;
eventkey : http://wx.nsyouxian.com/app/index.php?i=5&c=entry&eid=317 ;

2015-11-09 11:02:48 params :
------------
Array:
message : Array ;
module : basic ;
rule : 58 ;
priority : 0 ;
keyword : Array ;

2015-11-09 11:02:48 response :
------------
Array:
FromUserName : gh_a8a83d9305b8 ;
ToUserName : oFF8fwc7LrKoN-dp92jUDRLKGUOI ;
MsgType : text ;
Content : 您好,欢迎关注农圣优鲜微信公众号,如需帮助请咨询客服。 ;

2015-11-09 11:03:36 trace :
------------
Array:
from : oFF8fwcDOWR02bL9KWj78n6eYm30 ;
to : gh_a8a83d9305b8 ;
time : 1447038216 ;
type : event ;
event : VIEW ;
tousername : gh_a8a83d9305b8 ;
fromusername : oFF8fwcDOWR02bL9KWj78n6eYm30 ;
createtime : 1447038216 ;
msgtype : event ;
eventkey : http://wx.nsyouxian.com/app/index.php?i=5&c=entry&eid=317 ;

2015-11-09 11:03:36 params :
------------
Array:
message : Array ;
module : basic ;
rule : 58 ;
priority : 0 ;
keyword : Array ;

2015-11-09 11:03:36 response :
------------
Array:
FromUserName : gh_a8a83d9305b8 ;
ToUserName : oFF8fwcDOWR02bL9KWj78n6eYm30 ;
MsgType : text ;
Content : 您好,欢迎关注农圣优鲜微信公众号,如需帮助请咨询客服。 ;

2015-11-09 11:04:27 trace :
------------
Array:
from : oFF8fwc7LrKoN-dp92jUDRLKGUOI ;
to : gh_a8a83d9305b8 ;
time : 1447038266 ;
type : event ;
event : VIEW ;
tousername : gh_a8a83d9305b8 ;
fromusername : oFF8fwc7LrKoN-dp92jUDRLKGUOI ;
createtime : 1447038266 ;
msgtype : event ;
eventkey : http://wx.nsyouxian.com/app/index.php?i=5&c=entry&eid=317 ;

2015-11-09 11:04:27 params :
------------
Array:
message : Array ;
module : basic ;
rule : 58 ;
priority : 0 ;
keyword : Array ;

2015-11-09 11:04:27 response :
------------
Array:
FromUserName : gh_a8a83d9305b8 ;
ToUserName : oFF8fwc7LrKoN-dp92jUDRLKGUOI ;
MsgType : text ;
Content : 您好,欢迎关注农圣优鲜微信公众号,如需帮助请咨询客服。 ;

2015-11-09 11:05:35 trace :
------------
Array:
from : oFF8fwcDOWR02bL9KWj78n6eYm30 ;
to : gh_a8a83d9305b8 ;
time : 1447038334 ;
type : event ;
event : VIEW ;
tousername : gh_a8a83d9305b8 ;
fromusername : oFF8fwcDOWR02bL9KWj78n6eYm30 ;
createtime : 1447038334 ;
msgtype : event ;
eventkey : http://wx.nsyouxian.com/app/index.php?i=5&c=entry&eid=317 ;

2015-11-09 11:05:35 params :
------------
Array:
message : Array ;
module : basic ;
rule : 58 ;
priority : 0 ;
keyword : Array ;

2015-11-09 11:05:35 response :
------------
Array:
FromUserName : gh_a8a83d9305b8 ;
ToUserName : oFF8fwcDOWR02bL9KWj78n6eYm30 ;
MsgType : text ;
Content : 您好,欢迎关注农圣优鲜微信公众号,如需帮助请咨询客服。 ;

2015-11-09 11:08:45 trace :
------------
Array:
from : oFF8fwdKAQnbHcaYLjfCcsgxo6_Q ;
to : gh_a8a83d9305b8 ;
time : 1447038525 ;
type : event ;
event : VIEW ;
tousername : gh_a8a83d9305b8 ;
fromusername : oFF8fwdKAQnbHcaYLjfCcsgxo6_Q ;
createtime : 1447038525 ;
msgtype : event ;
eventkey : http://wx.nsyouxian.com/app/index.php?i=5&c=entry&eid=317 ;

2015-11-09 11:08:45 params :
------------
Array:
message : Array ;
module : basic ;
rule : 58 ;
priority : 0 ;
keyword : Array ;

2015-11-09 11:08:45 response :
------------
Array:
FromUserName : gh_a8a83d9305b8 ;
ToUserName : oFF8fwdKAQnbHcaYLjfCcsgxo6_Q ;
MsgType : text ;
Content : 您好,欢迎关注农圣优鲜微信公众号,如需帮助请咨询客服。 ;

2015-11-09 11:12:47 trace :
------------
Array:
from : oFF8fwcDOWR02bL9KWj78n6eYm30 ;
to : gh_a8a83d9305b8 ;
time : 1447038767 ;
type : event ;
event : VIEW ;
tousername : gh_a8a83d9305b8 ;
fromusername : oFF8fwcDOWR02bL9KWj78n6eYm30 ;
createtime : 1447038767 ;
msgtype : event ;
eventkey : http://wx.nsyouxian.com/app/index.php?i=5&c=entry&eid=317 ;

2015-11-09 11:12:47 params :
------------
Array:
message : Array ;
module : basic ;
rule : 58 ;
priority : 0 ;
keyword : Array ;

2015-11-09 11:12:47 response :
------------
Array:
FromUserName : gh_a8a83d9305b8 ;
ToUserName : oFF8fwcDOWR02bL9KWj78n6eYm30 ;
MsgType : text ;
Content : 您好,欢迎关注农圣优鲜微信公众号,如需帮助请咨询客服。 ;

2015-11-09 17:17:04 trace :
------------
Array:
from : oFF8fwb08bK1vBfGxlK4SPJyezmc ;
to : gh_a8a83d9305b8 ;
time : 1447060623 ;
type : event ;
event : VIEW ;
tousername : gh_a8a83d9305b8 ;
fromusername : oFF8fwb08bK1vBfGxlK4SPJyezmc ;
createtime : 1447060623 ;
msgtype : event ;
eventkey : http://wx.nsyouxian.com/app/index.php?i=5&c=entry&eid=317 ;

2015-11-09 17:17:04 params :
------------
Array:
message : Array ;
module : basic ;
rule : 58 ;
priority : 0 ;
keyword : Array ;

2015-11-09 17:17:04 response :
------------
Array:
FromUserName : gh_a8a83d9305b8 ;
ToUserName : oFF8fwb08bK1vBfGxlK4SPJyezmc ;
MsgType : text ;
Content : 您好,欢迎关注农圣优鲜微信公众号,如需帮助请咨询客服。 ;

2015-11-09 17:20:39 trace :
------------
Array:
from : oFF8fwb08bK1vBfGxlK4SPJyezmc ;
to : gh_a8a83d9305b8 ;
time : 1447060838 ;
type : event ;
event : VIEW ;
tousername : gh_a8a83d9305b8 ;
fromusername : oFF8fwb08bK1vBfGxlK4SPJyezmc ;
createtime : 1447060838 ;
msgtype : event ;
eventkey : http://wx.nsyouxian.com/app/index.php?i=5&c=entry&eid=317 ;

2015-11-09 17:20:39 params :
------------
Array:
message : Array ;
module : basic ;
rule : 58 ;
priority : 0 ;
keyword : Array ;

2015-11-09 17:20:39 response :
------------
Array:
FromUserName : gh_a8a83d9305b8 ;
ToUserName : oFF8fwb08bK1vBfGxlK4SPJyezmc ;
MsgType : text ;
Content : 您好,欢迎关注农圣优鲜微信公众号,如需帮助请咨询客服。 ;

2015-11-09 17:25:09 trace :
------------
Array:
from : oFF8fwc7LrKoN-dp92jUDRLKGUOI ;
to : gh_a8a83d9305b8 ;
time : 1447061109 ;
type : event ;
event : VIEW ;
tousername : gh_a8a83d9305b8 ;
fromusername : oFF8fwc7LrKoN-dp92jUDRLKGUOI ;
createtime : 1447061109 ;
msgtype : event ;
eventkey : http://wx.nsyouxian.com/app/index.php?i=5&c=entry&eid=317 ;

2015-11-09 17:25:09 params :
------------
Array:
message : Array ;
module : basic ;
rule : 58 ;
priority : 0 ;
keyword : Array ;

2015-11-09 17:25:09 response :
------------
Array:
FromUserName : gh_a8a83d9305b8 ;
ToUserName : oFF8fwc7LrKoN-dp92jUDRLKGUOI ;
MsgType : text ;
Content : 您好,欢迎关注农圣优鲜微信公众号,如需帮助请咨询客服。 ;

2015-11-09 17:25:14 trace :
------------
Array:
from : oFF8fwb08bK1vBfGxlK4SPJyezmc ;
to : gh_a8a83d9305b8 ;
time : 1447061114 ;
type : event ;
event : VIEW ;
tousername : gh_a8a83d9305b8 ;
fromusername : oFF8fwb08bK1vBfGxlK4SPJyezmc ;
createtime : 1447061114 ;
msgtype : event ;
eventkey : http://wx.nsyouxian.com/app/index.php?i=5&c=entry&eid=317 ;

2015-11-09 17:25:14 params :
------------
Array:
message : Array ;
module : basic ;
rule : 58 ;
priority : 0 ;
keyword : Array ;

2015-11-09 17:25:14 response :
------------
Array:
FromUserName : gh_a8a83d9305b8 ;
ToUserName : oFF8fwb08bK1vBfGxlK4SPJyezmc ;
MsgType : text ;
Content : 您好,欢迎关注农圣优鲜微信公众号,如需帮助请咨询客服。 ;

