2015-12-06 18:58:54 trace :
------------
Array:
from : oFF8fwfCjJOTPCoZ_Sdh87NlfnKQ ;
to : gh_a8a83d9305b8 ;
time : 1449399533 ;
type : event ;
event : VIEW ;
tousername : gh_a8a83d9305b8 ;
fromusername : oFF8fwfCjJOTPCoZ_Sdh87NlfnKQ ;
createtime : 1449399533 ;
msgtype : event ;
eventkey : http://wx.nsyouxian.com/app/index.php?i=5&c=entry&eid=317 ;

2015-12-06 18:58:55 params :
------------
Array:
message : Array ;
module : basic ;
rule : 58 ;
priority : 0 ;
keyword : Array ;

2015-12-06 18:58:55 response :
------------
Array:
FromUserName : gh_a8a83d9305b8 ;
ToUserName : oFF8fwfCjJOTPCoZ_Sdh87NlfnKQ ;
MsgType : text ;
Content : 您好,欢迎关注农圣优鲜微信公众号,如需帮助请咨询客服。 ;

2015-12-06 19:34:18 trace :
------------
Array:
from : oFF8fwfCjJOTPCoZ_Sdh87NlfnKQ ;
to : gh_a8a83d9305b8 ;
time : 1449401658 ;
type : event ;
event : VIEW ;
tousername : gh_a8a83d9305b8 ;
fromusername : oFF8fwfCjJOTPCoZ_Sdh87NlfnKQ ;
createtime : 1449401658 ;
msgtype : event ;
eventkey : http://wx.nsyouxian.com/app/index.php?i=5&c=entry&eid=317 ;

2015-12-06 19:34:18 params :
------------
Array:
message : Array ;
module : basic ;
rule : 58 ;
priority : 0 ;
keyword : Array ;

2015-12-06 19:34:18 response :
------------
Array:
FromUserName : gh_a8a83d9305b8 ;
ToUserName : oFF8fwfCjJOTPCoZ_Sdh87NlfnKQ ;
MsgType : text ;
Content : 您好,欢迎关注农圣优鲜微信公众号,如需帮助请咨询客服。 ;

