2015-10-24 07:46:00 trace :
------------
Array:
from : fromUser ;
to : toUser ;
time : 1445643960 ;
type : text ;
event :  ;
tousername : toUser ;
fromusername : fromUser ;
createtime : 1445643960 ;
msgtype : text ;
content : 农圣优鲜微商城 ;
msgid : 1234567890123456 ;
redirection :  ;
source :  ;

2015-10-24 07:46:00 params :
------------
Array:
message : Array ;
module : cover ;
rule : 51 ;
priority : 0 ;
keyword : Array ;

2015-10-24 07:46:00 response :
------------
Array:
FromUserName : toUser ;
ToUserName : fromUser ;
MsgType : news ;
ArticleCount : 1 ;
Articles : Array ;

2015-10-24 11:21:51 trace :
------------
Array:
from : oFF8fwcDOWR02bL9KWj78n6eYm30 ;
to : gh_a8a83d9305b8 ;
time : 1445656910 ;
type : event ;
event : VIEW ;
tousername : gh_a8a83d9305b8 ;
fromusername : oFF8fwcDOWR02bL9KWj78n6eYm30 ;
createtime : 1445656910 ;
msgtype : event ;
eventkey : http://wx.nsyouxian.com/app/index.php?i=5&c=entry&eid=317 ;

2015-10-24 11:21:51 params :
------------
Array:
message : Array ;
module : basic ;
rule : 58 ;
priority : 0 ;
keyword : Array ;

2015-10-24 11:21:51 response :
------------
Array:
FromUserName : gh_a8a83d9305b8 ;
ToUserName : oFF8fwcDOWR02bL9KWj78n6eYm30 ;
MsgType : text ;
Content : 您好,欢迎关注农圣优鲜微信公众号,如需帮助请咨询客服。 ;

