2015-10-20 13:46:30 trace :
------------
Array:
from : oFF8fwfCjJOTPCoZ_Sdh87NlfnKQ ;
to : gh_a8a83d9305b8 ;
time : 1445319988 ;
type : event ;
event : VIEW ;
tousername : gh_a8a83d9305b8 ;
fromusername : oFF8fwfCjJOTPCoZ_Sdh87NlfnKQ ;
createtime : 1445319988 ;
msgtype : event ;
eventkey : http://wx.nsyouxian.com/app/index.php?i=5&c=entry&eid=317 ;

2015-10-20 13:46:30 params :
------------
Array:
message : Array ;
module : basic ;
rule : 58 ;
priority : 0 ;
keyword : Array ;

2015-10-20 13:46:30 response :
------------
Array:
FromUserName : gh_a8a83d9305b8 ;
ToUserName : oFF8fwfCjJOTPCoZ_Sdh87NlfnKQ ;
MsgType : text ;
Content : 您好,欢迎关注农圣优鲜微信公众号,如需帮助请咨询客服。 ;

2015-10-20 14:03:00 trace :
------------
Array:
from : oFF8fwcDOWR02bL9KWj78n6eYm30 ;
to : gh_a8a83d9305b8 ;
time : 1445320979 ;
type : event ;
event : VIEW ;
tousername : gh_a8a83d9305b8 ;
fromusername : oFF8fwcDOWR02bL9KWj78n6eYm30 ;
createtime : 1445320979 ;
msgtype : event ;
eventkey : http://wx.nsyouxian.com/app/index.php?i=5&c=entry&eid=317 ;

2015-10-20 14:03:00 params :
------------
Array:
message : Array ;
module : basic ;
rule : 58 ;
priority : 0 ;
keyword : Array ;

2015-10-20 14:03:00 response :
------------
Array:
FromUserName : gh_a8a83d9305b8 ;
ToUserName : oFF8fwcDOWR02bL9KWj78n6eYm30 ;
MsgType : text ;
Content : 您好,欢迎关注农圣优鲜微信公众号,如需帮助请咨询客服。 ;

2015-10-20 14:14:48 trace :
------------
Array:
from : oFF8fwcDOWR02bL9KWj78n6eYm30 ;
to : gh_a8a83d9305b8 ;
time : 1445321687 ;
type : event ;
event : VIEW ;
tousername : gh_a8a83d9305b8 ;
fromusername : oFF8fwcDOWR02bL9KWj78n6eYm30 ;
createtime : 1445321687 ;
msgtype : event ;
eventkey : http://wx.nsyouxian.com/app/index.php?i=5&c=entry&eid=317 ;

2015-10-20 14:14:48 params :
------------
Array:
message : Array ;
module : basic ;
rule : 58 ;
priority : 0 ;
keyword : Array ;

2015-10-20 14:14:48 response :
------------
Array:
FromUserName : gh_a8a83d9305b8 ;
ToUserName : oFF8fwcDOWR02bL9KWj78n6eYm30 ;
MsgType : text ;
Content : 您好,欢迎关注农圣优鲜微信公众号,如需帮助请咨询客服。 ;

2015-10-20 14:18:13 trace :
------------
Array:
from : oFF8fwcDOWR02bL9KWj78n6eYm30 ;
to : gh_a8a83d9305b8 ;
time : 1445321892 ;
type : event ;
event : VIEW ;
tousername : gh_a8a83d9305b8 ;
fromusername : oFF8fwcDOWR02bL9KWj78n6eYm30 ;
createtime : 1445321892 ;
msgtype : event ;
eventkey : http://wx.nsyouxian.com/app/index.php?i=5&c=entry&eid=317 ;

2015-10-20 14:18:13 params :
------------
Array:
message : Array ;
module : basic ;
rule : 58 ;
priority : 0 ;
keyword : Array ;

2015-10-20 14:18:13 response :
------------
Array:
FromUserName : gh_a8a83d9305b8 ;
ToUserName : oFF8fwcDOWR02bL9KWj78n6eYm30 ;
MsgType : text ;
Content : 您好,欢迎关注农圣优鲜微信公众号,如需帮助请咨询客服。 ;

2015-10-20 19:19:16 trace :
------------
Array:
from : oFF8fwcDOWR02bL9KWj78n6eYm30 ;
to : gh_a8a83d9305b8 ;
time : 1445339955 ;
type : event ;
event : VIEW ;
tousername : gh_a8a83d9305b8 ;
fromusername : oFF8fwcDOWR02bL9KWj78n6eYm30 ;
createtime : 1445339955 ;
msgtype : event ;
eventkey : http://wx.nsyouxian.com/app/index.php?i=5&c=entry&eid=317 ;

2015-10-20 19:19:17 params :
------------
Array:
message : Array ;
module : basic ;
rule : 58 ;
priority : 0 ;
keyword : Array ;

2015-10-20 19:19:17 response :
------------
Array:
FromUserName : gh_a8a83d9305b8 ;
ToUserName : oFF8fwcDOWR02bL9KWj78n6eYm30 ;
MsgType : text ;
Content : 您好,欢迎关注农圣优鲜微信公众号,如需帮助请咨询客服。 ;

