2015-09-30 14:42:51 trace :
------------
Array:
from : oFF8fwTwFlPhnUnPqVclqd6ahb8I ;
to : gh_a8a83d9305b8 ;
time : 1443595369 ;
type : event ;
event : VIEW ;
tousername : gh_a8a83d9305b8 ;
fromusername : oFF8fwTwFlPhnUnPqVclqd6ahb8I ;
createtime : 1443595369 ;
msgtype : event ;
eventkey : http://wx.nsyouxian.com/app/index.php?i=5&c=entry&eid=317 ;

2015-09-30 14:42:51 params :
------------
Array:
message : Array ;
module : basic ;
rule : 58 ;
priority : 0 ;
keyword : Array ;

2015-09-30 14:42:51 response :
------------
Array:
FromUserName : gh_a8a83d9305b8 ;
ToUserName : oFF8fwTwFlPhnUnPqVclqd6ahb8I ;
MsgType : text ;
Content : 您好,欢迎关注农圣优鲜微信公众号,如需帮助请咨询客服。 ;

