2015-07-24 07:33:47 trace :
------------
Array:
from : fromUser ;
to : toUser ;
time : 1437696734 ;
type : text ;
event :  ;
tousername : toUser ;
fromusername : fromUser ;
createtime : 1437696734 ;
msgtype : text ;
content : 微官网 ;
msgid : 1234567890123456 ;
redirection :  ;
source :  ;

2015-07-24 07:33:47 params :
------------
Array:
message : Array ;
module : news ;
rule : 17 ;
priority : 0 ;
keyword : Array ;

2015-07-24 07:33:47 response :
------------
Array:
FromUserName : toUser ;
ToUserName : fromUser ;
MsgType : news ;
ArticleCount : 1 ;
Articles : Array ;

2015-07-24 07:51:38 trace :
------------
Array:
from : fromUser ;
to : toUser ;
time : 1437697805 ;
type : text ;
event :  ;
tousername : toUser ;
fromusername : fromUser ;
createtime : 1437697805 ;
msgtype : text ;
content : 微官网 ;
msgid : 1234567890123456 ;
redirection :  ;
source :  ;

2015-07-24 07:51:38 params :
------------
Array:
message : Array ;
module : news ;
rule : 17 ;
priority : 0 ;
keyword : Array ;

2015-07-24 07:51:38 response :
------------
Array:
FromUserName : toUser ;
ToUserName : fromUser ;
MsgType : news ;
ArticleCount : 1 ;
Articles : Array ;

2015-07-24 08:05:28 trace :
------------
Array:
from : fromUser ;
to : toUser ;
time : 1437698635 ;
type : text ;
event :  ;
tousername : toUser ;
fromusername : fromUser ;
createtime : 1437698635 ;
msgtype : text ;
content : 微官网 ;
msgid : 1234567890123456 ;
redirection :  ;
source :  ;

2015-07-24 08:05:28 params :
------------
Array:
message : Array ;
module : news ;
rule : 17 ;
priority : 0 ;
keyword : Array ;

2015-07-24 08:05:28 response :
------------
Array:
FromUserName : toUser ;
ToUserName : fromUser ;
MsgType : news ;
ArticleCount : 1 ;
Articles : Array ;

2015-07-24 09:02:24 trace :
------------
Array:
from : fromUser ;
to : toUser ;
time : 1437702051 ;
type : text ;
event :  ;
tousername : toUser ;
fromusername : fromUser ;
createtime : 1437702051 ;
msgtype : text ;
content : 微官网 ;
msgid : 1234567890123456 ;
redirection :  ;
source :  ;

2015-07-24 09:02:24 params :
------------
Array:
message : Array ;
module : news ;
rule : 17 ;
priority : 0 ;
keyword : Array ;

2015-07-24 09:02:24 response :
------------
Array:
FromUserName : toUser ;
ToUserName : fromUser ;
MsgType : news ;
ArticleCount : 1 ;
Articles : Array ;

2015-07-24 10:23:30 trace :
------------
Array:
from : fromUser ;
to : toUser ;
time : 1437706917 ;
type : text ;
event :  ;
tousername : toUser ;
fromusername : fromUser ;
createtime : 1437706917 ;
msgtype : text ;
content : 微官网 ;
msgid : 1234567890123456 ;
redirection :  ;
source :  ;

2015-07-24 10:23:30 params :
------------
Array:
message : Array ;
module : news ;
rule : 17 ;
priority : 0 ;
keyword : Array ;

2015-07-24 10:23:30 response :
------------
Array:
FromUserName : toUser ;
ToUserName : fromUser ;
MsgType : news ;
ArticleCount : 1 ;
Articles : Array ;

2015-07-24 13:55:10 trace :
------------
Array:
from : fromUser ;
to : toUser ;
time : 1437719618 ;
type : text ;
event :  ;
tousername : toUser ;
fromusername : fromUser ;
createtime : 1437719618 ;
msgtype : text ;
content : 微官网 ;
msgid : 1234567890123456 ;
redirection :  ;
source :  ;

2015-07-24 13:55:10 params :
------------
Array:
message : Array ;
module : news ;
rule : 17 ;
priority : 0 ;
keyword : Array ;

2015-07-24 13:55:10 response :
------------
Array:
FromUserName : toUser ;
ToUserName : fromUser ;
MsgType : news ;
ArticleCount : 1 ;
Articles : Array ;

2015-07-24 14:19:52 trace :
------------
Array:
from : fromUser ;
to : toUser ;
time : 1437721101 ;
type : text ;
event :  ;
tousername : toUser ;
fromusername : fromUser ;
createtime : 1437721101 ;
msgtype : text ;
content : 微官网 ;
msgid : 1234567890123456 ;
redirection :  ;
source :  ;

2015-07-24 14:19:52 params :
------------
Array:
message : Array ;
module : news ;
rule : 17 ;
priority : 0 ;
keyword : Array ;

2015-07-24 14:19:52 response :
------------
Array:
FromUserName : toUser ;
ToUserName : fromUser ;
MsgType : news ;
ArticleCount : 1 ;
Articles : Array ;

2015-07-24 14:26:25 trace :
------------
Array:
from : fromUser ;
to : toUser ;
time : 1437721494 ;
type : text ;
event :  ;
tousername : toUser ;
fromusername : fromUser ;
createtime : 1437721494 ;
msgtype : text ;
content : 微官网 ;
msgid : 1234567890123456 ;
redirection :  ;
source :  ;

2015-07-24 14:26:26 params :
------------
Array:
message : Array ;
module : news ;
rule : 17 ;
priority : 0 ;
keyword : Array ;

2015-07-24 14:26:26 response :
------------
Array:
FromUserName : toUser ;
ToUserName : fromUser ;
MsgType : news ;
ArticleCount : 1 ;
Articles : Array ;

2015-07-24 14:28:35 trace :
------------
Array:
from : fromUser ;
to : toUser ;
time : 1437721623 ;
type : text ;
event :  ;
tousername : toUser ;
fromusername : fromUser ;
createtime : 1437721623 ;
msgtype : text ;
content : 微官网 ;
msgid : 1234567890123456 ;
redirection :  ;
source :  ;

2015-07-24 14:28:35 params :
------------
Array:
message : Array ;
module : news ;
rule : 17 ;
priority : 0 ;
keyword : Array ;

2015-07-24 14:28:35 response :
------------
Array:
FromUserName : toUser ;
ToUserName : fromUser ;
MsgType : news ;
ArticleCount : 1 ;
Articles : Array ;

2015-07-24 17:30:55 trace :
------------
Array:
from : fromUser ;
to : toUser ;
time : 1437732564 ;
type : text ;
event :  ;
tousername : toUser ;
fromusername : fromUser ;
createtime : 1437732564 ;
msgtype : text ;
content : 微官网 ;
msgid : 1234567890123456 ;
redirection :  ;
source :  ;

2015-07-24 17:30:55 params :
------------
Array:
message : Array ;
module : news ;
rule : 17 ;
priority : 0 ;
keyword : Array ;

2015-07-24 17:30:55 response :
------------
Array:
FromUserName : toUser ;
ToUserName : fromUser ;
MsgType : news ;
ArticleCount : 1 ;
Articles : Array ;

