2015-07-28 07:48:24 trace :
------------
Array:
from : fromUser ;
to : toUser ;
time : 1438043236 ;
type : text ;
event :  ;
tousername : toUser ;
fromusername : fromUser ;
createtime : 1438043236 ;
msgtype : text ;
content : 微官网 ;
msgid : 1234567890123456 ;
redirection :  ;
source :  ;

2015-07-28 07:48:24 params :
------------
Array:
message : Array ;
module : news ;
rule : 17 ;
priority : 0 ;
keyword : Array ;

2015-07-28 07:48:24 response :
------------
Array:
FromUserName : toUser ;
ToUserName : fromUser ;
MsgType : news ;
ArticleCount : 1 ;
Articles : Array ;

2015-07-28 08:22:06 trace :
------------
Array:
from : owAWYuI7k7UB28PPUMXn6avnYxu4 ;
to : gh_1f447c99463e ;
time : 1438045248 ;
type : text ;
event :  ;
tousername : gh_1f447c99463e ;
fromusername : owAWYuI7k7UB28PPUMXn6avnYxu4 ;
createtime : 1438045248 ;
msgtype : text ;
content : 你好 ;
msgid : 6176357310535595595 ;
redirection :  ;
source :  ;

2015-07-28 08:22:06 params :
------------
Array:
message : Array ;
module : basic ;
rule : 12 ;
priority : 0 ;
keyword : Array ;

2015-07-28 08:22:06 response :
------------
Array:
FromUserName : gh_1f447c99463e ;
ToUserName : owAWYuI7k7UB28PPUMXn6avnYxu4 ;
MsgType : text ;
Content : 你好,这里是检测中心 ;

2015-07-28 08:31:08 trace :
------------
Array:
from : owAWYuI7k7UB28PPUMXn6avnYxu4 ;
to : gh_1f447c99463e ;
time : 1438045791 ;
type : text ;
event :  ;
tousername : gh_1f447c99463e ;
fromusername : owAWYuI7k7UB28PPUMXn6avnYxu4 ;
createtime : 1438045791 ;
msgtype : text ;
content : ？ ;
msgid : 6176359642702837440 ;
redirection :  ;
source :  ;

2015-07-28 08:31:08 params :
------------
Array:
message : Array ;
module : basic ;
rule : 13 ;
priority : 0 ;
keyword : Array ;

2015-07-28 08:31:08 response :
------------
Array:
FromUserName : gh_1f447c99463e ;
ToUserName : owAWYuI7k7UB28PPUMXn6avnYxu4 ;
MsgType : text ;
Content : 功能维护中,请稍后再试 ;

2015-07-28 08:35:11 trace :
------------
Array:
from : owAWYuI7k7UB28PPUMXn6avnYxu4 ;
to : gh_1f447c99463e ;
time : 1438046033 ;
type : event ;
event : VIEW ;
tousername : gh_1f447c99463e ;
fromusername : owAWYuI7k7UB28PPUMXn6avnYxu4 ;
createtime : 1438046033 ;
msgtype : event ;
eventkey : http://www.qwyuan.com/app/index.php?i=4&c=home& ;

2015-07-28 08:35:11 params :
------------
Array:
message : Array ;
module : basic ;
rule : 13 ;
priority : 0 ;
keyword : Array ;

2015-07-28 08:35:11 response :
------------
Array:
FromUserName : gh_1f447c99463e ;
ToUserName : owAWYuI7k7UB28PPUMXn6avnYxu4 ;
MsgType : text ;
Content : 欢迎关注寿光市检测检验中心!
地址:
电话:
邮箱: ;

2015-07-28 08:35:42 trace :
------------
Array:
from : owAWYuI7k7UB28PPUMXn6avnYxu4 ;
to : gh_1f447c99463e ;
time : 1438046064 ;
type : event ;
event : VIEW ;
tousername : gh_1f447c99463e ;
fromusername : owAWYuI7k7UB28PPUMXn6avnYxu4 ;
createtime : 1438046064 ;
msgtype : event ;
eventkey : http://www.qwyuan.com/app/index.php?i=4&c=home& ;

2015-07-28 08:35:42 params :
------------
Array:
message : Array ;
module : basic ;
rule : 13 ;
priority : 0 ;
keyword : Array ;

2015-07-28 08:35:42 response :
------------
Array:
FromUserName : gh_1f447c99463e ;
ToUserName : owAWYuI7k7UB28PPUMXn6avnYxu4 ;
MsgType : text ;
Content : 欢迎关注寿光市检测检验中心!
地址:
电话:
邮箱: ;

2015-07-28 08:36:18 trace :
------------
Array:
from : owAWYuI7k7UB28PPUMXn6avnYxu4 ;
to : gh_1f447c99463e ;
time : 1438046100 ;
type : event ;
event : VIEW ;
tousername : gh_1f447c99463e ;
fromusername : owAWYuI7k7UB28PPUMXn6avnYxu4 ;
createtime : 1438046100 ;
msgtype : event ;
eventkey : http://www.qwyuan.com/app/index.php?i=4&c=home& ;

2015-07-28 08:36:18 params :
------------
Array:
message : Array ;
module : basic ;
rule : 13 ;
priority : 0 ;
keyword : Array ;

2015-07-28 08:36:18 response :
------------
Array:
FromUserName : gh_1f447c99463e ;
ToUserName : owAWYuI7k7UB28PPUMXn6avnYxu4 ;
MsgType : text ;
Content : 欢迎关注寿光市检测检验中心!
地址:
电话:
邮箱: ;

2015-07-28 08:36:37 trace :
------------
Array:
from : fromUser ;
to : toUser ;
time : 1438046131 ;
type : link ;
event :  ;
tousername : toUser ;
fromusername : fromUser ;
createtime : 1438046131 ;
msgtype : link ;
title : 测试链接 ;
description : 测试链接描述 ;
url : .app/index.php?c=site&a=site&cid=1&i=3 ;
msgid : 1234567890123456 ;

2015-07-28 08:36:37 params :
------------
Array:
message : Array ;
module : basic ;
rule : 13 ;
priority : 0 ;
keyword : Array ;

2015-07-28 08:36:37 response :
------------
Array:
FromUserName : toUser ;
ToUserName : fromUser ;
MsgType : text ;
Content : 欢迎关注寿光市检测检验中心!
地址:
电话:
邮箱: ;

2015-07-28 08:36:47 trace :
------------
Array:
from : fromUser ;
to : toUser ;
time : 1438046141 ;
type : event ;
event : CLICK ;
tousername : toUser ;
fromusername : fromUser ;
createtime : 1438046141 ;
msgtype : event ;
eventkey : EVENTKEY ;
msgid : 1234567890123456 ;

2015-07-28 08:36:47 params :
------------
Array:
message : Array ;
module : basic ;
rule : 13 ;
priority : 0 ;
keyword : Array ;

2015-07-28 08:36:47 response :
------------
Array:
FromUserName : toUser ;
ToUserName : fromUser ;
MsgType : text ;
Content : 欢迎关注寿光市检测检验中心!
地址:
电话:
邮箱: ;

2015-07-28 08:36:59 trace :
------------
Array:
from : fromUser ;
to : toUser ;
time : 1438046152 ;
type : event ;
event : CLICK ;
tousername : toUser ;
fromusername : fromUser ;
createtime : 1438046152 ;
msgtype : event ;
eventkey : 中心简介 ;
msgid : 1234567890123456 ;

2015-07-28 08:36:59 params :
------------
Array:
message : Array ;
module : basic ;
rule : 13 ;
priority : 0 ;
keyword : Array ;

2015-07-28 08:36:59 response :
------------
Array:
FromUserName : toUser ;
ToUserName : fromUser ;
MsgType : text ;
Content : 欢迎关注寿光市检测检验中心!
地址:
电话:
邮箱: ;

2015-07-28 08:39:06 trace :
------------
Array:
from : owAWYuI7k7UB28PPUMXn6avnYxu4 ;
to : gh_1f447c99463e ;
time : 1438046268 ;
type : event ;
event : subscribe ;
tousername : gh_1f447c99463e ;
fromusername : owAWYuI7k7UB28PPUMXn6avnYxu4 ;
createtime : 1438046268 ;
msgtype : event ;
eventkey :  ;

2015-07-28 08:39:06 params :
------------
Array:
message : Array ;
module : news ;
rule : 16 ;
priority : 0 ;
keyword : Array ;

2015-07-28 08:39:06 response :
------------
Array:
FromUserName : gh_1f447c99463e ;
ToUserName : owAWYuI7k7UB28PPUMXn6avnYxu4 ;
MsgType : news ;
ArticleCount : 1 ;
Articles : Array ;

2015-07-28 08:39:10 trace :
------------
Array:
from : owAWYuI7k7UB28PPUMXn6avnYxu4 ;
to : gh_1f447c99463e ;
time : 1438046272 ;
type : event ;
event : VIEW ;
tousername : gh_1f447c99463e ;
fromusername : owAWYuI7k7UB28PPUMXn6avnYxu4 ;
createtime : 1438046272 ;
msgtype : event ;
eventkey : http://www.qwyuan.com/app/index.php?i=4&c=home& ;

2015-07-28 08:39:10 params :
------------
Array:
message : Array ;
module : basic ;
rule : 13 ;
priority : 0 ;
keyword : Array ;

2015-07-28 08:39:10 response :
------------
Array:
FromUserName : gh_1f447c99463e ;
ToUserName : owAWYuI7k7UB28PPUMXn6avnYxu4 ;
MsgType : text ;
Content : 欢迎关注寿光市检测检验中心!
地址:
电话:
邮箱: ;

2015-07-28 08:39:15 trace :
------------
Array:
from : owAWYuI7k7UB28PPUMXn6avnYxu4 ;
to : gh_1f447c99463e ;
time : 1438046277 ;
type : event ;
event : VIEW ;
tousername : gh_1f447c99463e ;
fromusername : owAWYuI7k7UB28PPUMXn6avnYxu4 ;
createtime : 1438046277 ;
msgtype : event ;
eventkey : http://172.19.3.105:82/app/index.php?i=3&c=home& ;

2015-07-28 08:39:15 params :
------------
Array:
message : Array ;
module : basic ;
rule : 13 ;
priority : 0 ;
keyword : Array ;

2015-07-28 08:39:15 response :
------------
Array:
FromUserName : gh_1f447c99463e ;
ToUserName : owAWYuI7k7UB28PPUMXn6avnYxu4 ;
MsgType : text ;
Content : 欢迎关注寿光市检测检验中心!
地址:
电话:
邮箱: ;

2015-07-28 08:39:26 trace :
------------
Array:
from : owAWYuI7k7UB28PPUMXn6avnYxu4 ;
to : gh_1f447c99463e ;
time : 1438046287 ;
type : event ;
event : VIEW ;
tousername : gh_1f447c99463e ;
fromusername : owAWYuI7k7UB28PPUMXn6avnYxu4 ;
createtime : 1438046287 ;
msgtype : event ;
eventkey : http://172.19.3.105:82/app/index.php?i=3&c=home& ;

2015-07-28 08:39:26 params :
------------
Array:
message : Array ;
module : basic ;
rule : 13 ;
priority : 0 ;
keyword : Array ;

2015-07-28 08:39:26 response :
------------
Array:
FromUserName : gh_1f447c99463e ;
ToUserName : owAWYuI7k7UB28PPUMXn6avnYxu4 ;
MsgType : text ;
Content : 欢迎关注寿光市检测检验中心!
地址:
电话:
邮箱: ;

2015-07-28 08:39:29 trace :
------------
Array:
from : owAWYuI7k7UB28PPUMXn6avnYxu4 ;
to : gh_1f447c99463e ;
time : 1438046290 ;
type : event ;
event : VIEW ;
tousername : gh_1f447c99463e ;
fromusername : owAWYuI7k7UB28PPUMXn6avnYxu4 ;
createtime : 1438046290 ;
msgtype : event ;
eventkey : http://172.19.3.105:82/app/index.php?i=3&c=home& ;

2015-07-28 08:39:29 params :
------------
Array:
message : Array ;
module : basic ;
rule : 13 ;
priority : 0 ;
keyword : Array ;

2015-07-28 08:39:29 response :
------------
Array:
FromUserName : gh_1f447c99463e ;
ToUserName : owAWYuI7k7UB28PPUMXn6avnYxu4 ;
MsgType : text ;
Content : 欢迎关注寿光市检测检验中心!
地址:
电话:
邮箱: ;

2015-07-28 08:39:33 trace :
------------
Array:
from : owAWYuI7k7UB28PPUMXn6avnYxu4 ;
to : gh_1f447c99463e ;
time : 1438046295 ;
type : event ;
event : VIEW ;
tousername : gh_1f447c99463e ;
fromusername : owAWYuI7k7UB28PPUMXn6avnYxu4 ;
createtime : 1438046295 ;
msgtype : event ;
eventkey : http://www.qwyuan.com/app/index.php?i=4&c=home& ;

2015-07-28 08:39:33 params :
------------
Array:
message : Array ;
module : basic ;
rule : 13 ;
priority : 0 ;
keyword : Array ;

2015-07-28 08:39:33 response :
------------
Array:
FromUserName : gh_1f447c99463e ;
ToUserName : owAWYuI7k7UB28PPUMXn6avnYxu4 ;
MsgType : text ;
Content : 欢迎关注寿光市检测检验中心!
地址:
电话:
邮箱: ;

2015-07-28 08:39:41 trace :
------------
Array:
from : owAWYuI7k7UB28PPUMXn6avnYxu4 ;
to : gh_1f447c99463e ;
time : 1438046300 ;
type : event ;
event : VIEW ;
tousername : gh_1f447c99463e ;
fromusername : owAWYuI7k7UB28PPUMXn6avnYxu4 ;
createtime : 1438046300 ;
msgtype : event ;
eventkey : http://www.qwyuan.com/app/index.php?i=4&c=home& ;

2015-07-28 08:39:41 params :
------------
Array:
message : Array ;
module : basic ;
rule : 13 ;
priority : 0 ;
keyword : Array ;

2015-07-28 08:39:41 response :
------------
Array:
FromUserName : gh_1f447c99463e ;
ToUserName : owAWYuI7k7UB28PPUMXn6avnYxu4 ;
MsgType : text ;
Content : 欢迎关注寿光市检测检验中心!
地址:
电话:
邮箱: ;

2015-07-28 08:40:48 trace :
------------
Array:
from : owAWYuI7k7UB28PPUMXn6avnYxu4 ;
to : gh_1f447c99463e ;
time : 1438046371 ;
type : event ;
event : VIEW ;
tousername : gh_1f447c99463e ;
fromusername : owAWYuI7k7UB28PPUMXn6avnYxu4 ;
createtime : 1438046371 ;
msgtype : event ;
eventkey : http://www.qwyuan.com/app/index.php?i=4&c=home& ;

2015-07-28 08:40:48 params :
------------
Array:
message : Array ;
module : basic ;
rule : 13 ;
priority : 0 ;
keyword : Array ;

2015-07-28 08:40:48 response :
------------
Array:
FromUserName : gh_1f447c99463e ;
ToUserName : owAWYuI7k7UB28PPUMXn6avnYxu4 ;
MsgType : text ;
Content : 欢迎关注寿光市检测检验中心!
地址:
电话:
邮箱: ;

2015-07-28 08:42:08 trace :
------------
Array:
from : owAWYuI7k7UB28PPUMXn6avnYxu4 ;
to : gh_1f447c99463e ;
time : 1438046450 ;
type : event ;
event : VIEW ;
tousername : gh_1f447c99463e ;
fromusername : owAWYuI7k7UB28PPUMXn6avnYxu4 ;
createtime : 1438046450 ;
msgtype : event ;
eventkey : http://www.qwyuan.com/app/index.php?i=4&c=home& ;

2015-07-28 08:42:08 params :
------------
Array:
message : Array ;
module : basic ;
rule : 13 ;
priority : 0 ;
keyword : Array ;

2015-07-28 08:42:08 response :
------------
Array:
FromUserName : gh_1f447c99463e ;
ToUserName : owAWYuI7k7UB28PPUMXn6avnYxu4 ;
MsgType : text ;
Content : 欢迎关注寿光市检测检验中心!
地址:
电话:
邮箱: ;

2015-07-28 08:42:25 trace :
------------
Array:
from : owAWYuI7k7UB28PPUMXn6avnYxu4 ;
to : gh_1f447c99463e ;
time : 1438046468 ;
type : event ;
event : subscribe ;
tousername : gh_1f447c99463e ;
fromusername : owAWYuI7k7UB28PPUMXn6avnYxu4 ;
createtime : 1438046468 ;
msgtype : event ;
eventkey :  ;

2015-07-28 08:42:25 params :
------------
Array:
message : Array ;
module : news ;
rule : 16 ;
priority : 0 ;
keyword : Array ;

2015-07-28 08:42:25 response :
------------
Array:
FromUserName : gh_1f447c99463e ;
ToUserName : owAWYuI7k7UB28PPUMXn6avnYxu4 ;
MsgType : news ;
ArticleCount : 1 ;
Articles : Array ;

2015-07-28 08:43:13 trace :
------------
Array:
from : owAWYuI7k7UB28PPUMXn6avnYxu4 ;
to : gh_1f447c99463e ;
time : 1438046516 ;
type : event ;
event : subscribe ;
tousername : gh_1f447c99463e ;
fromusername : owAWYuI7k7UB28PPUMXn6avnYxu4 ;
createtime : 1438046516 ;
msgtype : event ;
eventkey :  ;

2015-07-28 08:43:13 params :
------------
Array:
message : Array ;
module : news ;
rule : 16 ;
priority : 0 ;
keyword : Array ;

2015-07-28 08:43:13 response :
------------
Array:
FromUserName : gh_1f447c99463e ;
ToUserName : owAWYuI7k7UB28PPUMXn6avnYxu4 ;
MsgType : news ;
ArticleCount : 1 ;
Articles : Array ;

2015-07-28 08:50:22 trace :
------------
Array:
from : owAWYuI7k7UB28PPUMXn6avnYxu4 ;
to : gh_1f447c99463e ;
time : 1438046945 ;
type : event ;
event : subscribe ;
tousername : gh_1f447c99463e ;
fromusername : owAWYuI7k7UB28PPUMXn6avnYxu4 ;
createtime : 1438046945 ;
msgtype : event ;
eventkey :  ;

2015-07-28 08:50:22 params :
------------
Array:
message : Array ;
module : news ;
rule : 16 ;
priority : 0 ;
keyword : Array ;

2015-07-28 08:50:22 response :
------------
Array:
FromUserName : gh_1f447c99463e ;
ToUserName : owAWYuI7k7UB28PPUMXn6avnYxu4 ;
MsgType : news ;
ArticleCount : 1 ;
Articles : Array ;

2015-07-28 08:50:50 trace :
------------
Array:
from : owAWYuI7k7UB28PPUMXn6avnYxu4 ;
to : gh_1f447c99463e ;
time : 1438046973 ;
type : event ;
event : subscribe ;
tousername : gh_1f447c99463e ;
fromusername : owAWYuI7k7UB28PPUMXn6avnYxu4 ;
createtime : 1438046973 ;
msgtype : event ;
eventkey :  ;

2015-07-28 08:50:50 params :
------------
Array:
message : Array ;
module : news ;
rule : 16 ;
priority : 0 ;
keyword : Array ;

2015-07-28 08:50:50 response :
------------
Array:
FromUserName : gh_1f447c99463e ;
ToUserName : owAWYuI7k7UB28PPUMXn6avnYxu4 ;
MsgType : news ;
ArticleCount : 1 ;
Articles : Array ;

2015-07-28 08:52:26 trace :
------------
Array:
from : owAWYuACpJOObpOd6TErUTtGWCgA ;
to : gh_1f447c99463e ;
time : 1438047068 ;
type : event ;
event : subscribe ;
tousername : gh_1f447c99463e ;
fromusername : owAWYuACpJOObpOd6TErUTtGWCgA ;
createtime : 1438047068 ;
msgtype : event ;
eventkey :  ;

2015-07-28 08:52:26 params :
------------
Array:
message : Array ;
module : news ;
rule : 16 ;
priority : 0 ;
keyword : Array ;

2015-07-28 08:52:26 response :
------------
Array:
FromUserName : gh_1f447c99463e ;
ToUserName : owAWYuACpJOObpOd6TErUTtGWCgA ;
MsgType : news ;
ArticleCount : 1 ;
Articles : Array ;

2015-07-28 08:52:33 trace :
------------
Array:
from : owAWYuACpJOObpOd6TErUTtGWCgA ;
to : gh_1f447c99463e ;
time : 1438047075 ;
type : event ;
event : VIEW ;
tousername : gh_1f447c99463e ;
fromusername : owAWYuACpJOObpOd6TErUTtGWCgA ;
createtime : 1438047075 ;
msgtype : event ;
eventkey : http://univalsoftfwj.oicp.net/index.php?c=site&a=site&cid=14&i=3 ;

2015-07-28 08:52:33 params :
------------
Array:
message : Array ;
module : basic ;
rule : 13 ;
priority : 0 ;
keyword : Array ;

2015-07-28 08:52:33 response :
------------
Array:
FromUserName : gh_1f447c99463e ;
ToUserName : owAWYuACpJOObpOd6TErUTtGWCgA ;
MsgType : text ;
Content : 欢迎关注寿光市检测检验中心!
地址:
电话:
邮箱: ;

2015-07-28 08:58:23 trace :
------------
Array:
from : owAWYuI7k7UB28PPUMXn6avnYxu4 ;
to : gh_1f447c99463e ;
time : 1438047426 ;
type : event ;
event : subscribe ;
tousername : gh_1f447c99463e ;
fromusername : owAWYuI7k7UB28PPUMXn6avnYxu4 ;
createtime : 1438047426 ;
msgtype : event ;
eventkey :  ;

2015-07-28 08:58:23 params :
------------
Array:
message : Array ;
module : news ;
rule : 16 ;
priority : 0 ;
keyword : Array ;

2015-07-28 08:58:23 response :
------------
Array:
FromUserName : gh_1f447c99463e ;
ToUserName : owAWYuI7k7UB28PPUMXn6avnYxu4 ;
MsgType : news ;
ArticleCount : 1 ;
Articles : Array ;

2015-07-28 08:58:31 trace :
------------
Array:
from : owAWYuI7k7UB28PPUMXn6avnYxu4 ;
to : gh_1f447c99463e ;
time : 1438047434 ;
type : event ;
event : VIEW ;
tousername : gh_1f447c99463e ;
fromusername : owAWYuI7k7UB28PPUMXn6avnYxu4 ;
createtime : 1438047434 ;
msgtype : event ;
eventkey : http://univalsoftfwj.oicp.net/index.php?c=site&a=site&cid=2&i=3 ;

2015-07-28 08:58:31 params :
------------
Array:
message : Array ;
module : basic ;
rule : 13 ;
priority : 0 ;
keyword : Array ;

2015-07-28 08:58:31 response :
------------
Array:
FromUserName : gh_1f447c99463e ;
ToUserName : owAWYuI7k7UB28PPUMXn6avnYxu4 ;
MsgType : text ;
Content : 欢迎关注寿光市检测检验中心!
地址:
电话:
邮箱: ;

2015-07-28 08:58:51 trace :
------------
Array:
from : owAWYuI7k7UB28PPUMXn6avnYxu4 ;
to : gh_1f447c99463e ;
time : 1438047454 ;
type : event ;
event : VIEW ;
tousername : gh_1f447c99463e ;
fromusername : owAWYuI7k7UB28PPUMXn6avnYxu4 ;
createtime : 1438047454 ;
msgtype : event ;
eventkey : http://univalsoftfwj.oicp.net/index.php?c=site&a=site&cid=3&i=3 ;

2015-07-28 08:58:51 params :
------------
Array:
message : Array ;
module : basic ;
rule : 13 ;
priority : 0 ;
keyword : Array ;

2015-07-28 08:58:51 response :
------------
Array:
FromUserName : gh_1f447c99463e ;
ToUserName : owAWYuI7k7UB28PPUMXn6avnYxu4 ;
MsgType : text ;
Content : 欢迎关注寿光市检测检验中心!
地址:
电话:
邮箱: ;

2015-07-28 08:59:00 trace :
------------
Array:
from : owAWYuI7k7UB28PPUMXn6avnYxu4 ;
to : gh_1f447c99463e ;
time : 1438047462 ;
type : event ;
event : VIEW ;
tousername : gh_1f447c99463e ;
fromusername : owAWYuI7k7UB28PPUMXn6avnYxu4 ;
createtime : 1438047462 ;
msgtype : event ;
eventkey : http://univalsoftfwj.oicp.net/index.php?c=site&a=site&cid=14&i=3 ;

2015-07-28 08:59:00 params :
------------
Array:
message : Array ;
module : basic ;
rule : 13 ;
priority : 0 ;
keyword : Array ;

2015-07-28 08:59:00 response :
------------
Array:
FromUserName : gh_1f447c99463e ;
ToUserName : owAWYuI7k7UB28PPUMXn6avnYxu4 ;
MsgType : text ;
Content : 欢迎关注寿光市检测检验中心!
地址:
电话:
邮箱: ;

2015-07-28 08:59:55 trace :
------------
Array:
from : owAWYuI7k7UB28PPUMXn6avnYxu4 ;
to : gh_1f447c99463e ;
time : 1438047517 ;
type : event ;
event : VIEW ;
tousername : gh_1f447c99463e ;
fromusername : owAWYuI7k7UB28PPUMXn6avnYxu4 ;
createtime : 1438047517 ;
msgtype : event ;
eventkey : http://univalsoftfwj.oicp.net/index.php?c=site&a=site&cid=14&i=3 ;

2015-07-28 08:59:55 params :
------------
Array:
message : Array ;
module : basic ;
rule : 13 ;
priority : 0 ;
keyword : Array ;

2015-07-28 08:59:55 response :
------------
Array:
FromUserName : gh_1f447c99463e ;
ToUserName : owAWYuI7k7UB28PPUMXn6avnYxu4 ;
MsgType : text ;
Content : 欢迎关注寿光市检测检验中心!
地址:
电话:
邮箱: ;

2015-07-28 09:00:32 trace :
------------
Array:
from : owAWYuI7k7UB28PPUMXn6avnYxu4 ;
to : gh_1f447c99463e ;
time : 1438047554 ;
type : event ;
event : VIEW ;
tousername : gh_1f447c99463e ;
fromusername : owAWYuI7k7UB28PPUMXn6avnYxu4 ;
createtime : 1438047554 ;
msgtype : event ;
eventkey : http://univalsoftfwj.oicp.net/index.php?c=site&a=site&cid=14&i=3 ;

2015-07-28 09:00:32 params :
------------
Array:
message : Array ;
module : basic ;
rule : 13 ;
priority : 0 ;
keyword : Array ;

2015-07-28 09:00:32 response :
------------
Array:
FromUserName : gh_1f447c99463e ;
ToUserName : owAWYuI7k7UB28PPUMXn6avnYxu4 ;
MsgType : text ;
Content : 欢迎关注寿光市检测检验中心!
地址:
电话:
邮箱: ;

2015-07-28 09:00:48 trace :
------------
Array:
from : owAWYuI7k7UB28PPUMXn6avnYxu4 ;
to : gh_1f447c99463e ;
time : 1438047570 ;
type : event ;
event : subscribe ;
tousername : gh_1f447c99463e ;
fromusername : owAWYuI7k7UB28PPUMXn6avnYxu4 ;
createtime : 1438047570 ;
msgtype : event ;
eventkey :  ;

2015-07-28 09:00:48 params :
------------
Array:
message : Array ;
module : news ;
rule : 16 ;
priority : 0 ;
keyword : Array ;

2015-07-28 09:00:48 response :
------------
Array:
FromUserName : gh_1f447c99463e ;
ToUserName : owAWYuI7k7UB28PPUMXn6avnYxu4 ;
MsgType : news ;
ArticleCount : 1 ;
Articles : Array ;

2015-07-28 09:00:53 trace :
------------
Array:
from : owAWYuI7k7UB28PPUMXn6avnYxu4 ;
to : gh_1f447c99463e ;
time : 1438047576 ;
type : event ;
event : VIEW ;
tousername : gh_1f447c99463e ;
fromusername : owAWYuI7k7UB28PPUMXn6avnYxu4 ;
createtime : 1438047576 ;
msgtype : event ;
eventkey : http://univalsoftfwj.oicp.net/index.php?c=site&a=site&cid=14&i=3 ;

2015-07-28 09:00:53 params :
------------
Array:
message : Array ;
module : basic ;
rule : 13 ;
priority : 0 ;
keyword : Array ;

2015-07-28 09:00:53 response :
------------
Array:
FromUserName : gh_1f447c99463e ;
ToUserName : owAWYuI7k7UB28PPUMXn6avnYxu4 ;
MsgType : text ;
Content : 欢迎关注寿光市检测检验中心!
地址:
电话:
邮箱: ;

2015-07-28 09:01:55 trace :
------------
Array:
from : fromUser ;
to : toUser ;
time : 1438047649 ;
type : text ;
event :  ;
tousername : toUser ;
fromusername : fromUser ;
createtime : 1438047649 ;
msgtype : text ;
content : 微官网 ;
msgid : 1234567890123456 ;
redirection :  ;
source :  ;

2015-07-28 09:01:55 params :
------------
Array:
message : Array ;
module : news ;
rule : 17 ;
priority : 0 ;
keyword : Array ;

2015-07-28 09:01:55 response :
------------
Array:
FromUserName : toUser ;
ToUserName : fromUser ;
MsgType : news ;
ArticleCount : 1 ;
Articles : Array ;

2015-07-28 09:20:51 trace :
------------
Array:
from : owAWYuI7k7UB28PPUMXn6avnYxu4 ;
to : gh_1f447c99463e ;
time : 1438048774 ;
type : event ;
event : subscribe ;
tousername : gh_1f447c99463e ;
fromusername : owAWYuI7k7UB28PPUMXn6avnYxu4 ;
createtime : 1438048774 ;
msgtype : event ;
eventkey :  ;

2015-07-28 09:20:51 params :
------------
Array:
message : Array ;
module : news ;
rule : 16 ;
priority : 0 ;
keyword : Array ;

2015-07-28 09:20:51 response :
------------
Array:
FromUserName : gh_1f447c99463e ;
ToUserName : owAWYuI7k7UB28PPUMXn6avnYxu4 ;
MsgType : news ;
ArticleCount : 1 ;
Articles : Array ;

2015-07-28 09:21:02 trace :
------------
Array:
from : owAWYuI7k7UB28PPUMXn6avnYxu4 ;
to : gh_1f447c99463e ;
time : 1438048784 ;
type : event ;
event : VIEW ;
tousername : gh_1f447c99463e ;
fromusername : owAWYuI7k7UB28PPUMXn6avnYxu4 ;
createtime : 1438048784 ;
msgtype : event ;
eventkey : http://univalsoftfwj.oicp.net/index.php?c=site&a=site&cid=1&i=3 ;

2015-07-28 09:21:02 params :
------------
Array:
message : Array ;
module : basic ;
rule : 13 ;
priority : 0 ;
keyword : Array ;

2015-07-28 09:21:02 response :
------------
Array:
FromUserName : gh_1f447c99463e ;
ToUserName : owAWYuI7k7UB28PPUMXn6avnYxu4 ;
MsgType : text ;
Content : 欢迎关注寿光市检测检验中心!
地址:
电话:
邮箱: ;

2015-07-28 09:30:04 trace :
------------
Array:
from : owAWYuI7k7UB28PPUMXn6avnYxu4 ;
to : gh_1f447c99463e ;
time : 1438049327 ;
type : event ;
event : VIEW ;
tousername : gh_1f447c99463e ;
fromusername : owAWYuI7k7UB28PPUMXn6avnYxu4 ;
createtime : 1438049327 ;
msgtype : event ;
eventkey : http://univalsoftfwj.oicp.net/index.php?c=site&a=site&cid=2&i=3 ;

2015-07-28 09:30:04 params :
------------
Array:
message : Array ;
module : basic ;
rule : 13 ;
priority : 0 ;
keyword : Array ;

2015-07-28 09:30:04 response :
------------
Array:
FromUserName : gh_1f447c99463e ;
ToUserName : owAWYuI7k7UB28PPUMXn6avnYxu4 ;
MsgType : text ;
Content : 欢迎关注寿光市检测检验中心!
地址:
电话:
邮箱: ;

2015-07-28 09:30:07 trace :
------------
Array:
from : owAWYuI7k7UB28PPUMXn6avnYxu4 ;
to : gh_1f447c99463e ;
time : 1438049330 ;
type : event ;
event : VIEW ;
tousername : gh_1f447c99463e ;
fromusername : owAWYuI7k7UB28PPUMXn6avnYxu4 ;
createtime : 1438049330 ;
msgtype : event ;
eventkey : http://univalsoftfwj.oicp.net/index.php?c=site&a=site&cid=1&i=3 ;

2015-07-28 09:30:07 params :
------------
Array:
message : Array ;
module : basic ;
rule : 13 ;
priority : 0 ;
keyword : Array ;

2015-07-28 09:30:07 response :
------------
Array:
FromUserName : gh_1f447c99463e ;
ToUserName : owAWYuI7k7UB28PPUMXn6avnYxu4 ;
MsgType : text ;
Content : 欢迎关注寿光市检测检验中心!
地址:
电话:
邮箱: ;

2015-07-28 09:34:06 trace :
------------
Array:
from : owAWYuI7k7UB28PPUMXn6avnYxu4 ;
to : gh_1f447c99463e ;
time : 1438049564 ;
type : text ;
event :  ;
tousername : gh_1f447c99463e ;
fromusername : owAWYuI7k7UB28PPUMXn6avnYxu4 ;
createtime : 1438049564 ;
msgtype : text ;
content : 帮助 ;
msgid : 6176375847614446108 ;
redirection :  ;
source :  ;

2015-07-28 09:34:07 params :
------------
Array:
message : Array ;
module : ykbl_robot ;
rule : 18 ;
priority : 0 ;
keyword : Array ;

2015-07-28 09:34:07 response :
------------
Array:
FromUserName : gh_1f447c99463e ;
ToUserName : owAWYuI7k7UB28PPUMXn6avnYxu4 ;
MsgType : text ;
Content : 欢迎使用聊天机器人 ;

2015-07-28 09:34:20 trace :
------------
Array:
from : owAWYuI7k7UB28PPUMXn6avnYxu4 ;
to : gh_1f447c99463e ;
time : 1438049577 ;
type : text ;
event :  ;
tousername : gh_1f447c99463e ;
fromusername : owAWYuI7k7UB28PPUMXn6avnYxu4 ;
createtime : 1438049577 ;
msgtype : text ;
content : 你好 ;
msgid : 6176375903449020962 ;
redirection :  ;
source :  ;

2015-07-28 09:34:20 params :
------------
Array:
message : Array ;
module : basic ;
rule : 12 ;
priority : 0 ;
keyword : Array ;

2015-07-28 09:34:20 response :
------------
Array:
FromUserName : gh_1f447c99463e ;
ToUserName : owAWYuI7k7UB28PPUMXn6avnYxu4 ;
MsgType : text ;
Content : 你好,这里是寿光市检测检验中心,感谢关注我们的公众微信号. ;

2015-07-28 09:34:32 trace :
------------
Array:
from : owAWYuI7k7UB28PPUMXn6avnYxu4 ;
to : gh_1f447c99463e ;
time : 1438049595 ;
type : text ;
event :  ;
tousername : gh_1f447c99463e ;
fromusername : owAWYuI7k7UB28PPUMXn6avnYxu4 ;
createtime : 1438049595 ;
msgtype : text ;
content : 你是谁 ;
msgid : 6176375980758432295 ;
redirection :  ;
source :  ;

2015-07-28 09:34:38 trace :
------------
Array:
from : owAWYuI7k7UB28PPUMXn6avnYxu4 ;
to : gh_1f447c99463e ;
time : 1438049595 ;
type : text ;
event :  ;
tousername : gh_1f447c99463e ;
fromusername : owAWYuI7k7UB28PPUMXn6avnYxu4 ;
createtime : 1438049595 ;
msgtype : text ;
content : 你是谁 ;
msgid : 6176375980758432295 ;
redirection :  ;
source :  ;

2015-07-28 09:34:43 trace :
------------
Array:
from : owAWYuI7k7UB28PPUMXn6avnYxu4 ;
to : gh_1f447c99463e ;
time : 1438049595 ;
type : text ;
event :  ;
tousername : gh_1f447c99463e ;
fromusername : owAWYuI7k7UB28PPUMXn6avnYxu4 ;
createtime : 1438049595 ;
msgtype : text ;
content : 你是谁 ;
msgid : 6176375980758432295 ;
redirection :  ;
source :  ;

2015-07-28 09:35:02 params :
------------
Array:
message : Array ;
module : ykbl_robot ;
rule : 18 ;
priority : 0 ;
context : 1 ;

2015-07-28 09:35:02 response :
------------
Array:
FromUserName : gh_1f447c99463e ;
ToUserName : owAWYuI7k7UB28PPUMXn6avnYxu4 ;
MsgType : text ;
Content : 机器人的相关功能正在开发中..... ;

2015-07-28 09:35:07 params :
------------
Array:
message : Array ;
module : ykbl_robot ;
rule : 18 ;
priority : 0 ;
context : 1 ;

2015-07-28 09:35:07 response :
------------
Array:
FromUserName : gh_1f447c99463e ;
ToUserName : owAWYuI7k7UB28PPUMXn6avnYxu4 ;
MsgType : text ;
Content : 机器人的相关功能正在开发中..... ;

2015-07-28 09:35:09 trace :
------------
Array:
from : owAWYuI7k7UB28PPUMXn6avnYxu4 ;
to : gh_1f447c99463e ;
time : 1438049627 ;
type : text ;
event :  ;
tousername : gh_1f447c99463e ;
fromusername : owAWYuI7k7UB28PPUMXn6avnYxu4 ;
createtime : 1438049627 ;
msgtype : text ;
content : 你 ;
msgid : 6176376118197385779 ;
redirection :  ;
source :  ;

2015-07-28 09:35:12 params :
------------
Array:
message : Array ;
module : ykbl_robot ;
rule : 18 ;
priority : 0 ;
context : 1 ;

2015-07-28 09:35:12 response :
------------
Array:
FromUserName : gh_1f447c99463e ;
ToUserName : owAWYuI7k7UB28PPUMXn6avnYxu4 ;
MsgType : text ;
Content : 机器人的相关功能正在开发中..... ;

2015-07-28 09:35:36 trace :
------------
Array:
from : owAWYuI7k7UB28PPUMXn6avnYxu4 ;
to : gh_1f447c99463e ;
time : 1438049627 ;
type : text ;
event :  ;
tousername : gh_1f447c99463e ;
fromusername : owAWYuI7k7UB28PPUMXn6avnYxu4 ;
createtime : 1438049627 ;
msgtype : text ;
content : 你 ;
msgid : 6176376118197385779 ;
redirection :  ;
source :  ;

2015-07-28 09:35:39 params :
------------
Array:
message : Array ;
module : ykbl_robot ;
rule : 18 ;
priority : 0 ;
context : 1 ;

2015-07-28 09:35:39 response :
------------
Array:
FromUserName : gh_1f447c99463e ;
ToUserName : owAWYuI7k7UB28PPUMXn6avnYxu4 ;
MsgType : text ;
Content : 机器人的相关功能正在开发中..... ;

2015-07-28 09:36:06 params :
------------
Array:
message : Array ;
module : ykbl_robot ;
rule : 18 ;
priority : 0 ;
context : 1 ;

2015-07-28 09:36:06 response :
------------
Array:
FromUserName : gh_1f447c99463e ;
ToUserName : owAWYuI7k7UB28PPUMXn6avnYxu4 ;
MsgType : text ;
Content : 机器人的相关功能正在开发中..... ;

2015-07-28 09:36:14 trace :
------------
Array:
from : owAWYuI7k7UB28PPUMXn6avnYxu4 ;
to : gh_1f447c99463e ;
time : 1438049697 ;
type : text ;
event :  ;
tousername : gh_1f447c99463e ;
fromusername : owAWYuI7k7UB28PPUMXn6avnYxu4 ;
createtime : 1438049697 ;
msgtype : text ;
content : ！！ ;
msgid : 6176376418845096508 ;
redirection :  ;
source :  ;

2015-07-28 09:36:19 trace :
------------
Array:
from : owAWYuI7k7UB28PPUMXn6avnYxu4 ;
to : gh_1f447c99463e ;
time : 1438049697 ;
type : text ;
event :  ;
tousername : gh_1f447c99463e ;
fromusername : owAWYuI7k7UB28PPUMXn6avnYxu4 ;
createtime : 1438049697 ;
msgtype : text ;
content : ！！ ;
msgid : 6176376418845096508 ;
redirection :  ;
source :  ;

2015-07-28 09:36:24 trace :
------------
Array:
from : owAWYuI7k7UB28PPUMXn6avnYxu4 ;
to : gh_1f447c99463e ;
time : 1438049697 ;
type : text ;
event :  ;
tousername : gh_1f447c99463e ;
fromusername : owAWYuI7k7UB28PPUMXn6avnYxu4 ;
createtime : 1438049697 ;
msgtype : text ;
content : ！！ ;
msgid : 6176376418845096508 ;
redirection :  ;
source :  ;

2015-07-28 09:36:44 params :
------------
Array:
message : Array ;
module : ykbl_robot ;
rule : 18 ;
priority : 0 ;
context : 1 ;

2015-07-28 09:36:44 response :
------------
Array:
FromUserName : gh_1f447c99463e ;
ToUserName : owAWYuI7k7UB28PPUMXn6avnYxu4 ;
MsgType : text ;
Content : 机器人的相关功能正在开发中..... ;

2015-07-28 09:36:49 params :
------------
Array:
message : Array ;
module : ykbl_robot ;
rule : 18 ;
priority : 0 ;
context : 1 ;

2015-07-28 09:36:49 response :
------------
Array:
FromUserName : gh_1f447c99463e ;
ToUserName : owAWYuI7k7UB28PPUMXn6avnYxu4 ;
MsgType : text ;
Content : 机器人的相关功能正在开发中..... ;

2015-07-28 09:36:54 params :
------------
Array:
message : Array ;
module : ykbl_robot ;
rule : 18 ;
priority : 0 ;
context : 1 ;

2015-07-28 09:36:54 response :
------------
Array:
FromUserName : gh_1f447c99463e ;
ToUserName : owAWYuI7k7UB28PPUMXn6avnYxu4 ;
MsgType : text ;
Content : 机器人的相关功能正在开发中..... ;

2015-07-28 09:37:30 trace :
------------
Array:
from : owAWYuI7k7UB28PPUMXn6avnYxu4 ;
to : gh_1f447c99463e ;
time : 1438049773 ;
type : text ;
event :  ;
tousername : gh_1f447c99463e ;
fromusername : owAWYuI7k7UB28PPUMXn6avnYxu4 ;
createtime : 1438049773 ;
msgtype : text ;
content : 离 ;
msgid : 6176376745262611028 ;
redirection :  ;
source :  ;

2015-07-28 09:37:31 params :
------------
Array:
message : Array ;
module : ykbl_robot ;
rule : 18 ;
priority : 0 ;
context : 1 ;

2015-07-28 09:37:31 response :
------------
Array:
FromUserName : gh_1f447c99463e ;
ToUserName : owAWYuI7k7UB28PPUMXn6avnYxu4 ;
MsgType : text ;
Content : 机器人已经在爆炸中了....错误代码:40001，请告诉管理员，或者会有惊喜喔！ ;

2015-07-28 09:37:40 trace :
------------
Array:
from : owAWYuI7k7UB28PPUMXn6avnYxu4 ;
to : gh_1f447c99463e ;
time : 1438049783 ;
type : text ;
event :  ;
tousername : gh_1f447c99463e ;
fromusername : owAWYuI7k7UB28PPUMXn6avnYxu4 ;
createtime : 1438049783 ;
msgtype : text ;
content : 后悔啦 ;
msgid : 6176376788212283993 ;
redirection :  ;
source :  ;

2015-07-28 09:37:41 params :
------------
Array:
message : Array ;
module : ykbl_robot ;
rule : 18 ;
priority : 0 ;
context : 1 ;

2015-07-28 09:37:41 response :
------------
Array:
FromUserName : gh_1f447c99463e ;
ToUserName : owAWYuI7k7UB28PPUMXn6avnYxu4 ;
MsgType : text ;
Content : 机器人已经在爆炸中了....错误代码:40001，请告诉管理员，或者会有惊喜喔！ ;

2015-07-28 09:37:48 trace :
------------
Array:
from : owAWYuI7k7UB28PPUMXn6avnYxu4 ;
to : gh_1f447c99463e ;
time : 1438049790 ;
type : text ;
event :  ;
tousername : gh_1f447c99463e ;
fromusername : owAWYuI7k7UB28PPUMXn6avnYxu4 ;
createtime : 1438049790 ;
msgtype : text ;
content : 退出 ;
msgid : 6176376818277055068 ;
redirection :  ;
source :  ;

2015-07-28 09:37:53 params :
------------
Array:
message : Array ;
module : ykbl_robot ;
rule : 18 ;
priority : 0 ;
context : 1 ;

2015-07-28 09:37:53 response :
------------
Array:
FromUserName : gh_1f447c99463e ;
ToUserName : owAWYuI7k7UB28PPUMXn6avnYxu4 ;
MsgType : text ;
Content : 机器人已经在爆炸中了....错误代码:40001，请告诉管理员，或者会有惊喜喔！ ;

2015-07-28 09:37:53 trace :
------------
Array:
from : owAWYuI7k7UB28PPUMXn6avnYxu4 ;
to : gh_1f447c99463e ;
time : 1438049790 ;
type : text ;
event :  ;
tousername : gh_1f447c99463e ;
fromusername : owAWYuI7k7UB28PPUMXn6avnYxu4 ;
createtime : 1438049790 ;
msgtype : text ;
content : 退出 ;
msgid : 6176376818277055068 ;
redirection :  ;
source :  ;

2015-07-28 09:37:55 params :
------------
Array:
message : Array ;
module : ykbl_robot ;
rule : 18 ;
priority : 0 ;
context : 1 ;

2015-07-28 09:37:55 response :
------------
Array:
FromUserName : gh_1f447c99463e ;
ToUserName : owAWYuI7k7UB28PPUMXn6avnYxu4 ;
MsgType : text ;
Content : 机器人已经在爆炸中了....错误代码:40001，请告诉管理员，或者会有惊喜喔！ ;

2015-07-28 09:38:12 trace :
------------
Array:
from : owAWYuI7k7UB28PPUMXn6avnYxu4 ;
to : gh_1f447c99463e ;
time : 1438049814 ;
type : event ;
event : subscribe ;
tousername : gh_1f447c99463e ;
fromusername : owAWYuI7k7UB28PPUMXn6avnYxu4 ;
createtime : 1438049814 ;
msgtype : event ;
eventkey :  ;

2015-07-28 09:38:12 params :
------------
Array:
message : Array ;
module : news ;
rule : 16 ;
priority : 0 ;
keyword : Array ;

2015-07-28 09:38:12 response :
------------
Array:
FromUserName : gh_1f447c99463e ;
ToUserName : owAWYuI7k7UB28PPUMXn6avnYxu4 ;
MsgType : news ;
ArticleCount : 1 ;
Articles : Array ;

2015-07-28 09:38:19 trace :
------------
Array:
from : owAWYuI7k7UB28PPUMXn6avnYxu4 ;
to : gh_1f447c99463e ;
time : 1438049821 ;
type : text ;
event :  ;
tousername : gh_1f447c99463e ;
fromusername : owAWYuI7k7UB28PPUMXn6avnYxu4 ;
createtime : 1438049821 ;
msgtype : text ;
content : 名 ;
msgid : 6176376951421041256 ;
redirection :  ;
source :  ;

2015-07-28 09:38:19 params :
------------
Array:
message : Array ;
module : ykbl_robot ;
rule : 18 ;
priority : 0 ;
context : 1 ;

2015-07-28 09:38:19 response :
------------
Array:
FromUserName : gh_1f447c99463e ;
ToUserName : owAWYuI7k7UB28PPUMXn6avnYxu4 ;
MsgType : text ;
Content : 机器人已经在爆炸中了....错误代码:40001，请告诉管理员，或者会有惊喜喔！ ;

2015-07-28 09:38:51 trace :
------------
Array:
from : owAWYuI7k7UB28PPUMXn6avnYxu4 ;
to : gh_1f447c99463e ;
time : 1438049853 ;
type : text ;
event :  ;
tousername : gh_1f447c99463e ;
fromusername : owAWYuI7k7UB28PPUMXn6avnYxu4 ;
createtime : 1438049853 ;
msgtype : text ;
content : 定 ;
msgid : 6176377088859994737 ;
redirection :  ;
source :  ;

2015-07-28 09:38:51 params :
------------
Array:
message : Array ;
module : ykbl_robot ;
rule : 18 ;
priority : 0 ;
context : 1 ;

2015-07-28 09:38:51 response :
------------
Array:
FromUserName : gh_1f447c99463e ;
ToUserName : owAWYuI7k7UB28PPUMXn6avnYxu4 ;
MsgType : text ;
Content : 机器人已经在爆炸中了....错误代码:40001，请告诉管理员，或者会有惊喜喔！ ;

2015-07-28 09:38:58 trace :
------------
Array:
from : owAWYuI7k7UB28PPUMXn6avnYxu4 ;
to : gh_1f447c99463e ;
time : 1438049860 ;
type : text ;
event :  ;
tousername : gh_1f447c99463e ;
fromusername : owAWYuI7k7UB28PPUMXn6avnYxu4 ;
createtime : 1438049860 ;
msgtype : text ;
content : 帮助 ;
msgid : 6176377118924765813 ;
redirection :  ;
source :  ;

2015-07-28 09:38:58 params :
------------
Array:
message : Array ;
module : ykbl_robot ;
rule : 18 ;
priority : 0 ;
context : 1 ;

2015-07-28 09:38:58 response :
------------
Array:
FromUserName : gh_1f447c99463e ;
ToUserName : owAWYuI7k7UB28PPUMXn6avnYxu4 ;
MsgType : text ;
Content : 机器人已经在爆炸中了....错误代码:40001，请告诉管理员，或者会有惊喜喔！ ;

2015-07-28 09:39:06 trace :
------------
Array:
from : owAWYuI7k7UB28PPUMXn6avnYxu4 ;
to : gh_1f447c99463e ;
time : 1438049867 ;
type : text ;
event :  ;
tousername : gh_1f447c99463e ;
fromusername : owAWYuI7k7UB28PPUMXn6avnYxu4 ;
createtime : 1438049867 ;
msgtype : text ;
content : 微官网 ;
msgid : 6176377148989536887 ;
redirection :  ;
source :  ;

2015-07-28 09:39:06 params :
------------
Array:
message : Array ;
module : news ;
rule : 17 ;
priority : 0 ;
keyword : Array ;

2015-07-28 09:39:06 response :
------------
Array:
FromUserName : gh_1f447c99463e ;
ToUserName : owAWYuI7k7UB28PPUMXn6avnYxu4 ;
MsgType : news ;
ArticleCount : 1 ;
Articles : Array ;

2015-07-28 09:39:12 trace :
------------
Array:
from : owAWYuI7k7UB28PPUMXn6avnYxu4 ;
to : gh_1f447c99463e ;
time : 1438049875 ;
type : text ;
event :  ;
tousername : gh_1f447c99463e ;
fromusername : owAWYuI7k7UB28PPUMXn6avnYxu4 ;
createtime : 1438049875 ;
msgtype : text ;
content : 你好 ;
msgid : 6176377183349275264 ;
redirection :  ;
source :  ;

2015-07-28 09:39:12 params :
------------
Array:
message : Array ;
module : basic ;
rule : 12 ;
priority : 0 ;
keyword : Array ;

2015-07-28 09:39:12 response :
------------
Array:
FromUserName : gh_1f447c99463e ;
ToUserName : owAWYuI7k7UB28PPUMXn6avnYxu4 ;
MsgType : text ;
Content : 你好,这里是寿光市检测检验中心,感谢关注我们的公众微信号. ;

2015-07-28 09:39:18 trace :
------------
Array:
from : owAWYuI7k7UB28PPUMXn6avnYxu4 ;
to : gh_1f447c99463e ;
time : 1438049880 ;
type : text ;
event :  ;
tousername : gh_1f447c99463e ;
fromusername : owAWYuI7k7UB28PPUMXn6avnYxu4 ;
createtime : 1438049880 ;
msgtype : text ;
content : 位 ;
msgid : 6176377204824111746 ;
redirection :  ;
source :  ;

2015-07-28 09:39:18 params :
------------
Array:
message : Array ;
module : ykbl_robot ;
rule : 18 ;
priority : 0 ;
context : 1 ;

2015-07-28 09:39:18 response :
------------
Array:
FromUserName : gh_1f447c99463e ;
ToUserName : owAWYuI7k7UB28PPUMXn6avnYxu4 ;
MsgType : text ;
Content : 机器人已经在爆炸中了....错误代码:40001，请告诉管理员，或者会有惊喜喔！ ;

2015-07-28 09:40:51 trace :
------------
Array:
from : owAWYuI7k7UB28PPUMXn6avnYxu4 ;
to : gh_1f447c99463e ;
time : 1438049974 ;
type : event ;
event : subscribe ;
tousername : gh_1f447c99463e ;
fromusername : owAWYuI7k7UB28PPUMXn6avnYxu4 ;
createtime : 1438049974 ;
msgtype : event ;
eventkey :  ;

2015-07-28 09:40:51 params :
------------
Array:
message : Array ;
module : news ;
rule : 16 ;
priority : 0 ;
keyword : Array ;

2015-07-28 09:40:51 response :
------------
Array:
FromUserName : gh_1f447c99463e ;
ToUserName : owAWYuI7k7UB28PPUMXn6avnYxu4 ;
MsgType : news ;
ArticleCount : 1 ;
Articles : Array ;

2015-07-28 09:40:55 trace :
------------
Array:
from : owAWYuI7k7UB28PPUMXn6avnYxu4 ;
to : gh_1f447c99463e ;
time : 1438049977 ;
type : text ;
event :  ;
tousername : gh_1f447c99463e ;
fromusername : owAWYuI7k7UB28PPUMXn6avnYxu4 ;
createtime : 1438049977 ;
msgtype : text ;
content : 厉害 ;
msgid : 6176377621435939492 ;
redirection :  ;
source :  ;

2015-07-28 09:40:55 params :
------------
Array:
message : Array ;
module : ykbl_robot ;
rule : 18 ;
priority : 0 ;
context : 1 ;

2015-07-28 09:40:55 response :
------------
Array:
FromUserName : gh_1f447c99463e ;
ToUserName : owAWYuI7k7UB28PPUMXn6avnYxu4 ;
MsgType : text ;
Content : 机器人已经在爆炸中了....错误代码:40001，请告诉管理员，或者会有惊喜喔！ ;

2015-07-28 09:40:59 trace :
------------
Array:
from : owAWYuI7k7UB28PPUMXn6avnYxu4 ;
to : gh_1f447c99463e ;
time : 1438049982 ;
type : text ;
event :  ;
tousername : gh_1f447c99463e ;
fromusername : owAWYuI7k7UB28PPUMXn6avnYxu4 ;
createtime : 1438049982 ;
msgtype : text ;
content : 你 ;
msgid : 6176377642910775976 ;
redirection :  ;
source :  ;

2015-07-28 09:41:00 params :
------------
Array:
message : Array ;
module : ykbl_robot ;
rule : 18 ;
priority : 0 ;
context : 1 ;

2015-07-28 09:41:00 response :
------------
Array:
FromUserName : gh_1f447c99463e ;
ToUserName : owAWYuI7k7UB28PPUMXn6avnYxu4 ;
MsgType : text ;
Content : 机器人已经在爆炸中了....错误代码:40001，请告诉管理员，或者会有惊喜喔！ ;

2015-07-28 09:43:52 trace :
------------
Array:
from : owAWYuI7k7UB28PPUMXn6avnYxu4 ;
to : gh_1f447c99463e ;
time : 1438050154 ;
type : text ;
event :  ;
tousername : gh_1f447c99463e ;
fromusername : owAWYuI7k7UB28PPUMXn6avnYxu4 ;
createtime : 1438050154 ;
msgtype : text ;
content : 机器人 ;
msgid : 6176378381645150931 ;
redirection :  ;
source :  ;

2015-07-28 09:43:52 params :
------------
Array:
message : Array ;
module : ykbl_robot ;
rule : 19 ;
priority : 0 ;
keyword : Array ;

2015-07-28 09:43:52 response :
------------
Array:
FromUserName : gh_1f447c99463e ;
ToUserName : owAWYuI7k7UB28PPUMXn6avnYxu4 ;
MsgType : text ;
Content : 啊啊我的 ;

2015-07-28 09:43:57 trace :
------------
Array:
from : owAWYuI7k7UB28PPUMXn6avnYxu4 ;
to : gh_1f447c99463e ;
time : 1438050160 ;
type : text ;
event :  ;
tousername : gh_1f447c99463e ;
fromusername : owAWYuI7k7UB28PPUMXn6avnYxu4 ;
createtime : 1438050160 ;
msgtype : text ;
content : 呃呃呃 ;
msgid : 6176378407414954714 ;
redirection :  ;
source :  ;

2015-07-28 09:43:58 params :
------------
Array:
message : Array ;
module : ykbl_robot ;
rule : 19 ;
priority : 0 ;
context : 1 ;

2015-07-28 09:43:58 response :
------------
Array:
FromUserName : gh_1f447c99463e ;
ToUserName : owAWYuI7k7UB28PPUMXn6avnYxu4 ;
MsgType : text ;
Content : 呃呃 ;

2015-07-28 09:44:03 trace :
------------
Array:
from : owAWYuI7k7UB28PPUMXn6avnYxu4 ;
to : gh_1f447c99463e ;
time : 1438050166 ;
type : text ;
event :  ;
tousername : gh_1f447c99463e ;
fromusername : owAWYuI7k7UB28PPUMXn6avnYxu4 ;
createtime : 1438050166 ;
msgtype : text ;
content : 勍勍勍 ;
msgid : 6176378433184758498 ;
redirection :  ;
source :  ;

2015-07-28 09:44:04 params :
------------
Array:
message : Array ;
module : ykbl_robot ;
rule : 19 ;
priority : 0 ;
context : 1 ;

2015-07-28 09:44:04 response :
------------
Array:
FromUserName : gh_1f447c99463e ;
ToUserName : owAWYuI7k7UB28PPUMXn6avnYxu4 ;
MsgType : text ;
Content : 我知道勍勍勍的 ;

2015-07-28 09:44:10 trace :
------------
Array:
from : owAWYuI7k7UB28PPUMXn6avnYxu4 ;
to : gh_1f447c99463e ;
time : 1438050173 ;
type : text ;
event :  ;
tousername : gh_1f447c99463e ;
fromusername : owAWYuI7k7UB28PPUMXn6avnYxu4 ;
createtime : 1438050173 ;
msgtype : text ;
content : 你 ;
msgid : 6176378463249529575 ;
redirection :  ;
source :  ;

2015-07-28 09:44:11 params :
------------
Array:
message : Array ;
module : ykbl_robot ;
rule : 19 ;
priority : 0 ;
context : 1 ;

2015-07-28 09:44:11 response :
------------
Array:
FromUserName : gh_1f447c99463e ;
ToUserName : owAWYuI7k7UB28PPUMXn6avnYxu4 ;
MsgType : text ;
Content : 你什么啊，具体点啊 ;

2015-07-28 09:44:16 trace :
------------
Array:
from : owAWYuI7k7UB28PPUMXn6avnYxu4 ;
to : gh_1f447c99463e ;
time : 1438050178 ;
type : text ;
event :  ;
tousername : gh_1f447c99463e ;
fromusername : owAWYuI7k7UB28PPUMXn6avnYxu4 ;
createtime : 1438050178 ;
msgtype : text ;
content : 哈哈 ;
msgid : 6176378484724366057 ;
redirection :  ;
source :  ;

2015-07-28 09:44:16 params :
------------
Array:
message : Array ;
module : ykbl_robot ;
rule : 19 ;
priority : 0 ;
context : 1 ;

2015-07-28 09:44:16 response :
------------
Array:
FromUserName : gh_1f447c99463e ;
ToUserName : owAWYuI7k7UB28PPUMXn6avnYxu4 ;
MsgType : text ;
Content : 嘿嘿 ;

2015-07-28 09:44:20 trace :
------------
Array:
from : owAWYuI7k7UB28PPUMXn6avnYxu4 ;
to : gh_1f447c99463e ;
time : 1438050183 ;
type : text ;
event :  ;
tousername : gh_1f447c99463e ;
fromusername : owAWYuI7k7UB28PPUMXn6avnYxu4 ;
createtime : 1438050183 ;
msgtype : text ;
content : /::D ;
msgid : 6176378506199202545 ;
redirection :  ;
source :  ;

2015-07-28 09:44:21 params :
------------
Array:
message : Array ;
module : ykbl_robot ;
rule : 19 ;
priority : 0 ;
context : 1 ;

2015-07-28 09:44:21 response :
------------
Array:
FromUserName : gh_1f447c99463e ;
ToUserName : owAWYuI7k7UB28PPUMXn6avnYxu4 ;
MsgType : text ;
Content : /::D ;

2015-07-28 09:44:31 trace :
------------
Array:
from : owAWYuI7k7UB28PPUMXn6avnYxu4 ;
to : gh_1f447c99463e ;
time : 1438050194 ;
type : text ;
event :  ;
tousername : gh_1f447c99463e ;
fromusername : owAWYuI7k7UB28PPUMXn6avnYxu4 ;
createtime : 1438050194 ;
msgtype : text ;
content : 小样 ;
msgid : 6176378553443842804 ;
redirection :  ;
source :  ;

2015-07-28 09:44:32 params :
------------
Array:
message : Array ;
module : ykbl_robot ;
rule : 19 ;
priority : 0 ;
context : 1 ;

2015-07-28 09:44:32 response :
------------
Array:
FromUserName : gh_1f447c99463e ;
ToUserName : owAWYuI7k7UB28PPUMXn6avnYxu4 ;
MsgType : text ;
Content : 走着瞧 ;

2015-07-28 09:44:43 trace :
------------
Array:
from : owAWYuI7k7UB28PPUMXn6avnYxu4 ;
to : gh_1f447c99463e ;
time : 1438050205 ;
type : text ;
event :  ;
tousername : gh_1f447c99463e ;
fromusername : owAWYuI7k7UB28PPUMXn6avnYxu4 ;
createtime : 1438050205 ;
msgtype : text ;
content : 退出机器人 ;
msgid : 6176378600688483069 ;
redirection :  ;
source :  ;

2015-07-28 09:44:43 params :
------------
Array:
message : Array ;
module : ykbl_robot ;
rule : 19 ;
priority : 0 ;
context : 1 ;

2015-07-28 09:44:43 response :
------------
Array:
FromUserName : gh_1f447c99463e ;
ToUserName : owAWYuI7k7UB28PPUMXn6avnYxu4 ;
MsgType : text ;
Content : 阿达瓦 ;

2015-07-28 09:44:52 trace :
------------
Array:
from : owAWYuI7k7UB28PPUMXn6avnYxu4 ;
to : gh_1f447c99463e ;
time : 1438050215 ;
type : text ;
event :  ;
tousername : gh_1f447c99463e ;
fromusername : owAWYuI7k7UB28PPUMXn6avnYxu4 ;
createtime : 1438050215 ;
msgtype : text ;
content : 你好 ;
msgid : 6176378643638156032 ;
redirection :  ;
source :  ;

2015-07-28 09:44:52 params :
------------
Array:
message : Array ;
module : basic ;
rule : 12 ;
priority : 0 ;
keyword : Array ;

2015-07-28 09:44:52 response :
------------
Array:
FromUserName : gh_1f447c99463e ;
ToUserName : owAWYuI7k7UB28PPUMXn6avnYxu4 ;
MsgType : text ;
Content : 你好,这里是寿光市检测检验中心,感谢关注我们的公众微信号. ;

2015-07-28 09:44:56 trace :
------------
Array:
from : owAWYuI7k7UB28PPUMXn6avnYxu4 ;
to : gh_1f447c99463e ;
time : 1438050219 ;
type : text ;
event :  ;
tousername : gh_1f447c99463e ;
fromusername : owAWYuI7k7UB28PPUMXn6avnYxu4 ;
createtime : 1438050219 ;
msgtype : text ;
content : ‘‘’ ;
msgid : 6176378660818025218 ;
redirection :  ;
source :  ;

2015-07-28 09:44:57 params :
------------
Array:
message : Array ;
module : basic ;
rule : 13 ;
priority : 0 ;
keyword : Array ;

2015-07-28 09:44:57 response :
------------
Array:
FromUserName : gh_1f447c99463e ;
ToUserName : owAWYuI7k7UB28PPUMXn6avnYxu4 ;
MsgType : text ;
Content : 欢迎关注寿光市检测检验中心!
地址:
电话:
邮箱: ;

2015-07-28 10:07:06 trace :
------------
Array:
from : owAWYuDPK5UVepclzdD1ApvKLOAc ;
to : gh_1f447c99463e ;
time : 1438051548 ;
type : event ;
event : subscribe ;
tousername : gh_1f447c99463e ;
fromusername : owAWYuDPK5UVepclzdD1ApvKLOAc ;
createtime : 1438051548 ;
msgtype : event ;
eventkey :  ;

2015-07-28 10:07:06 params :
------------
Array:
message : Array ;
module : news ;
rule : 16 ;
priority : 0 ;
keyword : Array ;

2015-07-28 10:07:06 response :
------------
Array:
FromUserName : gh_1f447c99463e ;
ToUserName : owAWYuDPK5UVepclzdD1ApvKLOAc ;
MsgType : news ;
ArticleCount : 1 ;
Articles : Array ;

2015-07-28 10:07:29 trace :
------------
Array:
from : owAWYuDPK5UVepclzdD1ApvKLOAc ;
to : gh_1f447c99463e ;
time : 1438051561 ;
type : event ;
event : VIEW ;
tousername : gh_1f447c99463e ;
fromusername : owAWYuDPK5UVepclzdD1ApvKLOAc ;
createtime : 1438051561 ;
msgtype : event ;
eventkey : http://univalsoftfwj.oicp.net/index.php?c=site&a=site&cid=1&i=3 ;

2015-07-28 10:07:29 params :
------------
Array:
message : Array ;
module : basic ;
rule : 13 ;
priority : 0 ;
keyword : Array ;

2015-07-28 10:07:29 response :
------------
Array:
FromUserName : gh_1f447c99463e ;
ToUserName : owAWYuDPK5UVepclzdD1ApvKLOAc ;
MsgType : text ;
Content : 欢迎关注寿光市检测检验中心!
地址:
电话:
邮箱: ;

2015-07-28 10:07:44 trace :
------------
Array:
from : owAWYuDPK5UVepclzdD1ApvKLOAc ;
to : gh_1f447c99463e ;
time : 1438051587 ;
type : event ;
event : VIEW ;
tousername : gh_1f447c99463e ;
fromusername : owAWYuDPK5UVepclzdD1ApvKLOAc ;
createtime : 1438051587 ;
msgtype : event ;
eventkey : http://univalsoftfwj.oicp.net/index.php?c=site&a=site&cid=8&i=3 ;

2015-07-28 10:07:44 params :
------------
Array:
message : Array ;
module : basic ;
rule : 13 ;
priority : 0 ;
keyword : Array ;

2015-07-28 10:07:44 response :
------------
Array:
FromUserName : gh_1f447c99463e ;
ToUserName : owAWYuDPK5UVepclzdD1ApvKLOAc ;
MsgType : text ;
Content : 欢迎关注寿光市检测检验中心!
地址:
电话:
邮箱: ;

2015-07-28 10:07:53 trace :
------------
Array:
from : owAWYuDPK5UVepclzdD1ApvKLOAc ;
to : gh_1f447c99463e ;
time : 1438051596 ;
type : event ;
event : VIEW ;
tousername : gh_1f447c99463e ;
fromusername : owAWYuDPK5UVepclzdD1ApvKLOAc ;
createtime : 1438051596 ;
msgtype : event ;
eventkey : http://univalsoftfwj.oicp.net/index.php?c=site&a=site&cid=2&i=3 ;

2015-07-28 10:07:53 params :
------------
Array:
message : Array ;
module : basic ;
rule : 13 ;
priority : 0 ;
keyword : Array ;

2015-07-28 10:07:53 response :
------------
Array:
FromUserName : gh_1f447c99463e ;
ToUserName : owAWYuDPK5UVepclzdD1ApvKLOAc ;
MsgType : text ;
Content : 欢迎关注寿光市检测检验中心!
地址:
电话:
邮箱: ;

2015-07-28 10:08:12 trace :
------------
Array:
from : owAWYuDPK5UVepclzdD1ApvKLOAc ;
to : gh_1f447c99463e ;
time : 1438051615 ;
type : event ;
event : VIEW ;
tousername : gh_1f447c99463e ;
fromusername : owAWYuDPK5UVepclzdD1ApvKLOAc ;
createtime : 1438051615 ;
msgtype : event ;
eventkey : http://univalsoftfwj.oicp.net/index.php?c=site&a=site&cid=7&i=3 ;

2015-07-28 10:08:12 params :
------------
Array:
message : Array ;
module : basic ;
rule : 13 ;
priority : 0 ;
keyword : Array ;

2015-07-28 10:08:12 response :
------------
Array:
FromUserName : gh_1f447c99463e ;
ToUserName : owAWYuDPK5UVepclzdD1ApvKLOAc ;
MsgType : text ;
Content : 欢迎关注寿光市检测检验中心!
地址:
电话:
邮箱: ;

2015-07-28 10:08:35 trace :
------------
Array:
from : owAWYuDPK5UVepclzdD1ApvKLOAc ;
to : gh_1f447c99463e ;
time : 1438051638 ;
type : event ;
event : VIEW ;
tousername : gh_1f447c99463e ;
fromusername : owAWYuDPK5UVepclzdD1ApvKLOAc ;
createtime : 1438051638 ;
msgtype : event ;
eventkey : http://univalsoftfwj.oicp.net/index.php?c=site&a=site&cid=8&i=3 ;

2015-07-28 10:08:35 params :
------------
Array:
message : Array ;
module : basic ;
rule : 13 ;
priority : 0 ;
keyword : Array ;

2015-07-28 10:08:35 response :
------------
Array:
FromUserName : gh_1f447c99463e ;
ToUserName : owAWYuDPK5UVepclzdD1ApvKLOAc ;
MsgType : text ;
Content : 欢迎关注寿光市检测检验中心!
地址:
电话:
邮箱: ;

2015-07-28 10:50:37 trace :
------------
Array:
from : owAWYuDPK5UVepclzdD1ApvKLOAc ;
to : gh_1f447c99463e ;
time : 1438054155 ;
type : event ;
event : VIEW ;
tousername : gh_1f447c99463e ;
fromusername : owAWYuDPK5UVepclzdD1ApvKLOAc ;
createtime : 1438054155 ;
msgtype : event ;
eventkey : http://univalsoftfwj.oicp.net/index.php?c=site&a=site&cid=1&i=3 ;

2015-07-28 10:50:37 params :
------------
Array:
message : Array ;
module : basic ;
rule : 13 ;
priority : 0 ;
keyword : Array ;

2015-07-28 10:50:37 response :
------------
Array:
FromUserName : gh_1f447c99463e ;
ToUserName : owAWYuDPK5UVepclzdD1ApvKLOAc ;
MsgType : text ;
Content : 欢迎关注寿光市检测检验中心!
地址:
电话:
邮箱: ;

2015-07-28 11:10:10 trace :
------------
Array:
from : owAWYuHtWDN-SfNTqoKI9uv59CKI ;
to : gh_1f447c99463e ;
time : 1438055333 ;
type : event ;
event : VIEW ;
tousername : gh_1f447c99463e ;
fromusername : owAWYuHtWDN-SfNTqoKI9uv59CKI ;
createtime : 1438055333 ;
msgtype : event ;
eventkey : http://univalsoftfwj.oicp.net/index.php?c=site&a=site&cid=1&i=3 ;

2015-07-28 11:10:10 params :
------------
Array:
message : Array ;
module : basic ;
rule : 13 ;
priority : 0 ;
keyword : Array ;

2015-07-28 11:10:10 response :
------------
Array:
FromUserName : gh_1f447c99463e ;
ToUserName : owAWYuHtWDN-SfNTqoKI9uv59CKI ;
MsgType : text ;
Content : 欢迎关注寿光市检测检验中心!
地址:
电话:
邮箱: ;

2015-07-28 11:10:41 trace :
------------
Array:
from : owAWYuHtWDN-SfNTqoKI9uv59CKI ;
to : gh_1f447c99463e ;
time : 1438055364 ;
type : event ;
event : VIEW ;
tousername : gh_1f447c99463e ;
fromusername : owAWYuHtWDN-SfNTqoKI9uv59CKI ;
createtime : 1438055364 ;
msgtype : event ;
eventkey : http://univalsoftfwj.oicp.net/index.php?c=site&a=site&cid=1&i=3 ;

2015-07-28 11:10:41 params :
------------
Array:
message : Array ;
module : basic ;
rule : 13 ;
priority : 0 ;
keyword : Array ;

2015-07-28 11:10:41 response :
------------
Array:
FromUserName : gh_1f447c99463e ;
ToUserName : owAWYuHtWDN-SfNTqoKI9uv59CKI ;
MsgType : text ;
Content : 欢迎关注寿光市检测检验中心!
地址:
电话:
邮箱: ;

2015-07-28 11:12:54 trace :
------------
Array:
from : owAWYuHtWDN-SfNTqoKI9uv59CKI ;
to : gh_1f447c99463e ;
time : 1438055492 ;
type : event ;
event : VIEW ;
tousername : gh_1f447c99463e ;
fromusername : owAWYuHtWDN-SfNTqoKI9uv59CKI ;
createtime : 1438055492 ;
msgtype : event ;
eventkey : http://univalsoftfwj.oicp.net/index.php?c=site&a=site&cid=1&i=3 ;

2015-07-28 11:12:54 params :
------------
Array:
message : Array ;
module : basic ;
rule : 13 ;
priority : 0 ;
keyword : Array ;

2015-07-28 11:12:54 response :
------------
Array:
FromUserName : gh_1f447c99463e ;
ToUserName : owAWYuHtWDN-SfNTqoKI9uv59CKI ;
MsgType : text ;
Content : 欢迎关注寿光市检测检验中心!
地址:
电话:
邮箱: ;

2015-07-28 11:14:34 trace :
------------
Array:
from : owAWYuHtWDN-SfNTqoKI9uv59CKI ;
to : gh_1f447c99463e ;
time : 1438055597 ;
type : event ;
event : VIEW ;
tousername : gh_1f447c99463e ;
fromusername : owAWYuHtWDN-SfNTqoKI9uv59CKI ;
createtime : 1438055597 ;
msgtype : event ;
eventkey : http://univalsoftfwj.oicp.net/index.php?c=site&a=site&cid=1&i=3 ;

2015-07-28 11:14:34 params :
------------
Array:
message : Array ;
module : basic ;
rule : 13 ;
priority : 0 ;
keyword : Array ;

2015-07-28 11:14:34 response :
------------
Array:
FromUserName : gh_1f447c99463e ;
ToUserName : owAWYuHtWDN-SfNTqoKI9uv59CKI ;
MsgType : text ;
Content : 欢迎关注寿光市检测检验中心!
地址:
电话:
邮箱: ;

2015-07-28 11:14:39 trace :
------------
Array:
from : owAWYuHtWDN-SfNTqoKI9uv59CKI ;
to : gh_1f447c99463e ;
time : 1438055602 ;
type : event ;
event : VIEW ;
tousername : gh_1f447c99463e ;
fromusername : owAWYuHtWDN-SfNTqoKI9uv59CKI ;
createtime : 1438055602 ;
msgtype : event ;
eventkey : http://univalsoftfwj.oicp.net/index.php?c=site&a=site&cid=1&i=3 ;

2015-07-28 11:14:39 params :
------------
Array:
message : Array ;
module : basic ;
rule : 13 ;
priority : 0 ;
keyword : Array ;

2015-07-28 11:14:39 response :
------------
Array:
FromUserName : gh_1f447c99463e ;
ToUserName : owAWYuHtWDN-SfNTqoKI9uv59CKI ;
MsgType : text ;
Content : 欢迎关注寿光市检测检验中心!
地址:
电话:
邮箱: ;

2015-07-28 13:59:27 trace :
------------
Array:
from : owAWYuHtWDN-SfNTqoKI9uv59CKI ;
to : gh_1f447c99463e ;
time : 1438065485 ;
type : event ;
event : VIEW ;
tousername : gh_1f447c99463e ;
fromusername : owAWYuHtWDN-SfNTqoKI9uv59CKI ;
createtime : 1438065485 ;
msgtype : event ;
eventkey : http://univalsoftfwj.oicp.net/index.php?c=site&a=site&cid=1&i=3 ;

2015-07-28 13:59:27 params :
------------
Array:
message : Array ;
module : basic ;
rule : 13 ;
priority : 0 ;
keyword : Array ;

2015-07-28 13:59:27 response :
------------
Array:
FromUserName : gh_1f447c99463e ;
ToUserName : owAWYuHtWDN-SfNTqoKI9uv59CKI ;
MsgType : text ;
Content : 欢迎关注寿光市检测检验中心!
地址:
电话:
邮箱: ;

2015-07-28 14:13:43 trace :
------------
Array:
from : owAWYuI7k7UB28PPUMXn6avnYxu4 ;
to : gh_1f447c99463e ;
time : 1438066341 ;
type : text ;
event :  ;
tousername : gh_1f447c99463e ;
fromusername : owAWYuI7k7UB28PPUMXn6avnYxu4 ;
createtime : 1438066341 ;
msgtype : text ;
content : 你好 ;
msgid : 6176447904280775809 ;
redirection :  ;
source :  ;

2015-07-28 14:13:43 params :
------------
Array:
message : Array ;
module : basic ;
rule : 12 ;
priority : 0 ;
keyword : Array ;

2015-07-28 14:13:43 response :
------------
Array:
FromUserName : gh_1f447c99463e ;
ToUserName : owAWYuI7k7UB28PPUMXn6avnYxu4 ;
MsgType : text ;
Content : 你好,这里是寿光市检测检验中心,感谢关注我们的公众微信号. ;

2015-07-28 14:13:58 trace :
------------
Array:
from : owAWYuI7k7UB28PPUMXn6avnYxu4 ;
to : gh_1f447c99463e ;
time : 1438066351 ;
type : event ;
event : VIEW ;
tousername : gh_1f447c99463e ;
fromusername : owAWYuI7k7UB28PPUMXn6avnYxu4 ;
createtime : 1438066351 ;
msgtype : event ;
eventkey : http://univalsoftfwj.oicp.net/index.php?c=site&a=site&cid=1&i=3 ;

2015-07-28 14:13:58 params :
------------
Array:
message : Array ;
module : basic ;
rule : 13 ;
priority : 0 ;
keyword : Array ;

2015-07-28 14:13:58 response :
------------
Array:
FromUserName : gh_1f447c99463e ;
ToUserName : owAWYuI7k7UB28PPUMXn6avnYxu4 ;
MsgType : text ;
Content : 欢迎关注寿光市检测检验中心!
地址:
电话:
邮箱: ;

2015-07-28 14:25:11 trace :
------------
Array:
from : owAWYuDPK5UVepclzdD1ApvKLOAc ;
to : gh_1f447c99463e ;
time : 1438067034 ;
type : event ;
event : VIEW ;
tousername : gh_1f447c99463e ;
fromusername : owAWYuDPK5UVepclzdD1ApvKLOAc ;
createtime : 1438067034 ;
msgtype : event ;
eventkey : http://univalsoftfwj.oicp.net/index.php?c=site&a=site&cid=1&i=3 ;

2015-07-28 14:25:11 params :
------------
Array:
message : Array ;
module : basic ;
rule : 13 ;
priority : 0 ;
keyword : Array ;

2015-07-28 14:25:11 response :
------------
Array:
FromUserName : gh_1f447c99463e ;
ToUserName : owAWYuDPK5UVepclzdD1ApvKLOAc ;
MsgType : text ;
Content : 欢迎关注寿光市检测检验中心!输入"微官网"可进入寿光市检测检验中心微官网.
地址:
电话:
邮箱: ;

2015-07-28 14:57:09 trace :
------------
Array:
from : owAWYuFIJwX0VuOS9RzNF1fjL0gk ;
to : gh_1f447c99463e ;
time : 1438068947 ;
type : event ;
event : VIEW ;
tousername : gh_1f447c99463e ;
fromusername : owAWYuFIJwX0VuOS9RzNF1fjL0gk ;
createtime : 1438068947 ;
msgtype : event ;
eventkey : http://univalsoftfwj.oicp.net/index.php?c=site&a=site&cid=1&i=3 ;

2015-07-28 14:57:09 params :
------------
Array:
message : Array ;
module : basic ;
rule : 13 ;
priority : 0 ;
keyword : Array ;

2015-07-28 14:57:09 response :
------------
Array:
FromUserName : gh_1f447c99463e ;
ToUserName : owAWYuFIJwX0VuOS9RzNF1fjL0gk ;
MsgType : text ;
Content : 欢迎关注寿光市检测检验中心!输入"微官网"可进入寿光市检测检验中心微官网.
地址:
电话:
邮箱: ;

2015-07-28 14:57:27 trace :
------------
Array:
from : owAWYuDPK5UVepclzdD1ApvKLOAc ;
to : gh_1f447c99463e ;
time : 1438068966 ;
type : event ;
event : VIEW ;
tousername : gh_1f447c99463e ;
fromusername : owAWYuDPK5UVepclzdD1ApvKLOAc ;
createtime : 1438068966 ;
msgtype : event ;
eventkey : http://univalsoftfwj.oicp.net/index.php?c=site&a=site&cid=1&i=3 ;

2015-07-28 14:57:27 params :
------------
Array:
message : Array ;
module : basic ;
rule : 13 ;
priority : 0 ;
keyword : Array ;

2015-07-28 14:57:27 response :
------------
Array:
FromUserName : gh_1f447c99463e ;
ToUserName : owAWYuDPK5UVepclzdD1ApvKLOAc ;
MsgType : text ;
Content : 欢迎关注寿光市检测检验中心!输入"微官网"可进入寿光市检测检验中心微官网.
地址:
电话:
邮箱: ;

2015-07-28 14:57:37 trace :
------------
Array:
from : owAWYuFIJwX0VuOS9RzNF1fjL0gk ;
to : gh_1f447c99463e ;
time : 1438068980 ;
type : event ;
event : VIEW ;
tousername : gh_1f447c99463e ;
fromusername : owAWYuFIJwX0VuOS9RzNF1fjL0gk ;
createtime : 1438068980 ;
msgtype : event ;
eventkey : http://univalsoftfwj.oicp.net/index.php?c=site&a=site&cid=2&i=3 ;

2015-07-28 14:57:37 params :
------------
Array:
message : Array ;
module : basic ;
rule : 13 ;
priority : 0 ;
keyword : Array ;

2015-07-28 14:57:37 response :
------------
Array:
FromUserName : gh_1f447c99463e ;
ToUserName : owAWYuFIJwX0VuOS9RzNF1fjL0gk ;
MsgType : text ;
Content : 欢迎关注寿光市检测检验中心!输入"微官网"可进入寿光市检测检验中心微官网.
地址:
电话:
邮箱: ;

2015-07-28 14:58:19 trace :
------------
Array:
from : owAWYuFIJwX0VuOS9RzNF1fjL0gk ;
to : gh_1f447c99463e ;
time : 1438069023 ;
type : event ;
event : VIEW ;
tousername : gh_1f447c99463e ;
fromusername : owAWYuFIJwX0VuOS9RzNF1fjL0gk ;
createtime : 1438069023 ;
msgtype : event ;
eventkey : http://univalsoftfwj.oicp.net/index.php?c=site&a=site&cid=8&i=3 ;

2015-07-28 14:58:19 params :
------------
Array:
message : Array ;
module : basic ;
rule : 13 ;
priority : 0 ;
keyword : Array ;

2015-07-28 14:58:19 response :
------------
Array:
FromUserName : gh_1f447c99463e ;
ToUserName : owAWYuFIJwX0VuOS9RzNF1fjL0gk ;
MsgType : text ;
Content : 欢迎关注寿光市检测检验中心!输入"微官网"可进入寿光市检测检验中心微官网.
地址:
电话:
邮箱: ;

2015-07-28 14:58:25 trace :
------------
Array:
from : owAWYuFIJwX0VuOS9RzNF1fjL0gk ;
to : gh_1f447c99463e ;
time : 1438069029 ;
type : event ;
event : VIEW ;
tousername : gh_1f447c99463e ;
fromusername : owAWYuFIJwX0VuOS9RzNF1fjL0gk ;
createtime : 1438069029 ;
msgtype : event ;
eventkey : http://univalsoftfwj.oicp.net/index.php?c=site&a=site&cid=8&i=3 ;

2015-07-28 14:58:25 params :
------------
Array:
message : Array ;
module : basic ;
rule : 13 ;
priority : 0 ;
keyword : Array ;

2015-07-28 14:58:25 response :
------------
Array:
FromUserName : gh_1f447c99463e ;
ToUserName : owAWYuFIJwX0VuOS9RzNF1fjL0gk ;
MsgType : text ;
Content : 欢迎关注寿光市检测检验中心!输入"微官网"可进入寿光市检测检验中心微官网.
地址:
电话:
邮箱: ;

2015-07-28 14:58:36 trace :
------------
Array:
from : owAWYuFIJwX0VuOS9RzNF1fjL0gk ;
to : gh_1f447c99463e ;
time : 1438069040 ;
type : event ;
event : VIEW ;
tousername : gh_1f447c99463e ;
fromusername : owAWYuFIJwX0VuOS9RzNF1fjL0gk ;
createtime : 1438069040 ;
msgtype : event ;
eventkey : http://univalsoftfwj.oicp.net/index.php?c=site&a=site&cid=10&i=3 ;

2015-07-28 14:58:36 params :
------------
Array:
message : Array ;
module : basic ;
rule : 13 ;
priority : 0 ;
keyword : Array ;

2015-07-28 14:58:36 response :
------------
Array:
FromUserName : gh_1f447c99463e ;
ToUserName : owAWYuFIJwX0VuOS9RzNF1fjL0gk ;
MsgType : text ;
Content : 欢迎关注寿光市检测检验中心!输入"微官网"可进入寿光市检测检验中心微官网.
地址:
电话:
邮箱: ;

2015-07-28 14:58:41 trace :
------------
Array:
from : owAWYuFIJwX0VuOS9RzNF1fjL0gk ;
to : gh_1f447c99463e ;
time : 1438069045 ;
type : event ;
event : VIEW ;
tousername : gh_1f447c99463e ;
fromusername : owAWYuFIJwX0VuOS9RzNF1fjL0gk ;
createtime : 1438069045 ;
msgtype : event ;
eventkey : http://univalsoftfwj.oicp.net/index.php?c=site&a=site&cid=11&i=3 ;

2015-07-28 14:58:41 params :
------------
Array:
message : Array ;
module : basic ;
rule : 13 ;
priority : 0 ;
keyword : Array ;

2015-07-28 14:58:41 response :
------------
Array:
FromUserName : gh_1f447c99463e ;
ToUserName : owAWYuFIJwX0VuOS9RzNF1fjL0gk ;
MsgType : text ;
Content : 欢迎关注寿光市检测检验中心!输入"微官网"可进入寿光市检测检验中心微官网.
地址:
电话:
邮箱: ;

2015-07-28 14:58:46 trace :
------------
Array:
from : owAWYuFIJwX0VuOS9RzNF1fjL0gk ;
to : gh_1f447c99463e ;
time : 1438069049 ;
type : event ;
event : VIEW ;
tousername : gh_1f447c99463e ;
fromusername : owAWYuFIJwX0VuOS9RzNF1fjL0gk ;
createtime : 1438069049 ;
msgtype : event ;
eventkey : http://univalsoftfwj.oicp.net/index.php?c=site&a=site&cid=14&i=3 ;

2015-07-28 14:58:46 params :
------------
Array:
message : Array ;
module : basic ;
rule : 13 ;
priority : 0 ;
keyword : Array ;

2015-07-28 14:58:46 response :
------------
Array:
FromUserName : gh_1f447c99463e ;
ToUserName : owAWYuFIJwX0VuOS9RzNF1fjL0gk ;
MsgType : text ;
Content : 欢迎关注寿光市检测检验中心!输入"微官网"可进入寿光市检测检验中心微官网.
地址:
电话:
邮箱: ;

2015-07-28 14:58:54 trace :
------------
Array:
from : owAWYuFIJwX0VuOS9RzNF1fjL0gk ;
to : gh_1f447c99463e ;
time : 1438069058 ;
type : event ;
event : VIEW ;
tousername : gh_1f447c99463e ;
fromusername : owAWYuFIJwX0VuOS9RzNF1fjL0gk ;
createtime : 1438069058 ;
msgtype : event ;
eventkey : http://univalsoftfwj.oicp.net/index.php?c=site&a=site&cid=7&i=3 ;

2015-07-28 14:58:55 params :
------------
Array:
message : Array ;
module : basic ;
rule : 13 ;
priority : 0 ;
keyword : Array ;

2015-07-28 14:58:55 response :
------------
Array:
FromUserName : gh_1f447c99463e ;
ToUserName : owAWYuFIJwX0VuOS9RzNF1fjL0gk ;
MsgType : text ;
Content : 欢迎关注寿光市检测检验中心!输入"微官网"可进入寿光市检测检验中心微官网.
地址:
电话:
邮箱: ;

2015-07-28 15:03:04 trace :
------------
Array:
from : fromUser ;
to : toUser ;
time : 1438069319 ;
type : text ;
event :  ;
tousername : toUser ;
fromusername : fromUser ;
createtime : 1438069319 ;
msgtype : text ;
content : 微官网 ;
msgid : 1234567890123456 ;
redirection :  ;
source :  ;

2015-07-28 15:03:04 params :
------------
Array:
message : Array ;
module : news ;
rule : 17 ;
priority : 0 ;
keyword : Array ;

2015-07-28 15:03:04 response :
------------
Array:
FromUserName : toUser ;
ToUserName : fromUser ;
MsgType : news ;
ArticleCount : 1 ;
Articles : Array ;

2015-07-28 15:03:52 trace :
------------
Array:
from : owAWYuDPK5UVepclzdD1ApvKLOAc ;
to : gh_1f447c99463e ;
time : 1438069355 ;
type : event ;
event : VIEW ;
tousername : gh_1f447c99463e ;
fromusername : owAWYuDPK5UVepclzdD1ApvKLOAc ;
createtime : 1438069355 ;
msgtype : event ;
eventkey : http://univalsoftfwj.oicp.net/index.php?c=site&a=site&cid=1&i=3 ;

2015-07-28 15:03:52 params :
------------
Array:
message : Array ;
module : basic ;
rule : 13 ;
priority : 0 ;
keyword : Array ;

2015-07-28 15:03:52 response :
------------
Array:
FromUserName : gh_1f447c99463e ;
ToUserName : owAWYuDPK5UVepclzdD1ApvKLOAc ;
MsgType : text ;
Content : 欢迎关注寿光市检测检验中心!输入"微官网"可进入寿光市检测检验中心微官网.
地址:
电话:
邮箱: ;

2015-07-28 15:08:14 trace :
------------
Array:
from : owAWYuDPK5UVepclzdD1ApvKLOAc ;
to : gh_1f447c99463e ;
time : 1438069618 ;
type : event ;
event : VIEW ;
tousername : gh_1f447c99463e ;
fromusername : owAWYuDPK5UVepclzdD1ApvKLOAc ;
createtime : 1438069618 ;
msgtype : event ;
eventkey : http://univalsoftfwj.oicp.net/index.php?c=site&a=site&cid=6&i=3 ;

2015-07-28 15:08:14 params :
------------
Array:
message : Array ;
module : basic ;
rule : 13 ;
priority : 0 ;
keyword : Array ;

2015-07-28 15:08:14 response :
------------
Array:
FromUserName : gh_1f447c99463e ;
ToUserName : owAWYuDPK5UVepclzdD1ApvKLOAc ;
MsgType : text ;
Content : 欢迎关注寿光市检测检验中心!输入"微官网"可进入寿光市检测检验中心微官网.
地址:
电话:
邮箱: ;

2015-07-28 15:32:28 trace :
------------
Array:
from : owAWYuDPK5UVepclzdD1ApvKLOAc ;
to : gh_1f447c99463e ;
time : 1438071067 ;
type : event ;
event : VIEW ;
tousername : gh_1f447c99463e ;
fromusername : owAWYuDPK5UVepclzdD1ApvKLOAc ;
createtime : 1438071067 ;
msgtype : event ;
eventkey : http://univalsoftfwj.oicp.net/index.php?c=site&a=site&cid=1&i=3 ;

2015-07-28 15:32:28 params :
------------
Array:
message : Array ;
module : basic ;
rule : 13 ;
priority : 0 ;
keyword : Array ;

2015-07-28 15:32:28 response :
------------
Array:
FromUserName : gh_1f447c99463e ;
ToUserName : owAWYuDPK5UVepclzdD1ApvKLOAc ;
MsgType : text ;
Content : 欢迎关注寿光市检测检验中心!输入"微官网"可进入寿光市检测检验中心微官网.
地址:
电话:
邮箱: ;

2015-07-28 15:43:35 trace :
------------
Array:
from : owAWYuDPK5UVepclzdD1ApvKLOAc ;
to : gh_1f447c99463e ;
time : 1438071739 ;
type : event ;
event : VIEW ;
tousername : gh_1f447c99463e ;
fromusername : owAWYuDPK5UVepclzdD1ApvKLOAc ;
createtime : 1438071739 ;
msgtype : event ;
eventkey : http://univalsoftfwj.oicp.net/index.php?c=site&a=site&cid=1&i=3 ;

2015-07-28 15:43:35 params :
------------
Array:
message : Array ;
module : basic ;
rule : 13 ;
priority : 0 ;
keyword : Array ;

2015-07-28 15:43:35 response :
------------
Array:
FromUserName : gh_1f447c99463e ;
ToUserName : owAWYuDPK5UVepclzdD1ApvKLOAc ;
MsgType : text ;
Content : 欢迎关注寿光市检测检验中心!输入"微官网"可进入寿光市检测检验中心微官网.
地址:
电话:
邮箱: ;

2015-07-28 16:22:55 trace :
------------
Array:
from : owAWYuI7k7UB28PPUMXn6avnYxu4 ;
to : gh_1f447c99463e ;
time : 1438074093 ;
type : event ;
event : VIEW ;
tousername : gh_1f447c99463e ;
fromusername : owAWYuI7k7UB28PPUMXn6avnYxu4 ;
createtime : 1438074093 ;
msgtype : event ;
eventkey : http://univalsoftfwj.oicp.net/index.php?c=site&a=site&cid=1&i=3 ;

2015-07-28 16:22:55 params :
------------
Array:
message : Array ;
module : basic ;
rule : 13 ;
priority : 0 ;
keyword : Array ;

2015-07-28 16:22:55 response :
------------
Array:
FromUserName : gh_1f447c99463e ;
ToUserName : owAWYuI7k7UB28PPUMXn6avnYxu4 ;
MsgType : text ;
Content : 欢迎关注寿光市检测检验中心!输入"微官网"可进入寿光市检测检验中心微官网.
地址:
电话:
邮箱: ;

2015-07-28 16:45:45 trace :
------------
Array:
from : owAWYuDPK5UVepclzdD1ApvKLOAc ;
to : gh_1f447c99463e ;
time : 1438075464 ;
type : event ;
event : VIEW ;
tousername : gh_1f447c99463e ;
fromusername : owAWYuDPK5UVepclzdD1ApvKLOAc ;
createtime : 1438075464 ;
msgtype : event ;
eventkey : http://univalsoftfwj.oicp.net/index.php?c=site&a=site&cid=2&i=3 ;

2015-07-28 16:45:45 params :
------------
Array:
message : Array ;
module : basic ;
rule : 13 ;
priority : 0 ;
keyword : Array ;

2015-07-28 16:45:45 response :
------------
Array:
FromUserName : gh_1f447c99463e ;
ToUserName : owAWYuDPK5UVepclzdD1ApvKLOAc ;
MsgType : text ;
Content : 欢迎关注寿光市检测检验中心!输入"微官网"可进入寿光市检测检验中心微官网.
地址:
电话:
邮箱: ;

2015-07-28 17:02:16 trace :
------------
Array:
from : owAWYuI7k7UB28PPUMXn6avnYxu4 ;
to : gh_1f447c99463e ;
time : 1438076459 ;
type : event ;
event : VIEW ;
tousername : gh_1f447c99463e ;
fromusername : owAWYuI7k7UB28PPUMXn6avnYxu4 ;
createtime : 1438076459 ;
msgtype : event ;
eventkey : http://univalsoftfwj.oicp.net/index.php?c=site&a=site&cid=1&i=3 ;

2015-07-28 17:02:16 params :
------------
Array:
message : Array ;
module : basic ;
rule : 13 ;
priority : 0 ;
keyword : Array ;

2015-07-28 17:02:16 response :
------------
Array:
FromUserName : gh_1f447c99463e ;
ToUserName : owAWYuI7k7UB28PPUMXn6avnYxu4 ;
MsgType : text ;
Content : 欢迎关注寿光市检测检验中心!输入"微官网"可进入寿光市检测检验中心微官网.
地址:
电话:
邮箱: ;

