2015-11-13 23:36:01 trace :
------------
Array:
from : oFF8fweoVTn-K638Gj9oYEKq_648 ;
to : gh_a8a83d9305b8 ;
time : 1447428960 ;
type : event ;
event : subscribe ;
tousername : gh_a8a83d9305b8 ;
fromusername : oFF8fweoVTn-K638Gj9oYEKq_648 ;
createtime : 1447428960 ;
msgtype : event ;
eventkey :  ;

2015-11-13 23:36:02 params :
------------
Array:
message : Array ;
module : news ;
rule : 57 ;
priority : 0 ;
keyword : Array ;

2015-11-13 23:36:02 response :
------------
Array:
FromUserName : gh_a8a83d9305b8 ;
ToUserName : oFF8fweoVTn-K638Gj9oYEKq_648 ;
MsgType : news ;
ArticleCount : 1 ;
Articles : Array ;

2015-11-13 23:36:09 trace :
------------
Array:
from : oFF8fweoVTn-K638Gj9oYEKq_648 ;
to : gh_a8a83d9305b8 ;
time : 1447428969 ;
type : event ;
event : VIEW ;
tousername : gh_a8a83d9305b8 ;
fromusername : oFF8fweoVTn-K638Gj9oYEKq_648 ;
createtime : 1447428969 ;
msgtype : event ;
eventkey : http://wx.nsyouxian.com/app/index.php?i=5&c=entry&eid=317 ;

2015-11-13 23:36:10 params :
------------
Array:
message : Array ;
module : basic ;
rule : 58 ;
priority : 0 ;
keyword : Array ;

2015-11-13 23:36:10 response :
------------
Array:
FromUserName : gh_a8a83d9305b8 ;
ToUserName : oFF8fweoVTn-K638Gj9oYEKq_648 ;
MsgType : text ;
Content : 您好,欢迎关注农圣优鲜微信公众号,如需帮助请咨询客服。 ;

