2015-08-27 10:39:36 trace :
------------
Array:
from : fromUser ;
to : toUser ;
time : 1440643150 ;
type : text ;
event :  ;
tousername : toUser ;
fromusername : fromUser ;
createtime : 1440643150 ;
msgtype : text ;
content : 农圣优鲜微商城 ;
msgid : 1234567890123456 ;
redirection :  ;
source :  ;

2015-08-27 10:39:36 params :
------------
Array:
message : Array ;
module : cover ;
rule : 51 ;
priority : 0 ;
keyword : Array ;

2015-08-27 10:39:36 response :
------------
Array:
FromUserName : toUser ;
ToUserName : fromUser ;
MsgType : news ;
ArticleCount : 1 ;
Articles : Array ;

2015-08-27 10:42:26 trace :
------------
Array:
from : owAWYuBQBgI9WsTpPOwm8HSxZEpE ;
to : gh_1f447c99463e ;
time : 1440643346 ;
type : trace ;
event : LOCATION ;
tousername : gh_1f447c99463e ;
fromusername : owAWYuBQBgI9WsTpPOwm8HSxZEpE ;
createtime : 1440643346 ;
msgtype : event ;
latitude : 36.887802 ;
longitude : 118.770599 ;
precision : 40.000000 ;
location_x : 36.887802 ;
location_y : 118.770599 ;

2015-08-27 10:42:26 params :
------------
Array:
message : Array ;
module : default ;
rule : -1 ;

2015-08-27 10:42:26 response :
------------
Array:
errno : -1 ;
message : Invaild value ;

2015-08-27 10:42:28 trace :
------------
Array:
from : owAWYuBQBgI9WsTpPOwm8HSxZEpE ;
to : gh_1f447c99463e ;
time : 1440643348 ;
type : event ;
event : VIEW ;
tousername : gh_1f447c99463e ;
fromusername : owAWYuBQBgI9WsTpPOwm8HSxZEpE ;
createtime : 1440643348 ;
msgtype : event ;
eventkey : http://wx.nsyouxian.com/app/index.php?i=5&c=entry&eid=317 ;

2015-08-27 10:42:28 params :
------------
Array:
message : Array ;
module : basic ;
rule : 58 ;
priority : 0 ;
keyword : Array ;

2015-08-27 10:42:28 response :
------------
Array:
FromUserName : gh_1f447c99463e ;
ToUserName : owAWYuBQBgI9WsTpPOwm8HSxZEpE ;
MsgType : text ;
Content : 您好,欢迎关注农圣优鲜微信公众号,如需帮助请咨询客服。 ;

2015-08-27 10:42:39 trace :
------------
Array:
from : owAWYuI7k7UB28PPUMXn6avnYxu4 ;
to : gh_1f447c99463e ;
time : 1440643358 ;
type : trace ;
event : LOCATION ;
tousername : gh_1f447c99463e ;
fromusername : owAWYuI7k7UB28PPUMXn6avnYxu4 ;
createtime : 1440643358 ;
msgtype : event ;
latitude : 36.887833 ;
longitude : 118.770660 ;
precision : 40.000000 ;
location_x : 36.887833 ;
location_y : 118.770660 ;

2015-08-27 10:42:39 params :
------------
Array:
message : Array ;
module : default ;
rule : -1 ;

2015-08-27 10:42:39 response :
------------
Array:
errno : -1 ;
message : Invaild value ;

2015-08-27 10:42:41 trace :
------------
Array:
from : owAWYuI7k7UB28PPUMXn6avnYxu4 ;
to : gh_1f447c99463e ;
time : 1440643361 ;
type : event ;
event : VIEW ;
tousername : gh_1f447c99463e ;
fromusername : owAWYuI7k7UB28PPUMXn6avnYxu4 ;
createtime : 1440643361 ;
msgtype : event ;
eventkey : http://wx.nsyouxian.com/app/index.php?i=5&c=entry&eid=317 ;

2015-08-27 10:42:41 params :
------------
Array:
message : Array ;
module : basic ;
rule : 58 ;
priority : 0 ;
keyword : Array ;

2015-08-27 10:42:41 response :
------------
Array:
FromUserName : gh_1f447c99463e ;
ToUserName : owAWYuI7k7UB28PPUMXn6avnYxu4 ;
MsgType : text ;
Content : 您好,欢迎关注农圣优鲜微信公众号,如需帮助请咨询客服。 ;

2015-08-27 10:42:48 trace :
------------
Array:
from : owAWYuI7k7UB28PPUMXn6avnYxu4 ;
to : gh_1f447c99463e ;
time : 1440643368 ;
type : trace ;
event : LOCATION ;
tousername : gh_1f447c99463e ;
fromusername : owAWYuI7k7UB28PPUMXn6avnYxu4 ;
createtime : 1440643368 ;
msgtype : event ;
latitude : 36.887833 ;
longitude : 118.770660 ;
precision : 40.000000 ;
location_x : 36.887833 ;
location_y : 118.770660 ;

2015-08-27 10:42:48 params :
------------
Array:
message : Array ;
module : default ;
rule : -1 ;

2015-08-27 10:42:48 response :
------------
Array:
errno : -1 ;
message : Invaild value ;

2015-08-27 10:43:16 trace :
------------
Array:
from : owAWYuI7k7UB28PPUMXn6avnYxu4 ;
to : gh_1f447c99463e ;
time : 1440643395 ;
type : event ;
event : subscribe ;
tousername : gh_1f447c99463e ;
fromusername : owAWYuI7k7UB28PPUMXn6avnYxu4 ;
createtime : 1440643395 ;
msgtype : event ;
eventkey :  ;

2015-08-27 10:43:16 params :
------------
Array:
message : Array ;
module : news ;
rule : 57 ;
priority : 0 ;
keyword : Array ;

2015-08-27 10:43:16 response :
------------
Array:
FromUserName : gh_1f447c99463e ;
ToUserName : owAWYuI7k7UB28PPUMXn6avnYxu4 ;
MsgType : news ;
ArticleCount : 1 ;
Articles : Array ;

2015-08-27 10:43:16 trace :
------------
Array:
from : owAWYuBQBgI9WsTpPOwm8HSxZEpE ;
to : gh_1f447c99463e ;
time : 1440643396 ;
type : trace ;
event : LOCATION ;
tousername : gh_1f447c99463e ;
fromusername : owAWYuBQBgI9WsTpPOwm8HSxZEpE ;
createtime : 1440643396 ;
msgtype : event ;
latitude : 36.887802 ;
longitude : 118.770599 ;
precision : 40.000000 ;
location_x : 36.887802 ;
location_y : 118.770599 ;

2015-08-27 10:43:16 params :
------------
Array:
message : Array ;
module : default ;
rule : -1 ;

2015-08-27 10:43:16 response :
------------
Array:
errno : -1 ;
message : Invaild value ;

2015-08-27 10:43:18 trace :
------------
Array:
from : owAWYuI7k7UB28PPUMXn6avnYxu4 ;
to : gh_1f447c99463e ;
time : 1440643398 ;
type : trace ;
event : LOCATION ;
tousername : gh_1f447c99463e ;
fromusername : owAWYuI7k7UB28PPUMXn6avnYxu4 ;
createtime : 1440643398 ;
msgtype : event ;
latitude : 36.887844 ;
longitude : 118.770699 ;
precision : 40.000000 ;
location_x : 36.887844 ;
location_y : 118.770699 ;

2015-08-27 10:43:18 params :
------------
Array:
message : Array ;
module : default ;
rule : -1 ;

2015-08-27 10:43:18 response :
------------
Array:
errno : -1 ;
message : Invaild value ;

2015-08-27 10:43:18 trace :
------------
Array:
from : owAWYuI7k7UB28PPUMXn6avnYxu4 ;
to : gh_1f447c99463e ;
time : 1440643398 ;
type : event ;
event : VIEW ;
tousername : gh_1f447c99463e ;
fromusername : owAWYuI7k7UB28PPUMXn6avnYxu4 ;
createtime : 1440643398 ;
msgtype : event ;
eventkey : http://wx.nsyouxian.com/app/index.php?i=5&c=entry&eid=317 ;

2015-08-27 10:43:19 params :
------------
Array:
message : Array ;
module : basic ;
rule : 58 ;
priority : 0 ;
keyword : Array ;

2015-08-27 10:43:19 response :
------------
Array:
FromUserName : gh_1f447c99463e ;
ToUserName : owAWYuI7k7UB28PPUMXn6avnYxu4 ;
MsgType : text ;
Content : 您好,欢迎关注农圣优鲜微信公众号,如需帮助请咨询客服。 ;

2015-08-27 10:43:36 trace :
------------
Array:
from : owAWYuI7k7UB28PPUMXn6avnYxu4 ;
to : gh_1f447c99463e ;
time : 1440643416 ;
type : trace ;
event : LOCATION ;
tousername : gh_1f447c99463e ;
fromusername : owAWYuI7k7UB28PPUMXn6avnYxu4 ;
createtime : 1440643416 ;
msgtype : event ;
latitude : 36.887844 ;
longitude : 118.770699 ;
precision : 40.000000 ;
location_x : 36.887844 ;
location_y : 118.770699 ;

2015-08-27 10:43:36 params :
------------
Array:
message : Array ;
module : default ;
rule : -1 ;

2015-08-27 10:43:36 response :
------------
Array:
errno : -1 ;
message : Invaild value ;

2015-08-27 10:43:36 trace :
------------
Array:
from : owAWYuBQBgI9WsTpPOwm8HSxZEpE ;
to : gh_1f447c99463e ;
time : 1440643416 ;
type : event ;
event : VIEW ;
tousername : gh_1f447c99463e ;
fromusername : owAWYuBQBgI9WsTpPOwm8HSxZEpE ;
createtime : 1440643416 ;
msgtype : event ;
eventkey : http://wx.nsyouxian.com/app/index.php?i=5&c=entry&eid=317 ;

2015-08-27 10:43:36 params :
------------
Array:
message : Array ;
module : basic ;
rule : 58 ;
priority : 0 ;
keyword : Array ;

2015-08-27 10:43:36 response :
------------
Array:
FromUserName : gh_1f447c99463e ;
ToUserName : owAWYuBQBgI9WsTpPOwm8HSxZEpE ;
MsgType : text ;
Content : 您好,欢迎关注农圣优鲜微信公众号,如需帮助请咨询客服。 ;

2015-08-27 10:43:37 trace :
------------
Array:
from : owAWYuI7k7UB28PPUMXn6avnYxu4 ;
to : gh_1f447c99463e ;
time : 1440643417 ;
type : event ;
event : VIEW ;
tousername : gh_1f447c99463e ;
fromusername : owAWYuI7k7UB28PPUMXn6avnYxu4 ;
createtime : 1440643417 ;
msgtype : event ;
eventkey : http://wx.nsyouxian.com/app/index.php?i=5&c=entry&eid=317 ;

2015-08-27 10:43:38 params :
------------
Array:
message : Array ;
module : basic ;
rule : 58 ;
priority : 0 ;
keyword : Array ;

2015-08-27 10:43:38 response :
------------
Array:
FromUserName : gh_1f447c99463e ;
ToUserName : owAWYuI7k7UB28PPUMXn6avnYxu4 ;
MsgType : text ;
Content : 您好,欢迎关注农圣优鲜微信公众号,如需帮助请咨询客服。 ;

2015-08-27 10:43:57 trace :
------------
Array:
from : owAWYuBQBgI9WsTpPOwm8HSxZEpE ;
to : gh_1f447c99463e ;
time : 1440643437 ;
type : trace ;
event : LOCATION ;
tousername : gh_1f447c99463e ;
fromusername : owAWYuBQBgI9WsTpPOwm8HSxZEpE ;
createtime : 1440643437 ;
msgtype : event ;
latitude : 36.887844 ;
longitude : 118.770699 ;
precision : 40.000000 ;
location_x : 36.887844 ;
location_y : 118.770699 ;

2015-08-27 10:43:57 params :
------------
Array:
message : Array ;
module : default ;
rule : -1 ;

2015-08-27 10:43:57 response :
------------
Array:
errno : -1 ;
message : Invaild value ;

2015-08-27 10:43:59 trace :
------------
Array:
from : owAWYuBQBgI9WsTpPOwm8HSxZEpE ;
to : gh_1f447c99463e ;
time : 1440643439 ;
type : event ;
event : VIEW ;
tousername : gh_1f447c99463e ;
fromusername : owAWYuBQBgI9WsTpPOwm8HSxZEpE ;
createtime : 1440643439 ;
msgtype : event ;
eventkey : http://wx.nsyouxian.com/app/index.php?i=5&c=entry&eid=317 ;

2015-08-27 10:43:59 params :
------------
Array:
message : Array ;
module : basic ;
rule : 58 ;
priority : 0 ;
keyword : Array ;

2015-08-27 10:43:59 response :
------------
Array:
FromUserName : gh_1f447c99463e ;
ToUserName : owAWYuBQBgI9WsTpPOwm8HSxZEpE ;
MsgType : text ;
Content : 您好,欢迎关注农圣优鲜微信公众号,如需帮助请咨询客服。 ;

2015-08-27 10:47:18 trace :
------------
Array:
from : owAWYuI7k7UB28PPUMXn6avnYxu4 ;
to : gh_1f447c99463e ;
time : 1440643638 ;
type : trace ;
event : LOCATION ;
tousername : gh_1f447c99463e ;
fromusername : owAWYuI7k7UB28PPUMXn6avnYxu4 ;
createtime : 1440643638 ;
msgtype : event ;
latitude : 36.887829 ;
longitude : 118.770653 ;
precision : 40.000000 ;
location_x : 36.887829 ;
location_y : 118.770653 ;

2015-08-27 10:47:18 params :
------------
Array:
message : Array ;
module : default ;
rule : -1 ;

2015-08-27 10:47:18 response :
------------
Array:
errno : -1 ;
message : Invaild value ;

2015-08-27 10:47:19 trace :
------------
Array:
from : owAWYuI7k7UB28PPUMXn6avnYxu4 ;
to : gh_1f447c99463e ;
time : 1440643638 ;
type : event ;
event : VIEW ;
tousername : gh_1f447c99463e ;
fromusername : owAWYuI7k7UB28PPUMXn6avnYxu4 ;
createtime : 1440643638 ;
msgtype : event ;
eventkey : http://wx.nsyouxian.com/app/index.php?i=5&c=entry&eid=317 ;

2015-08-27 10:47:19 params :
------------
Array:
message : Array ;
module : basic ;
rule : 58 ;
priority : 0 ;
keyword : Array ;

2015-08-27 10:47:19 response :
------------
Array:
FromUserName : gh_1f447c99463e ;
ToUserName : owAWYuI7k7UB28PPUMXn6avnYxu4 ;
MsgType : text ;
Content : 您好,欢迎关注农圣优鲜微信公众号,如需帮助请咨询客服。 ;

2015-08-27 10:48:11 trace :
------------
Array:
from : owAWYuI7k7UB28PPUMXn6avnYxu4 ;
to : gh_1f447c99463e ;
time : 1440643691 ;
type : trace ;
event : LOCATION ;
tousername : gh_1f447c99463e ;
fromusername : owAWYuI7k7UB28PPUMXn6avnYxu4 ;
createtime : 1440643691 ;
msgtype : event ;
latitude : 36.887829 ;
longitude : 118.770653 ;
precision : 40.000000 ;
location_x : 36.887829 ;
location_y : 118.770653 ;

2015-08-27 10:48:11 params :
------------
Array:
message : Array ;
module : default ;
rule : -1 ;

2015-08-27 10:48:11 response :
------------
Array:
errno : -1 ;
message : Invaild value ;

2015-08-27 10:48:11 trace :
------------
Array:
from : owAWYuI7k7UB28PPUMXn6avnYxu4 ;
to : gh_1f447c99463e ;
time : 1440643691 ;
type : event ;
event : VIEW ;
tousername : gh_1f447c99463e ;
fromusername : owAWYuI7k7UB28PPUMXn6avnYxu4 ;
createtime : 1440643691 ;
msgtype : event ;
eventkey : http://wx.nsyouxian.com/app/index.php?i=5&c=entry&eid=317 ;

2015-08-27 10:48:11 params :
------------
Array:
message : Array ;
module : basic ;
rule : 58 ;
priority : 0 ;
keyword : Array ;

2015-08-27 10:48:11 response :
------------
Array:
FromUserName : gh_1f447c99463e ;
ToUserName : owAWYuI7k7UB28PPUMXn6avnYxu4 ;
MsgType : text ;
Content : 您好,欢迎关注农圣优鲜微信公众号,如需帮助请咨询客服。 ;

2015-08-27 10:48:49 trace :
------------
Array:
from : owAWYuBQBgI9WsTpPOwm8HSxZEpE ;
to : gh_1f447c99463e ;
time : 1440643729 ;
type : trace ;
event : LOCATION ;
tousername : gh_1f447c99463e ;
fromusername : owAWYuBQBgI9WsTpPOwm8HSxZEpE ;
createtime : 1440643729 ;
msgtype : event ;
latitude : 36.887802 ;
longitude : 118.770599 ;
precision : 40.000000 ;
location_x : 36.887802 ;
location_y : 118.770599 ;

2015-08-27 10:48:49 params :
------------
Array:
message : Array ;
module : default ;
rule : -1 ;

2015-08-27 10:48:49 response :
------------
Array:
errno : -1 ;
message : Invaild value ;

2015-08-27 10:49:17 trace :
------------
Array:
from : owAWYuBQBgI9WsTpPOwm8HSxZEpE ;
to : gh_1f447c99463e ;
time : 1440643757 ;
type : event ;
event : VIEW ;
tousername : gh_1f447c99463e ;
fromusername : owAWYuBQBgI9WsTpPOwm8HSxZEpE ;
createtime : 1440643757 ;
msgtype : event ;
eventkey : http://wx.nsyouxian.com/app/index.php?i=5&c=entry&eid=317 ;

2015-08-27 10:49:17 params :
------------
Array:
message : Array ;
module : basic ;
rule : 58 ;
priority : 0 ;
keyword : Array ;

2015-08-27 10:49:17 response :
------------
Array:
FromUserName : gh_1f447c99463e ;
ToUserName : owAWYuBQBgI9WsTpPOwm8HSxZEpE ;
MsgType : text ;
Content : 您好,欢迎关注农圣优鲜微信公众号,如需帮助请咨询客服。 ;

2015-08-27 10:50:31 trace :
------------
Array:
from : owAWYuBQBgI9WsTpPOwm8HSxZEpE ;
to : gh_1f447c99463e ;
time : 1440643831 ;
type : trace ;
event : LOCATION ;
tousername : gh_1f447c99463e ;
fromusername : owAWYuBQBgI9WsTpPOwm8HSxZEpE ;
createtime : 1440643831 ;
msgtype : event ;
latitude : 36.887802 ;
longitude : 118.770599 ;
precision : 40.000000 ;
location_x : 36.887802 ;
location_y : 118.770599 ;

2015-08-27 10:50:31 params :
------------
Array:
message : Array ;
module : default ;
rule : -1 ;

2015-08-27 10:50:31 response :
------------
Array:
errno : -1 ;
message : Invaild value ;

2015-08-27 10:50:50 trace :
------------
Array:
from : owAWYuBQBgI9WsTpPOwm8HSxZEpE ;
to : gh_1f447c99463e ;
time : 1440643850 ;
type : trace ;
event : LOCATION ;
tousername : gh_1f447c99463e ;
fromusername : owAWYuBQBgI9WsTpPOwm8HSxZEpE ;
createtime : 1440643850 ;
msgtype : event ;
latitude : 36.887802 ;
longitude : 118.770599 ;
precision : 40.000000 ;
location_x : 36.887802 ;
location_y : 118.770599 ;

2015-08-27 10:50:50 params :
------------
Array:
message : Array ;
module : default ;
rule : -1 ;

2015-08-27 10:50:50 response :
------------
Array:
errno : -1 ;
message : Invaild value ;

2015-08-27 10:51:13 trace :
------------
Array:
from : owAWYuBQBgI9WsTpPOwm8HSxZEpE ;
to : gh_1f447c99463e ;
time : 1440643873 ;
type : event ;
event : subscribe ;
tousername : gh_1f447c99463e ;
fromusername : owAWYuBQBgI9WsTpPOwm8HSxZEpE ;
createtime : 1440643873 ;
msgtype : event ;
eventkey :  ;

2015-08-27 10:51:13 params :
------------
Array:
message : Array ;
module : news ;
rule : 57 ;
priority : 0 ;
keyword : Array ;

2015-08-27 10:51:13 response :
------------
Array:
FromUserName : gh_1f447c99463e ;
ToUserName : owAWYuBQBgI9WsTpPOwm8HSxZEpE ;
MsgType : news ;
ArticleCount : 1 ;
Articles : Array ;

2015-08-27 10:51:14 trace :
------------
Array:
from : owAWYuBQBgI9WsTpPOwm8HSxZEpE ;
to : gh_1f447c99463e ;
time : 1440643874 ;
type : trace ;
event : LOCATION ;
tousername : gh_1f447c99463e ;
fromusername : owAWYuBQBgI9WsTpPOwm8HSxZEpE ;
createtime : 1440643874 ;
msgtype : event ;
latitude : 36.887821 ;
longitude : 118.770660 ;
precision : 40.000000 ;
location_x : 36.887821 ;
location_y : 118.770660 ;

2015-08-27 10:51:14 params :
------------
Array:
message : Array ;
module : default ;
rule : -1 ;

2015-08-27 10:51:14 response :
------------
Array:
errno : -1 ;
message : Invaild value ;

2015-08-27 10:51:16 trace :
------------
Array:
from : owAWYuBQBgI9WsTpPOwm8HSxZEpE ;
to : gh_1f447c99463e ;
time : 1440643876 ;
type : event ;
event : VIEW ;
tousername : gh_1f447c99463e ;
fromusername : owAWYuBQBgI9WsTpPOwm8HSxZEpE ;
createtime : 1440643876 ;
msgtype : event ;
eventkey : http://wx.nsyouxian.com/app/index.php?i=5&c=entry&eid=317 ;

2015-08-27 10:51:16 params :
------------
Array:
message : Array ;
module : basic ;
rule : 58 ;
priority : 0 ;
keyword : Array ;

2015-08-27 10:51:16 response :
------------
Array:
FromUserName : gh_1f447c99463e ;
ToUserName : owAWYuBQBgI9WsTpPOwm8HSxZEpE ;
MsgType : text ;
Content : 您好,欢迎关注农圣优鲜微信公众号,如需帮助请咨询客服。 ;

2015-08-27 11:05:03 trace :
------------
Array:
from : owAWYuI7k7UB28PPUMXn6avnYxu4 ;
to : gh_1f447c99463e ;
time : 1440644702 ;
type : event ;
event : VIEW ;
tousername : gh_1f447c99463e ;
fromusername : owAWYuI7k7UB28PPUMXn6avnYxu4 ;
createtime : 1440644702 ;
msgtype : event ;
eventkey : http://wx.nsyouxian.com/app/index.php?i=5&c=entry&eid=317 ;

2015-08-27 11:05:03 params :
------------
Array:
message : Array ;
module : basic ;
rule : 58 ;
priority : 0 ;
keyword : Array ;

2015-08-27 11:05:03 response :
------------
Array:
FromUserName : gh_1f447c99463e ;
ToUserName : owAWYuI7k7UB28PPUMXn6avnYxu4 ;
MsgType : text ;
Content : 您好,欢迎关注农圣优鲜微信公众号,如需帮助请咨询客服。 ;

2015-08-27 11:22:34 trace :
------------
Array:
from : owAWYuI7k7UB28PPUMXn6avnYxu4 ;
to : gh_1f447c99463e ;
time : 1440645754 ;
type : trace ;
event : LOCATION ;
tousername : gh_1f447c99463e ;
fromusername : owAWYuI7k7UB28PPUMXn6avnYxu4 ;
createtime : 1440645754 ;
msgtype : event ;
latitude : 36.887817 ;
longitude : 118.770638 ;
precision : 40.000000 ;
location_x : 36.887817 ;
location_y : 118.770638 ;

2015-08-27 11:22:34 params :
------------
Array:
message : Array ;
module : default ;
rule : -1 ;

2015-08-27 11:22:34 response :
------------
Array:
errno : -1 ;
message : Invaild value ;

2015-08-27 11:24:58 trace :
------------
Array:
from : owAWYuI7k7UB28PPUMXn6avnYxu4 ;
to : gh_1f447c99463e ;
time : 1440645897 ;
type : trace ;
event : LOCATION ;
tousername : gh_1f447c99463e ;
fromusername : owAWYuI7k7UB28PPUMXn6avnYxu4 ;
createtime : 1440645897 ;
msgtype : event ;
latitude : 36.887878 ;
longitude : 118.770607 ;
precision : 40.000000 ;
location_x : 36.887878 ;
location_y : 118.770607 ;

2015-08-27 11:24:58 params :
------------
Array:
message : Array ;
module : default ;
rule : -1 ;

2015-08-27 11:24:58 response :
------------
Array:
errno : -1 ;
message : Invaild value ;

2015-08-27 11:24:58 trace :
------------
Array:
from : owAWYuI7k7UB28PPUMXn6avnYxu4 ;
to : gh_1f447c99463e ;
time : 1440645898 ;
type : event ;
event : VIEW ;
tousername : gh_1f447c99463e ;
fromusername : owAWYuI7k7UB28PPUMXn6avnYxu4 ;
createtime : 1440645898 ;
msgtype : event ;
eventkey : http://wx.nsyouxian.com/app/index.php?i=5&c=entry&eid=317 ;

2015-08-27 11:24:58 params :
------------
Array:
message : Array ;
module : basic ;
rule : 58 ;
priority : 0 ;
keyword : Array ;

2015-08-27 11:24:58 response :
------------
Array:
FromUserName : gh_1f447c99463e ;
ToUserName : owAWYuI7k7UB28PPUMXn6avnYxu4 ;
MsgType : text ;
Content : 您好,欢迎关注农圣优鲜微信公众号,如需帮助请咨询客服。 ;

2015-08-27 11:50:20 trace :
------------
Array:
from : owAWYuI7k7UB28PPUMXn6avnYxu4 ;
to : gh_1f447c99463e ;
time : 1440647420 ;
type : event ;
event : VIEW ;
tousername : gh_1f447c99463e ;
fromusername : owAWYuI7k7UB28PPUMXn6avnYxu4 ;
createtime : 1440647420 ;
msgtype : event ;
eventkey : http://wx.nsyouxian.com/app/index.php?i=5&c=entry&eid=317 ;

2015-08-27 11:50:20 trace :
------------
Array:
from : owAWYuI7k7UB28PPUMXn6avnYxu4 ;
to : gh_1f447c99463e ;
time : 1440647420 ;
type : trace ;
event : LOCATION ;
tousername : gh_1f447c99463e ;
fromusername : owAWYuI7k7UB28PPUMXn6avnYxu4 ;
createtime : 1440647420 ;
msgtype : event ;
latitude : 36.887905 ;
longitude : 118.770630 ;
precision : 40.000000 ;
location_x : 36.887905 ;
location_y : 118.770630 ;

2015-08-27 11:50:20 params :
------------
Array:
message : Array ;
module : default ;
rule : -1 ;

2015-08-27 11:50:20 response :
------------
Array:
errno : -1 ;
message : Invaild value ;

2015-08-27 11:50:20 params :
------------
Array:
message : Array ;
module : basic ;
rule : 58 ;
priority : 0 ;
keyword : Array ;

2015-08-27 11:50:20 response :
------------
Array:
FromUserName : gh_1f447c99463e ;
ToUserName : owAWYuI7k7UB28PPUMXn6avnYxu4 ;
MsgType : text ;
Content : 您好,欢迎关注农圣优鲜微信公众号,如需帮助请咨询客服。 ;

2015-08-27 11:52:27 trace :
------------
Array:
from : owAWYuI7k7UB28PPUMXn6avnYxu4 ;
to : gh_1f447c99463e ;
time : 1440647546 ;
type : trace ;
event : LOCATION ;
tousername : gh_1f447c99463e ;
fromusername : owAWYuI7k7UB28PPUMXn6avnYxu4 ;
createtime : 1440647546 ;
msgtype : event ;
latitude : 36.887836 ;
longitude : 118.770592 ;
precision : 40.000000 ;
location_x : 36.887836 ;
location_y : 118.770592 ;

2015-08-27 11:52:27 params :
------------
Array:
message : Array ;
module : default ;
rule : -1 ;

2015-08-27 11:52:27 response :
------------
Array:
errno : -1 ;
message : Invaild value ;

2015-08-27 11:52:28 trace :
------------
Array:
from : owAWYuI7k7UB28PPUMXn6avnYxu4 ;
to : gh_1f447c99463e ;
time : 1440647547 ;
type : event ;
event : VIEW ;
tousername : gh_1f447c99463e ;
fromusername : owAWYuI7k7UB28PPUMXn6avnYxu4 ;
createtime : 1440647547 ;
msgtype : event ;
eventkey : http://wx.nsyouxian.com/app/index.php?i=5&c=entry&eid=317 ;

2015-08-27 11:52:28 params :
------------
Array:
message : Array ;
module : basic ;
rule : 58 ;
priority : 0 ;
keyword : Array ;

2015-08-27 11:52:28 response :
------------
Array:
FromUserName : gh_1f447c99463e ;
ToUserName : owAWYuI7k7UB28PPUMXn6avnYxu4 ;
MsgType : text ;
Content : 您好,欢迎关注农圣优鲜微信公众号,如需帮助请咨询客服。 ;

2015-08-27 11:52:32 trace :
------------
Array:
from : owAWYuI7k7UB28PPUMXn6avnYxu4 ;
to : gh_1f447c99463e ;
time : 1440647552 ;
type : trace ;
event : LOCATION ;
tousername : gh_1f447c99463e ;
fromusername : owAWYuI7k7UB28PPUMXn6avnYxu4 ;
createtime : 1440647552 ;
msgtype : event ;
latitude : 36.887836 ;
longitude : 118.770592 ;
precision : 40.000000 ;
location_x : 36.887836 ;
location_y : 118.770592 ;

2015-08-27 11:52:32 params :
------------
Array:
message : Array ;
module : default ;
rule : -1 ;

2015-08-27 11:52:32 response :
------------
Array:
errno : -1 ;
message : Invaild value ;

2015-08-27 11:53:47 trace :
------------
Array:
from : owAWYuI7k7UB28PPUMXn6avnYxu4 ;
to : gh_1f447c99463e ;
time : 1440647627 ;
type : trace ;
event : LOCATION ;
tousername : gh_1f447c99463e ;
fromusername : owAWYuI7k7UB28PPUMXn6avnYxu4 ;
createtime : 1440647627 ;
msgtype : event ;
latitude : 36.887878 ;
longitude : 118.770615 ;
precision : 40.000000 ;
location_x : 36.887878 ;
location_y : 118.770615 ;

2015-08-27 11:53:47 params :
------------
Array:
message : Array ;
module : default ;
rule : -1 ;

2015-08-27 11:53:47 response :
------------
Array:
errno : -1 ;
message : Invaild value ;

2015-08-27 14:42:30 trace :
------------
Array:
from : owAWYuI7k7UB28PPUMXn6avnYxu4 ;
to : gh_1f447c99463e ;
time : 1440657749 ;
type : trace ;
event : LOCATION ;
tousername : gh_1f447c99463e ;
fromusername : owAWYuI7k7UB28PPUMXn6avnYxu4 ;
createtime : 1440657749 ;
msgtype : event ;
latitude : 36.887833 ;
longitude : 118.770660 ;
precision : 40.000000 ;
location_x : 36.887833 ;
location_y : 118.770660 ;

2015-08-27 14:42:30 params :
------------
Array:
message : Array ;
module : default ;
rule : -1 ;

2015-08-27 14:42:30 response :
------------
Array:
errno : -1 ;
message : Invaild value ;

2015-08-27 14:42:31 trace :
------------
Array:
from : owAWYuI7k7UB28PPUMXn6avnYxu4 ;
to : gh_1f447c99463e ;
time : 1440657751 ;
type : event ;
event : VIEW ;
tousername : gh_1f447c99463e ;
fromusername : owAWYuI7k7UB28PPUMXn6avnYxu4 ;
createtime : 1440657751 ;
msgtype : event ;
eventkey : http://wx.nsyouxian.com/app/index.php?i=5&c=entry&eid=317 ;

2015-08-27 14:42:31 params :
------------
Array:
message : Array ;
module : basic ;
rule : 58 ;
priority : 0 ;
keyword : Array ;

2015-08-27 14:42:31 response :
------------
Array:
FromUserName : gh_1f447c99463e ;
ToUserName : owAWYuI7k7UB28PPUMXn6avnYxu4 ;
MsgType : text ;
Content : 您好,欢迎关注农圣优鲜微信公众号,如需帮助请咨询客服。 ;

2015-08-27 14:52:52 trace :
------------
Array:
from : owAWYuBQBgI9WsTpPOwm8HSxZEpE ;
to : gh_1f447c99463e ;
time : 1440658372 ;
type : event ;
event : VIEW ;
tousername : gh_1f447c99463e ;
fromusername : owAWYuBQBgI9WsTpPOwm8HSxZEpE ;
createtime : 1440658372 ;
msgtype : event ;
eventkey : http://wx.nsyouxian.com/app/index.php?i=5&c=entry&eid=317 ;

2015-08-27 14:52:53 params :
------------
Array:
message : Array ;
module : basic ;
rule : 58 ;
priority : 0 ;
keyword : Array ;

2015-08-27 14:52:53 response :
------------
Array:
FromUserName : gh_1f447c99463e ;
ToUserName : owAWYuBQBgI9WsTpPOwm8HSxZEpE ;
MsgType : text ;
Content : 您好,欢迎关注农圣优鲜微信公众号,如需帮助请咨询客服。 ;

2015-08-27 15:04:23 trace :
------------
Array:
from : owAWYuBQBgI9WsTpPOwm8HSxZEpE ;
to : gh_1f447c99463e ;
time : 1440659063 ;
type : event ;
event : VIEW ;
tousername : gh_1f447c99463e ;
fromusername : owAWYuBQBgI9WsTpPOwm8HSxZEpE ;
createtime : 1440659063 ;
msgtype : event ;
eventkey : http://wx.nsyouxian.com/app/index.php?i=5&c=entry&eid=317 ;

2015-08-27 15:04:23 params :
------------
Array:
message : Array ;
module : basic ;
rule : 58 ;
priority : 0 ;
keyword : Array ;

2015-08-27 15:04:23 response :
------------
Array:
FromUserName : gh_1f447c99463e ;
ToUserName : owAWYuBQBgI9WsTpPOwm8HSxZEpE ;
MsgType : text ;
Content : 您好,欢迎关注农圣优鲜微信公众号,如需帮助请咨询客服。 ;

2015-08-27 15:04:43 trace :
------------
Array:
from : owAWYuBQBgI9WsTpPOwm8HSxZEpE ;
to : gh_1f447c99463e ;
time : 1440659083 ;
type : event ;
event : VIEW ;
tousername : gh_1f447c99463e ;
fromusername : owAWYuBQBgI9WsTpPOwm8HSxZEpE ;
createtime : 1440659083 ;
msgtype : event ;
eventkey : http://wx.nsyouxian.com/app/index.php?i=5&c=entry&eid=317 ;

2015-08-27 15:04:43 params :
------------
Array:
message : Array ;
module : basic ;
rule : 58 ;
priority : 0 ;
keyword : Array ;

2015-08-27 15:04:43 response :
------------
Array:
FromUserName : gh_1f447c99463e ;
ToUserName : owAWYuBQBgI9WsTpPOwm8HSxZEpE ;
MsgType : text ;
Content : 您好,欢迎关注农圣优鲜微信公众号,如需帮助请咨询客服。 ;

2015-08-27 15:07:34 trace :
------------
Array:
from : owAWYuBQBgI9WsTpPOwm8HSxZEpE ;
to : gh_1f447c99463e ;
time : 1440659254 ;
type : event ;
event : VIEW ;
tousername : gh_1f447c99463e ;
fromusername : owAWYuBQBgI9WsTpPOwm8HSxZEpE ;
createtime : 1440659254 ;
msgtype : event ;
eventkey : http://wx.nsyouxian.com/app/index.php?i=5&c=entry&eid=317 ;

2015-08-27 15:07:34 params :
------------
Array:
message : Array ;
module : basic ;
rule : 58 ;
priority : 0 ;
keyword : Array ;

2015-08-27 15:07:34 response :
------------
Array:
FromUserName : gh_1f447c99463e ;
ToUserName : owAWYuBQBgI9WsTpPOwm8HSxZEpE ;
MsgType : text ;
Content : 您好,欢迎关注农圣优鲜微信公众号,如需帮助请咨询客服。 ;

2015-08-27 15:31:10 trace :
------------
Array:
from : owAWYuOr80K86dA_j_v4fx3ghXAw ;
to : gh_1f447c99463e ;
time : 1440660670 ;
type : trace ;
event : LOCATION ;
tousername : gh_1f447c99463e ;
fromusername : owAWYuOr80K86dA_j_v4fx3ghXAw ;
createtime : 1440660670 ;
msgtype : event ;
latitude : 36.861660 ;
longitude : 118.784996 ;
precision : 42.000000 ;
location_x : 36.861660 ;
location_y : 118.784996 ;

2015-08-27 15:31:10 params :
------------
Array:
message : Array ;
module : default ;
rule : -1 ;

2015-08-27 15:31:10 response :
------------
Array:
errno : -1 ;
message : Invaild value ;

2015-08-27 15:31:27 trace :
------------
Array:
from : owAWYuBQBgI9WsTpPOwm8HSxZEpE ;
to : gh_1f447c99463e ;
time : 1440660687 ;
type : event ;
event : VIEW ;
tousername : gh_1f447c99463e ;
fromusername : owAWYuBQBgI9WsTpPOwm8HSxZEpE ;
createtime : 1440660687 ;
msgtype : event ;
eventkey : http://wx.nsyouxian.com/app/index.php?i=5&c=entry&eid=317 ;

2015-08-27 15:31:27 params :
------------
Array:
message : Array ;
module : basic ;
rule : 58 ;
priority : 0 ;
keyword : Array ;

2015-08-27 15:31:27 response :
------------
Array:
FromUserName : gh_1f447c99463e ;
ToUserName : owAWYuBQBgI9WsTpPOwm8HSxZEpE ;
MsgType : text ;
Content : 您好,欢迎关注农圣优鲜微信公众号,如需帮助请咨询客服。 ;

2015-08-27 15:31:36 trace :
------------
Array:
from : owAWYuBQBgI9WsTpPOwm8HSxZEpE ;
to : gh_1f447c99463e ;
time : 1440660696 ;
type : event ;
event : VIEW ;
tousername : gh_1f447c99463e ;
fromusername : owAWYuBQBgI9WsTpPOwm8HSxZEpE ;
createtime : 1440660696 ;
msgtype : event ;
eventkey : http://wx.nsyouxian.com/app/index.php?i=5&c=entry&eid=317 ;

2015-08-27 15:31:36 params :
------------
Array:
message : Array ;
module : basic ;
rule : 58 ;
priority : 0 ;
keyword : Array ;

2015-08-27 15:31:36 response :
------------
Array:
FromUserName : gh_1f447c99463e ;
ToUserName : owAWYuBQBgI9WsTpPOwm8HSxZEpE ;
MsgType : text ;
Content : 您好,欢迎关注农圣优鲜微信公众号,如需帮助请咨询客服。 ;

2015-08-27 15:31:39 trace :
------------
Array:
from : owAWYuOr80K86dA_j_v4fx3ghXAw ;
to : gh_1f447c99463e ;
time : 1440660699 ;
type : trace ;
event : LOCATION ;
tousername : gh_1f447c99463e ;
fromusername : owAWYuOr80K86dA_j_v4fx3ghXAw ;
createtime : 1440660699 ;
msgtype : event ;
latitude : 36.861660 ;
longitude : 118.784996 ;
precision : 42.000000 ;
location_x : 36.861660 ;
location_y : 118.784996 ;

2015-08-27 15:31:39 params :
------------
Array:
message : Array ;
module : default ;
rule : -1 ;

2015-08-27 15:31:39 response :
------------
Array:
errno : -1 ;
message : Invaild value ;

2015-08-27 15:33:38 trace :
------------
Array:
from : owAWYuBQBgI9WsTpPOwm8HSxZEpE ;
to : gh_1f447c99463e ;
time : 1440660817 ;
type : event ;
event : VIEW ;
tousername : gh_1f447c99463e ;
fromusername : owAWYuBQBgI9WsTpPOwm8HSxZEpE ;
createtime : 1440660817 ;
msgtype : event ;
eventkey : http://wx.nsyouxian.com/app/index.php?i=5&c=entry&eid=317 ;

2015-08-27 15:33:38 params :
------------
Array:
message : Array ;
module : basic ;
rule : 58 ;
priority : 0 ;
keyword : Array ;

2015-08-27 15:33:38 response :
------------
Array:
FromUserName : gh_1f447c99463e ;
ToUserName : owAWYuBQBgI9WsTpPOwm8HSxZEpE ;
MsgType : text ;
Content : 您好,欢迎关注农圣优鲜微信公众号,如需帮助请咨询客服。 ;

2015-08-27 15:45:31 trace :
------------
Array:
from : owAWYuOr80K86dA_j_v4fx3ghXAw ;
to : gh_1f447c99463e ;
time : 1440661530 ;
type : trace ;
event : LOCATION ;
tousername : gh_1f447c99463e ;
fromusername : owAWYuOr80K86dA_j_v4fx3ghXAw ;
createtime : 1440661530 ;
msgtype : event ;
latitude : 36.861595 ;
longitude : 118.784554 ;
precision : 54.000000 ;
location_x : 36.861595 ;
location_y : 118.784554 ;

2015-08-27 15:45:31 params :
------------
Array:
message : Array ;
module : default ;
rule : -1 ;

2015-08-27 15:45:31 response :
------------
Array:
errno : -1 ;
message : Invaild value ;

2015-08-27 15:53:41 trace :
------------
Array:
from : owAWYuOr80K86dA_j_v4fx3ghXAw ;
to : gh_1f447c99463e ;
time : 1440662021 ;
type : trace ;
event : LOCATION ;
tousername : gh_1f447c99463e ;
fromusername : owAWYuOr80K86dA_j_v4fx3ghXAw ;
createtime : 1440662021 ;
msgtype : event ;
latitude : 36.861595 ;
longitude : 118.784554 ;
precision : 54.000000 ;
location_x : 36.861595 ;
location_y : 118.784554 ;

2015-08-27 15:53:41 params :
------------
Array:
message : Array ;
module : default ;
rule : -1 ;

2015-08-27 15:53:41 response :
------------
Array:
errno : -1 ;
message : Invaild value ;

2015-08-27 16:39:59 trace :
------------
Array:
from : owAWYuI7k7UB28PPUMXn6avnYxu4 ;
to : gh_1f447c99463e ;
time : 1440664798 ;
type : trace ;
event : LOCATION ;
tousername : gh_1f447c99463e ;
fromusername : owAWYuI7k7UB28PPUMXn6avnYxu4 ;
createtime : 1440664798 ;
msgtype : event ;
latitude : 36.867088 ;
longitude : 118.774757 ;
precision : 1290.000000 ;
location_x : 36.867088 ;
location_y : 118.774757 ;

2015-08-27 16:39:59 params :
------------
Array:
message : Array ;
module : default ;
rule : -1 ;

2015-08-27 16:39:59 response :
------------
Array:
errno : -1 ;
message : Invaild value ;

2015-08-27 16:41:54 trace :
------------
Array:
from : owAWYuI7k7UB28PPUMXn6avnYxu4 ;
to : gh_1f447c99463e ;
time : 1440664914 ;
type : trace ;
event : LOCATION ;
tousername : gh_1f447c99463e ;
fromusername : owAWYuI7k7UB28PPUMXn6avnYxu4 ;
createtime : 1440664914 ;
msgtype : event ;
latitude : 36.867088 ;
longitude : 118.774757 ;
precision : 1290.000000 ;
location_x : 36.867088 ;
location_y : 118.774757 ;

2015-08-27 16:41:54 params :
------------
Array:
message : Array ;
module : default ;
rule : -1 ;

2015-08-27 16:41:54 response :
------------
Array:
errno : -1 ;
message : Invaild value ;

