2015-09-22 10:56:57 trace :
------------
Array:
from : fromUser ;
to : toUser ;
time : 1442890617 ;
type : text ;
event :  ;
tousername : toUser ;
fromusername : fromUser ;
createtime : 1442890617 ;
msgtype : text ;
content : 分销 ;
msgid : 1234567890123456 ;
redirection :  ;
source :  ;

2015-09-22 10:56:57 params :
------------
Array:
message : Array ;
module : basic ;
rule : 58 ;
priority : 0 ;
keyword : Array ;

2015-09-22 10:56:57 response :
------------
Array:
FromUserName : toUser ;
ToUserName : fromUser ;
MsgType : text ;
Content : 您好,欢迎关注农圣优鲜微信公众号,如需帮助请咨询客服。 ;

2015-09-22 10:57:25 trace :
------------
Array:
from : fromUser ;
to : toUser ;
time : 1442890645 ;
type : text ;
event :  ;
tousername : toUser ;
fromusername : fromUser ;
createtime : 1442890645 ;
msgtype : text ;
content : 农圣优鲜微商城 ;
msgid : 1234567890123456 ;
redirection :  ;
source :  ;

2015-09-22 10:57:25 params :
------------
Array:
message : Array ;
module : cover ;
rule : 51 ;
priority : 0 ;
keyword : Array ;

2015-09-22 10:57:25 response :
------------
Array:
FromUserName : toUser ;
ToUserName : fromUser ;
MsgType : news ;
ArticleCount : 1 ;
Articles : Array ;

2015-09-22 10:58:17 trace :
------------
Array:
from : oYMr5txxGTWuMa82MQCzBsJMJIwM ;
to : gh_bbcd76ee3161 ;
time : 1442890696 ;
type : text ;
event :  ;
tousername : gh_bbcd76ee3161 ;
fromusername : oYMr5txxGTWuMa82MQCzBsJMJIwM ;
createtime : 1442890696 ;
msgtype : text ;
content : 农圣优鲜微官网 ;
msgid : 6197168351241231020 ;
redirection :  ;
source :  ;

2015-09-22 10:58:17 params :
------------
Array:
message : Array ;
module : basic ;
rule : 58 ;
priority : 0 ;
keyword : Array ;

2015-09-22 10:58:17 response :
------------
Array:
FromUserName : gh_bbcd76ee3161 ;
ToUserName : oYMr5txxGTWuMa82MQCzBsJMJIwM ;
MsgType : text ;
Content : 您好,欢迎关注农圣优鲜微信公众号,如需帮助请咨询客服。 ;

2015-09-22 10:58:36 trace :
------------
Array:
from : oYMr5txxGTWuMa82MQCzBsJMJIwM ;
to : gh_bbcd76ee3161 ;
time : 1442890715 ;
type : text ;
event :  ;
tousername : gh_bbcd76ee3161 ;
fromusername : oYMr5txxGTWuMa82MQCzBsJMJIwM ;
createtime : 1442890715 ;
msgtype : text ;
content : 农圣优鲜微商城 ;
msgid : 6197168432845609650 ;
redirection :  ;
source :  ;

2015-09-22 10:58:36 params :
------------
Array:
message : Array ;
module : cover ;
rule : 51 ;
priority : 0 ;
keyword : Array ;

2015-09-22 10:58:36 response :
------------
Array:
FromUserName : gh_bbcd76ee3161 ;
ToUserName : oYMr5txxGTWuMa82MQCzBsJMJIwM ;
MsgType : news ;
ArticleCount : 1 ;
Articles : Array ;

