2015-11-12 16:27:02 trace :
------------
Array:
from : oFF8fwcYgn8qz3nioJr1eq9b9Ivc ;
to : gh_a8a83d9305b8 ;
time : 1447316820 ;
type : event ;
event : VIEW ;
tousername : gh_a8a83d9305b8 ;
fromusername : oFF8fwcYgn8qz3nioJr1eq9b9Ivc ;
createtime : 1447316820 ;
msgtype : event ;
eventkey : http://wx.nsyouxian.com/app/index.php?i=5&c=entry&eid=317 ;

2015-11-12 16:27:02 params :
------------
Array:
message : Array ;
module : basic ;
rule : 58 ;
priority : 0 ;
keyword : Array ;

2015-11-12 16:27:02 response :
------------
Array:
FromUserName : gh_a8a83d9305b8 ;
ToUserName : oFF8fwcYgn8qz3nioJr1eq9b9Ivc ;
MsgType : text ;
Content : 您好,欢迎关注农圣优鲜微信公众号,如需帮助请咨询客服。 ;

