2015-09-17 14:26:32 trace :
------------
Array:
from : oYMr5tzDAQP8qt7WRn1eZ7_5Nosg ;
to : gh_bbcd76ee3161 ;
time : 1442471191 ;
type : event ;
event : subscribe ;
tousername : gh_bbcd76ee3161 ;
fromusername : oYMr5tzDAQP8qt7WRn1eZ7_5Nosg ;
createtime : 1442471191 ;
msgtype : event ;
eventkey :  ;

2015-09-17 14:26:32 params :
------------
Array:
message : Array ;
module : news ;
rule : 57 ;
priority : 0 ;
keyword : Array ;

2015-09-17 14:26:32 response :
------------
Array:
FromUserName : gh_bbcd76ee3161 ;
ToUserName : oYMr5tzDAQP8qt7WRn1eZ7_5Nosg ;
MsgType : news ;
ArticleCount : 1 ;
Articles : Array ;

