2015-09-01 23:17:52 trace :
------------
Array:
from : oYMr5t0FVVquA7mwETimNTyhqkIQ ;
to : gh_bbcd76ee3161 ;
time : 1441120671 ;
type : event ;
event : subscribe ;
tousername : gh_bbcd76ee3161 ;
fromusername : oYMr5t0FVVquA7mwETimNTyhqkIQ ;
createtime : 1441120671 ;
msgtype : event ;
eventkey :  ;

2015-09-01 23:17:53 params :
------------
Array:
message : Array ;
module : news ;
rule : 57 ;
priority : 0 ;
keyword : Array ;

2015-09-01 23:17:53 response :
------------
Array:
FromUserName : gh_bbcd76ee3161 ;
ToUserName : oYMr5t0FVVquA7mwETimNTyhqkIQ ;
MsgType : news ;
ArticleCount : 1 ;
Articles : Array ;

