2015-08-12 07:54:33 trace :
------------
Array:
from : fromUser ;
to : toUser ;
time : 1439339678 ;
type : text ;
event :  ;
tousername : toUser ;
fromusername : fromUser ;
createtime : 1439339678 ;
msgtype : text ;
content : 微商城 ;
msgid : 1234567890123456 ;
redirection :  ;
source :  ;

2015-08-12 07:54:33 params :
------------
Array:
message : Array ;
module : cover ;
rule : 37 ;
priority : 0 ;
keyword : Array ;

2015-08-12 07:54:33 response :
------------
Array:
FromUserName : toUser ;
ToUserName : fromUser ;
MsgType : news ;
ArticleCount : 1 ;
Articles : Array ;

2015-08-12 09:49:16 trace :
------------
Array:
from : fromUser ;
to : toUser ;
time : 1439346560 ;
type : text ;
event :  ;
tousername : toUser ;
fromusername : fromUser ;
createtime : 1439346560 ;
msgtype : text ;
content : 微商城 ;
msgid : 1234567890123456 ;
redirection :  ;
source :  ;

2015-08-12 09:49:16 params :
------------
Array:
message : Array ;
module : cover ;
rule : 37 ;
priority : 0 ;
keyword : Array ;

2015-08-12 09:49:16 response :
------------
Array:
FromUserName : toUser ;
ToUserName : fromUser ;
MsgType : news ;
ArticleCount : 1 ;
Articles : Array ;

2015-08-12 17:22:03 trace :
------------
Array:
from : fromUser ;
to : toUser ;
time : 1439373729 ;
type : text ;
event :  ;
tousername : toUser ;
fromusername : fromUser ;
createtime : 1439373729 ;
msgtype : text ;
content : 个人中心 ;
msgid : 1234567890123456 ;
redirection :  ;
source :  ;

2015-08-12 17:22:03 params :
------------
Array:
message : Array ;
module : cover ;
rule : 45 ;
priority : 0 ;
keyword : Array ;

2015-08-12 17:22:03 response :
------------
Array:
FromUserName : toUser ;
ToUserName : fromUser ;
MsgType : news ;
ArticleCount : 1 ;
Articles : Array ;

