2015-10-29 07:52:03 trace :
------------
Array:
from : fromUser ;
to : toUser ;
time : 1446076324 ;
type : text ;
event :  ;
tousername : toUser ;
fromusername : fromUser ;
createtime : 1446076324 ;
msgtype : text ;
content : 微商城 ;
msgid : 1234567890123456 ;
redirection :  ;
source :  ;

2015-10-29 07:52:03 params :
------------
Array:
message : Array ;
module : cover ;
rule : 51 ;
priority : 0 ;
keyword : Array ;

2015-10-29 07:52:03 response :
------------
Array:
FromUserName : toUser ;
ToUserName : fromUser ;
MsgType : news ;
ArticleCount : 1 ;
Articles : Array ;

2015-10-29 10:52:42 trace :
------------
Array:
from : oFF8fwf5JzJKJiaSG97C5OsaDeuY ;
to : gh_a8a83d9305b8 ;
time : 1446087161 ;
type : event ;
event : VIEW ;
tousername : gh_a8a83d9305b8 ;
fromusername : oFF8fwf5JzJKJiaSG97C5OsaDeuY ;
createtime : 1446087161 ;
msgtype : event ;
eventkey : http://wx.nsyouxian.com/app/index.php?i=5&c=entry&eid=317 ;

2015-10-29 10:52:42 params :
------------
Array:
message : Array ;
module : basic ;
rule : 58 ;
priority : 0 ;
keyword : Array ;

2015-10-29 10:52:42 response :
------------
Array:
FromUserName : gh_a8a83d9305b8 ;
ToUserName : oFF8fwf5JzJKJiaSG97C5OsaDeuY ;
MsgType : text ;
Content : 您好,欢迎关注农圣优鲜微信公众号,如需帮助请咨询客服。 ;

2015-10-29 10:53:22 trace :
------------
Array:
from : oFF8fwf5JzJKJiaSG97C5OsaDeuY ;
to : gh_a8a83d9305b8 ;
time : 1446087201 ;
type : event ;
event : VIEW ;
tousername : gh_a8a83d9305b8 ;
fromusername : oFF8fwf5JzJKJiaSG97C5OsaDeuY ;
createtime : 1446087201 ;
msgtype : event ;
eventkey : http://wx.nsyouxian.com/app/index.php?i=5&c=entry&eid=317 ;

2015-10-29 10:53:22 params :
------------
Array:
message : Array ;
module : basic ;
rule : 58 ;
priority : 0 ;
keyword : Array ;

2015-10-29 10:53:22 response :
------------
Array:
FromUserName : gh_a8a83d9305b8 ;
ToUserName : oFF8fwf5JzJKJiaSG97C5OsaDeuY ;
MsgType : text ;
Content : 您好,欢迎关注农圣优鲜微信公众号,如需帮助请咨询客服。 ;

2015-10-29 10:54:06 trace :
------------
Array:
from : oFF8fwf5JzJKJiaSG97C5OsaDeuY ;
to : gh_a8a83d9305b8 ;
time : 1446087245 ;
type : event ;
event : VIEW ;
tousername : gh_a8a83d9305b8 ;
fromusername : oFF8fwf5JzJKJiaSG97C5OsaDeuY ;
createtime : 1446087245 ;
msgtype : event ;
eventkey : http://wx.nsyouxian.com/app/index.php?i=5&c=entry&eid=317 ;

2015-10-29 10:54:06 params :
------------
Array:
message : Array ;
module : basic ;
rule : 58 ;
priority : 0 ;
keyword : Array ;

2015-10-29 10:54:06 response :
------------
Array:
FromUserName : gh_a8a83d9305b8 ;
ToUserName : oFF8fwf5JzJKJiaSG97C5OsaDeuY ;
MsgType : text ;
Content : 您好,欢迎关注农圣优鲜微信公众号,如需帮助请咨询客服。 ;

2015-10-29 10:54:20 trace :
------------
Array:
from : oFF8fwb08bK1vBfGxlK4SPJyezmc ;
to : gh_a8a83d9305b8 ;
time : 1446087260 ;
type : event ;
event : VIEW ;
tousername : gh_a8a83d9305b8 ;
fromusername : oFF8fwb08bK1vBfGxlK4SPJyezmc ;
createtime : 1446087260 ;
msgtype : event ;
eventkey : http://wx.nsyouxian.com/app/index.php?i=5&c=entry&eid=317 ;

2015-10-29 10:54:20 params :
------------
Array:
message : Array ;
module : basic ;
rule : 58 ;
priority : 0 ;
keyword : Array ;

2015-10-29 10:54:20 response :
------------
Array:
FromUserName : gh_a8a83d9305b8 ;
ToUserName : oFF8fwb08bK1vBfGxlK4SPJyezmc ;
MsgType : text ;
Content : 您好,欢迎关注农圣优鲜微信公众号,如需帮助请咨询客服。 ;

2015-10-29 10:55:09 trace :
------------
Array:
from : oFF8fwb08bK1vBfGxlK4SPJyezmc ;
to : gh_a8a83d9305b8 ;
time : 1446087309 ;
type : event ;
event : VIEW ;
tousername : gh_a8a83d9305b8 ;
fromusername : oFF8fwb08bK1vBfGxlK4SPJyezmc ;
createtime : 1446087309 ;
msgtype : event ;
eventkey : http://wx.nsyouxian.com/app/index.php?i=5&c=entry&eid=317 ;

2015-10-29 10:55:09 params :
------------
Array:
message : Array ;
module : basic ;
rule : 58 ;
priority : 0 ;
keyword : Array ;

2015-10-29 10:55:09 response :
------------
Array:
FromUserName : gh_a8a83d9305b8 ;
ToUserName : oFF8fwb08bK1vBfGxlK4SPJyezmc ;
MsgType : text ;
Content : 您好,欢迎关注农圣优鲜微信公众号,如需帮助请咨询客服。 ;

2015-10-29 10:59:10 trace :
------------
Array:
from : oFF8fwf5JzJKJiaSG97C5OsaDeuY ;
to : gh_a8a83d9305b8 ;
time : 1446087549 ;
type : event ;
event : VIEW ;
tousername : gh_a8a83d9305b8 ;
fromusername : oFF8fwf5JzJKJiaSG97C5OsaDeuY ;
createtime : 1446087549 ;
msgtype : event ;
eventkey : http://wx.nsyouxian.com/app/index.php?i=5&c=entry&eid=317 ;

2015-10-29 10:59:10 params :
------------
Array:
message : Array ;
module : basic ;
rule : 58 ;
priority : 0 ;
keyword : Array ;

2015-10-29 10:59:10 response :
------------
Array:
FromUserName : gh_a8a83d9305b8 ;
ToUserName : oFF8fwf5JzJKJiaSG97C5OsaDeuY ;
MsgType : text ;
Content : 您好,欢迎关注农圣优鲜微信公众号,如需帮助请咨询客服。 ;

2015-10-29 11:03:36 trace :
------------
Array:
from : oFF8fwb08bK1vBfGxlK4SPJyezmc ;
to : gh_a8a83d9305b8 ;
time : 1446087815 ;
type : event ;
event : VIEW ;
tousername : gh_a8a83d9305b8 ;
fromusername : oFF8fwb08bK1vBfGxlK4SPJyezmc ;
createtime : 1446087815 ;
msgtype : event ;
eventkey : http://wx.nsyouxian.com/app/index.php?i=5&c=entry&eid=317 ;

2015-10-29 11:03:36 params :
------------
Array:
message : Array ;
module : basic ;
rule : 58 ;
priority : 0 ;
keyword : Array ;

2015-10-29 11:03:36 response :
------------
Array:
FromUserName : gh_a8a83d9305b8 ;
ToUserName : oFF8fwb08bK1vBfGxlK4SPJyezmc ;
MsgType : text ;
Content : 您好,欢迎关注农圣优鲜微信公众号,如需帮助请咨询客服。 ;

2015-10-29 16:10:56 trace :
------------
Array:
from : oFF8fwb08bK1vBfGxlK4SPJyezmc ;
to : gh_a8a83d9305b8 ;
time : 1446106255 ;
type : event ;
event : VIEW ;
tousername : gh_a8a83d9305b8 ;
fromusername : oFF8fwb08bK1vBfGxlK4SPJyezmc ;
createtime : 1446106255 ;
msgtype : event ;
eventkey : http://wx.nsyouxian.com/app/index.php?i=5&c=entry&eid=317 ;

2015-10-29 16:10:56 params :
------------
Array:
message : Array ;
module : basic ;
rule : 58 ;
priority : 0 ;
keyword : Array ;

2015-10-29 16:10:56 response :
------------
Array:
FromUserName : gh_a8a83d9305b8 ;
ToUserName : oFF8fwb08bK1vBfGxlK4SPJyezmc ;
MsgType : text ;
Content : 您好,欢迎关注农圣优鲜微信公众号,如需帮助请咨询客服。 ;

2015-10-29 16:12:08 trace :
------------
Array:
from : oFF8fwb08bK1vBfGxlK4SPJyezmc ;
to : gh_a8a83d9305b8 ;
time : 1446106328 ;
type : event ;
event : VIEW ;
tousername : gh_a8a83d9305b8 ;
fromusername : oFF8fwb08bK1vBfGxlK4SPJyezmc ;
createtime : 1446106328 ;
msgtype : event ;
eventkey : http://wx.nsyouxian.com/app/index.php?i=5&c=entry&eid=317 ;

2015-10-29 16:12:08 params :
------------
Array:
message : Array ;
module : basic ;
rule : 58 ;
priority : 0 ;
keyword : Array ;

2015-10-29 16:12:08 response :
------------
Array:
FromUserName : gh_a8a83d9305b8 ;
ToUserName : oFF8fwb08bK1vBfGxlK4SPJyezmc ;
MsgType : text ;
Content : 您好,欢迎关注农圣优鲜微信公众号,如需帮助请咨询客服。 ;

2015-10-29 16:13:10 trace :
------------
Array:
from : oFF8fwb08bK1vBfGxlK4SPJyezmc ;
to : gh_a8a83d9305b8 ;
time : 1446106390 ;
type : event ;
event : VIEW ;
tousername : gh_a8a83d9305b8 ;
fromusername : oFF8fwb08bK1vBfGxlK4SPJyezmc ;
createtime : 1446106390 ;
msgtype : event ;
eventkey : http://wx.nsyouxian.com/app/index.php?i=5&c=entry&eid=317 ;

2015-10-29 16:13:10 params :
------------
Array:
message : Array ;
module : basic ;
rule : 58 ;
priority : 0 ;
keyword : Array ;

2015-10-29 16:13:10 response :
------------
Array:
FromUserName : gh_a8a83d9305b8 ;
ToUserName : oFF8fwb08bK1vBfGxlK4SPJyezmc ;
MsgType : text ;
Content : 您好,欢迎关注农圣优鲜微信公众号,如需帮助请咨询客服。 ;

