2015-07-20 11:09:58 trace :
------------
Array:
from : owAWYuI7k7UB28PPUMXn6avnYxu4 ;
to : gh_1f447c99463e ;
time : 1437364083 ;
type : event ;
event : subscribe ;
tousername : gh_1f447c99463e ;
fromusername : owAWYuI7k7UB28PPUMXn6avnYxu4 ;
createtime : 1437364083 ;
msgtype : event ;
eventkey :  ;

2015-07-20 11:09:59 params :
------------
Array:
rule : -2 ;
module :  ;
message : Array ;

2015-07-20 11:09:59 response :
------------

2015-07-20 11:12:25 trace :
------------
Array:
from : owAWYuI7k7UB28PPUMXn6avnYxu4 ;
to : gh_1f447c99463e ;
time : 1437364230 ;
type : text ;
event :  ;
tousername : gh_1f447c99463e ;
fromusername : owAWYuI7k7UB28PPUMXn6avnYxu4 ;
createtime : 1437364230 ;
msgtype : text ;
content : 你好 ;
msgid : 6173432360497509251 ;
redirection :  ;
source :  ;

2015-07-20 11:12:25 params :
------------
Array:
message : Array ;
module : basic ;
rule : 9 ;
priority : 0 ;
keyword : Array ;

2015-07-20 11:12:25 response :
------------
Array:
FromUserName : gh_1f447c99463e ;
ToUserName : owAWYuI7k7UB28PPUMXn6avnYxu4 ;
MsgType : text ;
Content : 你好啊 ;

2015-07-20 13:39:57 trace :
------------
Array:
from : owAWYuI7k7UB28PPUMXn6avnYxu4 ;
to : gh_1f447c99463e ;
time : 1437373082 ;
type : event ;
event : subscribe ;
tousername : gh_1f447c99463e ;
fromusername : owAWYuI7k7UB28PPUMXn6avnYxu4 ;
createtime : 1437373082 ;
msgtype : event ;
eventkey :  ;

2015-07-20 13:39:57 params :
------------
Array:
rule : -2 ;
module :  ;
message : Array ;

2015-07-20 13:39:57 response :
------------

2015-07-20 13:41:39 trace :
------------
Array:
from : owAWYuI7k7UB28PPUMXn6avnYxu4 ;
to : gh_1f447c99463e ;
time : 1437373179 ;
type : text ;
event :  ;
tousername : gh_1f447c99463e ;
fromusername : owAWYuI7k7UB28PPUMXn6avnYxu4 ;
createtime : 1437373179 ;
msgtype : text ;
content : 你好 ;
msgid : 6173470796159843631 ;
redirection :  ;
source :  ;

2015-07-20 13:41:39 params :
------------
Array:
message : Array ;
module : basic ;
rule : 9 ;
priority : 0 ;
keyword : Array ;

2015-07-20 13:41:39 response :
------------
Array:
FromUserName : gh_1f447c99463e ;
ToUserName : owAWYuI7k7UB28PPUMXn6avnYxu4 ;
MsgType : text ;
Content : 你好啊 ;

2015-07-20 13:42:31 trace :
------------
Array:
from : owAWYuI7k7UB28PPUMXn6avnYxu4 ;
to : gh_1f447c99463e ;
time : 1437373236 ;
type : event ;
event : subscribe ;
tousername : gh_1f447c99463e ;
fromusername : owAWYuI7k7UB28PPUMXn6avnYxu4 ;
createtime : 1437373236 ;
msgtype : event ;
eventkey :  ;

2015-07-20 13:42:31 params :
------------
Array:
rule : -2 ;
module :  ;
message : Array ;

2015-07-20 13:42:31 response :
------------

2015-07-20 13:45:47 trace :
------------
Array:
from : owAWYuI7k7UB28PPUMXn6avnYxu4 ;
to : gh_1f447c99463e ;
time : 1437373432 ;
type : event ;
event : subscribe ;
tousername : gh_1f447c99463e ;
fromusername : owAWYuI7k7UB28PPUMXn6avnYxu4 ;
createtime : 1437373432 ;
msgtype : event ;
eventkey :  ;

2015-07-20 13:45:47 params :
------------
Array:
rule : -2 ;
module :  ;
message : Array ;

2015-07-20 13:45:47 response :
------------

2015-07-20 13:48:28 trace :
------------
Array:
from : fromUser ;
to : toUser ;
time : 1437373609 ;
type : text ;
event :  ;
tousername : toUser ;
fromusername : fromUser ;
createtime : 1437373609 ;
msgtype : text ;
content : 你好 ;
msgid : 1234567890123456 ;
redirection :  ;
source :  ;

2015-07-20 13:48:28 params :
------------
Array:
message : Array ;
module : basic ;
rule : 9 ;
priority : 0 ;
keyword : Array ;

2015-07-20 13:48:28 response :
------------
Array:
FromUserName : toUser ;
ToUserName : fromUser ;
MsgType : text ;
Content : 你好啊 ;

2015-07-20 14:13:24 trace :
------------
Array:
from : owAWYuI7k7UB28PPUMXn6avnYxu4 ;
to : gh_1f447c99463e ;
time : 1437375089 ;
type : text ;
event :  ;
tousername : gh_1f447c99463e ;
fromusername : owAWYuI7k7UB28PPUMXn6avnYxu4 ;
createtime : 1437375089 ;
msgtype : text ;
content : 你好 ;
msgid : 6173478999547379476 ;
redirection :  ;
source :  ;

2015-07-20 14:13:24 params :
------------
Array:
message : Array ;
module : basic ;
rule : 9 ;
priority : 0 ;
keyword : Array ;

2015-07-20 14:13:24 response :
------------
Array:
FromUserName : gh_1f447c99463e ;
ToUserName : owAWYuI7k7UB28PPUMXn6avnYxu4 ;
MsgType : text ;
Content : 你好啊 ;

2015-07-20 14:13:57 trace :
------------
Array:
from : owAWYuI7k7UB28PPUMXn6avnYxu4 ;
to : gh_1f447c99463e ;
time : 1437375122 ;
type : text ;
event :  ;
tousername : gh_1f447c99463e ;
fromusername : owAWYuI7k7UB28PPUMXn6avnYxu4 ;
createtime : 1437375122 ;
msgtype : text ;
content : 帮主 ;
msgid : 6173479141281300254 ;
redirection :  ;
source :  ;

2015-07-20 14:13:57 params :
------------
Array:
message : Array ;
module : default ;
rule : -1 ;

2015-07-20 14:13:57 response :
------------
Array:
params : Array ;

2015-07-20 14:14:00 trace :
------------
Array:
from : owAWYuI7k7UB28PPUMXn6avnYxu4 ;
to : gh_1f447c99463e ;
time : 1437375125 ;
type : text ;
event :  ;
tousername : gh_1f447c99463e ;
fromusername : owAWYuI7k7UB28PPUMXn6avnYxu4 ;
createtime : 1437375125 ;
msgtype : text ;
content : 帮助 ;
msgid : 6173479154166202146 ;
redirection :  ;
source :  ;

2015-07-20 14:14:00 params :
------------
Array:
message : Array ;
module : basic ;
rule : 10 ;
priority : 0 ;
keyword : Array ;

2015-07-20 14:14:00 response :
------------
Array:
FromUserName : gh_1f447c99463e ;
ToUserName : owAWYuI7k7UB28PPUMXn6avnYxu4 ;
MsgType : text ;
Content : 帮助//////// ;

2015-07-20 14:38:29 trace :
------------
Array:
from : oZsdCs9ZxF2HtkvzsOeiXP9_LRJg ;
to : gh_78fddab627d0 ;
time : 1437376588 ;
type : text ;
event :  ;
tousername : gh_78fddab627d0 ;
fromusername : oZsdCs9ZxF2HtkvzsOeiXP9_LRJg ;
createtime : 1437376588 ;
msgtype : text ;
content : 你好 ;
msgid : 6173485437706175212 ;
redirection :  ;
source :  ;

2015-07-20 14:38:29 params :
------------
Array:
message : Array ;
module : basic ;
rule : 9 ;
priority : 0 ;
keyword : Array ;

2015-07-20 14:38:29 response :
------------
Array:
FromUserName : gh_78fddab627d0 ;
ToUserName : oZsdCs9ZxF2HtkvzsOeiXP9_LRJg ;
MsgType : text ;
Content : 你好啊 ;

2015-07-20 15:27:17 trace :
------------
Array:
from : owAWYuI7k7UB28PPUMXn6avnYxu4 ;
to : gh_1f447c99463e ;
time : 1437379521 ;
type : text ;
event :  ;
tousername : gh_1f447c99463e ;
fromusername : owAWYuI7k7UB28PPUMXn6avnYxu4 ;
createtime : 1437379521 ;
msgtype : text ;
content : 你好 ;
msgid : 6173498034842436781 ;
redirection :  ;
source :  ;

2015-07-20 15:27:17 params :
------------
Array:
message : Array ;
module : basic ;
rule : 9 ;
priority : 0 ;
keyword : Array ;

2015-07-20 15:27:17 response :
------------
Array:
FromUserName : gh_1f447c99463e ;
ToUserName : owAWYuI7k7UB28PPUMXn6avnYxu4 ;
MsgType : text ;
Content : 你好啊 ;

2015-07-20 15:28:12 trace :
------------
Array:
from : oZsdCs9ZxF2HtkvzsOeiXP9_LRJg ;
to : gh_78fddab627d0 ;
time : 1437379577 ;
type : text ;
event :  ;
tousername : gh_78fddab627d0 ;
fromusername : oZsdCs9ZxF2HtkvzsOeiXP9_LRJg ;
createtime : 1437379577 ;
msgtype : text ;
content : 帮助 ;
msgid : 6173498275363424684 ;
redirection :  ;
source :  ;

2015-07-20 15:28:12 params :
------------
Array:
message : Array ;
module : default ;
rule : -1 ;

2015-07-20 15:28:12 response :
------------
Array:
params : Array ;

2015-07-20 16:26:46 trace :
------------
Array:
from : oZsdCs9ZxF2HtkvzsOeiXP9_LRJg ;
to : gh_78fddab627d0 ;
time : 1437383091 ;
type : event ;
event : subscribe ;
tousername : gh_78fddab627d0 ;
fromusername : oZsdCs9ZxF2HtkvzsOeiXP9_LRJg ;
createtime : 1437383091 ;
msgtype : event ;
eventkey :  ;

2015-07-20 16:26:46 params :
------------
Array:
rule : -2 ;
module :  ;
message : Array ;

2015-07-20 16:26:46 response :
------------

2015-07-20 16:26:54 trace :
------------
Array:
from : oZsdCs9ZxF2HtkvzsOeiXP9_LRJg ;
to : gh_78fddab627d0 ;
time : 1437383099 ;
type : text ;
event :  ;
tousername : gh_78fddab627d0 ;
fromusername : oZsdCs9ZxF2HtkvzsOeiXP9_LRJg ;
createtime : 1437383099 ;
msgtype : text ;
content : 你好 ;
msgid : 6173513402238242838 ;
redirection :  ;
source :  ;

2015-07-20 16:26:54 params :
------------
Array:
rule : -2 ;
module :  ;
message : Array ;

2015-07-20 16:26:54 response :
------------

2015-07-20 16:38:59 trace :
------------
Array:
from : oZsdCs9ZxF2HtkvzsOeiXP9_LRJg ;
to : gh_78fddab627d0 ;
time : 1437383824 ;
type : event ;
event : subscribe ;
tousername : gh_78fddab627d0 ;
fromusername : oZsdCs9ZxF2HtkvzsOeiXP9_LRJg ;
createtime : 1437383824 ;
msgtype : event ;
eventkey :  ;

2015-07-20 16:38:59 params :
------------
Array:
rule : -2 ;
module :  ;
message : Array ;

2015-07-20 16:38:59 response :
------------

2015-07-20 16:39:04 trace :
------------
Array:
from : oZsdCs9ZxF2HtkvzsOeiXP9_LRJg ;
to : gh_78fddab627d0 ;
time : 1437383830 ;
type : text ;
event :  ;
tousername : gh_78fddab627d0 ;
fromusername : oZsdCs9ZxF2HtkvzsOeiXP9_LRJg ;
createtime : 1437383830 ;
msgtype : text ;
content : 你好 ;
msgid : 6173516541859336579 ;
redirection :  ;
source :  ;

2015-07-20 16:39:04 params :
------------
Array:
rule : -2 ;
module :  ;
message : Array ;

2015-07-20 16:39:04 response :
------------

2015-07-20 16:39:46 trace :
------------
Array:
from : oZsdCs9ZxF2HtkvzsOeiXP9_LRJg ;
to : gh_78fddab627d0 ;
time : 1437383871 ;
type : text ;
event :  ;
tousername : gh_78fddab627d0 ;
fromusername : oZsdCs9ZxF2HtkvzsOeiXP9_LRJg ;
createtime : 1437383871 ;
msgtype : text ;
content : 你好 ;
msgid : 6173516717952995741 ;
redirection :  ;
source :  ;

2015-07-20 16:39:46 params :
------------
Array:
message : Array ;
module : basic ;
rule : 11 ;
priority : 0 ;
keyword : Array ;

2015-07-20 16:39:46 response :
------------
Array:
FromUserName : gh_78fddab627d0 ;
ToUserName : oZsdCs9ZxF2HtkvzsOeiXP9_LRJg ;
MsgType : text ;
Content : 你好,这里是检测中心 ;

2015-07-20 17:10:17 trace :
------------
Array:
from : owAWYuI7k7UB28PPUMXn6avnYxu4 ;
to : gh_1f447c99463e ;
time : 1437385697 ;
type : event ;
event : subscribe ;
tousername : gh_1f447c99463e ;
fromusername : owAWYuI7k7UB28PPUMXn6avnYxu4 ;
createtime : 1437385697 ;
msgtype : event ;
eventkey :  ;

2015-07-20 17:10:17 params :
------------
Array:
message : Array ;
module : default ;
rule : -1 ;

2015-07-20 17:10:17 response :
------------
Array:
params : Array ;

2015-07-20 17:10:20 trace :
------------
Array:
from : owAWYuI7k7UB28PPUMXn6avnYxu4 ;
to : gh_1f447c99463e ;
time : 1437385705 ;
type : text ;
event :  ;
tousername : gh_1f447c99463e ;
fromusername : owAWYuI7k7UB28PPUMXn6avnYxu4 ;
createtime : 1437385705 ;
msgtype : text ;
content : 你好 ;
msgid : 6173524594920196521 ;
redirection :  ;
source :  ;

2015-07-20 17:10:20 params :
------------
Array:
message : Array ;
module : default ;
rule : -1 ;

2015-07-20 17:10:20 response :
------------
Array:
params : Array ;

2015-07-20 17:12:55 trace :
------------
Array:
from : owAWYuI7k7UB28PPUMXn6avnYxu4 ;
to : gh_1f447c99463e ;
time : 1437385860 ;
type : text ;
event :  ;
tousername : gh_1f447c99463e ;
fromusername : owAWYuI7k7UB28PPUMXn6avnYxu4 ;
createtime : 1437385860 ;
msgtype : text ;
content : 你好 ;
msgid : 6173525260640127430 ;
redirection :  ;
source :  ;

2015-07-20 17:12:55 params :
------------
Array:
message : Array ;
module : basic ;
rule : 12 ;
priority : 0 ;
keyword : Array ;

2015-07-20 17:12:55 response :
------------
Array:
FromUserName : gh_1f447c99463e ;
ToUserName : owAWYuI7k7UB28PPUMXn6avnYxu4 ;
MsgType : text ;
Content : 你好,这里是检测中心 ;

2015-07-20 17:15:32 trace :
------------
Array:
from : owAWYuI7k7UB28PPUMXn6avnYxu4 ;
to : gh_1f447c99463e ;
time : 1437386017 ;
type : text ;
event :  ;
tousername : gh_1f447c99463e ;
fromusername : owAWYuI7k7UB28PPUMXn6avnYxu4 ;
createtime : 1437386017 ;
msgtype : text ;
content : ， ;
msgid : 6173525934949992946 ;
redirection :  ;
source :  ;

2015-07-20 17:15:32 params :
------------
Array:
message : Array ;
module : basic ;
rule : 13 ;
priority : 0 ;
keyword : Array ;

2015-07-20 17:15:32 response :
------------
Array:
FromUserName : gh_1f447c99463e ;
ToUserName : owAWYuI7k7UB28PPUMXn6avnYxu4 ;
MsgType : text ;
Content : 功能维护中,请稍后再试 ;

