2015-10-28 08:15:19 trace :
------------
Array:
from : fromUser ;
to : toUser ;
time : 1445991319 ;
type : text ;
event :  ;
tousername : toUser ;
fromusername : fromUser ;
createtime : 1445991319 ;
msgtype : text ;
content : 微商城 ;
msgid : 1234567890123456 ;
redirection :  ;
source :  ;

2015-10-28 08:15:19 params :
------------
Array:
message : Array ;
module : cover ;
rule : 51 ;
priority : 0 ;
keyword : Array ;

2015-10-28 08:15:19 response :
------------
Array:
FromUserName : toUser ;
ToUserName : fromUser ;
MsgType : news ;
ArticleCount : 1 ;
Articles : Array ;

2015-10-28 08:23:22 trace :
------------
Array:
from : fromUser ;
to : toUser ;
time : 1445991802 ;
type : text ;
event :  ;
tousername : toUser ;
fromusername : fromUser ;
createtime : 1445991802 ;
msgtype : text ;
content : 微商城 ;
msgid : 1234567890123456 ;
redirection :  ;
source :  ;

2015-10-28 08:23:22 params :
------------
Array:
message : Array ;
module : cover ;
rule : 51 ;
priority : 0 ;
keyword : Array ;

2015-10-28 08:23:22 response :
------------
Array:
FromUserName : toUser ;
ToUserName : fromUser ;
MsgType : news ;
ArticleCount : 1 ;
Articles : Array ;

2015-10-28 08:24:19 trace :
------------
Array:
from : oFF8fwb08bK1vBfGxlK4SPJyezmc ;
to : gh_a8a83d9305b8 ;
time : 1445991859 ;
type : event ;
event : VIEW ;
tousername : gh_a8a83d9305b8 ;
fromusername : oFF8fwb08bK1vBfGxlK4SPJyezmc ;
createtime : 1445991859 ;
msgtype : event ;
eventkey : http://wx.nsyouxian.com/app/index.php?i=5&c=entry&eid=317 ;

2015-10-28 08:24:19 params :
------------
Array:
message : Array ;
module : basic ;
rule : 58 ;
priority : 0 ;
keyword : Array ;

2015-10-28 08:24:19 response :
------------
Array:
FromUserName : gh_a8a83d9305b8 ;
ToUserName : oFF8fwb08bK1vBfGxlK4SPJyezmc ;
MsgType : text ;
Content : 您好,欢迎关注农圣优鲜微信公众号,如需帮助请咨询客服。 ;

2015-10-28 08:35:10 trace :
------------
Array:
from : oFF8fwcDOWR02bL9KWj78n6eYm30 ;
to : gh_a8a83d9305b8 ;
time : 1445992510 ;
type : event ;
event : VIEW ;
tousername : gh_a8a83d9305b8 ;
fromusername : oFF8fwcDOWR02bL9KWj78n6eYm30 ;
createtime : 1445992510 ;
msgtype : event ;
eventkey : http://wx.nsyouxian.com/app/index.php?i=5&c=entry&eid=317 ;

2015-10-28 08:35:10 params :
------------
Array:
message : Array ;
module : basic ;
rule : 58 ;
priority : 0 ;
keyword : Array ;

2015-10-28 08:35:10 response :
------------
Array:
FromUserName : gh_a8a83d9305b8 ;
ToUserName : oFF8fwcDOWR02bL9KWj78n6eYm30 ;
MsgType : text ;
Content : 您好,欢迎关注农圣优鲜微信公众号,如需帮助请咨询客服。 ;

2015-10-28 09:03:54 trace :
------------
Array:
from : oFF8fwf5JzJKJiaSG97C5OsaDeuY ;
to : gh_a8a83d9305b8 ;
time : 1445994234 ;
type : event ;
event : subscribe ;
tousername : gh_a8a83d9305b8 ;
fromusername : oFF8fwf5JzJKJiaSG97C5OsaDeuY ;
createtime : 1445994234 ;
msgtype : event ;
eventkey :  ;

2015-10-28 09:03:54 params :
------------
Array:
message : Array ;
module : news ;
rule : 57 ;
priority : 0 ;
keyword : Array ;

2015-10-28 09:03:54 response :
------------
Array:
FromUserName : gh_a8a83d9305b8 ;
ToUserName : oFF8fwf5JzJKJiaSG97C5OsaDeuY ;
MsgType : news ;
ArticleCount : 1 ;
Articles : Array ;

2015-10-28 09:03:59 trace :
------------
Array:
from : oFF8fwf5JzJKJiaSG97C5OsaDeuY ;
to : gh_a8a83d9305b8 ;
time : 1445994239 ;
type : event ;
event : VIEW ;
tousername : gh_a8a83d9305b8 ;
fromusername : oFF8fwf5JzJKJiaSG97C5OsaDeuY ;
createtime : 1445994239 ;
msgtype : event ;
eventkey : http://wx.nsyouxian.com/app/index.php?i=5&c=entry&eid=317 ;

2015-10-28 09:03:59 params :
------------
Array:
message : Array ;
module : basic ;
rule : 58 ;
priority : 0 ;
keyword : Array ;

2015-10-28 09:03:59 response :
------------
Array:
FromUserName : gh_a8a83d9305b8 ;
ToUserName : oFF8fwf5JzJKJiaSG97C5OsaDeuY ;
MsgType : text ;
Content : 您好,欢迎关注农圣优鲜微信公众号,如需帮助请咨询客服。 ;

2015-10-28 09:06:01 trace :
------------
Array:
from : oFF8fwcDOWR02bL9KWj78n6eYm30 ;
to : gh_a8a83d9305b8 ;
time : 1445994361 ;
type : event ;
event : VIEW ;
tousername : gh_a8a83d9305b8 ;
fromusername : oFF8fwcDOWR02bL9KWj78n6eYm30 ;
createtime : 1445994361 ;
msgtype : event ;
eventkey : http://wx.nsyouxian.com/app/index.php?i=5&c=entry&eid=317 ;

2015-10-28 09:06:01 params :
------------
Array:
message : Array ;
module : basic ;
rule : 58 ;
priority : 0 ;
keyword : Array ;

2015-10-28 09:06:01 response :
------------
Array:
FromUserName : gh_a8a83d9305b8 ;
ToUserName : oFF8fwcDOWR02bL9KWj78n6eYm30 ;
MsgType : text ;
Content : 您好,欢迎关注农圣优鲜微信公众号,如需帮助请咨询客服。 ;

2015-10-28 09:08:03 trace :
------------
Array:
from : oFF8fwf5JzJKJiaSG97C5OsaDeuY ;
to : gh_a8a83d9305b8 ;
time : 1445994483 ;
type : event ;
event : VIEW ;
tousername : gh_a8a83d9305b8 ;
fromusername : oFF8fwf5JzJKJiaSG97C5OsaDeuY ;
createtime : 1445994483 ;
msgtype : event ;
eventkey : http://wx.nsyouxian.com/app/index.php?i=5&c=entry&eid=317 ;

2015-10-28 09:08:03 params :
------------
Array:
message : Array ;
module : basic ;
rule : 58 ;
priority : 0 ;
keyword : Array ;

2015-10-28 09:08:03 response :
------------
Array:
FromUserName : gh_a8a83d9305b8 ;
ToUserName : oFF8fwf5JzJKJiaSG97C5OsaDeuY ;
MsgType : text ;
Content : 您好,欢迎关注农圣优鲜微信公众号,如需帮助请咨询客服。 ;

2015-10-28 09:09:13 trace :
------------
Array:
from : oFF8fwf5JzJKJiaSG97C5OsaDeuY ;
to : gh_a8a83d9305b8 ;
time : 1445994553 ;
type : event ;
event : VIEW ;
tousername : gh_a8a83d9305b8 ;
fromusername : oFF8fwf5JzJKJiaSG97C5OsaDeuY ;
createtime : 1445994553 ;
msgtype : event ;
eventkey : http://wx.nsyouxian.com/app/index.php?i=5&c=entry&eid=317 ;

2015-10-28 09:09:13 params :
------------
Array:
message : Array ;
module : basic ;
rule : 58 ;
priority : 0 ;
keyword : Array ;

2015-10-28 09:09:13 response :
------------
Array:
FromUserName : gh_a8a83d9305b8 ;
ToUserName : oFF8fwf5JzJKJiaSG97C5OsaDeuY ;
MsgType : text ;
Content : 您好,欢迎关注农圣优鲜微信公众号,如需帮助请咨询客服。 ;

2015-10-28 09:16:59 trace :
------------
Array:
from : oFF8fwf5JzJKJiaSG97C5OsaDeuY ;
to : gh_a8a83d9305b8 ;
time : 1445995018 ;
type : event ;
event : VIEW ;
tousername : gh_a8a83d9305b8 ;
fromusername : oFF8fwf5JzJKJiaSG97C5OsaDeuY ;
createtime : 1445995018 ;
msgtype : event ;
eventkey : http://wx.nsyouxian.com/app/index.php?i=5&c=entry&eid=317 ;

2015-10-28 09:16:59 params :
------------
Array:
message : Array ;
module : basic ;
rule : 58 ;
priority : 0 ;
keyword : Array ;

2015-10-28 09:16:59 response :
------------
Array:
FromUserName : gh_a8a83d9305b8 ;
ToUserName : oFF8fwf5JzJKJiaSG97C5OsaDeuY ;
MsgType : text ;
Content : 您好,欢迎关注农圣优鲜微信公众号,如需帮助请咨询客服。 ;

2015-10-28 09:26:28 trace :
------------
Array:
from : oFF8fwf5JzJKJiaSG97C5OsaDeuY ;
to : gh_a8a83d9305b8 ;
time : 1445995588 ;
type : event ;
event : VIEW ;
tousername : gh_a8a83d9305b8 ;
fromusername : oFF8fwf5JzJKJiaSG97C5OsaDeuY ;
createtime : 1445995588 ;
msgtype : event ;
eventkey : http://wx.nsyouxian.com/app/index.php?i=5&c=entry&eid=317 ;

2015-10-28 09:26:28 params :
------------
Array:
message : Array ;
module : basic ;
rule : 58 ;
priority : 0 ;
keyword : Array ;

2015-10-28 09:26:28 response :
------------
Array:
FromUserName : gh_a8a83d9305b8 ;
ToUserName : oFF8fwf5JzJKJiaSG97C5OsaDeuY ;
MsgType : text ;
Content : 您好,欢迎关注农圣优鲜微信公众号,如需帮助请咨询客服。 ;

2015-10-28 09:29:47 trace :
------------
Array:
from : oFF8fwf5JzJKJiaSG97C5OsaDeuY ;
to : gh_a8a83d9305b8 ;
time : 1445995787 ;
type : event ;
event : VIEW ;
tousername : gh_a8a83d9305b8 ;
fromusername : oFF8fwf5JzJKJiaSG97C5OsaDeuY ;
createtime : 1445995787 ;
msgtype : event ;
eventkey : http://wx.nsyouxian.com/app/index.php?i=5&c=entry&eid=317 ;

2015-10-28 09:29:47 params :
------------
Array:
message : Array ;
module : basic ;
rule : 58 ;
priority : 0 ;
keyword : Array ;

2015-10-28 09:29:47 response :
------------
Array:
FromUserName : gh_a8a83d9305b8 ;
ToUserName : oFF8fwf5JzJKJiaSG97C5OsaDeuY ;
MsgType : text ;
Content : 您好,欢迎关注农圣优鲜微信公众号,如需帮助请咨询客服。 ;

2015-10-28 16:28:57 trace :
------------
Array:
from : oFF8fwb08bK1vBfGxlK4SPJyezmc ;
to : gh_a8a83d9305b8 ;
time : 1446020936 ;
type : event ;
event : VIEW ;
tousername : gh_a8a83d9305b8 ;
fromusername : oFF8fwb08bK1vBfGxlK4SPJyezmc ;
createtime : 1446020936 ;
msgtype : event ;
eventkey : http://wx.nsyouxian.com/app/index.php?i=5&c=entry&eid=317 ;

2015-10-28 16:28:57 params :
------------
Array:
message : Array ;
module : basic ;
rule : 58 ;
priority : 0 ;
keyword : Array ;

2015-10-28 16:28:57 response :
------------
Array:
FromUserName : gh_a8a83d9305b8 ;
ToUserName : oFF8fwb08bK1vBfGxlK4SPJyezmc ;
MsgType : text ;
Content : 您好,欢迎关注农圣优鲜微信公众号,如需帮助请咨询客服。 ;

2015-10-28 16:45:18 trace :
------------
Array:
from : oFF8fwb08bK1vBfGxlK4SPJyezmc ;
to : gh_a8a83d9305b8 ;
time : 1446021918 ;
type : event ;
event : VIEW ;
tousername : gh_a8a83d9305b8 ;
fromusername : oFF8fwb08bK1vBfGxlK4SPJyezmc ;
createtime : 1446021918 ;
msgtype : event ;
eventkey : http://wx.nsyouxian.com/app/index.php?i=5&c=entry&eid=317 ;

2015-10-28 16:45:18 params :
------------
Array:
message : Array ;
module : basic ;
rule : 58 ;
priority : 0 ;
keyword : Array ;

2015-10-28 16:45:18 response :
------------
Array:
FromUserName : gh_a8a83d9305b8 ;
ToUserName : oFF8fwb08bK1vBfGxlK4SPJyezmc ;
MsgType : text ;
Content : 您好,欢迎关注农圣优鲜微信公众号,如需帮助请咨询客服。 ;

2015-10-28 16:45:24 trace :
------------
Array:
from : oFF8fwf5JzJKJiaSG97C5OsaDeuY ;
to : gh_a8a83d9305b8 ;
time : 1446021924 ;
type : event ;
event : VIEW ;
tousername : gh_a8a83d9305b8 ;
fromusername : oFF8fwf5JzJKJiaSG97C5OsaDeuY ;
createtime : 1446021924 ;
msgtype : event ;
eventkey : http://wx.nsyouxian.com/app/index.php?i=5&c=entry&eid=317 ;

2015-10-28 16:45:24 params :
------------
Array:
message : Array ;
module : basic ;
rule : 58 ;
priority : 0 ;
keyword : Array ;

2015-10-28 16:45:24 response :
------------
Array:
FromUserName : gh_a8a83d9305b8 ;
ToUserName : oFF8fwf5JzJKJiaSG97C5OsaDeuY ;
MsgType : text ;
Content : 您好,欢迎关注农圣优鲜微信公众号,如需帮助请咨询客服。 ;

2015-10-28 16:45:34 trace :
------------
Array:
from : oFF8fwf5JzJKJiaSG97C5OsaDeuY ;
to : gh_a8a83d9305b8 ;
time : 1446021934 ;
type : event ;
event : VIEW ;
tousername : gh_a8a83d9305b8 ;
fromusername : oFF8fwf5JzJKJiaSG97C5OsaDeuY ;
createtime : 1446021934 ;
msgtype : event ;
eventkey : http://wx.nsyouxian.com/app/index.php?i=5&c=entry&eid=317 ;

2015-10-28 16:45:34 params :
------------
Array:
message : Array ;
module : basic ;
rule : 58 ;
priority : 0 ;
keyword : Array ;

2015-10-28 16:45:34 response :
------------
Array:
FromUserName : gh_a8a83d9305b8 ;
ToUserName : oFF8fwf5JzJKJiaSG97C5OsaDeuY ;
MsgType : text ;
Content : 您好,欢迎关注农圣优鲜微信公众号,如需帮助请咨询客服。 ;

2015-10-28 16:46:47 trace :
------------
Array:
from : oFF8fwf5JzJKJiaSG97C5OsaDeuY ;
to : gh_a8a83d9305b8 ;
time : 1446022007 ;
type : event ;
event : VIEW ;
tousername : gh_a8a83d9305b8 ;
fromusername : oFF8fwf5JzJKJiaSG97C5OsaDeuY ;
createtime : 1446022007 ;
msgtype : event ;
eventkey : http://wx.nsyouxian.com/app/index.php?i=5&c=entry&eid=317 ;

2015-10-28 16:46:47 params :
------------
Array:
message : Array ;
module : basic ;
rule : 58 ;
priority : 0 ;
keyword : Array ;

2015-10-28 16:46:47 response :
------------
Array:
FromUserName : gh_a8a83d9305b8 ;
ToUserName : oFF8fwf5JzJKJiaSG97C5OsaDeuY ;
MsgType : text ;
Content : 您好,欢迎关注农圣优鲜微信公众号,如需帮助请咨询客服。 ;

2015-10-28 16:48:23 trace :
------------
Array:
from : oFF8fwcDOWR02bL9KWj78n6eYm30 ;
to : gh_a8a83d9305b8 ;
time : 1446022103 ;
type : event ;
event : VIEW ;
tousername : gh_a8a83d9305b8 ;
fromusername : oFF8fwcDOWR02bL9KWj78n6eYm30 ;
createtime : 1446022103 ;
msgtype : event ;
eventkey : http://wx.nsyouxian.com/app/index.php?i=5&c=entry&eid=317 ;

2015-10-28 16:48:23 params :
------------
Array:
message : Array ;
module : basic ;
rule : 58 ;
priority : 0 ;
keyword : Array ;

2015-10-28 16:48:23 response :
------------
Array:
FromUserName : gh_a8a83d9305b8 ;
ToUserName : oFF8fwcDOWR02bL9KWj78n6eYm30 ;
MsgType : text ;
Content : 您好,欢迎关注农圣优鲜微信公众号,如需帮助请咨询客服。 ;

2015-10-28 16:51:48 trace :
------------
Array:
from : oFF8fwcDOWR02bL9KWj78n6eYm30 ;
to : gh_a8a83d9305b8 ;
time : 1446022308 ;
type : event ;
event : VIEW ;
tousername : gh_a8a83d9305b8 ;
fromusername : oFF8fwcDOWR02bL9KWj78n6eYm30 ;
createtime : 1446022308 ;
msgtype : event ;
eventkey : http://wx.nsyouxian.com/app/index.php?i=5&c=entry&eid=317 ;

2015-10-28 16:51:48 params :
------------
Array:
message : Array ;
module : basic ;
rule : 58 ;
priority : 0 ;
keyword : Array ;

2015-10-28 16:51:48 response :
------------
Array:
FromUserName : gh_a8a83d9305b8 ;
ToUserName : oFF8fwcDOWR02bL9KWj78n6eYm30 ;
MsgType : text ;
Content : 您好,欢迎关注农圣优鲜微信公众号,如需帮助请咨询客服。 ;

2015-10-28 16:55:41 trace :
------------
Array:
from : oFF8fwcDOWR02bL9KWj78n6eYm30 ;
to : gh_a8a83d9305b8 ;
time : 1446022541 ;
type : event ;
event : VIEW ;
tousername : gh_a8a83d9305b8 ;
fromusername : oFF8fwcDOWR02bL9KWj78n6eYm30 ;
createtime : 1446022541 ;
msgtype : event ;
eventkey : http://wx.nsyouxian.com/app/index.php?i=5&c=entry&eid=317 ;

2015-10-28 16:55:41 params :
------------
Array:
message : Array ;
module : basic ;
rule : 58 ;
priority : 0 ;
keyword : Array ;

2015-10-28 16:55:41 response :
------------
Array:
FromUserName : gh_a8a83d9305b8 ;
ToUserName : oFF8fwcDOWR02bL9KWj78n6eYm30 ;
MsgType : text ;
Content : 您好,欢迎关注农圣优鲜微信公众号,如需帮助请咨询客服。 ;

2015-10-28 16:56:49 trace :
------------
Array:
from : oFF8fwcDOWR02bL9KWj78n6eYm30 ;
to : gh_a8a83d9305b8 ;
time : 1446022609 ;
type : event ;
event : VIEW ;
tousername : gh_a8a83d9305b8 ;
fromusername : oFF8fwcDOWR02bL9KWj78n6eYm30 ;
createtime : 1446022609 ;
msgtype : event ;
eventkey : http://wx.nsyouxian.com/app/index.php?i=5&c=entry&eid=317 ;

2015-10-28 16:56:49 params :
------------
Array:
message : Array ;
module : basic ;
rule : 58 ;
priority : 0 ;
keyword : Array ;

2015-10-28 16:56:49 response :
------------
Array:
FromUserName : gh_a8a83d9305b8 ;
ToUserName : oFF8fwcDOWR02bL9KWj78n6eYm30 ;
MsgType : text ;
Content : 您好,欢迎关注农圣优鲜微信公众号,如需帮助请咨询客服。 ;

2015-10-28 17:06:35 trace :
------------
Array:
from : oFF8fwf5JzJKJiaSG97C5OsaDeuY ;
to : gh_a8a83d9305b8 ;
time : 1446023195 ;
type : event ;
event : VIEW ;
tousername : gh_a8a83d9305b8 ;
fromusername : oFF8fwf5JzJKJiaSG97C5OsaDeuY ;
createtime : 1446023195 ;
msgtype : event ;
eventkey : http://wx.nsyouxian.com/app/index.php?i=5&c=entry&eid=317 ;

2015-10-28 17:06:35 params :
------------
Array:
message : Array ;
module : basic ;
rule : 58 ;
priority : 0 ;
keyword : Array ;

2015-10-28 17:06:35 response :
------------
Array:
FromUserName : gh_a8a83d9305b8 ;
ToUserName : oFF8fwf5JzJKJiaSG97C5OsaDeuY ;
MsgType : text ;
Content : 您好,欢迎关注农圣优鲜微信公众号,如需帮助请咨询客服。 ;

2015-10-28 17:21:45 trace :
------------
Array:
from : oFF8fwf5JzJKJiaSG97C5OsaDeuY ;
to : gh_a8a83d9305b8 ;
time : 1446024104 ;
type : event ;
event : VIEW ;
tousername : gh_a8a83d9305b8 ;
fromusername : oFF8fwf5JzJKJiaSG97C5OsaDeuY ;
createtime : 1446024104 ;
msgtype : event ;
eventkey : http://wx.nsyouxian.com/app/index.php?i=5&c=entry&eid=317 ;

2015-10-28 17:21:45 params :
------------
Array:
message : Array ;
module : basic ;
rule : 58 ;
priority : 0 ;
keyword : Array ;

2015-10-28 17:21:45 response :
------------
Array:
FromUserName : gh_a8a83d9305b8 ;
ToUserName : oFF8fwf5JzJKJiaSG97C5OsaDeuY ;
MsgType : text ;
Content : 您好,欢迎关注农圣优鲜微信公众号,如需帮助请咨询客服。 ;

2015-10-28 17:22:10 trace :
------------
Array:
from : oFF8fwf5JzJKJiaSG97C5OsaDeuY ;
to : gh_a8a83d9305b8 ;
time : 1446024130 ;
type : event ;
event : VIEW ;
tousername : gh_a8a83d9305b8 ;
fromusername : oFF8fwf5JzJKJiaSG97C5OsaDeuY ;
createtime : 1446024130 ;
msgtype : event ;
eventkey : http://wx.nsyouxian.com/app/index.php?i=5&c=entry&eid=317 ;

2015-10-28 17:22:10 params :
------------
Array:
message : Array ;
module : basic ;
rule : 58 ;
priority : 0 ;
keyword : Array ;

2015-10-28 17:22:10 response :
------------
Array:
FromUserName : gh_a8a83d9305b8 ;
ToUserName : oFF8fwf5JzJKJiaSG97C5OsaDeuY ;
MsgType : text ;
Content : 您好,欢迎关注农圣优鲜微信公众号,如需帮助请咨询客服。 ;

2015-10-28 17:27:34 trace :
------------
Array:
from : oFF8fwf5JzJKJiaSG97C5OsaDeuY ;
to : gh_a8a83d9305b8 ;
time : 1446024454 ;
type : event ;
event : VIEW ;
tousername : gh_a8a83d9305b8 ;
fromusername : oFF8fwf5JzJKJiaSG97C5OsaDeuY ;
createtime : 1446024454 ;
msgtype : event ;
eventkey : http://wx.nsyouxian.com/app/index.php?i=5&c=entry&eid=317 ;

2015-10-28 17:27:34 params :
------------
Array:
message : Array ;
module : basic ;
rule : 58 ;
priority : 0 ;
keyword : Array ;

2015-10-28 17:27:34 response :
------------
Array:
FromUserName : gh_a8a83d9305b8 ;
ToUserName : oFF8fwf5JzJKJiaSG97C5OsaDeuY ;
MsgType : text ;
Content : 您好,欢迎关注农圣优鲜微信公众号,如需帮助请咨询客服。 ;

2015-10-28 17:30:27 trace :
------------
Array:
from : oFF8fwf5JzJKJiaSG97C5OsaDeuY ;
to : gh_a8a83d9305b8 ;
time : 1446024627 ;
type : event ;
event : VIEW ;
tousername : gh_a8a83d9305b8 ;
fromusername : oFF8fwf5JzJKJiaSG97C5OsaDeuY ;
createtime : 1446024627 ;
msgtype : event ;
eventkey : http://wx.nsyouxian.com/app/index.php?i=5&c=entry&eid=317 ;

2015-10-28 17:30:27 params :
------------
Array:
message : Array ;
module : basic ;
rule : 58 ;
priority : 0 ;
keyword : Array ;

2015-10-28 17:30:27 response :
------------
Array:
FromUserName : gh_a8a83d9305b8 ;
ToUserName : oFF8fwf5JzJKJiaSG97C5OsaDeuY ;
MsgType : text ;
Content : 您好,欢迎关注农圣优鲜微信公众号,如需帮助请咨询客服。 ;

