2015-09-11 09:55:51 trace :
------------
Array:
from : oYMr5t9hWbUmDpQ2MNkOFPR3TmCg ;
to : gh_bbcd76ee3161 ;
time : 1441936550 ;
type : event ;
event : subscribe ;
tousername : gh_bbcd76ee3161 ;
fromusername : oYMr5t9hWbUmDpQ2MNkOFPR3TmCg ;
createtime : 1441936550 ;
msgtype : event ;
eventkey :  ;

2015-09-11 09:55:51 params :
------------
Array:
message : Array ;
module : news ;
rule : 57 ;
priority : 0 ;
keyword : Array ;

2015-09-11 09:55:51 response :
------------
Array:
FromUserName : gh_bbcd76ee3161 ;
ToUserName : oYMr5t9hWbUmDpQ2MNkOFPR3TmCg ;
MsgType : news ;
ArticleCount : 1 ;
Articles : Array ;

2015-09-11 12:05:41 trace :
------------
Array:
from : oYMr5t9W_KF7WVPxsoIm-K2tlpCM ;
to : gh_bbcd76ee3161 ;
time : 1441944339 ;
type : event ;
event : subscribe ;
tousername : gh_bbcd76ee3161 ;
fromusername : oYMr5t9W_KF7WVPxsoIm-K2tlpCM ;
createtime : 1441944339 ;
msgtype : event ;
eventkey :  ;

2015-09-11 12:05:41 params :
------------
Array:
message : Array ;
module : news ;
rule : 57 ;
priority : 0 ;
keyword : Array ;

2015-09-11 12:05:41 response :
------------
Array:
FromUserName : gh_bbcd76ee3161 ;
ToUserName : oYMr5t9W_KF7WVPxsoIm-K2tlpCM ;
MsgType : news ;
ArticleCount : 1 ;
Articles : Array ;

2015-09-11 12:52:48 trace :
------------
Array:
from : oYMr5t6XVboQDSbMNWixIexblR08 ;
to : gh_bbcd76ee3161 ;
time : 1441947167 ;
type : event ;
event : subscribe ;
tousername : gh_bbcd76ee3161 ;
fromusername : oYMr5t6XVboQDSbMNWixIexblR08 ;
createtime : 1441947167 ;
msgtype : event ;
eventkey :  ;

2015-09-11 12:52:48 params :
------------
Array:
message : Array ;
module : news ;
rule : 57 ;
priority : 0 ;
keyword : Array ;

2015-09-11 12:52:48 response :
------------
Array:
FromUserName : gh_bbcd76ee3161 ;
ToUserName : oYMr5t6XVboQDSbMNWixIexblR08 ;
MsgType : news ;
ArticleCount : 1 ;
Articles : Array ;

2015-09-11 18:14:41 trace :
------------
Array:
from : oYMr5t_BUs2WquFAMXqdN2ZCo5ew ;
to : gh_bbcd76ee3161 ;
time : 1441966480 ;
type : event ;
event : subscribe ;
tousername : gh_bbcd76ee3161 ;
fromusername : oYMr5t_BUs2WquFAMXqdN2ZCo5ew ;
createtime : 1441966480 ;
msgtype : event ;
eventkey :  ;

2015-09-11 18:14:42 params :
------------
Array:
message : Array ;
module : news ;
rule : 57 ;
priority : 0 ;
keyword : Array ;

2015-09-11 18:14:42 response :
------------
Array:
FromUserName : gh_bbcd76ee3161 ;
ToUserName : oYMr5t_BUs2WquFAMXqdN2ZCo5ew ;
MsgType : news ;
ArticleCount : 1 ;
Articles : Array ;

2015-09-11 18:25:58 trace :
------------
Array:
from : oYMr5t9D0Z9R36aKlJ_glgsyiKy8 ;
to : gh_bbcd76ee3161 ;
time : 1441967157 ;
type : event ;
event : subscribe ;
tousername : gh_bbcd76ee3161 ;
fromusername : oYMr5t9D0Z9R36aKlJ_glgsyiKy8 ;
createtime : 1441967157 ;
msgtype : event ;
eventkey :  ;

2015-09-11 18:25:58 params :
------------
Array:
message : Array ;
module : news ;
rule : 57 ;
priority : 0 ;
keyword : Array ;

2015-09-11 18:25:58 response :
------------
Array:
FromUserName : gh_bbcd76ee3161 ;
ToUserName : oYMr5t9D0Z9R36aKlJ_glgsyiKy8 ;
MsgType : news ;
ArticleCount : 1 ;
Articles : Array ;

2015-09-11 20:31:27 trace :
------------
Array:
from : oYMr5tzxyvPtIsF-aT0YMgQQI0TU ;
to : gh_bbcd76ee3161 ;
time : 1441974686 ;
type : event ;
event : subscribe ;
tousername : gh_bbcd76ee3161 ;
fromusername : oYMr5tzxyvPtIsF-aT0YMgQQI0TU ;
createtime : 1441974686 ;
msgtype : event ;
eventkey :  ;

2015-09-11 20:31:27 params :
------------
Array:
message : Array ;
module : news ;
rule : 57 ;
priority : 0 ;
keyword : Array ;

2015-09-11 20:31:27 response :
------------
Array:
FromUserName : gh_bbcd76ee3161 ;
ToUserName : oYMr5tzxyvPtIsF-aT0YMgQQI0TU ;
MsgType : news ;
ArticleCount : 1 ;
Articles : Array ;

