2015-07-30 08:03:13 trace :
------------
Array:
from : owAWYuDPK5UVepclzdD1ApvKLOAc ;
to : gh_1f447c99463e ;
time : 1438216924 ;
type : event ;
event : VIEW ;
tousername : gh_1f447c99463e ;
fromusername : owAWYuDPK5UVepclzdD1ApvKLOAc ;
createtime : 1438216924 ;
msgtype : event ;
eventkey : http://univalsoftfwj.oicp.net/index.php?c=site&a=site&cid=1&i=3 ;

2015-07-30 08:03:13 params :
------------
Array:
message : Array ;
module : basic ;
rule : 13 ;
priority : 0 ;
keyword : Array ;

2015-07-30 08:03:13 response :
------------
Array:
FromUserName : gh_1f447c99463e ;
ToUserName : owAWYuDPK5UVepclzdD1ApvKLOAc ;
MsgType : text ;
Content : 欢迎关注寿光市检测检验中心!输入"微官网"可进入寿光市检测检验中心微官网.
地址:
电话:
邮箱: ;

2015-07-30 08:04:42 trace :
------------
Array:
from : fromUser ;
to : toUser ;
time : 1438217016 ;
type : text ;
event :  ;
tousername : toUser ;
fromusername : fromUser ;
createtime : 1438217016 ;
msgtype : text ;
content : 微官网 ;
msgid : 1234567890123456 ;
redirection :  ;
source :  ;

2015-07-30 08:04:42 params :
------------
Array:
message : Array ;
module : news ;
rule : 17 ;
priority : 0 ;
keyword : Array ;

2015-07-30 08:04:42 response :
------------
Array:
FromUserName : toUser ;
ToUserName : fromUser ;
MsgType : news ;
ArticleCount : 1 ;
Articles : Array ;

2015-07-30 08:10:31 trace :
------------
Array:
from : owAWYuDPK5UVepclzdD1ApvKLOAc ;
to : gh_1f447c99463e ;
time : 1438217363 ;
type : text ;
event :  ;
tousername : gh_1f447c99463e ;
fromusername : owAWYuDPK5UVepclzdD1ApvKLOAc ;
createtime : 1438217363 ;
msgtype : text ;
content : ？ ;
msgid : 6177096538831780608 ;
redirection :  ;
source :  ;

2015-07-30 08:10:31 params :
------------
Array:
message : Array ;
module : basic ;
rule : 13 ;
priority : 0 ;
keyword : Array ;

2015-07-30 08:10:31 response :
------------
Array:
FromUserName : gh_1f447c99463e ;
ToUserName : owAWYuDPK5UVepclzdD1ApvKLOAc ;
MsgType : text ;
Content : 欢迎关注寿光市检测检验中心!输入"微官网"可进入寿光市检测检验中心微官网.
地址:
电话:
邮箱: ;

2015-07-30 08:11:00 trace :
------------
Array:
from : owAWYuDPK5UVepclzdD1ApvKLOAc ;
to : gh_1f447c99463e ;
time : 1438217392 ;
type : event ;
event : VIEW ;
tousername : gh_1f447c99463e ;
fromusername : owAWYuDPK5UVepclzdD1ApvKLOAc ;
createtime : 1438217392 ;
msgtype : event ;
eventkey : http://univalsoftfwj.oicp.net/index.php?c=site&a=site&cid=8&i=3 ;

2015-07-30 08:11:00 params :
------------
Array:
message : Array ;
module : basic ;
rule : 13 ;
priority : 0 ;
keyword : Array ;

2015-07-30 08:11:00 response :
------------
Array:
FromUserName : gh_1f447c99463e ;
ToUserName : owAWYuDPK5UVepclzdD1ApvKLOAc ;
MsgType : text ;
Content : 欢迎关注寿光市检测检验中心!输入"微官网"可进入寿光市检测检验中心微官网.
地址:
电话:
邮箱: ;

2015-07-30 08:33:42 trace :
------------
Array:
from : owAWYuDPK5UVepclzdD1ApvKLOAc ;
to : gh_1f447c99463e ;
time : 1438218754 ;
type : event ;
event : VIEW ;
tousername : gh_1f447c99463e ;
fromusername : owAWYuDPK5UVepclzdD1ApvKLOAc ;
createtime : 1438218754 ;
msgtype : event ;
eventkey : http://univalsoftfwj.oicp.net/index.php?c=site&a=site&cid=1&i=3 ;

2015-07-30 08:33:42 params :
------------
Array:
message : Array ;
module : basic ;
rule : 13 ;
priority : 0 ;
keyword : Array ;

2015-07-30 08:33:42 response :
------------
Array:
FromUserName : gh_1f447c99463e ;
ToUserName : owAWYuDPK5UVepclzdD1ApvKLOAc ;
MsgType : text ;
Content : 欢迎关注寿光市检测检验中心!输入"微官网"可进入寿光市检测检验中心微官网.
地址:
电话:
邮箱: ;

2015-07-30 09:21:51 trace :
------------
Array:
from : fromUser ;
to : toUser ;
time : 1438221644 ;
type : text ;
event :  ;
tousername : toUser ;
fromusername : fromUser ;
createtime : 1438221644 ;
msgtype : text ;
content : 微官网 ;
msgid : 1234567890123456 ;
redirection :  ;
source :  ;

2015-07-30 09:21:51 params :
------------
Array:
message : Array ;
module : news ;
rule : 17 ;
priority : 0 ;
keyword : Array ;

2015-07-30 09:21:51 response :
------------
Array:
FromUserName : toUser ;
ToUserName : fromUser ;
MsgType : news ;
ArticleCount : 1 ;
Articles : Array ;

2015-07-30 09:32:43 trace :
------------
Array:
from : owAWYuDPK5UVepclzdD1ApvKLOAc ;
to : gh_1f447c99463e ;
time : 1438222295 ;
type : event ;
event : VIEW ;
tousername : gh_1f447c99463e ;
fromusername : owAWYuDPK5UVepclzdD1ApvKLOAc ;
createtime : 1438222295 ;
msgtype : event ;
eventkey : http://univalsoftfwj.oicp.net/index.php?c=site&a=site&cid=1&i=3 ;

2015-07-30 09:32:43 params :
------------
Array:
message : Array ;
module : basic ;
rule : 13 ;
priority : 0 ;
keyword : Array ;

2015-07-30 09:32:43 response :
------------
Array:
FromUserName : gh_1f447c99463e ;
ToUserName : owAWYuDPK5UVepclzdD1ApvKLOAc ;
MsgType : text ;
Content : 欢迎关注寿光市检测检验中心!输入"微官网"可进入寿光市检测检验中心微官网.
地址:
电话:
邮箱: ;

2015-07-30 10:04:06 trace :
------------
Array:
from : owAWYuDPK5UVepclzdD1ApvKLOAc ;
to : gh_1f447c99463e ;
time : 1438224174 ;
type : event ;
event : VIEW ;
tousername : gh_1f447c99463e ;
fromusername : owAWYuDPK5UVepclzdD1ApvKLOAc ;
createtime : 1438224174 ;
msgtype : event ;
eventkey : http://univalsoftfwj.oicp.net/index.php?c=site&a=site&cid=1&i=3 ;

2015-07-30 10:04:06 params :
------------
Array:
message : Array ;
module : basic ;
rule : 13 ;
priority : 0 ;
keyword : Array ;

2015-07-30 10:04:06 response :
------------
Array:
FromUserName : gh_1f447c99463e ;
ToUserName : owAWYuDPK5UVepclzdD1ApvKLOAc ;
MsgType : text ;
Content : 欢迎关注寿光市检测检验中心!输入"微官网"可进入寿光市检测检验中心微官网.
地址:
电话:
邮箱: ;

2015-07-30 10:04:33 trace :
------------
Array:
from : owAWYuDPK5UVepclzdD1ApvKLOAc ;
to : gh_1f447c99463e ;
time : 1438224206 ;
type : event ;
event : VIEW ;
tousername : gh_1f447c99463e ;
fromusername : owAWYuDPK5UVepclzdD1ApvKLOAc ;
createtime : 1438224206 ;
msgtype : event ;
eventkey : http://univalsoftfwj.oicp.net/index.php?c=site&a=site&cid=1&i=3 ;

2015-07-30 10:04:33 params :
------------
Array:
message : Array ;
module : basic ;
rule : 13 ;
priority : 0 ;
keyword : Array ;

2015-07-30 10:04:33 response :
------------
Array:
FromUserName : gh_1f447c99463e ;
ToUserName : owAWYuDPK5UVepclzdD1ApvKLOAc ;
MsgType : text ;
Content : 欢迎关注寿光市检测检验中心!输入"微官网"可进入寿光市检测检验中心微官网.
地址:
电话:
邮箱: ;

2015-07-30 10:06:02 trace :
------------
Array:
from : owAWYuDPK5UVepclzdD1ApvKLOAc ;
to : gh_1f447c99463e ;
time : 1438224294 ;
type : event ;
event : VIEW ;
tousername : gh_1f447c99463e ;
fromusername : owAWYuDPK5UVepclzdD1ApvKLOAc ;
createtime : 1438224294 ;
msgtype : event ;
eventkey : http://univalsoftfwj.oicp.net/index.php?c=site&a=site&cid=8&i=3 ;

2015-07-30 10:06:02 params :
------------
Array:
message : Array ;
module : basic ;
rule : 13 ;
priority : 0 ;
keyword : Array ;

2015-07-30 10:06:02 response :
------------
Array:
FromUserName : gh_1f447c99463e ;
ToUserName : owAWYuDPK5UVepclzdD1ApvKLOAc ;
MsgType : text ;
Content : 欢迎关注寿光市检测检验中心!输入"微官网"可进入寿光市检测检验中心微官网.
地址:
电话:
邮箱: ;

2015-07-30 10:31:34 trace :
------------
Array:
from : owAWYuDPK5UVepclzdD1ApvKLOAc ;
to : gh_1f447c99463e ;
time : 1438225827 ;
type : event ;
event : VIEW ;
tousername : gh_1f447c99463e ;
fromusername : owAWYuDPK5UVepclzdD1ApvKLOAc ;
createtime : 1438225827 ;
msgtype : event ;
eventkey : http://univalsoftfwj.oicp.net/index.php?c=site&a=site&cid=9&i=3 ;

2015-07-30 10:31:34 params :
------------
Array:
message : Array ;
module : basic ;
rule : 13 ;
priority : 0 ;
keyword : Array ;

2015-07-30 10:31:34 response :
------------
Array:
FromUserName : gh_1f447c99463e ;
ToUserName : owAWYuDPK5UVepclzdD1ApvKLOAc ;
MsgType : text ;
Content : 欢迎关注寿光市检测检验中心!输入"微官网"可进入寿光市检测检验中心微官网.
地址:
电话:
邮箱: ;

2015-07-30 10:33:43 trace :
------------
Array:
from : owAWYuDPK5UVepclzdD1ApvKLOAc ;
to : gh_1f447c99463e ;
time : 1438225956 ;
type : text ;
event :  ;
tousername : gh_1f447c99463e ;
fromusername : owAWYuDPK5UVepclzdD1ApvKLOAc ;
createtime : 1438225956 ;
msgtype : text ;
content : ？ ;
msgid : 6177133445485759996 ;
redirection :  ;
source :  ;

2015-07-30 10:33:43 params :
------------
Array:
message : Array ;
module : basic ;
rule : 13 ;
priority : 0 ;
keyword : Array ;

2015-07-30 10:33:43 response :
------------
Array:
FromUserName : gh_1f447c99463e ;
ToUserName : owAWYuDPK5UVepclzdD1ApvKLOAc ;
MsgType : text ;
Content : 欢迎关注寿光市检测检验中心!输入"微官网"可进入寿光市检测检验中心微官网.
地址:
电话:
邮箱: ;

2015-07-30 10:35:45 trace :
------------
Array:
from : owAWYuDPK5UVepclzdD1ApvKLOAc ;
to : gh_1f447c99463e ;
time : 1438226077 ;
type : event ;
event : VIEW ;
tousername : gh_1f447c99463e ;
fromusername : owAWYuDPK5UVepclzdD1ApvKLOAc ;
createtime : 1438226077 ;
msgtype : event ;
eventkey : http://univalsoftfwj.oicp.net/index.php?c=site&a=site&cid=1&i=3 ;

2015-07-30 10:35:45 params :
------------
Array:
message : Array ;
module : basic ;
rule : 13 ;
priority : 0 ;
keyword : Array ;

2015-07-30 10:35:45 response :
------------
Array:
FromUserName : gh_1f447c99463e ;
ToUserName : owAWYuDPK5UVepclzdD1ApvKLOAc ;
MsgType : text ;
Content : 欢迎关注寿光市检测检验中心!输入"微官网"可进入寿光市检测检验中心微官网.
地址:
电话:
邮箱: ;

2015-07-30 10:39:58 trace :
------------
Array:
from : owAWYuI7k7UB28PPUMXn6avnYxu4 ;
to : gh_1f447c99463e ;
time : 1438226330 ;
type : event ;
event : subscribe ;
tousername : gh_1f447c99463e ;
fromusername : owAWYuI7k7UB28PPUMXn6avnYxu4 ;
createtime : 1438226330 ;
msgtype : event ;
eventkey :  ;

2015-07-30 10:39:58 params :
------------
Array:
message : Array ;
module : news ;
rule : 16 ;
priority : 0 ;
keyword : Array ;

2015-07-30 10:39:58 response :
------------
Array:
FromUserName : gh_1f447c99463e ;
ToUserName : owAWYuI7k7UB28PPUMXn6avnYxu4 ;
MsgType : news ;
ArticleCount : 1 ;
Articles : Array ;

2015-07-30 10:42:00 trace :
------------
Array:
from : owAWYuDPK5UVepclzdD1ApvKLOAc ;
to : gh_1f447c99463e ;
time : 1438226452 ;
type : event ;
event : subscribe ;
tousername : gh_1f447c99463e ;
fromusername : owAWYuDPK5UVepclzdD1ApvKLOAc ;
createtime : 1438226452 ;
msgtype : event ;
eventkey :  ;

2015-07-30 10:42:00 params :
------------
Array:
message : Array ;
module : news ;
rule : 16 ;
priority : 0 ;
keyword : Array ;

2015-07-30 10:42:00 response :
------------
Array:
FromUserName : gh_1f447c99463e ;
ToUserName : owAWYuDPK5UVepclzdD1ApvKLOAc ;
MsgType : news ;
ArticleCount : 1 ;
Articles : Array ;

2015-07-30 10:42:08 trace :
------------
Array:
from : owAWYuDPK5UVepclzdD1ApvKLOAc ;
to : gh_1f447c99463e ;
time : 1438226461 ;
type : event ;
event : VIEW ;
tousername : gh_1f447c99463e ;
fromusername : owAWYuDPK5UVepclzdD1ApvKLOAc ;
createtime : 1438226461 ;
msgtype : event ;
eventkey : http://univalsoftfwj.oicp.net/index.php?c=site&a=site&cid=2&i=3 ;

2015-07-30 10:42:08 params :
------------
Array:
message : Array ;
module : basic ;
rule : 13 ;
priority : 0 ;
keyword : Array ;

2015-07-30 10:42:08 response :
------------
Array:
FromUserName : gh_1f447c99463e ;
ToUserName : owAWYuDPK5UVepclzdD1ApvKLOAc ;
MsgType : text ;
Content : 欢迎关注寿光市检测检验中心!输入"微官网"可进入寿光市检测检验中心微官网.
地址:
电话:
邮箱: ;

2015-07-30 10:42:50 trace :
------------
Array:
from : owAWYuDPK5UVepclzdD1ApvKLOAc ;
to : gh_1f447c99463e ;
time : 1438226503 ;
type : event ;
event : VIEW ;
tousername : gh_1f447c99463e ;
fromusername : owAWYuDPK5UVepclzdD1ApvKLOAc ;
createtime : 1438226503 ;
msgtype : event ;
eventkey : http://univalsoftfwj.oicp.net/index.php?c=site&a=site&cid=1&i=3 ;

2015-07-30 10:42:50 params :
------------
Array:
message : Array ;
module : basic ;
rule : 13 ;
priority : 0 ;
keyword : Array ;

2015-07-30 10:42:50 response :
------------
Array:
FromUserName : gh_1f447c99463e ;
ToUserName : owAWYuDPK5UVepclzdD1ApvKLOAc ;
MsgType : text ;
Content : 欢迎关注寿光市检测检验中心!输入"微官网"可进入寿光市检测检验中心微官网.
地址:
电话:
邮箱: ;

2015-07-30 10:43:23 trace :
------------
Array:
from : owAWYuDPK5UVepclzdD1ApvKLOAc ;
to : gh_1f447c99463e ;
time : 1438226535 ;
type : event ;
event : VIEW ;
tousername : gh_1f447c99463e ;
fromusername : owAWYuDPK5UVepclzdD1ApvKLOAc ;
createtime : 1438226535 ;
msgtype : event ;
eventkey : http://univalsoftfwj.oicp.net/index.php?c=site&a=site&cid=6&i=3 ;

2015-07-30 10:43:23 params :
------------
Array:
message : Array ;
module : basic ;
rule : 13 ;
priority : 0 ;
keyword : Array ;

2015-07-30 10:43:23 response :
------------
Array:
FromUserName : gh_1f447c99463e ;
ToUserName : owAWYuDPK5UVepclzdD1ApvKLOAc ;
MsgType : text ;
Content : 欢迎关注寿光市检测检验中心!输入"微官网"可进入寿光市检测检验中心微官网.
地址:
电话:
邮箱: ;

2015-07-30 11:08:55 trace :
------------
Array:
from : owAWYuDPK5UVepclzdD1ApvKLOAc ;
to : gh_1f447c99463e ;
time : 1438228068 ;
type : event ;
event : VIEW ;
tousername : gh_1f447c99463e ;
fromusername : owAWYuDPK5UVepclzdD1ApvKLOAc ;
createtime : 1438228068 ;
msgtype : event ;
eventkey : http://univalsoftfwj.oicp.net/index.php?c=site&a=site&cid=1&i=3 ;

2015-07-30 11:08:55 params :
------------
Array:
message : Array ;
module : basic ;
rule : 13 ;
priority : 0 ;
keyword : Array ;

2015-07-30 11:08:55 response :
------------
Array:
FromUserName : gh_1f447c99463e ;
ToUserName : owAWYuDPK5UVepclzdD1ApvKLOAc ;
MsgType : text ;
Content : 欢迎关注寿光市检测检验中心!输入"微官网"可进入寿光市检测检验中心微官网.
地址:
电话:
邮箱: ;

2015-07-30 13:37:11 trace :
------------
Array:
from : owAWYuLrhMC-SWAmzZWO2gEwuZWw ;
to : gh_1f447c99463e ;
time : 1438236959 ;
type : event ;
event : VIEW ;
tousername : gh_1f447c99463e ;
fromusername : owAWYuLrhMC-SWAmzZWO2gEwuZWw ;
createtime : 1438236959 ;
msgtype : event ;
eventkey : http://univalsoftfwj.oicp.net/index.php?c=site&a=site&cid=1&i=3 ;

2015-07-30 13:37:11 params :
------------
Array:
message : Array ;
module : basic ;
rule : 13 ;
priority : 0 ;
keyword : Array ;

2015-07-30 13:37:11 response :
------------
Array:
FromUserName : gh_1f447c99463e ;
ToUserName : owAWYuLrhMC-SWAmzZWO2gEwuZWw ;
MsgType : text ;
Content : 欢迎关注寿光市检测检验中心!输入"微官网"可进入寿光市检测检验中心微官网.
地址:
电话:
邮箱: ;

2015-07-30 13:38:49 trace :
------------
Array:
from : owAWYuLrhMC-SWAmzZWO2gEwuZWw ;
to : gh_1f447c99463e ;
time : 1438237062 ;
type : event ;
event : VIEW ;
tousername : gh_1f447c99463e ;
fromusername : owAWYuLrhMC-SWAmzZWO2gEwuZWw ;
createtime : 1438237062 ;
msgtype : event ;
eventkey : http://univalsoftfwj.oicp.net/index.php?c=site&a=site&cid=1&i=3 ;

2015-07-30 13:38:49 params :
------------
Array:
message : Array ;
module : basic ;
rule : 13 ;
priority : 0 ;
keyword : Array ;

2015-07-30 13:38:49 response :
------------
Array:
FromUserName : gh_1f447c99463e ;
ToUserName : owAWYuLrhMC-SWAmzZWO2gEwuZWw ;
MsgType : text ;
Content : 欢迎关注寿光市检测检验中心!输入"微官网"可进入寿光市检测检验中心微官网.
地址:
电话:
邮箱: ;

2015-07-30 13:41:17 trace :
------------
Array:
from : owAWYuLrhMC-SWAmzZWO2gEwuZWw ;
to : gh_1f447c99463e ;
time : 1438237210 ;
type : event ;
event : VIEW ;
tousername : gh_1f447c99463e ;
fromusername : owAWYuLrhMC-SWAmzZWO2gEwuZWw ;
createtime : 1438237210 ;
msgtype : event ;
eventkey : http://univalsoftfwj.oicp.net/index.php?c=site&a=site&cid=1&i=3 ;

2015-07-30 13:41:17 params :
------------
Array:
message : Array ;
module : basic ;
rule : 13 ;
priority : 0 ;
keyword : Array ;

2015-07-30 13:41:17 response :
------------
Array:
FromUserName : gh_1f447c99463e ;
ToUserName : owAWYuLrhMC-SWAmzZWO2gEwuZWw ;
MsgType : text ;
Content : 欢迎关注寿光市检测检验中心!输入"微官网"可进入寿光市检测检验中心微官网.
地址:
电话:
邮箱: ;

2015-07-30 13:41:53 trace :
------------
Array:
from : owAWYuDPK5UVepclzdD1ApvKLOAc ;
to : gh_1f447c99463e ;
time : 1438237246 ;
type : event ;
event : VIEW ;
tousername : gh_1f447c99463e ;
fromusername : owAWYuDPK5UVepclzdD1ApvKLOAc ;
createtime : 1438237246 ;
msgtype : event ;
eventkey : http://univalsoftfwj.oicp.net/index.php?c=site&a=site&cid=11&i=3 ;

2015-07-30 13:41:54 params :
------------
Array:
message : Array ;
module : basic ;
rule : 13 ;
priority : 0 ;
keyword : Array ;

2015-07-30 13:41:54 response :
------------
Array:
FromUserName : gh_1f447c99463e ;
ToUserName : owAWYuDPK5UVepclzdD1ApvKLOAc ;
MsgType : text ;
Content : 欢迎关注寿光市检测检验中心!输入"微官网"可进入寿光市检测检验中心微官网.
地址:
电话:
邮箱: ;

2015-07-30 13:42:48 trace :
------------
Array:
from : owAWYuLrhMC-SWAmzZWO2gEwuZWw ;
to : gh_1f447c99463e ;
time : 1438237301 ;
type : event ;
event : VIEW ;
tousername : gh_1f447c99463e ;
fromusername : owAWYuLrhMC-SWAmzZWO2gEwuZWw ;
createtime : 1438237301 ;
msgtype : event ;
eventkey : http://univalsoftfwj.oicp.net/index.php?c=site&a=site&cid=2&i=3 ;

2015-07-30 13:42:48 params :
------------
Array:
message : Array ;
module : basic ;
rule : 13 ;
priority : 0 ;
keyword : Array ;

2015-07-30 13:42:48 response :
------------
Array:
FromUserName : gh_1f447c99463e ;
ToUserName : owAWYuLrhMC-SWAmzZWO2gEwuZWw ;
MsgType : text ;
Content : 欢迎关注寿光市检测检验中心!输入"微官网"可进入寿光市检测检验中心微官网.
地址:
电话:
邮箱: ;

2015-07-30 13:42:53 trace :
------------
Array:
from : owAWYuLrhMC-SWAmzZWO2gEwuZWw ;
to : gh_1f447c99463e ;
time : 1438237301 ;
type : event ;
event : VIEW ;
tousername : gh_1f447c99463e ;
fromusername : owAWYuLrhMC-SWAmzZWO2gEwuZWw ;
createtime : 1438237301 ;
msgtype : event ;
eventkey : http://univalsoftfwj.oicp.net/index.php?c=site&a=site&cid=2&i=3 ;

2015-07-30 13:42:53 params :
------------
Array:
message : Array ;
module : basic ;
rule : 13 ;
priority : 0 ;
keyword : Array ;

2015-07-30 13:42:53 response :
------------
Array:
FromUserName : gh_1f447c99463e ;
ToUserName : owAWYuLrhMC-SWAmzZWO2gEwuZWw ;
MsgType : text ;
Content : 欢迎关注寿光市检测检验中心!输入"微官网"可进入寿光市检测检验中心微官网.
地址:
电话:
邮箱: ;

2015-07-30 13:42:55 trace :
------------
Array:
from : owAWYuDPK5UVepclzdD1ApvKLOAc ;
to : gh_1f447c99463e ;
time : 1438237308 ;
type : event ;
event : VIEW ;
tousername : gh_1f447c99463e ;
fromusername : owAWYuDPK5UVepclzdD1ApvKLOAc ;
createtime : 1438237308 ;
msgtype : event ;
eventkey : http://univalsoftfwj.oicp.net/index.php?c=site&a=site&cid=1&i=3 ;

2015-07-30 13:42:55 params :
------------
Array:
message : Array ;
module : basic ;
rule : 13 ;
priority : 0 ;
keyword : Array ;

2015-07-30 13:42:55 response :
------------
Array:
FromUserName : gh_1f447c99463e ;
ToUserName : owAWYuDPK5UVepclzdD1ApvKLOAc ;
MsgType : text ;
Content : 欢迎关注寿光市检测检验中心!输入"微官网"可进入寿光市检测检验中心微官网.
地址:
电话:
邮箱: ;

2015-07-30 13:43:26 trace :
------------
Array:
from : owAWYuLrhMC-SWAmzZWO2gEwuZWw ;
to : gh_1f447c99463e ;
time : 1438237339 ;
type : event ;
event : VIEW ;
tousername : gh_1f447c99463e ;
fromusername : owAWYuLrhMC-SWAmzZWO2gEwuZWw ;
createtime : 1438237339 ;
msgtype : event ;
eventkey : http://univalsoftfwj.oicp.net/index.php?c=site&a=site&cid=3&i=3 ;

2015-07-30 13:43:26 params :
------------
Array:
message : Array ;
module : basic ;
rule : 13 ;
priority : 0 ;
keyword : Array ;

2015-07-30 13:43:26 response :
------------
Array:
FromUserName : gh_1f447c99463e ;
ToUserName : owAWYuLrhMC-SWAmzZWO2gEwuZWw ;
MsgType : text ;
Content : 欢迎关注寿光市检测检验中心!输入"微官网"可进入寿光市检测检验中心微官网.
地址:
电话:
邮箱: ;

2015-07-30 13:44:11 trace :
------------
Array:
from : owAWYuDPK5UVepclzdD1ApvKLOAc ;
to : gh_1f447c99463e ;
time : 1438237384 ;
type : event ;
event : VIEW ;
tousername : gh_1f447c99463e ;
fromusername : owAWYuDPK5UVepclzdD1ApvKLOAc ;
createtime : 1438237384 ;
msgtype : event ;
eventkey : http://univalsoftfwj.oicp.net/index.php?c=site&a=site&cid=1&i=3 ;

2015-07-30 13:44:11 params :
------------
Array:
message : Array ;
module : basic ;
rule : 13 ;
priority : 0 ;
keyword : Array ;

2015-07-30 13:44:11 response :
------------
Array:
FromUserName : gh_1f447c99463e ;
ToUserName : owAWYuDPK5UVepclzdD1ApvKLOAc ;
MsgType : text ;
Content : 欢迎关注寿光市检测检验中心!输入"微官网"可进入寿光市检测检验中心微官网.
地址:
电话:
邮箱: ;

2015-07-30 13:45:13 trace :
------------
Array:
from : owAWYuLrhMC-SWAmzZWO2gEwuZWw ;
to : gh_1f447c99463e ;
time : 1438237446 ;
type : event ;
event : VIEW ;
tousername : gh_1f447c99463e ;
fromusername : owAWYuLrhMC-SWAmzZWO2gEwuZWw ;
createtime : 1438237446 ;
msgtype : event ;
eventkey : http://univalsoftfwj.oicp.net/index.php?c=site&a=site&cid=6&i=3 ;

2015-07-30 13:45:13 params :
------------
Array:
message : Array ;
module : basic ;
rule : 13 ;
priority : 0 ;
keyword : Array ;

2015-07-30 13:45:13 response :
------------
Array:
FromUserName : gh_1f447c99463e ;
ToUserName : owAWYuLrhMC-SWAmzZWO2gEwuZWw ;
MsgType : text ;
Content : 欢迎关注寿光市检测检验中心!输入"微官网"可进入寿光市检测检验中心微官网.
地址:
电话:
邮箱: ;

2015-07-30 13:45:41 trace :
------------
Array:
from : owAWYuLrhMC-SWAmzZWO2gEwuZWw ;
to : gh_1f447c99463e ;
time : 1438237474 ;
type : event ;
event : VIEW ;
tousername : gh_1f447c99463e ;
fromusername : owAWYuLrhMC-SWAmzZWO2gEwuZWw ;
createtime : 1438237474 ;
msgtype : event ;
eventkey : http://univalsoftfwj.oicp.net/index.php?c=site&a=site&cid=1&i=3 ;

2015-07-30 13:45:41 params :
------------
Array:
message : Array ;
module : basic ;
rule : 13 ;
priority : 0 ;
keyword : Array ;

2015-07-30 13:45:41 response :
------------
Array:
FromUserName : gh_1f447c99463e ;
ToUserName : owAWYuLrhMC-SWAmzZWO2gEwuZWw ;
MsgType : text ;
Content : 欢迎关注寿光市检测检验中心!输入"微官网"可进入寿光市检测检验中心微官网.
地址:
电话:
邮箱: ;

2015-07-30 13:48:00 trace :
------------
Array:
from : owAWYuLrhMC-SWAmzZWO2gEwuZWw ;
to : gh_1f447c99463e ;
time : 1438237613 ;
type : event ;
event : VIEW ;
tousername : gh_1f447c99463e ;
fromusername : owAWYuLrhMC-SWAmzZWO2gEwuZWw ;
createtime : 1438237613 ;
msgtype : event ;
eventkey : http://univalsoftfwj.oicp.net/index.php?c=site&a=site&cid=1&i=3 ;

2015-07-30 13:48:00 params :
------------
Array:
message : Array ;
module : basic ;
rule : 13 ;
priority : 0 ;
keyword : Array ;

2015-07-30 13:48:00 response :
------------
Array:
FromUserName : gh_1f447c99463e ;
ToUserName : owAWYuLrhMC-SWAmzZWO2gEwuZWw ;
MsgType : text ;
Content : 欢迎关注寿光市检测检验中心!输入"微官网"可进入寿光市检测检验中心微官网.
地址:
电话:
邮箱: ;

2015-07-30 13:56:14 trace :
------------
Array:
from : owAWYuLrhMC-SWAmzZWO2gEwuZWw ;
to : gh_1f447c99463e ;
time : 1438238107 ;
type : event ;
event : VIEW ;
tousername : gh_1f447c99463e ;
fromusername : owAWYuLrhMC-SWAmzZWO2gEwuZWw ;
createtime : 1438238107 ;
msgtype : event ;
eventkey : http://univalsoftfwj.oicp.net/index.php?c=site&a=site&cid=7&i=3 ;

2015-07-30 13:56:14 params :
------------
Array:
message : Array ;
module : basic ;
rule : 13 ;
priority : 0 ;
keyword : Array ;

2015-07-30 13:56:14 response :
------------
Array:
FromUserName : gh_1f447c99463e ;
ToUserName : owAWYuLrhMC-SWAmzZWO2gEwuZWw ;
MsgType : text ;
Content : 欢迎关注寿光市检测检验中心!输入"微官网"可进入寿光市检测检验中心微官网.
地址:
电话:
邮箱: ;

2015-07-30 14:04:29 trace :
------------
Array:
from : owAWYuFIJwX0VuOS9RzNF1fjL0gk ;
to : gh_1f447c99463e ;
time : 1438238601 ;
type : event ;
event : VIEW ;
tousername : gh_1f447c99463e ;
fromusername : owAWYuFIJwX0VuOS9RzNF1fjL0gk ;
createtime : 1438238601 ;
msgtype : event ;
eventkey : http://univalsoftfwj.oicp.net/index.php?c=site&a=site&cid=1&i=3 ;

2015-07-30 14:04:29 params :
------------
Array:
message : Array ;
module : basic ;
rule : 13 ;
priority : 0 ;
keyword : Array ;

2015-07-30 14:04:29 response :
------------
Array:
FromUserName : gh_1f447c99463e ;
ToUserName : owAWYuFIJwX0VuOS9RzNF1fjL0gk ;
MsgType : text ;
Content : 欢迎关注寿光市检测检验中心!输入"微官网"可进入寿光市检测检验中心微官网.
地址:
电话:
邮箱: ;

2015-07-30 14:05:02 trace :
------------
Array:
from : owAWYuFIJwX0VuOS9RzNF1fjL0gk ;
to : gh_1f447c99463e ;
time : 1438238635 ;
type : event ;
event : VIEW ;
tousername : gh_1f447c99463e ;
fromusername : owAWYuFIJwX0VuOS9RzNF1fjL0gk ;
createtime : 1438238635 ;
msgtype : event ;
eventkey : http://univalsoftfwj.oicp.net/index.php?c=site&a=site&cid=8&i=3 ;

2015-07-30 14:05:02 params :
------------
Array:
message : Array ;
module : basic ;
rule : 13 ;
priority : 0 ;
keyword : Array ;

2015-07-30 14:05:02 response :
------------
Array:
FromUserName : gh_1f447c99463e ;
ToUserName : owAWYuFIJwX0VuOS9RzNF1fjL0gk ;
MsgType : text ;
Content : 欢迎关注寿光市检测检验中心!输入"微官网"可进入寿光市检测检验中心微官网.
地址:
电话:
邮箱: ;

2015-07-30 14:05:48 trace :
------------
Array:
from : owAWYuFIJwX0VuOS9RzNF1fjL0gk ;
to : gh_1f447c99463e ;
time : 1438238681 ;
type : event ;
event : VIEW ;
tousername : gh_1f447c99463e ;
fromusername : owAWYuFIJwX0VuOS9RzNF1fjL0gk ;
createtime : 1438238681 ;
msgtype : event ;
eventkey : http://univalsoftfwj.oicp.net/index.php?c=site&a=site&cid=8&i=3 ;

2015-07-30 14:05:48 params :
------------
Array:
message : Array ;
module : basic ;
rule : 13 ;
priority : 0 ;
keyword : Array ;

2015-07-30 14:05:48 response :
------------
Array:
FromUserName : gh_1f447c99463e ;
ToUserName : owAWYuFIJwX0VuOS9RzNF1fjL0gk ;
MsgType : text ;
Content : 欢迎关注寿光市检测检验中心!输入"微官网"可进入寿光市检测检验中心微官网.
地址:
电话:
邮箱: ;

2015-07-30 14:05:48 trace :
------------
Array:
from : owAWYuLrhMC-SWAmzZWO2gEwuZWw ;
to : gh_1f447c99463e ;
time : 1438238681 ;
type : event ;
event : VIEW ;
tousername : gh_1f447c99463e ;
fromusername : owAWYuLrhMC-SWAmzZWO2gEwuZWw ;
createtime : 1438238681 ;
msgtype : event ;
eventkey : http://univalsoftfwj.oicp.net/index.php?c=site&a=site&cid=1&i=3 ;

2015-07-30 14:05:48 params :
------------
Array:
message : Array ;
module : basic ;
rule : 13 ;
priority : 0 ;
keyword : Array ;

2015-07-30 14:05:48 response :
------------
Array:
FromUserName : gh_1f447c99463e ;
ToUserName : owAWYuLrhMC-SWAmzZWO2gEwuZWw ;
MsgType : text ;
Content : 欢迎关注寿光市检测检验中心!输入"微官网"可进入寿光市检测检验中心微官网.
地址:
电话:
邮箱: ;

2015-07-30 14:06:08 trace :
------------
Array:
from : owAWYuLrhMC-SWAmzZWO2gEwuZWw ;
to : gh_1f447c99463e ;
time : 1438238701 ;
type : event ;
event : VIEW ;
tousername : gh_1f447c99463e ;
fromusername : owAWYuLrhMC-SWAmzZWO2gEwuZWw ;
createtime : 1438238701 ;
msgtype : event ;
eventkey : http://univalsoftfwj.oicp.net/index.php?c=site&a=site&cid=1&i=3 ;

2015-07-30 14:06:08 params :
------------
Array:
message : Array ;
module : basic ;
rule : 13 ;
priority : 0 ;
keyword : Array ;

2015-07-30 14:06:08 response :
------------
Array:
FromUserName : gh_1f447c99463e ;
ToUserName : owAWYuLrhMC-SWAmzZWO2gEwuZWw ;
MsgType : text ;
Content : 欢迎关注寿光市检测检验中心!输入"微官网"可进入寿光市检测检验中心微官网.
地址:
电话:
邮箱: ;

2015-07-30 14:08:31 trace :
------------
Array:
from : owAWYuFIJwX0VuOS9RzNF1fjL0gk ;
to : gh_1f447c99463e ;
time : 1438238844 ;
type : text ;
event :  ;
tousername : gh_1f447c99463e ;
fromusername : owAWYuFIJwX0VuOS9RzNF1fjL0gk ;
createtime : 1438238844 ;
msgtype : text ;
content : /::D ;
msgid : 6177188799024279118 ;
redirection :  ;
source :  ;

2015-07-30 14:08:31 params :
------------
Array:
message : Array ;
module : basic ;
rule : 13 ;
priority : 0 ;
keyword : Array ;

2015-07-30 14:08:31 response :
------------
Array:
FromUserName : gh_1f447c99463e ;
ToUserName : owAWYuFIJwX0VuOS9RzNF1fjL0gk ;
MsgType : text ;
Content : 欢迎关注寿光市检测检验中心!输入"微官网"可进入寿光市检测检验中心微官网.
地址:
电话:
邮箱: ;

2015-07-30 14:18:57 trace :
------------
Array:
from : owAWYuLrhMC-SWAmzZWO2gEwuZWw ;
to : gh_1f447c99463e ;
time : 1438239470 ;
type : event ;
event : VIEW ;
tousername : gh_1f447c99463e ;
fromusername : owAWYuLrhMC-SWAmzZWO2gEwuZWw ;
createtime : 1438239470 ;
msgtype : event ;
eventkey : http://univalsoftfwj.oicp.net/index.php?c=site&a=site&cid=1&i=3 ;

2015-07-30 14:18:57 params :
------------
Array:
message : Array ;
module : basic ;
rule : 13 ;
priority : 0 ;
keyword : Array ;

2015-07-30 14:18:57 response :
------------
Array:
FromUserName : gh_1f447c99463e ;
ToUserName : owAWYuLrhMC-SWAmzZWO2gEwuZWw ;
MsgType : text ;
Content : 欢迎关注寿光市检测检验中心!输入"微官网"可进入寿光市检测检验中心微官网.
地址:
电话:
邮箱: ;

2015-07-30 14:35:30 trace :
------------
Array:
from : owAWYuLrhMC-SWAmzZWO2gEwuZWw ;
to : gh_1f447c99463e ;
time : 1438240464 ;
type : event ;
event : VIEW ;
tousername : gh_1f447c99463e ;
fromusername : owAWYuLrhMC-SWAmzZWO2gEwuZWw ;
createtime : 1438240464 ;
msgtype : event ;
eventkey : http://univalsoftfwj.oicp.net/index.php?c=site&a=site&cid=2&i=3 ;

2015-07-30 14:35:31 params :
------------
Array:
message : Array ;
module : basic ;
rule : 13 ;
priority : 0 ;
keyword : Array ;

2015-07-30 14:35:31 response :
------------
Array:
FromUserName : gh_1f447c99463e ;
ToUserName : owAWYuLrhMC-SWAmzZWO2gEwuZWw ;
MsgType : text ;
Content : 欢迎关注寿光市检测检验中心!输入"微官网"可进入寿光市检测检验中心微官网.
地址:
电话:
邮箱: ;

2015-07-30 14:39:40 trace :
------------
Array:
from : owAWYuLrhMC-SWAmzZWO2gEwuZWw ;
to : gh_1f447c99463e ;
time : 1438240713 ;
type : event ;
event : VIEW ;
tousername : gh_1f447c99463e ;
fromusername : owAWYuLrhMC-SWAmzZWO2gEwuZWw ;
createtime : 1438240713 ;
msgtype : event ;
eventkey : http://univalsoftfwj.oicp.net/index.php?c=site&a=site&cid=3&i=3 ;

2015-07-30 14:39:40 params :
------------
Array:
message : Array ;
module : basic ;
rule : 13 ;
priority : 0 ;
keyword : Array ;

2015-07-30 14:39:40 response :
------------
Array:
FromUserName : gh_1f447c99463e ;
ToUserName : owAWYuLrhMC-SWAmzZWO2gEwuZWw ;
MsgType : text ;
Content : 欢迎关注寿光市检测检验中心!输入"微官网"可进入寿光市检测检验中心微官网.
地址:
电话:
邮箱: ;

2015-07-30 14:39:50 trace :
------------
Array:
from : owAWYuLrhMC-SWAmzZWO2gEwuZWw ;
to : gh_1f447c99463e ;
time : 1438240723 ;
type : event ;
event : VIEW ;
tousername : gh_1f447c99463e ;
fromusername : owAWYuLrhMC-SWAmzZWO2gEwuZWw ;
createtime : 1438240723 ;
msgtype : event ;
eventkey : http://univalsoftfwj.oicp.net/index.php?c=site&a=site&cid=6&i=3 ;

2015-07-30 14:39:50 params :
------------
Array:
message : Array ;
module : basic ;
rule : 13 ;
priority : 0 ;
keyword : Array ;

2015-07-30 14:39:50 response :
------------
Array:
FromUserName : gh_1f447c99463e ;
ToUserName : owAWYuLrhMC-SWAmzZWO2gEwuZWw ;
MsgType : text ;
Content : 欢迎关注寿光市检测检验中心!输入"微官网"可进入寿光市检测检验中心微官网.
地址:
电话:
邮箱: ;

2015-07-30 14:43:09 trace :
------------
Array:
from : fromUser ;
to : toUser ;
time : 1438240924 ;
type : text ;
event :  ;
tousername : toUser ;
fromusername : fromUser ;
createtime : 1438240924 ;
msgtype : text ;
content : 微官网 ;
msgid : 1234567890123456 ;
redirection :  ;
source :  ;

2015-07-30 14:43:09 params :
------------
Array:
message : Array ;
module : news ;
rule : 17 ;
priority : 0 ;
keyword : Array ;

2015-07-30 14:43:09 response :
------------
Array:
FromUserName : toUser ;
ToUserName : fromUser ;
MsgType : news ;
ArticleCount : 1 ;
Articles : Array ;

2015-07-30 14:43:17 trace :
------------
Array:
from : owAWYuLrhMC-SWAmzZWO2gEwuZWw ;
to : gh_1f447c99463e ;
time : 1438240930 ;
type : event ;
event : VIEW ;
tousername : gh_1f447c99463e ;
fromusername : owAWYuLrhMC-SWAmzZWO2gEwuZWw ;
createtime : 1438240930 ;
msgtype : event ;
eventkey : http://univalsoftfwj.oicp.net/index.php?c=site&a=site&cid=6&i=3 ;

2015-07-30 14:43:17 params :
------------
Array:
message : Array ;
module : basic ;
rule : 13 ;
priority : 0 ;
keyword : Array ;

2015-07-30 14:43:17 response :
------------
Array:
FromUserName : gh_1f447c99463e ;
ToUserName : owAWYuLrhMC-SWAmzZWO2gEwuZWw ;
MsgType : text ;
Content : 欢迎关注寿光市检测检验中心!输入"微官网"可进入寿光市检测检验中心微官网.
地址:
电话:
邮箱: ;

2015-07-30 14:47:34 trace :
------------
Array:
from : owAWYuLrhMC-SWAmzZWO2gEwuZWw ;
to : gh_1f447c99463e ;
time : 1438241187 ;
type : event ;
event : VIEW ;
tousername : gh_1f447c99463e ;
fromusername : owAWYuLrhMC-SWAmzZWO2gEwuZWw ;
createtime : 1438241187 ;
msgtype : event ;
eventkey : http://univalsoftfwj.oicp.net/index.php?c=site&a=site&cid=8&i=3 ;

2015-07-30 14:47:34 params :
------------
Array:
message : Array ;
module : basic ;
rule : 13 ;
priority : 0 ;
keyword : Array ;

2015-07-30 14:47:34 response :
------------
Array:
FromUserName : gh_1f447c99463e ;
ToUserName : owAWYuLrhMC-SWAmzZWO2gEwuZWw ;
MsgType : text ;
Content : 欢迎关注寿光市检测检验中心!输入"微官网"可进入寿光市检测检验中心微官网.
地址:
电话:
邮箱: ;

2015-07-30 14:51:30 trace :
------------
Array:
from : owAWYuLrhMC-SWAmzZWO2gEwuZWw ;
to : gh_1f447c99463e ;
time : 1438241423 ;
type : event ;
event : VIEW ;
tousername : gh_1f447c99463e ;
fromusername : owAWYuLrhMC-SWAmzZWO2gEwuZWw ;
createtime : 1438241423 ;
msgtype : event ;
eventkey : http://univalsoftfwj.oicp.net/index.php?c=site&a=site&cid=9&i=3 ;

2015-07-30 14:51:30 params :
------------
Array:
message : Array ;
module : basic ;
rule : 13 ;
priority : 0 ;
keyword : Array ;

2015-07-30 14:51:30 response :
------------
Array:
FromUserName : gh_1f447c99463e ;
ToUserName : owAWYuLrhMC-SWAmzZWO2gEwuZWw ;
MsgType : text ;
Content : 欢迎关注寿光市检测检验中心!输入"微官网"可进入寿光市检测检验中心微官网.
地址:
电话:
邮箱: ;

2015-07-30 14:51:45 trace :
------------
Array:
from : owAWYuLrhMC-SWAmzZWO2gEwuZWw ;
to : gh_1f447c99463e ;
time : 1438241438 ;
type : event ;
event : VIEW ;
tousername : gh_1f447c99463e ;
fromusername : owAWYuLrhMC-SWAmzZWO2gEwuZWw ;
createtime : 1438241438 ;
msgtype : event ;
eventkey : http://univalsoftfwj.oicp.net/index.php?c=site&a=site&cid=10&i=3 ;

2015-07-30 14:51:45 params :
------------
Array:
message : Array ;
module : basic ;
rule : 13 ;
priority : 0 ;
keyword : Array ;

2015-07-30 14:51:45 response :
------------
Array:
FromUserName : gh_1f447c99463e ;
ToUserName : owAWYuLrhMC-SWAmzZWO2gEwuZWw ;
MsgType : text ;
Content : 欢迎关注寿光市检测检验中心!输入"微官网"可进入寿光市检测检验中心微官网.
地址:
电话:
邮箱: ;

2015-07-30 14:57:15 trace :
------------
Array:
from : owAWYuLrhMC-SWAmzZWO2gEwuZWw ;
to : gh_1f447c99463e ;
time : 1438241768 ;
type : event ;
event : VIEW ;
tousername : gh_1f447c99463e ;
fromusername : owAWYuLrhMC-SWAmzZWO2gEwuZWw ;
createtime : 1438241768 ;
msgtype : event ;
eventkey : http://univalsoftfwj.oicp.net/index.php?c=site&a=site&cid=1&i=3 ;

2015-07-30 14:57:15 params :
------------
Array:
message : Array ;
module : basic ;
rule : 13 ;
priority : 0 ;
keyword : Array ;

2015-07-30 14:57:15 response :
------------
Array:
FromUserName : gh_1f447c99463e ;
ToUserName : owAWYuLrhMC-SWAmzZWO2gEwuZWw ;
MsgType : text ;
Content : 欢迎关注寿光市检测检验中心!输入"微官网"可进入寿光市检测检验中心微官网.
地址:
电话:
邮箱: ;

2015-07-30 15:00:44 trace :
------------
Array:
from : owAWYuLrhMC-SWAmzZWO2gEwuZWw ;
to : gh_1f447c99463e ;
time : 1438241977 ;
type : event ;
event : VIEW ;
tousername : gh_1f447c99463e ;
fromusername : owAWYuLrhMC-SWAmzZWO2gEwuZWw ;
createtime : 1438241977 ;
msgtype : event ;
eventkey : http://univalsoftfwj.oicp.net/index.php?c=site&a=site&cid=1&i=3 ;

2015-07-30 15:00:44 params :
------------
Array:
message : Array ;
module : basic ;
rule : 13 ;
priority : 0 ;
keyword : Array ;

2015-07-30 15:00:44 response :
------------
Array:
FromUserName : gh_1f447c99463e ;
ToUserName : owAWYuLrhMC-SWAmzZWO2gEwuZWw ;
MsgType : text ;
Content : 欢迎关注寿光市检测检验中心!输入"微官网"可进入寿光市检测检验中心微官网.
地址:
电话:
邮箱: ;

2015-07-30 15:11:31 trace :
------------
Array:
from : owAWYuLrhMC-SWAmzZWO2gEwuZWw ;
to : gh_1f447c99463e ;
time : 1438242624 ;
type : event ;
event : VIEW ;
tousername : gh_1f447c99463e ;
fromusername : owAWYuLrhMC-SWAmzZWO2gEwuZWw ;
createtime : 1438242624 ;
msgtype : event ;
eventkey : http://univalsoftfwj.oicp.net/index.php?c=site&a=site&cid=1&i=3 ;

2015-07-30 15:11:31 params :
------------
Array:
message : Array ;
module : basic ;
rule : 13 ;
priority : 0 ;
keyword : Array ;

2015-07-30 15:11:31 response :
------------
Array:
FromUserName : gh_1f447c99463e ;
ToUserName : owAWYuLrhMC-SWAmzZWO2gEwuZWw ;
MsgType : text ;
Content : 欢迎关注寿光市检测检验中心!输入"微官网"可进入寿光市检测检验中心微官网.
地址:
电话:
邮箱: ;

2015-07-30 15:12:40 trace :
------------
Array:
from : owAWYuLrhMC-SWAmzZWO2gEwuZWw ;
to : gh_1f447c99463e ;
time : 1438242693 ;
type : event ;
event : VIEW ;
tousername : gh_1f447c99463e ;
fromusername : owAWYuLrhMC-SWAmzZWO2gEwuZWw ;
createtime : 1438242693 ;
msgtype : event ;
eventkey : http://univalsoftfwj.oicp.net/index.php?c=site&a=site&cid=1&i=3 ;

2015-07-30 15:12:40 params :
------------
Array:
message : Array ;
module : basic ;
rule : 13 ;
priority : 0 ;
keyword : Array ;

2015-07-30 15:12:40 response :
------------
Array:
FromUserName : gh_1f447c99463e ;
ToUserName : owAWYuLrhMC-SWAmzZWO2gEwuZWw ;
MsgType : text ;
Content : 欢迎关注寿光市检测检验中心!输入"微官网"可进入寿光市检测检验中心微官网.
地址:
电话:
邮箱: ;

2015-07-30 15:17:00 trace :
------------
Array:
from : owAWYuLrhMC-SWAmzZWO2gEwuZWw ;
to : gh_1f447c99463e ;
time : 1438242953 ;
type : event ;
event : VIEW ;
tousername : gh_1f447c99463e ;
fromusername : owAWYuLrhMC-SWAmzZWO2gEwuZWw ;
createtime : 1438242953 ;
msgtype : event ;
eventkey : http://univalsoftfwj.oicp.net/index.php?c=site&a=site&cid=1&i=3 ;

2015-07-30 15:17:00 params :
------------
Array:
message : Array ;
module : basic ;
rule : 13 ;
priority : 0 ;
keyword : Array ;

2015-07-30 15:17:00 response :
------------
Array:
FromUserName : gh_1f447c99463e ;
ToUserName : owAWYuLrhMC-SWAmzZWO2gEwuZWw ;
MsgType : text ;
Content : 欢迎关注寿光市检测检验中心!输入"微官网"可进入寿光市检测检验中心微官网.
地址:
电话:
邮箱: ;

2015-07-30 15:32:24 trace :
------------
Array:
from : owAWYuLrhMC-SWAmzZWO2gEwuZWw ;
to : gh_1f447c99463e ;
time : 1438243877 ;
type : event ;
event : VIEW ;
tousername : gh_1f447c99463e ;
fromusername : owAWYuLrhMC-SWAmzZWO2gEwuZWw ;
createtime : 1438243877 ;
msgtype : event ;
eventkey : http://univalsoftfwj.oicp.net/index.php?c=site&a=site&cid=1&i=3 ;

2015-07-30 15:32:24 params :
------------
Array:
message : Array ;
module : basic ;
rule : 13 ;
priority : 0 ;
keyword : Array ;

2015-07-30 15:32:24 response :
------------
Array:
FromUserName : gh_1f447c99463e ;
ToUserName : owAWYuLrhMC-SWAmzZWO2gEwuZWw ;
MsgType : text ;
Content : 欢迎关注寿光市检测检验中心!输入"微官网"可进入寿光市检测检验中心微官网.
地址:
电话:
邮箱: ;

2015-07-30 15:41:25 trace :
------------
Array:
from : owAWYuLrhMC-SWAmzZWO2gEwuZWw ;
to : gh_1f447c99463e ;
time : 1438244418 ;
type : event ;
event : VIEW ;
tousername : gh_1f447c99463e ;
fromusername : owAWYuLrhMC-SWAmzZWO2gEwuZWw ;
createtime : 1438244418 ;
msgtype : event ;
eventkey : http://univalsoftfwj.oicp.net/index.php?c=site&a=site&cid=1&i=3 ;

2015-07-30 15:41:25 params :
------------
Array:
message : Array ;
module : basic ;
rule : 13 ;
priority : 0 ;
keyword : Array ;

2015-07-30 15:41:25 response :
------------
Array:
FromUserName : gh_1f447c99463e ;
ToUserName : owAWYuLrhMC-SWAmzZWO2gEwuZWw ;
MsgType : text ;
Content : 欢迎关注寿光市检测检验中心!输入"微官网"可进入寿光市检测检验中心微官网.
地址:
电话:
邮箱: ;

2015-07-30 15:42:05 trace :
------------
Array:
from : owAWYuLrhMC-SWAmzZWO2gEwuZWw ;
to : gh_1f447c99463e ;
time : 1438244448 ;
type : event ;
event : VIEW ;
tousername : gh_1f447c99463e ;
fromusername : owAWYuLrhMC-SWAmzZWO2gEwuZWw ;
createtime : 1438244448 ;
msgtype : event ;
eventkey : http://univalsoftfwj.oicp.net/index.php?c=site&a=site&cid=2&i=3 ;

2015-07-30 15:42:05 params :
------------
Array:
message : Array ;
module : basic ;
rule : 13 ;
priority : 0 ;
keyword : Array ;

2015-07-30 15:42:05 response :
------------
Array:
FromUserName : gh_1f447c99463e ;
ToUserName : owAWYuLrhMC-SWAmzZWO2gEwuZWw ;
MsgType : text ;
Content : 欢迎关注寿光市检测检验中心!输入"微官网"可进入寿光市检测检验中心微官网.
地址:
电话:
邮箱: ;

2015-07-30 15:43:37 trace :
------------
Array:
from : owAWYuLrhMC-SWAmzZWO2gEwuZWw ;
to : gh_1f447c99463e ;
time : 1438244551 ;
type : event ;
event : VIEW ;
tousername : gh_1f447c99463e ;
fromusername : owAWYuLrhMC-SWAmzZWO2gEwuZWw ;
createtime : 1438244551 ;
msgtype : event ;
eventkey : http://univalsoftfwj.oicp.net/index.php?c=site&a=site&cid=1&i=3 ;

2015-07-30 15:43:37 params :
------------
Array:
message : Array ;
module : basic ;
rule : 13 ;
priority : 0 ;
keyword : Array ;

2015-07-30 15:43:37 response :
------------
Array:
FromUserName : gh_1f447c99463e ;
ToUserName : owAWYuLrhMC-SWAmzZWO2gEwuZWw ;
MsgType : text ;
Content : 欢迎关注寿光市检测检验中心!输入"微官网"可进入寿光市检测检验中心微官网.
地址:
电话:
邮箱: ;

2015-07-30 15:44:36 trace :
------------
Array:
from : owAWYuLrhMC-SWAmzZWO2gEwuZWw ;
to : gh_1f447c99463e ;
time : 1438244610 ;
type : event ;
event : VIEW ;
tousername : gh_1f447c99463e ;
fromusername : owAWYuLrhMC-SWAmzZWO2gEwuZWw ;
createtime : 1438244610 ;
msgtype : event ;
eventkey : http://univalsoftfwj.oicp.net/index.php?c=site&a=site&cid=1&i=3 ;

2015-07-30 15:44:36 params :
------------
Array:
message : Array ;
module : basic ;
rule : 13 ;
priority : 0 ;
keyword : Array ;

2015-07-30 15:44:36 response :
------------
Array:
FromUserName : gh_1f447c99463e ;
ToUserName : owAWYuLrhMC-SWAmzZWO2gEwuZWw ;
MsgType : text ;
Content : 欢迎关注寿光市检测检验中心!输入"微官网"可进入寿光市检测检验中心微官网.
地址:
电话:
邮箱: ;

2015-07-30 15:45:04 trace :
------------
Array:
from : owAWYuLrhMC-SWAmzZWO2gEwuZWw ;
to : gh_1f447c99463e ;
time : 1438244637 ;
type : event ;
event : VIEW ;
tousername : gh_1f447c99463e ;
fromusername : owAWYuLrhMC-SWAmzZWO2gEwuZWw ;
createtime : 1438244637 ;
msgtype : event ;
eventkey : http://univalsoftfwj.oicp.net/index.php?c=site&a=site&cid=2&i=3 ;

2015-07-30 15:45:04 params :
------------
Array:
message : Array ;
module : basic ;
rule : 13 ;
priority : 0 ;
keyword : Array ;

2015-07-30 15:45:04 response :
------------
Array:
FromUserName : gh_1f447c99463e ;
ToUserName : owAWYuLrhMC-SWAmzZWO2gEwuZWw ;
MsgType : text ;
Content : 欢迎关注寿光市检测检验中心!输入"微官网"可进入寿光市检测检验中心微官网.
地址:
电话:
邮箱: ;

2015-07-30 15:45:44 trace :
------------
Array:
from : owAWYuLrhMC-SWAmzZWO2gEwuZWw ;
to : gh_1f447c99463e ;
time : 1438244677 ;
type : event ;
event : VIEW ;
tousername : gh_1f447c99463e ;
fromusername : owAWYuLrhMC-SWAmzZWO2gEwuZWw ;
createtime : 1438244677 ;
msgtype : event ;
eventkey : http://univalsoftfwj.oicp.net/index.php?c=site&a=site&cid=1&i=3 ;

2015-07-30 15:45:44 params :
------------
Array:
message : Array ;
module : basic ;
rule : 13 ;
priority : 0 ;
keyword : Array ;

2015-07-30 15:45:44 response :
------------
Array:
FromUserName : gh_1f447c99463e ;
ToUserName : owAWYuLrhMC-SWAmzZWO2gEwuZWw ;
MsgType : text ;
Content : 欢迎关注寿光市检测检验中心!输入"微官网"可进入寿光市检测检验中心微官网.
地址:
电话:
邮箱: ;

2015-07-30 15:46:18 trace :
------------
Array:
from : owAWYuLrhMC-SWAmzZWO2gEwuZWw ;
to : gh_1f447c99463e ;
time : 1438244711 ;
type : event ;
event : VIEW ;
tousername : gh_1f447c99463e ;
fromusername : owAWYuLrhMC-SWAmzZWO2gEwuZWw ;
createtime : 1438244711 ;
msgtype : event ;
eventkey : http://univalsoftfwj.oicp.net/index.php?c=site&a=site&cid=1&i=3 ;

2015-07-30 15:46:18 params :
------------
Array:
message : Array ;
module : basic ;
rule : 13 ;
priority : 0 ;
keyword : Array ;

2015-07-30 15:46:18 response :
------------
Array:
FromUserName : gh_1f447c99463e ;
ToUserName : owAWYuLrhMC-SWAmzZWO2gEwuZWw ;
MsgType : text ;
Content : 欢迎关注寿光市检测检验中心!输入"微官网"可进入寿光市检测检验中心微官网.
地址:
电话:
邮箱: ;

2015-07-30 15:47:31 trace :
------------
Array:
from : owAWYuLrhMC-SWAmzZWO2gEwuZWw ;
to : gh_1f447c99463e ;
time : 1438244784 ;
type : event ;
event : VIEW ;
tousername : gh_1f447c99463e ;
fromusername : owAWYuLrhMC-SWAmzZWO2gEwuZWw ;
createtime : 1438244784 ;
msgtype : event ;
eventkey : http://univalsoftfwj.oicp.net/index.php?c=site&a=site&cid=1&i=3 ;

2015-07-30 15:47:31 params :
------------
Array:
message : Array ;
module : basic ;
rule : 13 ;
priority : 0 ;
keyword : Array ;

2015-07-30 15:47:31 response :
------------
Array:
FromUserName : gh_1f447c99463e ;
ToUserName : owAWYuLrhMC-SWAmzZWO2gEwuZWw ;
MsgType : text ;
Content : 欢迎关注寿光市检测检验中心!输入"微官网"可进入寿光市检测检验中心微官网.
地址:
电话:
邮箱: ;

2015-07-30 15:47:51 trace :
------------
Array:
from : owAWYuLrhMC-SWAmzZWO2gEwuZWw ;
to : gh_1f447c99463e ;
time : 1438244804 ;
type : event ;
event : VIEW ;
tousername : gh_1f447c99463e ;
fromusername : owAWYuLrhMC-SWAmzZWO2gEwuZWw ;
createtime : 1438244804 ;
msgtype : event ;
eventkey : http://univalsoftfwj.oicp.net/index.php?c=site&a=site&cid=1&i=3 ;

2015-07-30 15:47:51 params :
------------
Array:
message : Array ;
module : basic ;
rule : 13 ;
priority : 0 ;
keyword : Array ;

2015-07-30 15:47:51 response :
------------
Array:
FromUserName : gh_1f447c99463e ;
ToUserName : owAWYuLrhMC-SWAmzZWO2gEwuZWw ;
MsgType : text ;
Content : 欢迎关注寿光市检测检验中心!输入"微官网"可进入寿光市检测检验中心微官网.
地址:
电话:
邮箱: ;

2015-07-30 15:50:20 trace :
------------
Array:
from : owAWYuM-5TU5ppPJPWV5S4m9_kAs ;
to : gh_1f447c99463e ;
time : 1438244954 ;
type : event ;
event : subscribe ;
tousername : gh_1f447c99463e ;
fromusername : owAWYuM-5TU5ppPJPWV5S4m9_kAs ;
createtime : 1438244954 ;
msgtype : event ;
eventkey :  ;

2015-07-30 15:50:20 params :
------------
Array:
message : Array ;
module : news ;
rule : 16 ;
priority : 0 ;
keyword : Array ;

2015-07-30 15:50:20 response :
------------
Array:
FromUserName : gh_1f447c99463e ;
ToUserName : owAWYuM-5TU5ppPJPWV5S4m9_kAs ;
MsgType : news ;
ArticleCount : 1 ;
Articles : Array ;

2015-07-30 15:50:57 trace :
------------
Array:
from : owAWYuM-5TU5ppPJPWV5S4m9_kAs ;
to : gh_1f447c99463e ;
time : 1438244991 ;
type : event ;
event : VIEW ;
tousername : gh_1f447c99463e ;
fromusername : owAWYuM-5TU5ppPJPWV5S4m9_kAs ;
createtime : 1438244991 ;
msgtype : event ;
eventkey : http://univalsoftfwj.oicp.net/index.php?c=site&a=site&cid=1&i=3 ;

2015-07-30 15:50:57 params :
------------
Array:
message : Array ;
module : basic ;
rule : 13 ;
priority : 0 ;
keyword : Array ;

2015-07-30 15:50:57 response :
------------
Array:
FromUserName : gh_1f447c99463e ;
ToUserName : owAWYuM-5TU5ppPJPWV5S4m9_kAs ;
MsgType : text ;
Content : 欢迎关注寿光市检测检验中心!输入"微官网"可进入寿光市检测检验中心微官网.
地址:
电话:
邮箱: ;

2015-07-30 15:51:41 trace :
------------
Array:
from : owAWYuM-5TU5ppPJPWV5S4m9_kAs ;
to : gh_1f447c99463e ;
time : 1438245034 ;
type : event ;
event : VIEW ;
tousername : gh_1f447c99463e ;
fromusername : owAWYuM-5TU5ppPJPWV5S4m9_kAs ;
createtime : 1438245034 ;
msgtype : event ;
eventkey : http://univalsoftfwj.oicp.net/index.php?c=site&a=site&cid=1&i=3 ;

2015-07-30 15:51:41 params :
------------
Array:
message : Array ;
module : basic ;
rule : 13 ;
priority : 0 ;
keyword : Array ;

2015-07-30 15:51:41 response :
------------
Array:
FromUserName : gh_1f447c99463e ;
ToUserName : owAWYuM-5TU5ppPJPWV5S4m9_kAs ;
MsgType : text ;
Content : 欢迎关注寿光市检测检验中心!输入"微官网"可进入寿光市检测检验中心微官网.
地址:
电话:
邮箱: ;

2015-07-30 15:51:44 trace :
------------
Array:
from : owAWYuM-5TU5ppPJPWV5S4m9_kAs ;
to : gh_1f447c99463e ;
time : 1438245038 ;
type : event ;
event : VIEW ;
tousername : gh_1f447c99463e ;
fromusername : owAWYuM-5TU5ppPJPWV5S4m9_kAs ;
createtime : 1438245038 ;
msgtype : event ;
eventkey : http://univalsoftfwj.oicp.net/index.php?c=site&a=site&cid=1&i=3 ;

2015-07-30 15:51:44 params :
------------
Array:
message : Array ;
module : basic ;
rule : 13 ;
priority : 0 ;
keyword : Array ;

2015-07-30 15:51:44 response :
------------
Array:
FromUserName : gh_1f447c99463e ;
ToUserName : owAWYuM-5TU5ppPJPWV5S4m9_kAs ;
MsgType : text ;
Content : 欢迎关注寿光市检测检验中心!输入"微官网"可进入寿光市检测检验中心微官网.
地址:
电话:
邮箱: ;

2015-07-30 15:52:10 trace :
------------
Array:
from : owAWYuM-5TU5ppPJPWV5S4m9_kAs ;
to : gh_1f447c99463e ;
time : 1438245064 ;
type : event ;
event : VIEW ;
tousername : gh_1f447c99463e ;
fromusername : owAWYuM-5TU5ppPJPWV5S4m9_kAs ;
createtime : 1438245064 ;
msgtype : event ;
eventkey : http://univalsoftfwj.oicp.net/index.php?c=site&a=site&cid=1&i=3 ;

2015-07-30 15:52:10 params :
------------
Array:
message : Array ;
module : basic ;
rule : 13 ;
priority : 0 ;
keyword : Array ;

2015-07-30 15:52:10 response :
------------
Array:
FromUserName : gh_1f447c99463e ;
ToUserName : owAWYuM-5TU5ppPJPWV5S4m9_kAs ;
MsgType : text ;
Content : 欢迎关注寿光市检测检验中心!输入"微官网"可进入寿光市检测检验中心微官网.
地址:
电话:
邮箱: ;

2015-07-30 15:54:07 trace :
------------
Array:
from : owAWYuLrhMC-SWAmzZWO2gEwuZWw ;
to : gh_1f447c99463e ;
time : 1438245181 ;
type : event ;
event : VIEW ;
tousername : gh_1f447c99463e ;
fromusername : owAWYuLrhMC-SWAmzZWO2gEwuZWw ;
createtime : 1438245181 ;
msgtype : event ;
eventkey : http://univalsoftfwj.oicp.net/index.php?c=site&a=site&cid=1&i=3 ;

2015-07-30 15:54:07 params :
------------
Array:
message : Array ;
module : basic ;
rule : 13 ;
priority : 0 ;
keyword : Array ;

2015-07-30 15:54:07 response :
------------
Array:
FromUserName : gh_1f447c99463e ;
ToUserName : owAWYuLrhMC-SWAmzZWO2gEwuZWw ;
MsgType : text ;
Content : 欢迎关注寿光市检测检验中心!输入"微官网"可进入寿光市检测检验中心微官网.
地址:
电话:
邮箱: ;

2015-07-30 15:54:11 trace :
------------
Array:
from : owAWYuM-5TU5ppPJPWV5S4m9_kAs ;
to : gh_1f447c99463e ;
time : 1438245184 ;
type : event ;
event : VIEW ;
tousername : gh_1f447c99463e ;
fromusername : owAWYuM-5TU5ppPJPWV5S4m9_kAs ;
createtime : 1438245184 ;
msgtype : event ;
eventkey : http://univalsoftfwj.oicp.net/index.php?c=site&a=site&cid=1&i=3 ;

2015-07-30 15:54:11 params :
------------
Array:
message : Array ;
module : basic ;
rule : 13 ;
priority : 0 ;
keyword : Array ;

2015-07-30 15:54:11 response :
------------
Array:
FromUserName : gh_1f447c99463e ;
ToUserName : owAWYuM-5TU5ppPJPWV5S4m9_kAs ;
MsgType : text ;
Content : 欢迎关注寿光市检测检验中心!输入"微官网"可进入寿光市检测检验中心微官网.
地址:
电话:
邮箱: ;

2015-07-30 16:00:17 trace :
------------
Array:
from : owAWYuLrhMC-SWAmzZWO2gEwuZWw ;
to : gh_1f447c99463e ;
time : 1438245550 ;
type : event ;
event : VIEW ;
tousername : gh_1f447c99463e ;
fromusername : owAWYuLrhMC-SWAmzZWO2gEwuZWw ;
createtime : 1438245550 ;
msgtype : event ;
eventkey : http://univalsoftfwj.oicp.net/index.php?c=site&a=site&cid=1&i=3 ;

2015-07-30 16:00:17 params :
------------
Array:
message : Array ;
module : basic ;
rule : 13 ;
priority : 0 ;
keyword : Array ;

2015-07-30 16:00:17 response :
------------
Array:
FromUserName : gh_1f447c99463e ;
ToUserName : owAWYuLrhMC-SWAmzZWO2gEwuZWw ;
MsgType : text ;
Content : 欢迎关注寿光市检测检验中心!输入"微官网"可进入寿光市检测检验中心微官网.
地址:
电话:
邮箱: ;

2015-07-30 16:00:30 trace :
------------
Array:
from : owAWYuM-5TU5ppPJPWV5S4m9_kAs ;
to : gh_1f447c99463e ;
time : 1438245563 ;
type : event ;
event : VIEW ;
tousername : gh_1f447c99463e ;
fromusername : owAWYuM-5TU5ppPJPWV5S4m9_kAs ;
createtime : 1438245563 ;
msgtype : event ;
eventkey : http://univalsoftfwj.oicp.net/index.php?c=site&a=site&cid=1&i=3 ;

2015-07-30 16:00:30 params :
------------
Array:
message : Array ;
module : basic ;
rule : 13 ;
priority : 0 ;
keyword : Array ;

2015-07-30 16:00:30 response :
------------
Array:
FromUserName : gh_1f447c99463e ;
ToUserName : owAWYuM-5TU5ppPJPWV5S4m9_kAs ;
MsgType : text ;
Content : 欢迎关注寿光市检测检验中心!输入"微官网"可进入寿光市检测检验中心微官网.
地址:
电话:
邮箱: ;

2015-07-30 16:02:02 trace :
------------
Array:
from : owAWYuLrhMC-SWAmzZWO2gEwuZWw ;
to : gh_1f447c99463e ;
time : 1438245655 ;
type : event ;
event : VIEW ;
tousername : gh_1f447c99463e ;
fromusername : owAWYuLrhMC-SWAmzZWO2gEwuZWw ;
createtime : 1438245655 ;
msgtype : event ;
eventkey : http://univalsoftfwj.oicp.net/index.php?c=site&a=site&cid=3&i=3 ;

2015-07-30 16:02:02 params :
------------
Array:
message : Array ;
module : basic ;
rule : 13 ;
priority : 0 ;
keyword : Array ;

2015-07-30 16:02:02 response :
------------
Array:
FromUserName : gh_1f447c99463e ;
ToUserName : owAWYuLrhMC-SWAmzZWO2gEwuZWw ;
MsgType : text ;
Content : 欢迎关注寿光市检测检验中心!输入"微官网"可进入寿光市检测检验中心微官网.
地址:
电话:
邮箱: ;

2015-07-30 16:02:11 trace :
------------
Array:
from : owAWYuM-5TU5ppPJPWV5S4m9_kAs ;
to : gh_1f447c99463e ;
time : 1438245664 ;
type : event ;
event : VIEW ;
tousername : gh_1f447c99463e ;
fromusername : owAWYuM-5TU5ppPJPWV5S4m9_kAs ;
createtime : 1438245664 ;
msgtype : event ;
eventkey : http://univalsoftfwj.oicp.net/index.php?c=site&a=site&cid=2&i=3 ;

2015-07-30 16:02:11 params :
------------
Array:
message : Array ;
module : basic ;
rule : 13 ;
priority : 0 ;
keyword : Array ;

2015-07-30 16:02:11 response :
------------
Array:
FromUserName : gh_1f447c99463e ;
ToUserName : owAWYuM-5TU5ppPJPWV5S4m9_kAs ;
MsgType : text ;
Content : 欢迎关注寿光市检测检验中心!输入"微官网"可进入寿光市检测检验中心微官网.
地址:
电话:
邮箱: ;

2015-07-30 16:03:33 trace :
------------
Array:
from : owAWYuLrhMC-SWAmzZWO2gEwuZWw ;
to : gh_1f447c99463e ;
time : 1438245746 ;
type : event ;
event : VIEW ;
tousername : gh_1f447c99463e ;
fromusername : owAWYuLrhMC-SWAmzZWO2gEwuZWw ;
createtime : 1438245746 ;
msgtype : event ;
eventkey : http://univalsoftfwj.oicp.net/index.php?c=site&a=site&cid=1&i=3 ;

2015-07-30 16:03:33 params :
------------
Array:
message : Array ;
module : basic ;
rule : 13 ;
priority : 0 ;
keyword : Array ;

2015-07-30 16:03:33 response :
------------
Array:
FromUserName : gh_1f447c99463e ;
ToUserName : owAWYuLrhMC-SWAmzZWO2gEwuZWw ;
MsgType : text ;
Content : 欢迎关注寿光市检测检验中心!输入"微官网"可进入寿光市检测检验中心微官网.
地址:
电话:
邮箱: ;

2015-07-30 16:04:12 trace :
------------
Array:
from : owAWYuLc2LamPpqcCfjuqR_WAJzo ;
to : gh_1f447c99463e ;
time : 1438245785 ;
type : event ;
event : subscribe ;
tousername : gh_1f447c99463e ;
fromusername : owAWYuLc2LamPpqcCfjuqR_WAJzo ;
createtime : 1438245785 ;
msgtype : event ;
eventkey :  ;

2015-07-30 16:04:12 params :
------------
Array:
message : Array ;
module : news ;
rule : 16 ;
priority : 0 ;
keyword : Array ;

2015-07-30 16:04:12 response :
------------
Array:
FromUserName : gh_1f447c99463e ;
ToUserName : owAWYuLc2LamPpqcCfjuqR_WAJzo ;
MsgType : news ;
ArticleCount : 1 ;
Articles : Array ;

2015-07-30 16:04:17 trace :
------------
Array:
from : owAWYuLc2LamPpqcCfjuqR_WAJzo ;
to : gh_1f447c99463e ;
time : 1438245790 ;
type : event ;
event : VIEW ;
tousername : gh_1f447c99463e ;
fromusername : owAWYuLc2LamPpqcCfjuqR_WAJzo ;
createtime : 1438245790 ;
msgtype : event ;
eventkey : http://univalsoftfwj.oicp.net/index.php?c=site&a=site&cid=1&i=3 ;

2015-07-30 16:04:17 params :
------------
Array:
message : Array ;
module : basic ;
rule : 13 ;
priority : 0 ;
keyword : Array ;

2015-07-30 16:04:17 response :
------------
Array:
FromUserName : gh_1f447c99463e ;
ToUserName : owAWYuLc2LamPpqcCfjuqR_WAJzo ;
MsgType : text ;
Content : 欢迎关注寿光市检测检验中心!输入"微官网"可进入寿光市检测检验中心微官网.
地址:
电话:
邮箱: ;

2015-07-30 16:04:40 trace :
------------
Array:
from : owAWYuLc2LamPpqcCfjuqR_WAJzo ;
to : gh_1f447c99463e ;
time : 1438245814 ;
type : event ;
event : VIEW ;
tousername : gh_1f447c99463e ;
fromusername : owAWYuLc2LamPpqcCfjuqR_WAJzo ;
createtime : 1438245814 ;
msgtype : event ;
eventkey : http://univalsoftfwj.oicp.net/index.php?c=site&a=site&cid=3&i=3 ;

2015-07-30 16:04:40 params :
------------
Array:
message : Array ;
module : basic ;
rule : 13 ;
priority : 0 ;
keyword : Array ;

2015-07-30 16:04:40 response :
------------
Array:
FromUserName : gh_1f447c99463e ;
ToUserName : owAWYuLc2LamPpqcCfjuqR_WAJzo ;
MsgType : text ;
Content : 欢迎关注寿光市检测检验中心!输入"微官网"可进入寿光市检测检验中心微官网.
地址:
电话:
邮箱: ;

2015-07-30 16:06:37 trace :
------------
Array:
from : owAWYuLrhMC-SWAmzZWO2gEwuZWw ;
to : gh_1f447c99463e ;
time : 1438245931 ;
type : event ;
event : VIEW ;
tousername : gh_1f447c99463e ;
fromusername : owAWYuLrhMC-SWAmzZWO2gEwuZWw ;
createtime : 1438245931 ;
msgtype : event ;
eventkey : http://univalsoftfwj.oicp.net/index.php?c=site&a=site&cid=1&i=3 ;

2015-07-30 16:06:37 params :
------------
Array:
message : Array ;
module : basic ;
rule : 13 ;
priority : 0 ;
keyword : Array ;

2015-07-30 16:06:37 response :
------------
Array:
FromUserName : gh_1f447c99463e ;
ToUserName : owAWYuLrhMC-SWAmzZWO2gEwuZWw ;
MsgType : text ;
Content : 欢迎关注寿光市检测检验中心!输入"微官网"可进入寿光市检测检验中心微官网.
地址:
电话:
邮箱: ;

2015-07-30 16:06:56 trace :
------------
Array:
from : owAWYuLc2LamPpqcCfjuqR_WAJzo ;
to : gh_1f447c99463e ;
time : 1438245950 ;
type : event ;
event : VIEW ;
tousername : gh_1f447c99463e ;
fromusername : owAWYuLc2LamPpqcCfjuqR_WAJzo ;
createtime : 1438245950 ;
msgtype : event ;
eventkey : http://univalsoftfwj.oicp.net/index.php?c=site&a=site&cid=1&i=3 ;

2015-07-30 16:06:56 params :
------------
Array:
message : Array ;
module : basic ;
rule : 13 ;
priority : 0 ;
keyword : Array ;

2015-07-30 16:06:56 response :
------------
Array:
FromUserName : gh_1f447c99463e ;
ToUserName : owAWYuLc2LamPpqcCfjuqR_WAJzo ;
MsgType : text ;
Content : 欢迎关注寿光市检测检验中心!输入"微官网"可进入寿光市检测检验中心微官网.
地址:
电话:
邮箱: ;

2015-07-30 16:08:25 trace :
------------
Array:
from : owAWYuLc2LamPpqcCfjuqR_WAJzo ;
to : gh_1f447c99463e ;
time : 1438246038 ;
type : event ;
event : VIEW ;
tousername : gh_1f447c99463e ;
fromusername : owAWYuLc2LamPpqcCfjuqR_WAJzo ;
createtime : 1438246038 ;
msgtype : event ;
eventkey : http://univalsoftfwj.oicp.net/index.php?c=site&a=site&cid=1&i=3 ;

2015-07-30 16:08:25 params :
------------
Array:
message : Array ;
module : basic ;
rule : 13 ;
priority : 0 ;
keyword : Array ;

2015-07-30 16:08:25 response :
------------
Array:
FromUserName : gh_1f447c99463e ;
ToUserName : owAWYuLc2LamPpqcCfjuqR_WAJzo ;
MsgType : text ;
Content : 欢迎关注寿光市检测检验中心!输入"微官网"可进入寿光市检测检验中心微官网.
地址:
电话:
邮箱: ;

2015-07-30 16:08:45 trace :
------------
Array:
from : owAWYuLc2LamPpqcCfjuqR_WAJzo ;
to : gh_1f447c99463e ;
time : 1438246058 ;
type : event ;
event : VIEW ;
tousername : gh_1f447c99463e ;
fromusername : owAWYuLc2LamPpqcCfjuqR_WAJzo ;
createtime : 1438246058 ;
msgtype : event ;
eventkey : http://univalsoftfwj.oicp.net/index.php?c=site&a=site&cid=2&i=3 ;

2015-07-30 16:08:45 params :
------------
Array:
message : Array ;
module : basic ;
rule : 13 ;
priority : 0 ;
keyword : Array ;

2015-07-30 16:08:45 response :
------------
Array:
FromUserName : gh_1f447c99463e ;
ToUserName : owAWYuLc2LamPpqcCfjuqR_WAJzo ;
MsgType : text ;
Content : 欢迎关注寿光市检测检验中心!输入"微官网"可进入寿光市检测检验中心微官网.
地址:
电话:
邮箱: ;

2015-07-30 16:08:59 trace :
------------
Array:
from : owAWYuLc2LamPpqcCfjuqR_WAJzo ;
to : gh_1f447c99463e ;
time : 1438246072 ;
type : event ;
event : VIEW ;
tousername : gh_1f447c99463e ;
fromusername : owAWYuLc2LamPpqcCfjuqR_WAJzo ;
createtime : 1438246072 ;
msgtype : event ;
eventkey : http://univalsoftfwj.oicp.net/index.php?c=site&a=site&cid=6&i=3 ;

2015-07-30 16:08:59 params :
------------
Array:
message : Array ;
module : basic ;
rule : 13 ;
priority : 0 ;
keyword : Array ;

2015-07-30 16:08:59 response :
------------
Array:
FromUserName : gh_1f447c99463e ;
ToUserName : owAWYuLc2LamPpqcCfjuqR_WAJzo ;
MsgType : text ;
Content : 欢迎关注寿光市检测检验中心!输入"微官网"可进入寿光市检测检验中心微官网.
地址:
电话:
邮箱: ;

2015-07-30 16:11:45 trace :
------------
Array:
from : owAWYuLc2LamPpqcCfjuqR_WAJzo ;
to : gh_1f447c99463e ;
time : 1438246239 ;
type : event ;
event : VIEW ;
tousername : gh_1f447c99463e ;
fromusername : owAWYuLc2LamPpqcCfjuqR_WAJzo ;
createtime : 1438246239 ;
msgtype : event ;
eventkey : http://univalsoftfwj.oicp.net/index.php?c=site&a=site&cid=1&i=3 ;

2015-07-30 16:11:45 params :
------------
Array:
message : Array ;
module : basic ;
rule : 13 ;
priority : 0 ;
keyword : Array ;

2015-07-30 16:11:45 response :
------------
Array:
FromUserName : gh_1f447c99463e ;
ToUserName : owAWYuLc2LamPpqcCfjuqR_WAJzo ;
MsgType : text ;
Content : 欢迎关注寿光市检测检验中心!输入"微官网"可进入寿光市检测检验中心微官网.
地址:
电话:
邮箱: ;

2015-07-30 16:11:56 trace :
------------
Array:
from : owAWYuLc2LamPpqcCfjuqR_WAJzo ;
to : gh_1f447c99463e ;
time : 1438246250 ;
type : event ;
event : VIEW ;
tousername : gh_1f447c99463e ;
fromusername : owAWYuLc2LamPpqcCfjuqR_WAJzo ;
createtime : 1438246250 ;
msgtype : event ;
eventkey : http://univalsoftfwj.oicp.net/index.php?c=site&a=site&cid=2&i=3 ;

2015-07-30 16:11:56 params :
------------
Array:
message : Array ;
module : basic ;
rule : 13 ;
priority : 0 ;
keyword : Array ;

2015-07-30 16:11:56 response :
------------
Array:
FromUserName : gh_1f447c99463e ;
ToUserName : owAWYuLc2LamPpqcCfjuqR_WAJzo ;
MsgType : text ;
Content : 欢迎关注寿光市检测检验中心!输入"微官网"可进入寿光市检测检验中心微官网.
地址:
电话:
邮箱: ;

2015-07-30 16:12:16 trace :
------------
Array:
from : owAWYuLc2LamPpqcCfjuqR_WAJzo ;
to : gh_1f447c99463e ;
time : 1438246269 ;
type : event ;
event : VIEW ;
tousername : gh_1f447c99463e ;
fromusername : owAWYuLc2LamPpqcCfjuqR_WAJzo ;
createtime : 1438246269 ;
msgtype : event ;
eventkey : http://univalsoftfwj.oicp.net/index.php?c=site&a=site&cid=6&i=3 ;

2015-07-30 16:12:16 params :
------------
Array:
message : Array ;
module : basic ;
rule : 13 ;
priority : 0 ;
keyword : Array ;

2015-07-30 16:12:16 response :
------------
Array:
FromUserName : gh_1f447c99463e ;
ToUserName : owAWYuLc2LamPpqcCfjuqR_WAJzo ;
MsgType : text ;
Content : 欢迎关注寿光市检测检验中心!输入"微官网"可进入寿光市检测检验中心微官网.
地址:
电话:
邮箱: ;

2015-07-30 16:12:38 trace :
------------
Array:
from : owAWYuLc2LamPpqcCfjuqR_WAJzo ;
to : gh_1f447c99463e ;
time : 1438246291 ;
type : event ;
event : VIEW ;
tousername : gh_1f447c99463e ;
fromusername : owAWYuLc2LamPpqcCfjuqR_WAJzo ;
createtime : 1438246291 ;
msgtype : event ;
eventkey : http://univalsoftfwj.oicp.net/index.php?c=site&a=site&cid=6&i=3 ;

2015-07-30 16:12:38 params :
------------
Array:
message : Array ;
module : basic ;
rule : 13 ;
priority : 0 ;
keyword : Array ;

2015-07-30 16:12:38 response :
------------
Array:
FromUserName : gh_1f447c99463e ;
ToUserName : owAWYuLc2LamPpqcCfjuqR_WAJzo ;
MsgType : text ;
Content : 欢迎关注寿光市检测检验中心!输入"微官网"可进入寿光市检测检验中心微官网.
地址:
电话:
邮箱: ;

2015-07-30 16:12:51 trace :
------------
Array:
from : owAWYuLc2LamPpqcCfjuqR_WAJzo ;
to : gh_1f447c99463e ;
time : 1438246305 ;
type : event ;
event : VIEW ;
tousername : gh_1f447c99463e ;
fromusername : owAWYuLc2LamPpqcCfjuqR_WAJzo ;
createtime : 1438246305 ;
msgtype : event ;
eventkey : http://univalsoftfwj.oicp.net/index.php?c=site&a=site&cid=9&i=3 ;

2015-07-30 16:12:51 params :
------------
Array:
message : Array ;
module : basic ;
rule : 13 ;
priority : 0 ;
keyword : Array ;

2015-07-30 16:12:51 response :
------------
Array:
FromUserName : gh_1f447c99463e ;
ToUserName : owAWYuLc2LamPpqcCfjuqR_WAJzo ;
MsgType : text ;
Content : 欢迎关注寿光市检测检验中心!输入"微官网"可进入寿光市检测检验中心微官网.
地址:
电话:
邮箱: ;

2015-07-30 16:12:59 trace :
------------
Array:
from : owAWYuLc2LamPpqcCfjuqR_WAJzo ;
to : gh_1f447c99463e ;
time : 1438246312 ;
type : event ;
event : VIEW ;
tousername : gh_1f447c99463e ;
fromusername : owAWYuLc2LamPpqcCfjuqR_WAJzo ;
createtime : 1438246312 ;
msgtype : event ;
eventkey : http://univalsoftfwj.oicp.net/index.php?c=site&a=site&cid=8&i=3 ;

2015-07-30 16:12:59 params :
------------
Array:
message : Array ;
module : basic ;
rule : 13 ;
priority : 0 ;
keyword : Array ;

2015-07-30 16:12:59 response :
------------
Array:
FromUserName : gh_1f447c99463e ;
ToUserName : owAWYuLc2LamPpqcCfjuqR_WAJzo ;
MsgType : text ;
Content : 欢迎关注寿光市检测检验中心!输入"微官网"可进入寿光市检测检验中心微官网.
地址:
电话:
邮箱: ;

2015-07-30 16:13:06 trace :
------------
Array:
from : owAWYuACpJOObpOd6TErUTtGWCgA ;
to : gh_1f447c99463e ;
time : 1438246320 ;
type : event ;
event : VIEW ;
tousername : gh_1f447c99463e ;
fromusername : owAWYuACpJOObpOd6TErUTtGWCgA ;
createtime : 1438246320 ;
msgtype : event ;
eventkey : http://univalsoftfwj.oicp.net/index.php?c=site&a=site&cid=8&i=3 ;

2015-07-30 16:13:06 params :
------------
Array:
message : Array ;
module : basic ;
rule : 13 ;
priority : 0 ;
keyword : Array ;

2015-07-30 16:13:06 response :
------------
Array:
FromUserName : gh_1f447c99463e ;
ToUserName : owAWYuACpJOObpOd6TErUTtGWCgA ;
MsgType : text ;
Content : 欢迎关注寿光市检测检验中心!输入"微官网"可进入寿光市检测检验中心微官网.
地址:
电话:
邮箱: ;

2015-07-30 16:13:19 trace :
------------
Array:
from : owAWYuLc2LamPpqcCfjuqR_WAJzo ;
to : gh_1f447c99463e ;
time : 1438246333 ;
type : event ;
event : VIEW ;
tousername : gh_1f447c99463e ;
fromusername : owAWYuLc2LamPpqcCfjuqR_WAJzo ;
createtime : 1438246333 ;
msgtype : event ;
eventkey : http://univalsoftfwj.oicp.net/index.php?c=site&a=site&cid=9&i=3 ;

2015-07-30 16:13:19 params :
------------
Array:
message : Array ;
module : basic ;
rule : 13 ;
priority : 0 ;
keyword : Array ;

2015-07-30 16:13:19 response :
------------
Array:
FromUserName : gh_1f447c99463e ;
ToUserName : owAWYuLc2LamPpqcCfjuqR_WAJzo ;
MsgType : text ;
Content : 欢迎关注寿光市检测检验中心!输入"微官网"可进入寿光市检测检验中心微官网.
地址:
电话:
邮箱: ;

2015-07-30 16:13:29 trace :
------------
Array:
from : owAWYuLc2LamPpqcCfjuqR_WAJzo ;
to : gh_1f447c99463e ;
time : 1438246342 ;
type : event ;
event : VIEW ;
tousername : gh_1f447c99463e ;
fromusername : owAWYuLc2LamPpqcCfjuqR_WAJzo ;
createtime : 1438246342 ;
msgtype : event ;
eventkey : http://univalsoftfwj.oicp.net/index.php?c=site&a=site&cid=13&i=3 ;

2015-07-30 16:13:29 params :
------------
Array:
message : Array ;
module : basic ;
rule : 13 ;
priority : 0 ;
keyword : Array ;

2015-07-30 16:13:29 response :
------------
Array:
FromUserName : gh_1f447c99463e ;
ToUserName : owAWYuLc2LamPpqcCfjuqR_WAJzo ;
MsgType : text ;
Content : 欢迎关注寿光市检测检验中心!输入"微官网"可进入寿光市检测检验中心微官网.
地址:
电话:
邮箱: ;

2015-07-30 16:14:15 trace :
------------
Array:
from : owAWYuLc2LamPpqcCfjuqR_WAJzo ;
to : gh_1f447c99463e ;
time : 1438246389 ;
type : event ;
event : VIEW ;
tousername : gh_1f447c99463e ;
fromusername : owAWYuLc2LamPpqcCfjuqR_WAJzo ;
createtime : 1438246389 ;
msgtype : event ;
eventkey : http://univalsoftfwj.oicp.net/index.php?c=site&a=site&cid=2&i=3 ;

2015-07-30 16:14:15 params :
------------
Array:
message : Array ;
module : basic ;
rule : 13 ;
priority : 0 ;
keyword : Array ;

2015-07-30 16:14:15 response :
------------
Array:
FromUserName : gh_1f447c99463e ;
ToUserName : owAWYuLc2LamPpqcCfjuqR_WAJzo ;
MsgType : text ;
Content : 欢迎关注寿光市检测检验中心!输入"微官网"可进入寿光市检测检验中心微官网.
地址:
电话:
邮箱: ;

2015-07-30 16:14:40 trace :
------------
Array:
from : owAWYuLc2LamPpqcCfjuqR_WAJzo ;
to : gh_1f447c99463e ;
time : 1438246413 ;
type : event ;
event : VIEW ;
tousername : gh_1f447c99463e ;
fromusername : owAWYuLc2LamPpqcCfjuqR_WAJzo ;
createtime : 1438246413 ;
msgtype : event ;
eventkey : http://univalsoftfwj.oicp.net/index.php?c=site&a=site&cid=3&i=3 ;

2015-07-30 16:14:40 params :
------------
Array:
message : Array ;
module : basic ;
rule : 13 ;
priority : 0 ;
keyword : Array ;

2015-07-30 16:14:40 response :
------------
Array:
FromUserName : gh_1f447c99463e ;
ToUserName : owAWYuLc2LamPpqcCfjuqR_WAJzo ;
MsgType : text ;
Content : 欢迎关注寿光市检测检验中心!输入"微官网"可进入寿光市检测检验中心微官网.
地址:
电话:
邮箱: ;

2015-07-30 16:14:48 trace :
------------
Array:
from : owAWYuLc2LamPpqcCfjuqR_WAJzo ;
to : gh_1f447c99463e ;
time : 1438246421 ;
type : event ;
event : VIEW ;
tousername : gh_1f447c99463e ;
fromusername : owAWYuLc2LamPpqcCfjuqR_WAJzo ;
createtime : 1438246421 ;
msgtype : event ;
eventkey : http://univalsoftfwj.oicp.net/index.php?c=site&a=site&cid=6&i=3 ;

2015-07-30 16:14:48 params :
------------
Array:
message : Array ;
module : basic ;
rule : 13 ;
priority : 0 ;
keyword : Array ;

2015-07-30 16:14:48 response :
------------
Array:
FromUserName : gh_1f447c99463e ;
ToUserName : owAWYuLc2LamPpqcCfjuqR_WAJzo ;
MsgType : text ;
Content : 欢迎关注寿光市检测检验中心!输入"微官网"可进入寿光市检测检验中心微官网.
地址:
电话:
邮箱: ;

2015-07-30 16:15:06 trace :
------------
Array:
from : owAWYuLc2LamPpqcCfjuqR_WAJzo ;
to : gh_1f447c99463e ;
time : 1438246439 ;
type : event ;
event : VIEW ;
tousername : gh_1f447c99463e ;
fromusername : owAWYuLc2LamPpqcCfjuqR_WAJzo ;
createtime : 1438246439 ;
msgtype : event ;
eventkey : http://univalsoftfwj.oicp.net/index.php?c=site&a=site&cid=7&i=3 ;

2015-07-30 16:15:06 params :
------------
Array:
message : Array ;
module : basic ;
rule : 13 ;
priority : 0 ;
keyword : Array ;

2015-07-30 16:15:06 response :
------------
Array:
FromUserName : gh_1f447c99463e ;
ToUserName : owAWYuLc2LamPpqcCfjuqR_WAJzo ;
MsgType : text ;
Content : 欢迎关注寿光市检测检验中心!输入"微官网"可进入寿光市检测检验中心微官网.
地址:
电话:
邮箱: ;

2015-07-30 16:15:16 trace :
------------
Array:
from : owAWYuLc2LamPpqcCfjuqR_WAJzo ;
to : gh_1f447c99463e ;
time : 1438246450 ;
type : event ;
event : VIEW ;
tousername : gh_1f447c99463e ;
fromusername : owAWYuLc2LamPpqcCfjuqR_WAJzo ;
createtime : 1438246450 ;
msgtype : event ;
eventkey : http://univalsoftfwj.oicp.net/index.php?c=site&a=site&cid=7&i=3 ;

2015-07-30 16:15:16 params :
------------
Array:
message : Array ;
module : basic ;
rule : 13 ;
priority : 0 ;
keyword : Array ;

2015-07-30 16:15:16 response :
------------
Array:
FromUserName : gh_1f447c99463e ;
ToUserName : owAWYuLc2LamPpqcCfjuqR_WAJzo ;
MsgType : text ;
Content : 欢迎关注寿光市检测检验中心!输入"微官网"可进入寿光市检测检验中心微官网.
地址:
电话:
邮箱: ;

2015-07-30 16:17:03 trace :
------------
Array:
from : owAWYuLrhMC-SWAmzZWO2gEwuZWw ;
to : gh_1f447c99463e ;
time : 1438246557 ;
type : event ;
event : VIEW ;
tousername : gh_1f447c99463e ;
fromusername : owAWYuLrhMC-SWAmzZWO2gEwuZWw ;
createtime : 1438246557 ;
msgtype : event ;
eventkey : http://univalsoftfwj.oicp.net/index.php?c=site&a=site&cid=1&i=3 ;

2015-07-30 16:17:03 params :
------------
Array:
message : Array ;
module : basic ;
rule : 13 ;
priority : 0 ;
keyword : Array ;

2015-07-30 16:17:03 response :
------------
Array:
FromUserName : gh_1f447c99463e ;
ToUserName : owAWYuLrhMC-SWAmzZWO2gEwuZWw ;
MsgType : text ;
Content : 欢迎关注寿光市检测检验中心!输入"微官网"可进入寿光市检测检验中心微官网.
地址:
电话:
邮箱: ;

2015-07-30 16:17:24 trace :
------------
Array:
from : owAWYuLc2LamPpqcCfjuqR_WAJzo ;
to : gh_1f447c99463e ;
time : 1438246577 ;
type : event ;
event : VIEW ;
tousername : gh_1f447c99463e ;
fromusername : owAWYuLc2LamPpqcCfjuqR_WAJzo ;
createtime : 1438246577 ;
msgtype : event ;
eventkey : http://univalsoftfwj.oicp.net/index.php?c=site&a=site&cid=2&i=3 ;

2015-07-30 16:17:24 params :
------------
Array:
message : Array ;
module : basic ;
rule : 13 ;
priority : 0 ;
keyword : Array ;

2015-07-30 16:17:24 response :
------------
Array:
FromUserName : gh_1f447c99463e ;
ToUserName : owAWYuLc2LamPpqcCfjuqR_WAJzo ;
MsgType : text ;
Content : 欢迎关注寿光市检测检验中心!输入"微官网"可进入寿光市检测检验中心微官网.
地址:
电话:
邮箱: ;

2015-07-30 16:17:35 trace :
------------
Array:
from : owAWYuLc2LamPpqcCfjuqR_WAJzo ;
to : gh_1f447c99463e ;
time : 1438246588 ;
type : event ;
event : VIEW ;
tousername : gh_1f447c99463e ;
fromusername : owAWYuLc2LamPpqcCfjuqR_WAJzo ;
createtime : 1438246588 ;
msgtype : event ;
eventkey : http://univalsoftfwj.oicp.net/index.php?c=site&a=site&cid=6&i=3 ;

2015-07-30 16:17:35 params :
------------
Array:
message : Array ;
module : basic ;
rule : 13 ;
priority : 0 ;
keyword : Array ;

2015-07-30 16:17:35 response :
------------
Array:
FromUserName : gh_1f447c99463e ;
ToUserName : owAWYuLc2LamPpqcCfjuqR_WAJzo ;
MsgType : text ;
Content : 欢迎关注寿光市检测检验中心!输入"微官网"可进入寿光市检测检验中心微官网.
地址:
电话:
邮箱: ;

2015-07-30 16:17:40 trace :
------------
Array:
from : owAWYuLc2LamPpqcCfjuqR_WAJzo ;
to : gh_1f447c99463e ;
time : 1438246594 ;
type : event ;
event : VIEW ;
tousername : gh_1f447c99463e ;
fromusername : owAWYuLc2LamPpqcCfjuqR_WAJzo ;
createtime : 1438246594 ;
msgtype : event ;
eventkey : http://univalsoftfwj.oicp.net/index.php?c=site&a=site&cid=7&i=3 ;

2015-07-30 16:17:40 params :
------------
Array:
message : Array ;
module : basic ;
rule : 13 ;
priority : 0 ;
keyword : Array ;

2015-07-30 16:17:40 response :
------------
Array:
FromUserName : gh_1f447c99463e ;
ToUserName : owAWYuLc2LamPpqcCfjuqR_WAJzo ;
MsgType : text ;
Content : 欢迎关注寿光市检测检验中心!输入"微官网"可进入寿光市检测检验中心微官网.
地址:
电话:
邮箱: ;

2015-07-30 16:17:47 trace :
------------
Array:
from : owAWYuLc2LamPpqcCfjuqR_WAJzo ;
to : gh_1f447c99463e ;
time : 1438246600 ;
type : event ;
event : VIEW ;
tousername : gh_1f447c99463e ;
fromusername : owAWYuLc2LamPpqcCfjuqR_WAJzo ;
createtime : 1438246600 ;
msgtype : event ;
eventkey : http://univalsoftfwj.oicp.net/index.php?c=site&a=site&cid=8&i=3 ;

2015-07-30 16:17:47 params :
------------
Array:
message : Array ;
module : basic ;
rule : 13 ;
priority : 0 ;
keyword : Array ;

2015-07-30 16:17:47 response :
------------
Array:
FromUserName : gh_1f447c99463e ;
ToUserName : owAWYuLc2LamPpqcCfjuqR_WAJzo ;
MsgType : text ;
Content : 欢迎关注寿光市检测检验中心!输入"微官网"可进入寿光市检测检验中心微官网.
地址:
电话:
邮箱: ;

2015-07-30 16:17:54 trace :
------------
Array:
from : owAWYuLc2LamPpqcCfjuqR_WAJzo ;
to : gh_1f447c99463e ;
time : 1438246607 ;
type : event ;
event : VIEW ;
tousername : gh_1f447c99463e ;
fromusername : owAWYuLc2LamPpqcCfjuqR_WAJzo ;
createtime : 1438246607 ;
msgtype : event ;
eventkey : http://univalsoftfwj.oicp.net/index.php?c=site&a=site&cid=9&i=3 ;

2015-07-30 16:17:54 params :
------------
Array:
message : Array ;
module : basic ;
rule : 13 ;
priority : 0 ;
keyword : Array ;

2015-07-30 16:17:54 response :
------------
Array:
FromUserName : gh_1f447c99463e ;
ToUserName : owAWYuLc2LamPpqcCfjuqR_WAJzo ;
MsgType : text ;
Content : 欢迎关注寿光市检测检验中心!输入"微官网"可进入寿光市检测检验中心微官网.
地址:
电话:
邮箱: ;

2015-07-30 16:18:00 trace :
------------
Array:
from : owAWYuLc2LamPpqcCfjuqR_WAJzo ;
to : gh_1f447c99463e ;
time : 1438246613 ;
type : event ;
event : VIEW ;
tousername : gh_1f447c99463e ;
fromusername : owAWYuLc2LamPpqcCfjuqR_WAJzo ;
createtime : 1438246613 ;
msgtype : event ;
eventkey : http://univalsoftfwj.oicp.net/index.php?c=site&a=site&cid=10&i=3 ;

2015-07-30 16:18:00 params :
------------
Array:
message : Array ;
module : basic ;
rule : 13 ;
priority : 0 ;
keyword : Array ;

2015-07-30 16:18:00 response :
------------
Array:
FromUserName : gh_1f447c99463e ;
ToUserName : owAWYuLc2LamPpqcCfjuqR_WAJzo ;
MsgType : text ;
Content : 欢迎关注寿光市检测检验中心!输入"微官网"可进入寿光市检测检验中心微官网.
地址:
电话:
邮箱: ;

2015-07-30 16:19:08 trace :
------------
Array:
from : owAWYuLrhMC-SWAmzZWO2gEwuZWw ;
to : gh_1f447c99463e ;
time : 1438246682 ;
type : event ;
event : VIEW ;
tousername : gh_1f447c99463e ;
fromusername : owAWYuLrhMC-SWAmzZWO2gEwuZWw ;
createtime : 1438246682 ;
msgtype : event ;
eventkey : http://univalsoftfwj.oicp.net/index.php?c=site&a=site&cid=1&i=3 ;

2015-07-30 16:19:08 params :
------------
Array:
message : Array ;
module : basic ;
rule : 13 ;
priority : 0 ;
keyword : Array ;

2015-07-30 16:19:08 response :
------------
Array:
FromUserName : gh_1f447c99463e ;
ToUserName : owAWYuLrhMC-SWAmzZWO2gEwuZWw ;
MsgType : text ;
Content : 欢迎关注寿光市检测检验中心!输入"微官网"可进入寿光市检测检验中心微官网.
地址:
电话:
邮箱: ;

2015-07-30 16:19:23 trace :
------------
Array:
from : owAWYuLrhMC-SWAmzZWO2gEwuZWw ;
to : gh_1f447c99463e ;
time : 1438246696 ;
type : event ;
event : VIEW ;
tousername : gh_1f447c99463e ;
fromusername : owAWYuLrhMC-SWAmzZWO2gEwuZWw ;
createtime : 1438246696 ;
msgtype : event ;
eventkey : http://univalsoftfwj.oicp.net/index.php?c=site&a=site&cid=2&i=3 ;

2015-07-30 16:19:23 params :
------------
Array:
message : Array ;
module : basic ;
rule : 13 ;
priority : 0 ;
keyword : Array ;

2015-07-30 16:19:23 response :
------------
Array:
FromUserName : gh_1f447c99463e ;
ToUserName : owAWYuLrhMC-SWAmzZWO2gEwuZWw ;
MsgType : text ;
Content : 欢迎关注寿光市检测检验中心!输入"微官网"可进入寿光市检测检验中心微官网.
地址:
电话:
邮箱: ;

2015-07-30 16:19:46 trace :
------------
Array:
from : owAWYuLrhMC-SWAmzZWO2gEwuZWw ;
to : gh_1f447c99463e ;
time : 1438246720 ;
type : event ;
event : VIEW ;
tousername : gh_1f447c99463e ;
fromusername : owAWYuLrhMC-SWAmzZWO2gEwuZWw ;
createtime : 1438246720 ;
msgtype : event ;
eventkey : http://univalsoftfwj.oicp.net/index.php?c=site&a=site&cid=1&i=3 ;

2015-07-30 16:19:46 params :
------------
Array:
message : Array ;
module : basic ;
rule : 13 ;
priority : 0 ;
keyword : Array ;

2015-07-30 16:19:46 response :
------------
Array:
FromUserName : gh_1f447c99463e ;
ToUserName : owAWYuLrhMC-SWAmzZWO2gEwuZWw ;
MsgType : text ;
Content : 欢迎关注寿光市检测检验中心!输入"微官网"可进入寿光市检测检验中心微官网.
地址:
电话:
邮箱: ;

2015-07-30 16:20:01 trace :
------------
Array:
from : owAWYuLrhMC-SWAmzZWO2gEwuZWw ;
to : gh_1f447c99463e ;
time : 1438246734 ;
type : event ;
event : VIEW ;
tousername : gh_1f447c99463e ;
fromusername : owAWYuLrhMC-SWAmzZWO2gEwuZWw ;
createtime : 1438246734 ;
msgtype : event ;
eventkey : http://univalsoftfwj.oicp.net/index.php?c=site&a=site&cid=1&i=3 ;

2015-07-30 16:20:01 params :
------------
Array:
message : Array ;
module : basic ;
rule : 13 ;
priority : 0 ;
keyword : Array ;

2015-07-30 16:20:01 response :
------------
Array:
FromUserName : gh_1f447c99463e ;
ToUserName : owAWYuLrhMC-SWAmzZWO2gEwuZWw ;
MsgType : text ;
Content : 欢迎关注寿光市检测检验中心!输入"微官网"可进入寿光市检测检验中心微官网.
地址:
电话:
邮箱: ;

2015-07-30 16:21:19 trace :
------------
Array:
from : owAWYuLrhMC-SWAmzZWO2gEwuZWw ;
to : gh_1f447c99463e ;
time : 1438246812 ;
type : event ;
event : VIEW ;
tousername : gh_1f447c99463e ;
fromusername : owAWYuLrhMC-SWAmzZWO2gEwuZWw ;
createtime : 1438246812 ;
msgtype : event ;
eventkey : http://univalsoftfwj.oicp.net/index.php?c=site&a=site&cid=1&i=3 ;

2015-07-30 16:21:19 params :
------------
Array:
message : Array ;
module : basic ;
rule : 13 ;
priority : 0 ;
keyword : Array ;

2015-07-30 16:21:19 response :
------------
Array:
FromUserName : gh_1f447c99463e ;
ToUserName : owAWYuLrhMC-SWAmzZWO2gEwuZWw ;
MsgType : text ;
Content : 欢迎关注寿光市检测检验中心!输入"微官网"可进入寿光市检测检验中心微官网.
地址:
电话:
邮箱: ;

2015-07-30 16:21:23 trace :
------------
Array:
from : owAWYuLrhMC-SWAmzZWO2gEwuZWw ;
to : gh_1f447c99463e ;
time : 1438246817 ;
type : event ;
event : VIEW ;
tousername : gh_1f447c99463e ;
fromusername : owAWYuLrhMC-SWAmzZWO2gEwuZWw ;
createtime : 1438246817 ;
msgtype : event ;
eventkey : http://univalsoftfwj.oicp.net/index.php?c=site&a=site&cid=2&i=3 ;

2015-07-30 16:21:23 params :
------------
Array:
message : Array ;
module : basic ;
rule : 13 ;
priority : 0 ;
keyword : Array ;

2015-07-30 16:21:23 response :
------------
Array:
FromUserName : gh_1f447c99463e ;
ToUserName : owAWYuLrhMC-SWAmzZWO2gEwuZWw ;
MsgType : text ;
Content : 欢迎关注寿光市检测检验中心!输入"微官网"可进入寿光市检测检验中心微官网.
地址:
电话:
邮箱: ;

2015-07-30 16:26:55 trace :
------------
Array:
from : owAWYuLrhMC-SWAmzZWO2gEwuZWw ;
to : gh_1f447c99463e ;
time : 1438247149 ;
type : event ;
event : VIEW ;
tousername : gh_1f447c99463e ;
fromusername : owAWYuLrhMC-SWAmzZWO2gEwuZWw ;
createtime : 1438247149 ;
msgtype : event ;
eventkey : http://univalsoftfwj.oicp.net/index.php?c=site&a=site&cid=11&i=3 ;

2015-07-30 16:26:55 params :
------------
Array:
message : Array ;
module : basic ;
rule : 13 ;
priority : 0 ;
keyword : Array ;

2015-07-30 16:26:55 response :
------------
Array:
FromUserName : gh_1f447c99463e ;
ToUserName : owAWYuLrhMC-SWAmzZWO2gEwuZWw ;
MsgType : text ;
Content : 欢迎关注寿光市检测检验中心!输入"微官网"可进入寿光市检测检验中心微官网.
地址:
电话:
邮箱: ;

2015-07-30 16:28:57 trace :
------------
Array:
from : owAWYuLrhMC-SWAmzZWO2gEwuZWw ;
to : gh_1f447c99463e ;
time : 1438247270 ;
type : event ;
event : VIEW ;
tousername : gh_1f447c99463e ;
fromusername : owAWYuLrhMC-SWAmzZWO2gEwuZWw ;
createtime : 1438247270 ;
msgtype : event ;
eventkey : http://univalsoftfwj.oicp.net/index.php?c=site&a=site&cid=1&i=3 ;

2015-07-30 16:28:57 params :
------------
Array:
message : Array ;
module : basic ;
rule : 13 ;
priority : 0 ;
keyword : Array ;

2015-07-30 16:28:57 response :
------------
Array:
FromUserName : gh_1f447c99463e ;
ToUserName : owAWYuLrhMC-SWAmzZWO2gEwuZWw ;
MsgType : text ;
Content : 欢迎关注寿光市检测检验中心!输入"微官网"可进入寿光市检测检验中心微官网.
地址:
电话:
邮箱: ;

2015-07-30 16:29:24 trace :
------------
Array:
from : owAWYuLc2LamPpqcCfjuqR_WAJzo ;
to : gh_1f447c99463e ;
time : 1438247297 ;
type : event ;
event : VIEW ;
tousername : gh_1f447c99463e ;
fromusername : owAWYuLc2LamPpqcCfjuqR_WAJzo ;
createtime : 1438247297 ;
msgtype : event ;
eventkey : http://univalsoftfwj.oicp.net/index.php?c=site&a=site&cid=9&i=3 ;

2015-07-30 16:29:24 params :
------------
Array:
message : Array ;
module : basic ;
rule : 13 ;
priority : 0 ;
keyword : Array ;

2015-07-30 16:29:24 response :
------------
Array:
FromUserName : gh_1f447c99463e ;
ToUserName : owAWYuLc2LamPpqcCfjuqR_WAJzo ;
MsgType : text ;
Content : 欢迎关注寿光市检测检验中心!输入"微官网"可进入寿光市检测检验中心微官网.
地址:
电话:
邮箱: ;

2015-07-30 16:29:56 trace :
------------
Array:
from : owAWYuLrhMC-SWAmzZWO2gEwuZWw ;
to : gh_1f447c99463e ;
time : 1438247330 ;
type : event ;
event : VIEW ;
tousername : gh_1f447c99463e ;
fromusername : owAWYuLrhMC-SWAmzZWO2gEwuZWw ;
createtime : 1438247330 ;
msgtype : event ;
eventkey : http://univalsoftfwj.oicp.net/index.php?c=site&a=site&cid=1&i=3 ;

2015-07-30 16:29:56 params :
------------
Array:
message : Array ;
module : basic ;
rule : 13 ;
priority : 0 ;
keyword : Array ;

2015-07-30 16:29:56 response :
------------
Array:
FromUserName : gh_1f447c99463e ;
ToUserName : owAWYuLrhMC-SWAmzZWO2gEwuZWw ;
MsgType : text ;
Content : 欢迎关注寿光市检测检验中心!输入"微官网"可进入寿光市检测检验中心微官网.
地址:
电话:
邮箱: ;

2015-07-30 16:31:13 trace :
------------
Array:
from : owAWYuLrhMC-SWAmzZWO2gEwuZWw ;
to : gh_1f447c99463e ;
time : 1438247407 ;
type : event ;
event : VIEW ;
tousername : gh_1f447c99463e ;
fromusername : owAWYuLrhMC-SWAmzZWO2gEwuZWw ;
createtime : 1438247407 ;
msgtype : event ;
eventkey : http://univalsoftfwj.oicp.net/index.php?c=site&a=site&cid=1&i=3 ;

2015-07-30 16:31:13 params :
------------
Array:
message : Array ;
module : basic ;
rule : 13 ;
priority : 0 ;
keyword : Array ;

2015-07-30 16:31:13 response :
------------
Array:
FromUserName : gh_1f447c99463e ;
ToUserName : owAWYuLrhMC-SWAmzZWO2gEwuZWw ;
MsgType : text ;
Content : 欢迎关注寿光市检测检验中心!输入"微官网"可进入寿光市检测检验中心微官网.
地址:
电话:
邮箱: ;

2015-07-30 16:31:57 trace :
------------
Array:
from : owAWYuLrhMC-SWAmzZWO2gEwuZWw ;
to : gh_1f447c99463e ;
time : 1438247451 ;
type : event ;
event : VIEW ;
tousername : gh_1f447c99463e ;
fromusername : owAWYuLrhMC-SWAmzZWO2gEwuZWw ;
createtime : 1438247451 ;
msgtype : event ;
eventkey : http://univalsoftfwj.oicp.net/index.php?c=site&a=site&cid=1&i=3 ;

2015-07-30 16:31:57 params :
------------
Array:
message : Array ;
module : basic ;
rule : 13 ;
priority : 0 ;
keyword : Array ;

2015-07-30 16:31:57 response :
------------
Array:
FromUserName : gh_1f447c99463e ;
ToUserName : owAWYuLrhMC-SWAmzZWO2gEwuZWw ;
MsgType : text ;
Content : 欢迎关注寿光市检测检验中心!输入"微官网"可进入寿光市检测检验中心微官网.
地址:
电话:
邮箱: ;

2015-07-30 16:32:50 trace :
------------
Array:
from : owAWYuLrhMC-SWAmzZWO2gEwuZWw ;
to : gh_1f447c99463e ;
time : 1438247503 ;
type : event ;
event : VIEW ;
tousername : gh_1f447c99463e ;
fromusername : owAWYuLrhMC-SWAmzZWO2gEwuZWw ;
createtime : 1438247503 ;
msgtype : event ;
eventkey : http://univalsoftfwj.oicp.net/index.php?c=site&a=site&cid=1&i=3 ;

2015-07-30 16:32:50 params :
------------
Array:
message : Array ;
module : basic ;
rule : 13 ;
priority : 0 ;
keyword : Array ;

2015-07-30 16:32:50 response :
------------
Array:
FromUserName : gh_1f447c99463e ;
ToUserName : owAWYuLrhMC-SWAmzZWO2gEwuZWw ;
MsgType : text ;
Content : 欢迎关注寿光市检测检验中心!输入"微官网"可进入寿光市检测检验中心微官网.
地址:
电话:
邮箱: ;

2015-07-30 16:39:05 trace :
------------
Array:
from : owAWYuLrhMC-SWAmzZWO2gEwuZWw ;
to : gh_1f447c99463e ;
time : 1438247879 ;
type : event ;
event : VIEW ;
tousername : gh_1f447c99463e ;
fromusername : owAWYuLrhMC-SWAmzZWO2gEwuZWw ;
createtime : 1438247879 ;
msgtype : event ;
eventkey : http://univalsoftfwj.oicp.net/index.php?c=site&a=site&cid=1&i=3 ;

2015-07-30 16:39:05 params :
------------
Array:
message : Array ;
module : basic ;
rule : 13 ;
priority : 0 ;
keyword : Array ;

2015-07-30 16:39:05 response :
------------
Array:
FromUserName : gh_1f447c99463e ;
ToUserName : owAWYuLrhMC-SWAmzZWO2gEwuZWw ;
MsgType : text ;
Content : 欢迎关注寿光市检测检验中心!输入"微官网"可进入寿光市检测检验中心微官网.
地址:
电话:
邮箱: ;

2015-07-30 16:39:24 trace :
------------
Array:
from : owAWYuLrhMC-SWAmzZWO2gEwuZWw ;
to : gh_1f447c99463e ;
time : 1438247898 ;
type : event ;
event : VIEW ;
tousername : gh_1f447c99463e ;
fromusername : owAWYuLrhMC-SWAmzZWO2gEwuZWw ;
createtime : 1438247898 ;
msgtype : event ;
eventkey : http://univalsoftfwj.oicp.net/index.php?c=site&a=site&cid=1&i=3 ;

2015-07-30 16:39:24 params :
------------
Array:
message : Array ;
module : basic ;
rule : 13 ;
priority : 0 ;
keyword : Array ;

2015-07-30 16:39:24 response :
------------
Array:
FromUserName : gh_1f447c99463e ;
ToUserName : owAWYuLrhMC-SWAmzZWO2gEwuZWw ;
MsgType : text ;
Content : 欢迎关注寿光市检测检验中心!输入"微官网"可进入寿光市检测检验中心微官网.
地址:
电话:
邮箱: ;

2015-07-30 16:50:16 trace :
------------
Array:
from : owAWYuLrhMC-SWAmzZWO2gEwuZWw ;
to : gh_1f447c99463e ;
time : 1438248550 ;
type : event ;
event : VIEW ;
tousername : gh_1f447c99463e ;
fromusername : owAWYuLrhMC-SWAmzZWO2gEwuZWw ;
createtime : 1438248550 ;
msgtype : event ;
eventkey : http://univalsoftfwj.oicp.net/index.php?c=site&a=site&cid=1&i=3 ;

2015-07-30 16:50:16 params :
------------
Array:
message : Array ;
module : basic ;
rule : 13 ;
priority : 0 ;
keyword : Array ;

2015-07-30 16:50:16 response :
------------
Array:
FromUserName : gh_1f447c99463e ;
ToUserName : owAWYuLrhMC-SWAmzZWO2gEwuZWw ;
MsgType : text ;
Content : 欢迎关注寿光市检测检验中心!输入"微官网"可进入寿光市检测检验中心微官网.
地址:
电话:
邮箱: ;

2015-07-30 17:06:45 trace :
------------
Array:
from : owAWYuLrhMC-SWAmzZWO2gEwuZWw ;
to : gh_1f447c99463e ;
time : 1438249534 ;
type : event ;
event : VIEW ;
tousername : gh_1f447c99463e ;
fromusername : owAWYuLrhMC-SWAmzZWO2gEwuZWw ;
createtime : 1438249534 ;
msgtype : event ;
eventkey : http://univalsoftfwj.oicp.net/index.php?c=site&a=site&cid=1&i=3 ;

2015-07-30 17:06:45 params :
------------
Array:
message : Array ;
module : basic ;
rule : 13 ;
priority : 0 ;
keyword : Array ;

2015-07-30 17:06:45 response :
------------
Array:
FromUserName : gh_1f447c99463e ;
ToUserName : owAWYuLrhMC-SWAmzZWO2gEwuZWw ;
MsgType : text ;
Content : 欢迎关注寿光市检测检验中心!输入"微官网"可进入寿光市检测检验中心微官网.
地址:
电话:
邮箱: ;

2015-07-30 17:09:23 trace :
------------
Array:
from : owAWYuLrhMC-SWAmzZWO2gEwuZWw ;
to : gh_1f447c99463e ;
time : 1438249696 ;
type : event ;
event : VIEW ;
tousername : gh_1f447c99463e ;
fromusername : owAWYuLrhMC-SWAmzZWO2gEwuZWw ;
createtime : 1438249696 ;
msgtype : event ;
eventkey : http://univalsoftfwj.oicp.net/index.php?c=site&a=site&cid=1&i=3 ;

2015-07-30 17:09:23 params :
------------
Array:
message : Array ;
module : basic ;
rule : 13 ;
priority : 0 ;
keyword : Array ;

2015-07-30 17:09:23 response :
------------
Array:
FromUserName : gh_1f447c99463e ;
ToUserName : owAWYuLrhMC-SWAmzZWO2gEwuZWw ;
MsgType : text ;
Content : 欢迎关注寿光市检测检验中心!输入"微官网"可进入寿光市检测检验中心微官网.
地址:
电话:
邮箱: ;

2015-07-30 17:14:05 trace :
------------
Array:
from : owAWYuLrhMC-SWAmzZWO2gEwuZWw ;
to : gh_1f447c99463e ;
time : 1438249979 ;
type : event ;
event : VIEW ;
tousername : gh_1f447c99463e ;
fromusername : owAWYuLrhMC-SWAmzZWO2gEwuZWw ;
createtime : 1438249979 ;
msgtype : event ;
eventkey : http://univalsoftfwj.oicp.net/index.php?c=site&a=site&cid=2&i=3 ;

2015-07-30 17:14:05 params :
------------
Array:
message : Array ;
module : basic ;
rule : 13 ;
priority : 0 ;
keyword : Array ;

2015-07-30 17:14:05 response :
------------
Array:
FromUserName : gh_1f447c99463e ;
ToUserName : owAWYuLrhMC-SWAmzZWO2gEwuZWw ;
MsgType : text ;
Content : 欢迎关注寿光市检测检验中心!输入"微官网"可进入寿光市检测检验中心微官网.
地址:
电话:
邮箱: ;

2015-07-30 17:16:26 trace :
------------
Array:
from : owAWYuLrhMC-SWAmzZWO2gEwuZWw ;
to : gh_1f447c99463e ;
time : 1438250120 ;
type : event ;
event : VIEW ;
tousername : gh_1f447c99463e ;
fromusername : owAWYuLrhMC-SWAmzZWO2gEwuZWw ;
createtime : 1438250120 ;
msgtype : event ;
eventkey : http://univalsoftfwj.oicp.net/index.php?c=site&a=site&cid=2&i=3 ;

2015-07-30 17:16:26 params :
------------
Array:
message : Array ;
module : basic ;
rule : 13 ;
priority : 0 ;
keyword : Array ;

2015-07-30 17:16:26 response :
------------
Array:
FromUserName : gh_1f447c99463e ;
ToUserName : owAWYuLrhMC-SWAmzZWO2gEwuZWw ;
MsgType : text ;
Content : 欢迎关注寿光市检测检验中心!输入"微官网"可进入寿光市检测检验中心微官网.
地址:
电话:
邮箱: ;

2015-07-30 17:18:48 trace :
------------
Array:
from : owAWYuLrhMC-SWAmzZWO2gEwuZWw ;
to : gh_1f447c99463e ;
time : 1438250262 ;
type : event ;
event : VIEW ;
tousername : gh_1f447c99463e ;
fromusername : owAWYuLrhMC-SWAmzZWO2gEwuZWw ;
createtime : 1438250262 ;
msgtype : event ;
eventkey : http://univalsoftfwj.oicp.net/index.php?c=site&a=site&cid=2&i=3 ;

2015-07-30 17:18:48 params :
------------
Array:
message : Array ;
module : basic ;
rule : 13 ;
priority : 0 ;
keyword : Array ;

2015-07-30 17:18:48 response :
------------
Array:
FromUserName : gh_1f447c99463e ;
ToUserName : owAWYuLrhMC-SWAmzZWO2gEwuZWw ;
MsgType : text ;
Content : 欢迎关注寿光市检测检验中心!输入"微官网"可进入寿光市检测检验中心微官网.
地址:
电话:
邮箱: ;

2015-07-30 17:19:07 trace :
------------
Array:
from : owAWYuLrhMC-SWAmzZWO2gEwuZWw ;
to : gh_1f447c99463e ;
time : 1438250281 ;
type : event ;
event : VIEW ;
tousername : gh_1f447c99463e ;
fromusername : owAWYuLrhMC-SWAmzZWO2gEwuZWw ;
createtime : 1438250281 ;
msgtype : event ;
eventkey : http://univalsoftfwj.oicp.net/index.php?c=site&a=site&cid=3&i=3 ;

2015-07-30 17:19:07 params :
------------
Array:
message : Array ;
module : basic ;
rule : 13 ;
priority : 0 ;
keyword : Array ;

2015-07-30 17:19:07 response :
------------
Array:
FromUserName : gh_1f447c99463e ;
ToUserName : owAWYuLrhMC-SWAmzZWO2gEwuZWw ;
MsgType : text ;
Content : 欢迎关注寿光市检测检验中心!输入"微官网"可进入寿光市检测检验中心微官网.
地址:
电话:
邮箱: ;

2015-07-30 17:22:36 trace :
------------
Array:
from : owAWYuLrhMC-SWAmzZWO2gEwuZWw ;
to : gh_1f447c99463e ;
time : 1438250489 ;
type : event ;
event : VIEW ;
tousername : gh_1f447c99463e ;
fromusername : owAWYuLrhMC-SWAmzZWO2gEwuZWw ;
createtime : 1438250489 ;
msgtype : event ;
eventkey : http://univalsoftfwj.oicp.net/index.php?c=site&a=site&cid=3&i=3 ;

2015-07-30 17:22:36 params :
------------
Array:
message : Array ;
module : basic ;
rule : 13 ;
priority : 0 ;
keyword : Array ;

2015-07-30 17:22:36 response :
------------
Array:
FromUserName : gh_1f447c99463e ;
ToUserName : owAWYuLrhMC-SWAmzZWO2gEwuZWw ;
MsgType : text ;
Content : 欢迎关注寿光市检测检验中心!输入"微官网"可进入寿光市检测检验中心微官网.
地址:
电话:
邮箱: ;

