2015-08-03 07:19:08 trace :
------------
Array:
from : fromUser ;
to : toUser ;
time : 1438559907 ;
type : text ;
event :  ;
tousername : toUser ;
fromusername : fromUser ;
createtime : 1438559907 ;
msgtype : text ;
content : 微官网 ;
msgid : 1234567890123456 ;
redirection :  ;
source :  ;

2015-08-03 07:19:08 params :
------------
Array:
message : Array ;
module : news ;
rule : 17 ;
priority : 0 ;
keyword : Array ;

2015-08-03 07:19:08 response :
------------
Array:
FromUserName : toUser ;
ToUserName : fromUser ;
MsgType : news ;
ArticleCount : 1 ;
Articles : Array ;

2015-08-03 07:39:31 trace :
------------
Array:
from : fromUser ;
to : toUser ;
time : 1438561130 ;
type : text ;
event :  ;
tousername : toUser ;
fromusername : fromUser ;
createtime : 1438561130 ;
msgtype : text ;
content : 微官网 ;
msgid : 1234567890123456 ;
redirection :  ;
source :  ;

2015-08-03 07:39:31 params :
------------
Array:
message : Array ;
module : news ;
rule : 17 ;
priority : 0 ;
keyword : Array ;

2015-08-03 07:39:31 response :
------------
Array:
FromUserName : toUser ;
ToUserName : fromUser ;
MsgType : news ;
ArticleCount : 1 ;
Articles : Array ;

2015-08-03 08:14:40 trace :
------------
Array:
from : owAWYuI7k7UB28PPUMXn6avnYxu4 ;
to : gh_1f447c99463e ;
time : 1438563231 ;
type : text ;
event :  ;
tousername : gh_1f447c99463e ;
fromusername : owAWYuI7k7UB28PPUMXn6avnYxu4 ;
createtime : 1438563231 ;
msgtype : text ;
content : 微官网 ;
msgid : 6178582030580586360 ;
redirection :  ;
source :  ;

2015-08-03 08:14:40 params :
------------
Array:
message : Array ;
module : news ;
rule : 17 ;
priority : 0 ;
keyword : Array ;

2015-08-03 08:14:40 response :
------------
Array:
FromUserName : gh_1f447c99463e ;
ToUserName : owAWYuI7k7UB28PPUMXn6avnYxu4 ;
MsgType : news ;
ArticleCount : 1 ;
Articles : Array ;

2015-08-03 08:15:02 trace :
------------
Array:
from : fromUser ;
to : toUser ;
time : 1438563261 ;
type : text ;
event :  ;
tousername : toUser ;
fromusername : fromUser ;
createtime : 1438563261 ;
msgtype : text ;
content : 测试内容 ;
msgid : 1234567890123456 ;
redirection :  ;
source :  ;

2015-08-03 08:15:02 params :
------------
Array:
message : Array ;
module : basic ;
rule : 13 ;
priority : 0 ;
keyword : Array ;

2015-08-03 08:15:02 response :
------------
Array:
FromUserName : toUser ;
ToUserName : fromUser ;
MsgType : text ;
Content : 欢迎关注寿光市检测检验中心!输入"微官网"可进入寿光市检测检验中心微官网.
地址:
电话:
邮箱: ;

2015-08-03 08:15:09 trace :
------------
Array:
from : fromUser ;
to : toUser ;
time : 1438563269 ;
type : text ;
event :  ;
tousername : toUser ;
fromusername : fromUser ;
createtime : 1438563269 ;
msgtype : text ;
content : 微官网 ;
msgid : 1234567890123456 ;
redirection :  ;
source :  ;

2015-08-03 08:15:09 params :
------------
Array:
message : Array ;
module : news ;
rule : 17 ;
priority : 0 ;
keyword : Array ;

2015-08-03 08:15:09 response :
------------
Array:
FromUserName : toUser ;
ToUserName : fromUser ;
MsgType : news ;
ArticleCount : 1 ;
Articles : Array ;

2015-08-03 08:15:49 trace :
------------
Array:
from : owAWYuACpJOObpOd6TErUTtGWCgA ;
to : gh_1f447c99463e ;
time : 1438563301 ;
type : text ;
event :  ;
tousername : gh_1f447c99463e ;
fromusername : owAWYuACpJOObpOd6TErUTtGWCgA ;
createtime : 1438563301 ;
msgtype : text ;
content : 微官网 ;
msgid : 6178582331228297085 ;
redirection :  ;
source :  ;

2015-08-03 08:15:49 params :
------------
Array:
message : Array ;
module : news ;
rule : 17 ;
priority : 0 ;
keyword : Array ;

2015-08-03 08:15:49 response :
------------
Array:
FromUserName : gh_1f447c99463e ;
ToUserName : owAWYuACpJOObpOd6TErUTtGWCgA ;
MsgType : news ;
ArticleCount : 1 ;
Articles : Array ;

2015-08-03 08:16:37 trace :
------------
Array:
from : owAWYuACpJOObpOd6TErUTtGWCgA ;
to : gh_1f447c99463e ;
time : 1438563348 ;
type : text ;
event :  ;
tousername : gh_1f447c99463e ;
fromusername : owAWYuACpJOObpOd6TErUTtGWCgA ;
createtime : 1438563348 ;
msgtype : text ;
content : 微官网 ;
msgid : 6178582533091760008 ;
redirection :  ;
source :  ;

2015-08-03 08:16:37 params :
------------
Array:
message : Array ;
module : news ;
rule : 17 ;
priority : 0 ;
keyword : Array ;

2015-08-03 08:16:37 response :
------------
Array:
FromUserName : gh_1f447c99463e ;
ToUserName : owAWYuACpJOObpOd6TErUTtGWCgA ;
MsgType : news ;
ArticleCount : 1 ;
Articles : Array ;

2015-08-03 08:17:39 trace :
------------
Array:
from : owAWYuACpJOObpOd6TErUTtGWCgA ;
to : gh_1f447c99463e ;
time : 1438563410 ;
type : text ;
event :  ;
tousername : gh_1f447c99463e ;
fromusername : owAWYuACpJOObpOd6TErUTtGWCgA ;
createtime : 1438563410 ;
msgtype : text ;
content : 微官网 ;
msgid : 6178582799379732369 ;
redirection :  ;
source :  ;

2015-08-03 08:17:39 params :
------------
Array:
message : Array ;
module : news ;
rule : 17 ;
priority : 0 ;
keyword : Array ;

2015-08-03 08:17:39 response :
------------
Array:
FromUserName : gh_1f447c99463e ;
ToUserName : owAWYuACpJOObpOd6TErUTtGWCgA ;
MsgType : news ;
ArticleCount : 1 ;
Articles : Array ;

2015-08-03 08:21:58 trace :
------------
Array:
from : owAWYuI7k7UB28PPUMXn6avnYxu4 ;
to : gh_1f447c99463e ;
time : 1438563669 ;
type : text ;
event :  ;
tousername : gh_1f447c99463e ;
fromusername : owAWYuI7k7UB28PPUMXn6avnYxu4 ;
createtime : 1438563669 ;
msgtype : text ;
content : 官网 ;
msgid : 6178583911776262071 ;
redirection :  ;
source :  ;

2015-08-03 08:21:58 params :
------------
Array:
message : Array ;
module : images ;
rule : 34 ;
priority : 0 ;
keyword : Array ;

2015-08-03 08:21:58 response :
------------
Array:
FromUserName : gh_1f447c99463e ;
ToUserName : owAWYuI7k7UB28PPUMXn6avnYxu4 ;
MsgType : image ;
Image : Array ;

2015-08-03 08:22:59 trace :
------------
Array:
from : owAWYuI7k7UB28PPUMXn6avnYxu4 ;
to : gh_1f447c99463e ;
time : 1438563730 ;
type : text ;
event :  ;
tousername : gh_1f447c99463e ;
fromusername : owAWYuI7k7UB28PPUMXn6avnYxu4 ;
createtime : 1438563730 ;
msgtype : text ;
content : 检验流程 ;
msgid : 6178584173769267134 ;
redirection :  ;
source :  ;

2015-08-03 08:22:59 params :
------------
Array:
message : Array ;
module : news ;
rule : 21 ;
priority : 1 ;
keyword : Array ;

2015-08-03 08:22:59 response :
------------
Array:
FromUserName : gh_1f447c99463e ;
ToUserName : owAWYuI7k7UB28PPUMXn6avnYxu4 ;
MsgType : news ;
ArticleCount : 1 ;
Articles : Array ;

2015-08-03 08:25:08 trace :
------------
Array:
from : owAWYuHtWDN-SfNTqoKI9uv59CKI ;
to : gh_1f447c99463e ;
time : 1438563859 ;
type : text ;
event :  ;
tousername : gh_1f447c99463e ;
fromusername : owAWYuHtWDN-SfNTqoKI9uv59CKI ;
createtime : 1438563859 ;
msgtype : text ;
content : 微官网 ;
msgid : 6178584727820048343 ;
redirection :  ;
source :  ;

2015-08-03 08:25:08 params :
------------
Array:
message : Array ;
module : news ;
rule : 17 ;
priority : 0 ;
keyword : Array ;

2015-08-03 08:25:08 response :
------------
Array:
FromUserName : gh_1f447c99463e ;
ToUserName : owAWYuHtWDN-SfNTqoKI9uv59CKI ;
MsgType : news ;
ArticleCount : 1 ;
Articles : Array ;

2015-08-03 08:26:19 trace :
------------
Array:
from : owAWYuI7k7UB28PPUMXn6avnYxu4 ;
to : gh_1f447c99463e ;
time : 1438563930 ;
type : event ;
event : subscribe ;
tousername : gh_1f447c99463e ;
fromusername : owAWYuI7k7UB28PPUMXn6avnYxu4 ;
createtime : 1438563930 ;
msgtype : event ;
eventkey :  ;

2015-08-03 08:26:19 params :
------------
Array:
message : Array ;
module : news ;
rule : 16 ;
priority : 0 ;
keyword : Array ;

2015-08-03 08:26:19 response :
------------
Array:
FromUserName : gh_1f447c99463e ;
ToUserName : owAWYuI7k7UB28PPUMXn6avnYxu4 ;
MsgType : news ;
ArticleCount : 1 ;
Articles : Array ;

2015-08-03 09:05:59 trace :
------------
Array:
from : owAWYuI7k7UB28PPUMXn6avnYxu4 ;
to : gh_1f447c99463e ;
time : 1438566305 ;
type : event ;
event : subscribe ;
tousername : gh_1f447c99463e ;
fromusername : owAWYuI7k7UB28PPUMXn6avnYxu4 ;
createtime : 1438566305 ;
msgtype : event ;
eventkey :  ;

2015-08-03 09:05:59 params :
------------
Array:
message : Array ;
module : news ;
rule : 16 ;
priority : 0 ;
keyword : Array ;

2015-08-03 09:05:59 response :
------------
Array:
FromUserName : gh_1f447c99463e ;
ToUserName : owAWYuI7k7UB28PPUMXn6avnYxu4 ;
MsgType : news ;
ArticleCount : 1 ;
Articles : Array ;

2015-08-03 09:08:38 trace :
------------
Array:
from : fromUser ;
to : toUser ;
time : 1438566477 ;
type : text ;
event :  ;
tousername : toUser ;
fromusername : fromUser ;
createtime : 1438566477 ;
msgtype : text ;
content : 微官网 ;
msgid : 1234567890123456 ;
redirection :  ;
source :  ;

2015-08-03 09:08:38 params :
------------
Array:
message : Array ;
module : news ;
rule : 17 ;
priority : 0 ;
keyword : Array ;

2015-08-03 09:08:38 response :
------------
Array:
FromUserName : toUser ;
ToUserName : fromUser ;
MsgType : news ;
ArticleCount : 1 ;
Articles : Array ;

2015-08-03 09:12:34 trace :
------------
Array:
from : owAWYuI7k7UB28PPUMXn6avnYxu4 ;
to : gh_1f447c99463e ;
time : 1438566705 ;
type : text ;
event :  ;
tousername : gh_1f447c99463e ;
fromusername : owAWYuI7k7UB28PPUMXn6avnYxu4 ;
createtime : 1438566705 ;
msgtype : text ;
content : 测试 ;
msgid : 6178596951296973176 ;
redirection :  ;
source :  ;

2015-08-03 09:12:34 params :
------------
Array:
message : Array ;
module : news ;
rule : 35 ;
priority : 0 ;
keyword : Array ;

2015-08-03 09:12:34 response :
------------
Array:
FromUserName : gh_1f447c99463e ;
ToUserName : owAWYuI7k7UB28PPUMXn6avnYxu4 ;
MsgType : news ;
ArticleCount : 1 ;
Articles : Array ;

2015-08-03 09:24:16 trace :
------------
Array:
from : owAWYuI7k7UB28PPUMXn6avnYxu4 ;
to : gh_1f447c99463e ;
time : 1438567407 ;
type : event ;
event : subscribe ;
tousername : gh_1f447c99463e ;
fromusername : owAWYuI7k7UB28PPUMXn6avnYxu4 ;
createtime : 1438567407 ;
msgtype : event ;
eventkey :  ;

2015-08-03 09:24:16 params :
------------
Array:
message : Array ;
module : news ;
rule : 16 ;
priority : 0 ;
keyword : Array ;

2015-08-03 09:24:16 response :
------------
Array:
FromUserName : gh_1f447c99463e ;
ToUserName : owAWYuI7k7UB28PPUMXn6avnYxu4 ;
MsgType : news ;
ArticleCount : 1 ;
Articles : Array ;

2015-08-03 09:24:28 trace :
------------
Array:
from : fromUser ;
to : toUser ;
time : 1438567428 ;
type : event ;
event : subscribe ;
tousername : toUser ;
fromusername : fromUser ;
createtime : 1438567428 ;
msgtype : event ;
eventkey :  ;
msgid : 1234567890123456 ;

2015-08-03 09:24:28 params :
------------
Array:
message : Array ;
module : news ;
rule : 16 ;
priority : 0 ;
keyword : Array ;

2015-08-03 09:24:28 response :
------------
Array:
FromUserName : toUser ;
ToUserName : fromUser ;
MsgType : news ;
ArticleCount : 1 ;
Articles : Array ;

2015-08-03 09:29:41 trace :
------------
Array:
from : owAWYuI7k7UB28PPUMXn6avnYxu4 ;
to : gh_1f447c99463e ;
time : 1438567732 ;
type : text ;
event :  ;
tousername : gh_1f447c99463e ;
fromusername : owAWYuI7k7UB28PPUMXn6avnYxu4 ;
createtime : 1438567732 ;
msgtype : text ;
content : 微官网 ;
msgid : 6178601362228386344 ;
redirection :  ;
source :  ;

2015-08-03 09:29:41 params :
------------
Array:
message : Array ;
module : news ;
rule : 17 ;
priority : 0 ;
keyword : Array ;

2015-08-03 09:29:41 response :
------------
Array:
FromUserName : gh_1f447c99463e ;
ToUserName : owAWYuI7k7UB28PPUMXn6avnYxu4 ;
MsgType : news ;
ArticleCount : 1 ;
Articles : Array ;

2015-08-03 09:37:06 trace :
------------
Array:
from : fromUser ;
to : toUser ;
time : 1438568186 ;
type : event ;
event : subscribe ;
tousername : toUser ;
fromusername : fromUser ;
createtime : 1438568186 ;
msgtype : event ;
eventkey :  ;
msgid : 1234567890123456 ;

2015-08-03 09:37:06 params :
------------
Array:
message : Array ;
module : news ;
rule : 16 ;
priority : 0 ;
keyword : Array ;

2015-08-03 09:37:06 response :
------------
Array:
FromUserName : toUser ;
ToUserName : fromUser ;
MsgType : news ;
ArticleCount : 1 ;
Articles : Array ;

2015-08-03 09:37:25 trace :
------------
Array:
from : owAWYuI7k7UB28PPUMXn6avnYxu4 ;
to : gh_1f447c99463e ;
time : 1438568197 ;
type : text ;
event :  ;
tousername : gh_1f447c99463e ;
fromusername : owAWYuI7k7UB28PPUMXn6avnYxu4 ;
createtime : 1438568197 ;
msgtype : text ;
content : 微官网 ;
msgid : 6178603359388179067 ;
redirection :  ;
source :  ;

2015-08-03 09:37:25 params :
------------
Array:
message : Array ;
module : news ;
rule : 17 ;
priority : 0 ;
keyword : Array ;

2015-08-03 09:37:25 response :
------------
Array:
FromUserName : gh_1f447c99463e ;
ToUserName : owAWYuI7k7UB28PPUMXn6avnYxu4 ;
MsgType : news ;
ArticleCount : 1 ;
Articles : Array ;

2015-08-03 14:26:34 trace :
------------
Array:
from : owAWYuI7k7UB28PPUMXn6avnYxu4 ;
to : gh_1f447c99463e ;
time : 1438585540 ;
type : text ;
event :  ;
tousername : gh_1f447c99463e ;
fromusername : owAWYuI7k7UB28PPUMXn6avnYxu4 ;
createtime : 1438585540 ;
msgtype : text ;
content : 扫码 ;
msgid : 6178677847005997190 ;
redirection :  ;
source :  ;

2015-08-03 14:26:34 params :
------------
Array:
message : Array ;
module : hx_express ;
rule : 36 ;
priority : 0 ;
keyword : Array ;

2015-08-03 14:26:34 response :
------------
Array:
FromUserName : gh_1f447c99463e ;
ToUserName : owAWYuI7k7UB28PPUMXn6avnYxu4 ;
MsgType : text ;
Content : 查询失败  ;

2015-08-03 14:27:16 trace :
------------
Array:
from : owAWYuI7k7UB28PPUMXn6avnYxu4 ;
to : gh_1f447c99463e ;
time : 1438585588 ;
type : text ;
event :  ;
tousername : gh_1f447c99463e ;
fromusername : owAWYuI7k7UB28PPUMXn6avnYxu4 ;
createtime : 1438585588 ;
msgtype : text ;
content : 扫码 ;
msgid : 6178678053164427409 ;
redirection :  ;
source :  ;

2015-08-03 14:27:16 params :
------------
Array:
message : Array ;
module : hx_express ;
rule : 36 ;
priority : 0 ;
keyword : Array ;

2015-08-03 14:27:16 response :
------------
Array:
FromUserName : gh_1f447c99463e ;
ToUserName : owAWYuI7k7UB28PPUMXn6avnYxu4 ;
MsgType : text ;
Content : 查询失败  ;

2015-08-03 16:39:34 trace :
------------
Array:
from : o-zOBszOzspqyry89a5pg8AL7u-U ;
to : gh_e5d48fc5080d ;
time : 1438593525 ;
type : event ;
event : subscribe ;
tousername : gh_e5d48fc5080d ;
fromusername : o-zOBszOzspqyry89a5pg8AL7u-U ;
createtime : 1438593525 ;
msgtype : event ;
eventkey :  ;

2015-08-03 16:39:34 params :
------------
Array:
message : Array ;
module : default ;
rule : -1 ;

2015-08-03 16:39:34 response :
------------
Array:
params : Array ;

2015-08-03 16:39:38 trace :
------------
Array:
from : o-zOBszOzspqyry89a5pg8AL7u-U ;
to : gh_e5d48fc5080d ;
time : 1438593530 ;
type : text ;
event :  ;
tousername : gh_e5d48fc5080d ;
fromusername : o-zOBszOzspqyry89a5pg8AL7u-U ;
createtime : 1438593530 ;
msgtype : text ;
content : 微商城 ;
msgid : 6178712163796829339 ;
redirection :  ;
source :  ;

2015-08-03 16:39:38 params :
------------
Array:
message : Array ;
module : cover ;
rule : 37 ;
priority : 0 ;
keyword : Array ;

2015-08-03 16:39:38 response :
------------
Array:
FromUserName : gh_e5d48fc5080d ;
ToUserName : o-zOBszOzspqyry89a5pg8AL7u-U ;
MsgType : news ;
ArticleCount : 1 ;
Articles : Array ;

2015-08-03 16:49:52 trace :
------------
Array:
from : o-zOBszOzspqyry89a5pg8AL7u-U ;
to : gh_e5d48fc5080d ;
time : 1438594145 ;
type : event ;
event : subscribe ;
tousername : gh_e5d48fc5080d ;
fromusername : o-zOBszOzspqyry89a5pg8AL7u-U ;
createtime : 1438594145 ;
msgtype : event ;
eventkey :  ;

2015-08-03 16:49:52 params :
------------
Array:
message : Array ;
module : default ;
rule : -1 ;

2015-08-03 16:49:52 response :
------------
Array:
params : Array ;

2015-08-03 16:50:02 trace :
------------
Array:
from : o-zOBszOzspqyry89a5pg8AL7u-U ;
to : gh_e5d48fc5080d ;
time : 1438594150 ;
type : text ;
event :  ;
tousername : gh_e5d48fc5080d ;
fromusername : o-zOBszOzspqyry89a5pg8AL7u-U ;
createtime : 1438594150 ;
msgtype : text ;
content : 微商城 ;
msgid : 6178714826676552969 ;
redirection :  ;
source :  ;

2015-08-03 16:50:02 params :
------------
Array:
message : Array ;
module : cover ;
rule : 37 ;
priority : 0 ;
keyword : Array ;

2015-08-03 16:50:02 response :
------------
Array:
FromUserName : gh_e5d48fc5080d ;
ToUserName : o-zOBszOzspqyry89a5pg8AL7u-U ;
MsgType : news ;
ArticleCount : 1 ;
Articles : Array ;

